"","Added new customer [Ulama]","Customer","2023-03-01 08:35:43"
"","Added new customer [Berbano]","Customer","2023-03-01 09:05:19"
"","Added new customer [Pagtulon an, Vilma]","Customer","2023-03-01 09:58:54"
"Benjie Val Lumawag","Error to add new customer payment [CP-230301101003]","Customer Payment","2023-03-01 10:10:11"
"Benjie Val Lumawag","Finished customer payment [CP-230301101003]","Customer Payment","2023-03-01 10:10:19"
"Benjie Val Lumawag","Error to add new customer payment [CP-230301101519]","Customer Payment","2023-03-01 10:15:31"
"Benjie Val Lumawag","Finished customer payment [CP-230301101519]","Customer Payment","2023-03-01 10:15:42"
"Benjie Val Lumawag","Updated product [Sprayer-Tung ho Plastic 16L] => [Sprayer-Tung ho Plastic 18L]","Product","2023-03-01 10:40:32"
"Benjie Val Lumawag","Attempt to add existing product [Rubber]","Product","2023-03-01 10:43:46"
"Benjie Val Lumawag","Added new product [Rubber]","Product","2023-03-01 10:43:57"
"Benjie Val Lumawag","Updated product [Sprayer- Calidad 16L]","Product","2023-03-01 10:50:49"
"Benjie Val Lumawag","Updated product [Sprayer- Tung Ho- Golden]","Product","2023-03-01 10:51:26"
"Benjie Val Lumawag","Successfully Login","Login","2023-03-01 23:55:24"
"","Added new customer [Halong]","Customer","2023-03-02 01:16:48"
"Benjie Val Lumawag","Error to add new customer payment [CP-230302030229]","Customer Payment","2023-03-02 03:02:37"
"Benjie Val Lumawag","Finished customer payment [CP-230302030229]","Customer Payment","2023-03-02 03:02:55"
"Benjie Val Lumawag","Error to add new customer payment [CP-230302030258]","Customer Payment","2023-03-02 03:03:07"
"Benjie Val Lumawag","Finished customer payment [CP-230302030258]","Customer Payment","2023-03-02 03:03:14"
"Benjie Val Lumawag","Error to add new customer payment [CP-230302030319]","Customer Payment","2023-03-02 03:03:26"
"Benjie Val Lumawag","Finished customer payment [CP-230302030319]","Customer Payment","2023-03-02 03:03:34"
"Benjie Val Lumawag","Error to add new customer payment [CP-230302030338]","Customer Payment","2023-03-02 03:03:49"
"Benjie Val Lumawag","Finished customer payment [CP-230302030338]","Customer Payment","2023-03-02 03:03:56"
"Benjie Val Lumawag","Error to add new customer payment [CP-230302030429]","Customer Payment","2023-03-02 03:04:35"
"","Added new customer [Sarmiento, Jerome]","Customer","2023-03-02 03:13:31"
"","Added new customer [Padernal]","Customer","2023-03-02 03:40:41"
"Benjie Val Lumawag","Successfully Login","Login","2023-03-02 04:50:14"
"Benjie Val Lumawag","Added new price notice [PN-20230302045018]","Price Notice","2023-03-02 04:50:20"
"Benjie Val Lumawag","Added new detail of price notice [PN-20230302045018] : [D-8899s 5300.00 ->  5350]","Price Notice","2023-03-02 04:50:29"
"Benjie Val Lumawag","Finished price notice [PN-20230302045018]","Price Notice","2023-03-02 04:50:32"
"Benjie Val Lumawag","Implemented price notice [PN-20230302045018]","Price Notice","2023-03-02 04:50:34"
"","Added new customer [Paitan, T]","Customer","2023-03-02 05:25:19"
"","Added new customer [Amirol, Nora]","Customer","2023-03-02 08:52:43"
"Benjie Val Lumawag","Successfully Login","Login","2023-03-02 23:06:23"
"Benjie Val Lumawag","Successfully Login","Login","2023-03-03 03:43:16"
"","Added new customer [Benidecto ]","Customer","2023-03-03 04:11:20"
"","Added new customer [Dalios]","Customer","2023-03-03 07:55:08"
"","Added new customer [Rajahmuda, Hassir]","Customer","2023-03-03 08:39:47"
"Benjie Val Lumawag","Added new product [Malathion 100ml]","Product","2023-03-03 08:58:43"
"","Added new customer [Balasabas]","Customer","2023-03-03 09:29:25"
"Benjie Val Lumawag","Added new price notice [PN-20230303094549]","Price Notice","2023-03-03 09:45:50"
"Benjie Val Lumawag","Added new detail of price notice [PN-20230303094549] : [141414-Atlas 2030.00 ->  2000]","Price Notice","2023-03-03 09:45:58"
"Benjie Val Lumawag","Added new detail of price notice [PN-20230303094549] : [18460-Amigo 3300.00 ->  3200]","Price Notice","2023-03-03 09:46:12"
"Benjie Val Lumawag","Finished price notice [PN-20230303094549]","Price Notice","2023-03-03 09:46:43"
"Benjie Val Lumawag","Implemented price notice [PN-20230303094549]","Price Notice","2023-03-03 10:26:09"
"","Added new customer [Gumban, Rhoda]","Customer","2023-03-03 23:20:52"
"","Error to add new customer payment [CP-230303232158]","Customer Payment","2023-03-03 22:21:58"
"Benjie Val Lumawag","Successfully Login","Login","2023-03-03 23:22:30"
"","Added new customer [Eulogio, Jen]","Customer","2023-03-04 01:08:47"
"Benjie Val Lumawag","Successfully Login","Login","2023-03-04 01:23:01"
"Benjie Val Lumawag","Error to add new customer payment [CP-230304025637]","Customer Payment","2023-03-04 02:56:47"
"Benjie Val Lumawag","Finished customer payment [CP-230304025637]","Customer Payment","2023-03-04 02:56:54"
"","Added new customer [Nasher]","Customer","2023-03-04 04:49:23"
"","Added new customer [tico]","Customer","2023-03-04 05:18:04"
"","Added new customer [Orendo]","Customer","2023-03-04 05:59:03"
"","Added new customer [Esporma, Samuel]","Customer","2023-03-04 08:26:20"
"","Added new customer [Amihan, Isidro]","Customer","2023-03-04 09:40:03"
"Benjie Val Lumawag","Successfully Login","Login","2023-03-04 23:10:18"
"Benjie Val Lumawag","Error to add new customer payment [CP-230305022557]","Customer Payment","2023-03-05 02:26:06"
"Benjie Val Lumawag","Finished customer payment [CP-230305022557]","Customer Payment","2023-03-05 02:27:32"
"","Added new customer [Sobredilla]","Customer","2023-03-05 03:28:01"
"","Added new customer [Barcinal, Benjie]","Customer","2023-03-05 04:09:38"
"Benjie Val Lumawag","Successfully Login","Login","2023-03-05 04:21:13"
"","Added new customer [Domagpi, Roger]","Customer","2023-03-05 04:45:17"
"","Error to add new customer payment [CP-230305062551]","Customer Payment","2023-03-05 05:25:51"
"Benjie Val Lumawag","Error to add new customer payment [CP-230305063458]","Customer Payment","2023-03-05 06:35:05"
"Benjie Val Lumawag","Finished customer payment [CP-230305063458]","Customer Payment","2023-03-05 06:37:48"
"","Added new customer [Lanestosa, Dolores]","Customer","2023-03-05 09:28:46"
"","Added new customer [Sandolog, R]","Customer","2023-03-05 10:02:33"
"Benjie Val Lumawag","Updated product [Cymbosh- liter] => [Cymbush- liter]","Product","2023-03-05 10:13:24"
"Benjie Val Lumawag","Error to add new customer payment [CP-230305102443]","Customer Payment","2023-03-05 10:24:49"
"Benjie Val Lumawag","Finished customer payment [CP-230305102443]","Customer Payment","2023-03-05 10:25:03"
"Benjie Val Lumawag","Successfully Login","Login","2023-03-05 23:27:45"
"","Added new customer [Madrio]","Customer","2023-03-06 00:14:14"
"Benjie Val Lumawag","Successfully Login","Login","2023-03-06 03:02:44"
"","Added new customer [Bagnes, Botyog]","Customer","2023-03-06 03:11:11"
"Benjie Val Lumawag","Added new product [Core 500ml]","Product","2023-03-06 03:30:42"
"Benjie Val Lumawag","Updated product [Sincera]","Product","2023-03-06 03:30:52"
"Benjie Val Lumawag","Added new product [Cabrio 500ml]","Product","2023-03-06 03:32:35"
"","Added new customer [Tadio]","Customer","2023-03-06 07:01:59"
"","Added new customer [Banaban, Nestor]","Customer","2023-03-06 08:09:10"
"","Added new customer [Balibadlan, ]","Customer","2023-03-06 08:29:39"
"Benjie Val Lumawag","Added new price notice [PN-20230306083631]","Price Notice","2023-03-06 08:36:33"
"Benjie Val Lumawag","Added new detail of price notice [PN-20230306083631] : [NK 6410 4400.00 ->  4500]","Price Notice","2023-03-06 08:36:41"
"Benjie Val Lumawag","Finished price notice [PN-20230306083631]","Price Notice","2023-03-06 08:36:47"
"Benjie Val Lumawag","Implemented price notice [PN-20230306083631]","Price Notice","2023-03-06 08:36:49"
"Benjie Val Lumawag","Successfully Login","Login","2023-03-06 10:04:46"
"","Added new customer [Apura, Romeo]","Customer","2023-03-06 10:32:11"
"Benjie Val Lumawag","Successfully Login","Login","2023-03-06 22:51:49"
"Benjie Val Lumawag","Error to add new customer payment [CP-230307023804]","Customer Payment","2023-03-07 02:38:14"
"Benjie Val Lumawag","Finished customer payment [CP-230307023804]","Customer Payment","2023-03-07 02:38:30"
"Benjie Val Lumawag","Added new price notice [PN-20230307024929]","Price Notice","2023-03-07 02:49:31"
"Benjie Val Lumawag","Added new detail of price notice [PN-20230307024929] : [141414-Atlas 2000.00 ->  1980]","Price Notice","2023-03-07 02:49:38"
"Benjie Val Lumawag","Finished price notice [PN-20230307024929]","Price Notice","2023-03-07 02:49:40"
"Benjie Val Lumawag","Implemented price notice [PN-20230307024929]","Price Notice","2023-03-07 02:50:10"
"Benjie Val Lumawag","Error to add new customer payment [CP-230307025226]","Customer Payment","2023-03-07 02:52:32"
"Benjie Val Lumawag","Finished customer payment [CP-230307025226]","Customer Payment","2023-03-07 02:52:40"
"","Added new customer [Parcon]","Customer","2023-03-07 02:54:51"
"Benjie Val Lumawag","Error to add new customer payment [CP-230307032703]","Customer Payment","2023-03-07 03:27:09"
"Benjie Val Lumawag","Finished customer payment [CP-230307032703]","Customer Payment","2023-03-07 03:27:22"
"","Added new customer [Cerbo, Benjie]","Customer","2023-03-07 05:22:39"
"","Added new customer [Tambog, Zaidamen]","Customer","2023-03-07 05:44:58"
"Benjie Val Lumawag","Successfully Login","Login","2023-03-07 23:10:42"
"Benjie Val Lumawag","Error to add new customer payment [CP-230308012005]","Customer Payment","2023-03-08 01:20:17"
"","Added new customer [Balabagno, Regina]","Customer","2023-03-08 02:16:20"
"Benjie Val Lumawag","Successfully Login","Login","2023-03-08 02:44:53"
"","Added new customer [Sarigidan]","Customer","2023-03-08 03:22:50"
"Benjie Val Lumawag","Successfully Login","Login","2023-03-08 03:24:38"
"Benjie Val Lumawag","Successfully Login","Login","2023-03-08 05:21:15"
"","Added new customer [Bago, Sulaiman]","Customer","2023-03-08 07:02:32"
"Benjie Val Lumawag","Added new supplier [Bulls Agri Supply]","Supplier","2023-03-08 07:24:26"
"Benjie Val Lumawag","Added new product [Romex- Gal]","Product","2023-03-08 07:25:27"
"Benjie Val Lumawag","Successfully Login","Login","2023-03-08 22:44:56"
"","Added new customer [Paclibar, Ricado]","Customer","2023-03-08 22:49:24"
"","Added new customer [Moctar]","Customer","2023-03-09 04:09:53"
"","Added new customer [Salinas]","Customer","2023-03-09 04:42:16"
"Benjie Val Lumawag","Updated product [D-8899s]","Product","2023-03-09 06:06:58"
"Benjie Val Lumawag","Added new product [Supernet 1000ml]","Product","2023-03-09 06:29:30"
"Benjie Val Lumawag","Added new product [Bridge 1000ml]","Product","2023-03-09 06:29:59"
"Benjie Val Lumawag","Added new product [Escape 1000ml]","Product","2023-03-09 06:31:31"
"Benjie Val Lumawag","Updated product [D-8899s]","Product","2023-03-09 06:34:41"
"Benjie Val Lumawag","Added new product [Lead force-Carbofuran]","Product","2023-03-09 06:59:38"
"Benjie Val Lumawag","Error to add new customer payment [CP-230309071210]","Customer Payment","2023-03-09 07:12:16"
"Benjie Val Lumawag","Finished customer payment [CP-230309071210]","Customer Payment","2023-03-09 07:13:05"
"Benjie Val Lumawag","Error to add new customer payment [CP-230309071307]","Customer Payment","2023-03-09 07:13:13"
"Benjie Val Lumawag","Finished customer payment [CP-230309071307]","Customer Payment","2023-03-09 07:13:54"
"Benjie Val Lumawag","Error to add new customer payment [CP-230309071356]","Customer Payment","2023-03-09 07:14:02"
"Benjie Val Lumawag","Finished customer payment [CP-230309071356]","Customer Payment","2023-03-09 07:14:26"
"Benjie Val Lumawag","Error to add new customer payment [CP-230309071954]","Customer Payment","2023-03-09 07:20:06"
"Benjie Val Lumawag","Finished customer payment [CP-230309071954]","Customer Payment","2023-03-09 07:20:59"
"Benjie Val Lumawag","Error to add new customer payment [CP-230309072120]","Customer Payment","2023-03-09 07:21:25"
"Benjie Val Lumawag","Finished customer payment [CP-230309072120]","Customer Payment","2023-03-09 07:22:08"
"","Added new customer [Avelles]","Customer","2023-03-09 07:34:31"
"Benjie Val Lumawag","Error to add new customer payment [CP-230309080307]","Customer Payment","2023-03-09 08:03:13"
"Benjie Val Lumawag","Finished customer payment [CP-230309080307]","Customer Payment","2023-03-09 08:04:00"
"Benjie Val Lumawag","Error to add new customer payment [CP-230309080513]","Customer Payment","2023-03-09 08:05:19"
"Benjie Val Lumawag","Finished customer payment [CP-230309080513]","Customer Payment","2023-03-09 08:06:14"
"Benjie Val Lumawag","Error to add new customer payment [CP-230309080750]","Customer Payment","2023-03-09 08:07:56"
"Benjie Val Lumawag","Finished customer payment [CP-230309080750]","Customer Payment","2023-03-09 08:08:07"
"Benjie Val Lumawag","Error to add new customer payment [CP-230309080839]","Customer Payment","2023-03-09 08:08:44"
"Benjie Val Lumawag","Finished customer payment [CP-230309080839]","Customer Payment","2023-03-09 08:09:19"
"Benjie Val Lumawag","Error to add new customer payment [CP-230309081217]","Customer Payment","2023-03-09 08:12:27"
"Benjie Val Lumawag","Finished customer payment [CP-230309081217]","Customer Payment","2023-03-09 08:12:35"
"Benjie Val Lumawag","Error to add new customer payment [CP-230309081237]","Customer Payment","2023-03-09 08:12:43"
"Benjie Val Lumawag","Finished customer payment [CP-230309081237]","Customer Payment","2023-03-09 08:12:49"
"Benjie Val Lumawag","Error to add new customer payment [CP-230309081727]","Customer Payment","2023-03-09 08:17:33"
"Benjie Val Lumawag","Finished customer payment [CP-230309081727]","Customer Payment","2023-03-09 08:17:49"
"","Added new customer [Darrel-c/o Aljay]","Customer","2023-03-09 09:26:35"
"Benjie Val Lumawag","Updated customer [Taghap] => [Taghap, Mary Jane]","Customer","2023-03-09 08:50:00"
"","Error to add new customer payment [CP-230309095024]","Customer Payment","2023-03-09 08:50:24"
"","Added new customer [Eulogio, ]","Customer","2023-03-09 23:14:33"
"Benjie Val Lumawag","Successfully Login","Login","2023-03-10 01:38:28"
"","Added new customer [Guitierrez]","Customer","2023-03-10 03:36:28"
"","Added new customer [Entera, Aik]","Customer","2023-03-10 04:41:12"
"Benjie Val Lumawag","Successfully Login","Login","2023-03-10 05:35:29"
"","Added new customer [Dusaran, Darwin]","Customer","2023-03-10 06:56:55"
"","Added new customer [Bioseed-Lando]","Customer","2023-03-10 07:03:16"
"","Added new customer [Dagin]","Customer","2023-03-10 07:16:44"
"","Added new customer [Dagpin]","Customer","2023-03-10 07:17:12"
"Benjie Val Lumawag","Added new price notice [PN-20230310101239]","Price Notice","2023-03-10 10:12:41"
"Benjie Val Lumawag","Added new price notice [PN-20230310101246]","Price Notice","2023-03-10 10:12:50"
"Benjie Val Lumawag","Added new detail of price notice [PN-20230310101246] : [18460-Amigo 3200.00 ->  3000]","Price Notice","2023-03-10 10:13:06"
"Benjie Val Lumawag","Added new detail of price notice [PN-20230310101246] : [2100-Atlas 900.00 ->  880]","Price Notice","2023-03-10 10:13:14"
"Benjie Val Lumawag","Added new detail of price notice [PN-20230310101246] : [2100-Harvester 900.00 ->  880]","Price Notice","2023-03-10 10:13:20"
"Benjie Val Lumawag","Added new detail of price notice [PN-20230310101246] : [Bioseed-101 4000.00 ->  4100]","Price Notice","2023-03-10 10:14:08"
"Benjie Val Lumawag","Finished price notice [PN-20230310101246]","Price Notice","2023-03-10 10:16:59"
"Benjie Val Lumawag","Added new supplier [BIR]","Supplier","2023-03-10 10:32:02"
"","Added new customer [Sialana, N]","Customer","2023-03-11 00:32:20"
"Benjie Val Lumawag","Successfully Login","Login","2023-03-11 00:35:49"
"Benjie Val Lumawag","Implemented price notice [PN-20230310101246]","Price Notice","2023-03-11 00:35:50"
"","Error to add new customer payment [CP-230311023125]","Customer Payment","2023-03-11 02:31:32"
"","Finished customer payment [CP-230311023125]","Customer Payment","2023-03-11 02:36:41"
"Benjie Val Lumawag","Successfully Login","Login","2023-03-11 02:40:41"
"Benjie Val Lumawag","Updated customer [Mylene] => [Herrada, Mylene]","Customer","2023-03-11 01:40:56"
"","Added new customer [Matala, Lailany]","Customer","2023-03-11 02:58:42"
"","Added new customer [Ereño]","Customer","2023-03-11 05:28:36"
"Benjie Val Lumawag","Attempt to add existing price notice [PN-20230311061412]","Price Notice","2023-03-11 06:14:14"
"Benjie Val Lumawag","Updated product [16200-Atlas]","Product","2023-03-11 06:14:27"
"Benjie Val Lumawag","Updated product [4600-Atlas]","Product","2023-03-11 06:14:43"
"Benjie Val Lumawag","Updated product [2100-Atlas]","Product","2023-03-11 06:15:05"
"Benjie Val Lumawag","Updated product [2100-Harvester]","Product","2023-03-11 06:15:15"
"","Added new customer [Eulatriz]","Customer","2023-03-11 06:23:11"
"","Added new customer [Horadoi]","Customer","2023-03-11 08:59:07"
"Benjie Val Lumawag","Successfully Login","Login","2023-03-11 22:51:37"
"Benjie Val Lumawag","Added new price notice [PN-20230311230354]","Price Notice","2023-03-11 23:03:56"
"Benjie Val Lumawag","Added new detail of price notice [PN-20230311230354] : [P 3645 5500.00 ->  5800]","Price Notice","2023-03-11 23:04:09"
"Benjie Val Lumawag","Finished price notice [PN-20230311230354]","Price Notice","2023-03-11 23:04:11"
"","Added new customer [Montoya]","Customer","2023-03-11 23:30:20"
"Benjie Val Lumawag","Updated product [P 3645]","Product","2023-03-11 23:59:16"
"","Added new customer [Alisasis]","Customer","2023-03-12 00:00:08"
"","Implemented price notice [PN-20230311230354]","Price Notice","2023-03-12 00:00:43"
"","Error to add new customer payment [CP-230312020113]","Customer Payment","2023-03-12 01:01:13"
"Benjie Val Lumawag","Error to add new customer payment [CP-230312021521]","Customer Payment","2023-03-12 02:15:28"
"Benjie Val Lumawag","Finished customer payment [CP-230312021521]","Customer Payment","2023-03-12 02:15:38"
"Benjie Val Lumawag","Added new product [Pyanchor- 500ml]","Product","2023-03-12 02:20:29"
"","Added new customer [Soliva]","Customer","2023-03-12 02:43:05"
"","Added new customer [Marco]","Customer","2023-03-12 04:18:27"
"","Added new customer [Abuan, J]","Customer","2023-03-12 04:33:02"
"","Added new customer [Barsanas]","Customer","2023-03-12 06:47:27"
"","Added new customer [Caraca]","Customer","2023-03-12 06:50:31"
"Benjie Val Lumawag","Error to add new customer payment [CP-230312065303]","Customer Payment","2023-03-12 06:53:27"
"Benjie Val Lumawag","Finished customer payment [CP-230312065303]","Customer Payment","2023-03-12 06:53:35"
"","Added new customer [Afable, Helen]","Customer","2023-03-12 07:17:54"
"Benjie Val Lumawag","Error to add new customer payment [CP-230312100411]","Customer Payment","2023-03-12 10:04:16"
"Benjie Val Lumawag","Finished customer payment [CP-230312100411]","Customer Payment","2023-03-12 10:04:39"
"Benjie Val Lumawag","Error to add new customer payment [CP-230312100612]","Customer Payment","2023-03-12 10:06:17"
"Benjie Val Lumawag","Finished customer payment [CP-230312100612]","Customer Payment","2023-03-12 10:06:50"
"Benjie Val Lumawag","Error to add new customer payment [CP-230312100853]","Customer Payment","2023-03-12 10:08:59"
"Benjie Val Lumawag","Finished customer payment [CP-230312100853]","Customer Payment","2023-03-12 10:09:06"
"Benjie Val Lumawag","Error to add new customer payment [CP-230312101126]","Customer Payment","2023-03-12 10:11:32"
"Benjie Val Lumawag","Finished customer payment [CP-230312101126]","Customer Payment","2023-03-12 10:11:40"
"Benjie Val Lumawag","Error to add new customer payment [CP-230312101141]","Customer Payment","2023-03-12 10:11:47"
"Benjie Val Lumawag","Finished customer payment [CP-230312101141]","Customer Payment","2023-03-12 10:11:54"
"Benjie Val Lumawag","Error to add new customer payment [CP-230312104316]","Customer Payment","2023-03-12 10:43:22"
"Benjie Val Lumawag","Finished customer payment [CP-230312104316]","Customer Payment","2023-03-12 10:43:29"
"Benjie Val Lumawag","Successfully Login","Login","2023-03-12 23:44:12"
"Benjie Val Lumawag","Successfully Login","Login","2023-03-12 23:46:42"
"","Error to add new customer payment [CP-230313000835]","Customer Payment","2023-03-12 23:08:35"
"Benjie Val Lumawag","Successfully Login","Login","2023-03-13 01:47:10"
"","Added new customer [Balmores, Dennis]","Customer","2023-03-13 02:27:09"
"","Added new customer [Reyna, Rony]","Customer","2023-03-13 02:30:28"
"Benjie Val Lumawag","Updated product [Manzin (kilo)]","Product","2023-03-13 04:47:19"
"Benjie Val Lumawag","Error to add new customer payment [CP-230313045420]","Customer Payment","2023-03-13 04:54:29"
"","Error to add new customer payment [CP-230313055240]","Customer Payment","2023-03-13 04:52:40"
"","Added new customer [Caballero]","Customer","2023-03-13 07:17:21"
"","Error to add new customer payment [CP-230313224131]","Customer Payment","2023-03-13 21:41:31"
"Benjie Val Lumawag","Successfully Login","Login","2023-03-13 23:35:46"
"","Error to add new customer payment [CP-230313234502]","Customer Payment","2023-03-13 22:45:02"
"Benjie Val Lumawag","Added new product [Harvest More]","Product","2023-03-14 00:10:02"
"Benjie Val Lumawag","Finished customer payment [CP-230313045420]","Customer Payment","2023-03-14 01:06:46"
"","Added new customer [Altea]","Customer","2023-03-14 01:37:53"
"","Added new customer [Caro, Benie]","Customer","2023-03-14 01:46:31"
"","Error to add new customer payment [CP-230314014706]","Customer Payment","2023-03-14 00:47:06"
"","Added new customer [Caduyac]","Customer","2023-03-14 02:29:14"
"","Added new customer [Masabpi]","Customer","2023-03-14 04:20:55"
"","Added new customer [Hortillo]","Customer","2023-03-14 04:25:22"
"Benjie Val Lumawag","Updated customer [Hortillo] => [Portillo]","Customer","2023-03-14 03:25:55"
"","Added new customer [Roquillo]","Customer","2023-03-14 04:49:20"
"","Added new customer [Ronquillo]","Customer","2023-03-14 04:50:30"
"Benjie Val Lumawag","Updated customer [Salvacion] => [Salvacion, Nelida]","Customer","2023-03-14 03:55:08"
"","Error to add new customer payment [CP-230314045558]","Customer Payment","2023-03-14 03:55:58"
"Benjie Val Lumawag","Error to add new customer payment [CP-230314045843]","Customer Payment","2023-03-14 04:58:51"
"Benjie Val Lumawag","Error to add new customer payment [CP-230314050030]","Customer Payment","2023-03-14 05:00:36"
"","Error to add new customer payment [CP-230314050122]","Customer Payment","2023-03-14 04:01:22"
"Benjie Val Lumawag","Added new price notice [PN-20230314055804]","Price Notice","2023-03-14 05:58:06"
"","Added new customer [Vilbar]","Customer","2023-03-14 09:08:51"
"Benjie Val Lumawag","Successfully Login","Login","2023-03-14 22:56:51"
"Benjie Val Lumawag","Error to add new customer payment [CP-230314225657]","Customer Payment","2023-03-14 22:57:02"
"Benjie Val Lumawag","Finished customer payment [CP-230314225657]","Customer Payment","2023-03-14 22:58:05"
"Benjie Val Lumawag","Error to add new customer payment [CP-230314235239]","Customer Payment","2023-03-14 23:52:46"
"Benjie Val Lumawag","Finished customer payment [CP-230314235239]","Customer Payment","2023-03-14 23:53:15"
"Benjie Val Lumawag","Added new price notice [PN-20230315004658]","Price Notice","2023-03-15 00:46:59"
"Benjie Val Lumawag","Added new detail of price notice [PN-20230315004658] : [Weed Blaster - Gallon 1490.00 ->  1450]","Price Notice","2023-03-15 00:47:07"
"Benjie Val Lumawag","Added new detail of price notice [PN-20230315004658] : [141414-Atlas 1980.00 ->  1950]","Price Notice","2023-03-15 00:47:13"
"Benjie Val Lumawag","Added new detail of price notice [PN-20230315004658] : [Bushwack-liter 380.00 ->  400]","Price Notice","2023-03-15 00:47:48"
"Benjie Val Lumawag","Finished price notice [PN-20230315004658]","Price Notice","2023-03-15 00:48:20"
"Benjie Val Lumawag","Implemented price notice [PN-20230315004658]","Price Notice","2023-03-15 00:48:22"
"","Added new customer [De Ala]","Customer","2023-03-15 03:40:26"
"","Added new customer [Tagakay]","Customer","2023-03-15 06:35:30"
"Benjie Val Lumawag","Error to add new customer payment [CP-230315081721]","Customer Payment","2023-03-15 08:17:29"
"Benjie Val Lumawag","Finished customer payment [CP-230315081721]","Customer Payment","2023-03-15 08:17:37"
"","Error to add new customer payment [CP-230315095040]","Customer Payment","2023-03-15 08:50:40"
"","Error to add new customer payment [CP-230315102740]","Customer Payment","2023-03-15 09:27:40"
"Benjie Val Lumawag","Successfully Login","Login","2023-03-16 00:59:07"
"Benjie Val Lumawag","Added new price notice [PN-20230316041634]","Price Notice","2023-03-16 04:16:35"
"Benjie Val Lumawag","Added new detail of price notice [PN-20230316041634] : [Suprema - kalabasa 2750.00 ->  2800]","Price Notice","2023-03-16 04:16:44"
"Benjie Val Lumawag","Added new detail of price notice [PN-20230316041634] : [Stand Out - Gallon 850.00 ->  820]","Price Notice","2023-03-16 04:16:59"
"Benjie Val Lumawag","Added new detail of price notice [PN-20230316041634] : [Clincher-liter 1580.00 ->  1600]","Price Notice","2023-03-16 04:17:43"
"Benjie Val Lumawag","Finished price notice [PN-20230316041634]","Price Notice","2023-03-16 04:21:31"
"Benjie Val Lumawag","Implemented price notice [PN-20230316041634]","Price Notice","2023-03-16 04:21:34"
"Benjie Val Lumawag","Successfully Login","Login","2023-03-16 05:16:22"
"","Added new customer [Catang2x]","Customer","2023-03-16 05:54:50"
"Benjie Val Lumawag","Error to add new customer payment [CP-230316072501]","Customer Payment","2023-03-16 07:25:06"
"Benjie Val Lumawag","Finished customer payment [CP-230316072501]","Customer Payment","2023-03-16 07:25:15"
"Benjie Val Lumawag","Successfully Login","Login","2023-03-16 08:19:10"
"","Error to add new customer payment [CP-230316231408]","Customer Payment","2023-03-16 22:14:08"
"","Error to add new customer payment [CP-230316232034]","Customer Payment","2023-03-16 22:20:34"
"Benjie Val Lumawag","Successfully Login","Login","2023-03-16 23:25:35"
"Benjie Val Lumawag","Error to add new customer payment [CP-230316232540]","Customer Payment","2023-03-16 23:25:46"
"Benjie Val Lumawag","Finished customer payment [CP-230316232540]","Customer Payment","2023-03-16 23:26:35"
"","Error to add new customer payment [CP-230316232909]","Customer Payment","2023-03-16 22:29:09"
"Benjie Val Lumawag","Error to add new customer payment [CP-230317002936]","Customer Payment","2023-03-17 00:29:42"
"Benjie Val Lumawag","Finished customer payment [CP-230317002936]","Customer Payment","2023-03-17 00:29:52"
"","Added new customer [Pelaez]","Customer","2023-03-17 01:52:52"
"","Added new customer [Disumnong]","Customer","2023-03-17 02:15:05"
"","Added new customer [Tabuga]","Customer","2023-03-17 05:37:21"
"","Error to add new customer payment [CP-230317060147]","Customer Payment","2023-03-17 05:01:47"
"","Added new customer [Eskil]","Customer","2023-03-17 09:56:43"
"Benjie Val Lumawag","Successfully Login","Login","2023-03-17 22:41:07"
"Benjie Val Lumawag","Updated customer [Barotas, Donald] => [Barotas, Donard]","Customer","2023-03-17 21:42:55"
"Benjie Val Lumawag","Error to add new customer payment [CP-230318012459]","Customer Payment","2023-03-18 01:25:06"
"Benjie Val Lumawag","Finished customer payment [CP-230318012459]","Customer Payment","2023-03-18 01:25:15"
"","Added new customer [Lawan, Sultan]","Customer","2023-03-18 03:06:12"
"","Added new customer [Bagay, Susan]","Customer","2023-03-18 07:35:01"
"","Error to add new customer payment [CP-230318075450]","Customer Payment","2023-03-18 06:54:50"
"Benjie Val Lumawag","Successfully Login","Login","2023-03-18 08:17:34"
"","Error to add new customer payment [CP-230318091947]","Customer Payment","2023-03-18 08:19:47"
"","Added new customer [Manongkarang, Jennfer- Nasher]","Customer","2023-03-18 09:46:04"
"","Error to add new customer payment [CP-230318094648]","Customer Payment","2023-03-18 08:46:48"
"Benjie Val Lumawag","Error to add new customer payment [CP-230318094822]","Customer Payment","2023-03-18 09:48:28"
"Benjie Val Lumawag","Finished customer payment [CP-230318094822]","Customer Payment","2023-03-18 09:48:38"
"Benjie Val Lumawag","Error to add new customer payment [CP-230318100602]","Customer Payment","2023-03-18 10:06:10"
"Benjie Val Lumawag","Finished customer payment [CP-230318100602]","Customer Payment","2023-03-18 10:06:26"
"Benjie Val Lumawag","Error to add new customer payment [CP-230318100629]","Customer Payment","2023-03-18 10:06:35"
"Benjie Val Lumawag","Finished customer payment [CP-230318100629]","Customer Payment","2023-03-18 10:06:42"
"Benjie Val Lumawag","Error to add new customer payment [CP-230318100646]","Customer Payment","2023-03-18 10:06:53"
"Benjie Val Lumawag","Finished customer payment [CP-230318100646]","Customer Payment","2023-03-18 10:06:59"
"Benjie Val Lumawag","Error to add new customer payment [CP-230318100703]","Customer Payment","2023-03-18 10:07:09"
"Benjie Val Lumawag","Finished customer payment [CP-230318100703]","Customer Payment","2023-03-18 10:07:15"
"Benjie Val Lumawag","Error to add new customer payment [CP-230318100719]","Customer Payment","2023-03-18 10:07:26"
"Benjie Val Lumawag","Finished customer payment [CP-230318100719]","Customer Payment","2023-03-18 10:07:59"
"Benjie Val Lumawag","Error to add new customer payment [CP-230318100801]","Customer Payment","2023-03-18 10:08:06"
"Benjie Val Lumawag","Finished customer payment [CP-230318100801]","Customer Payment","2023-03-18 10:08:13"
"Benjie Val Lumawag","Error to add new customer payment [CP-230318100815]","Customer Payment","2023-03-18 10:08:26"
"Benjie Val Lumawag","Finished customer payment [CP-230318100815]","Customer Payment","2023-03-18 10:08:33"
"Benjie Val Lumawag","Successfully Login","Login","2023-03-18 23:29:18"
"Benjie Val Lumawag","Added new price notice [PN-20230318233204]","Price Notice","2023-03-18 23:32:05"
"Benjie Val Lumawag","Added new detail of price notice [PN-20230318233204] : [Frontier- liter 1750.00 ->  1700]","Price Notice","2023-03-18 23:32:13"
"Benjie Val Lumawag","Added new detail of price notice [PN-20230318233204] : [Glyner-Gallon 1420.00 ->  1400]","Price Notice","2023-03-18 23:32:25"
"Benjie Val Lumawag","Finished price notice [PN-20230318233204]","Price Notice","2023-03-18 23:34:31"
"Benjie Val Lumawag","Implemented price notice [PN-20230318233204]","Price Notice","2023-03-19 00:42:23"
"","Added new customer [isla, Herman]","Customer","2023-03-19 01:51:24"
"","Added new customer [Rutor]","Customer","2023-03-19 02:44:56"
"","Added new customer [Solera]","Customer","2023-03-19 04:41:37"
"","Added new customer [Isugon]","Customer","2023-03-19 06:16:54"
"Benjie Val Lumawag","Added new product [4600-Planters]","Product","2023-03-19 06:45:57"
"Benjie Val Lumawag","Updated product [4600-Planters]","Product","2023-03-19 07:39:33"
"","Error to add new customer payment [CP-230319080324]","Customer Payment","2023-03-19 07:03:24"
"Benjie Val Lumawag","Successfully Login","Login","2023-03-19 09:15:57"
"Benjie Val Lumawag","Error to add new customer payment [CP-230319091558]","Customer Payment","2023-03-19 09:16:05"
"Benjie Val Lumawag","Finished customer payment [CP-230319091558]","Customer Payment","2023-03-19 09:16:12"
"","Added new customer [Maygay, Boy]","Customer","2023-03-19 09:18:15"
"","Error to add new customer payment [CP-230319091926]","Customer Payment","2023-03-19 08:19:26"
"Benjie Val Lumawag","Added new product [Furamax]","Product","2023-03-19 09:24:43"
"Benjie Val Lumawag","Added new product [Seeds-Ramgo]","Product","2023-03-19 09:26:10"
"Benjie Val Lumawag","Successfully Login","Login","2023-03-19 23:10:38"
"Benjie Val Lumawag","Added new customer [Capanang, Nonong]","Customer","2023-03-19 23:11:33"
"Benjie Val Lumawag","Error to add new customer payment [CP-230320010218]","Customer Payment","2023-03-20 01:02:27"
"Benjie Val Lumawag","Attempt to add existing product [Bushwack-250ml]","Product","2023-03-20 05:21:46"
"Benjie Val Lumawag","Added new product [Bushwack-250ml]","Product","2023-03-20 05:21:54"
"Benjie Val Lumawag","Updated product [Bushwack 500ml]","Product","2023-03-20 05:22:12"
"Benjie Val Lumawag","Error to add new customer payment [CP-230320105526]","Customer Payment","2023-03-20 10:55:35"
"Benjie Val Lumawag","Finished customer payment [CP-230320105526]","Customer Payment","2023-03-20 10:55:43"
"Benjie Val Lumawag","Error to add new customer payment [CP-230320105545]","Customer Payment","2023-03-20 10:55:50"
"Benjie Val Lumawag","Finished customer payment [CP-230320105545]","Customer Payment","2023-03-20 10:55:58"
"Benjie Val Lumawag","Successfully Login","Login","2023-03-20 22:37:56"
"","Added new customer [albasite]","Customer","2023-03-21 00:03:34"
"","Added new customer [Ebrono, Enol]","Customer","2023-03-21 01:52:08"
"","Added new customer [Lamigan]","Customer","2023-03-21 02:07:01"
"","Added new customer [Liza A]","Customer","2023-03-21 02:35:13"
"","Added new customer [Ricopuerto]","Customer","2023-03-21 02:59:27"
"Benjie Val Lumawag","Updated product [4600-Harvester]","Product","2023-03-21 03:53:37"
"Benjie Val Lumawag","Successfully Login","Login","2023-03-21 07:36:40"
"","Added new customer [Cadali]","Customer","2023-03-21 08:13:20"
"","Added new customer [Cadali, Badmudin]","Customer","2023-03-21 08:14:10"
"","Added new customer [Usman]","Customer","2023-03-21 08:59:04"
"Benjie Val Lumawag","Successfully Login","Login","2023-03-21 08:59:34"
"","Added new customer [Allado, J]","Customer","2023-03-21 09:05:58"
"Benjie Val Lumawag","Added new product [Torpedo]","Product","2023-03-21 09:58:22"
"Benjie Val Lumawag","Added new product [Gly-FloMax]","Product","2023-03-21 09:58:54"
"Benjie Val Lumawag","Error to add new customer payment [CP-230321100335]","Customer Payment","2023-03-21 10:03:41"
"Benjie Val Lumawag","Finished customer payment [CP-230321100335]","Customer Payment","2023-03-21 10:03:50"
"Benjie Val Lumawag","Finished customer payment [CP-230320010218]","Customer Payment","2023-03-21 10:03:59"
"","Added new customer [Barrion, Necano]","Customer","2023-03-22 01:48:05"
"","Added new customer [Barreto, Jhonny]","Customer","2023-03-22 02:48:09"
"","Added new customer [Ricaza]","Customer","2023-03-22 06:23:06"
"Benjie Val Lumawag","Successfully Login","Login","2023-03-22 07:01:51"
"","Added new customer [Laungayan, Jerome]","Customer","2023-03-22 07:06:49"
"Benjie Val Lumawag","Added new supplier [FKA Agri Chemical Corporation]","Supplier","2023-03-22 07:08:40"
"","Added new customer [Nabor]","Customer","2023-03-22 07:38:58"
"","Added new customer [Bravo]","Customer","2023-03-22 07:44:25"
"","Added new customer [Tejero]","Customer","2023-03-22 07:50:47"
"Benjie Val Lumawag","Successfully Login","Login","2023-03-22 08:53:02"
"Benjie Val Lumawag","Successfully Login","Login","2023-03-23 04:07:09"
"Benjie Val Lumawag","Added new price notice [PN-20230323055623]","Price Notice","2023-03-23 05:56:26"
"Benjie Val Lumawag","Added new detail of price notice [PN-20230323055623] : [4600-Harvester 1870.00 ->  1820]","Price Notice","2023-03-23 05:56:53"
"Benjie Val Lumawag","Added new detail of price notice [PN-20230323055623] : [18460-Amigo 3000.00 ->  2950]","Price Notice","2023-03-23 05:57:41"
"Benjie Val Lumawag","Added new detail of price notice [PN-20230323055623] : [Grader- Gallon 1380.00 ->  1350]","Price Notice","2023-03-23 05:58:05"
"Benjie Val Lumawag","Added new detail of price notice [PN-20230323055623] : [Glyzone-Gallon 1450.00 ->  1400]","Price Notice","2023-03-23 05:58:20"
"Benjie Val Lumawag","Added new detail of price notice [PN-20230323055623] : [Glyner-Gallon 1400.00 ->  1370]","Price Notice","2023-03-23 05:58:56"
"Benjie Val Lumawag","Added new detail of price notice [PN-20230323055623] : [4600-Amigo 1930.00 ->  1750]","Price Notice","2023-03-23 06:00:06"
"Benjie Val Lumawag","Finished price notice [PN-20230323055623]","Price Notice","2023-03-23 06:00:19"
"","Implemented price notice [PN-20230323055623]","Price Notice","2023-03-23 06:00:24"
"Benjie Val Lumawag","Error to add new customer payment [CP-230323090239]","Customer Payment","2023-03-23 09:02:54"
"Benjie Val Lumawag","Finished customer payment [CP-230323090239]","Customer Payment","2023-03-23 09:03:08"
"","Added new customer [Monje]","Customer","2023-03-24 03:11:29"
"Benjie Val Lumawag","Successfully Login","Login","2023-03-24 06:18:59"
"Benjie Val Lumawag","Added new price notice [PN-20230324061918]","Price Notice","2023-03-24 06:19:20"
"Benjie Val Lumawag","Added new detail of price notice [PN-20230324061918] : [4600-Harvester 1820.00 ->  1800]","Price Notice","2023-03-24 06:19:33"
"Benjie Val Lumawag","Added new detail of price notice [PN-20230324061918] : [4600-Amigo 1750.00 ->  1700]","Price Notice","2023-03-24 06:19:46"
"Benjie Val Lumawag","Finished price notice [PN-20230324061918]","Price Notice","2023-03-24 06:19:54"
"","Implemented price notice [PN-20230324061918]","Price Notice","2023-03-24 06:20:00"
"Benjie Val Lumawag","Updated product [16200-Amigo]","Product","2023-03-24 06:57:08"
"Benjie Val Lumawag","Successfully Login","Login","2023-03-24 23:04:15"
"Benjie Val Lumawag","Successfully Login","Login","2023-03-25 22:50:02"
"","Added new customer [Malinao]","Customer","2023-03-26 00:17:59"
"Benjie Val Lumawag","Error to add new customer payment [CP-230326005250]","Customer Payment","2023-03-26 00:52:56"
"","Added new customer [Diane, Banie]","Customer","2023-03-26 00:57:27"
"","Added new customer [Barrion, Evangeline]","Customer","2023-03-26 00:58:45"
"","Error to add new customer payment [CP-230326010114]","Customer Payment","2023-03-26 00:01:14"
"Benjie Val Lumawag","Added new product [King Arthur]","Product","2023-03-26 03:18:35"
"","Error to add new customer payment [CP-230326042609]","Customer Payment","2023-03-26 02:26:09"
"","Added new customer [Soberano, Gege]","Customer","2023-03-26 04:26:50"
"","Error to add new customer payment [CP-230326042835]","Customer Payment","2023-03-26 02:28:35"
"Benjie Val Lumawag","Error to add new customer payment [CP-230326052759]","Customer Payment","2023-03-26 05:28:05"
"","Added new customer [Aramba, Abdullah]","Customer","2023-03-26 05:54:47"
"Benjie Val Lumawag","Successfully Login","Login","2023-03-26 06:27:39"
"Benjie Val Lumawag","Error to add new customer payment [CP-230326063521]","Customer Payment","2023-03-26 06:35:29"
"Benjie Val Lumawag","Finished customer payment [CP-230326063521]","Customer Payment","2023-03-26 06:35:36"
"Benjie Val Lumawag","Error to add new customer payment [CP-230326063539]","Customer Payment","2023-03-26 06:35:47"
"Benjie Val Lumawag","Finished customer payment [CP-230326063539]","Customer Payment","2023-03-26 06:42:58"
"Benjie Val Lumawag","Error to add new customer payment [CP-230326064331]","Customer Payment","2023-03-26 06:43:36"
"Benjie Val Lumawag","Finished customer payment [CP-230326064331]","Customer Payment","2023-03-26 06:44:44"
"Benjie Val Lumawag","Error to add new customer payment [CP-230326064619]","Customer Payment","2023-03-26 06:46:26"
"Benjie Val Lumawag","Finished customer payment [CP-230326064619]","Customer Payment","2023-03-26 06:46:44"
"Benjie Val Lumawag","Error to add new customer payment [CP-230326065307]","Customer Payment","2023-03-26 06:53:35"
"Benjie Val Lumawag","Finished customer payment [CP-230326065307]","Customer Payment","2023-03-26 06:53:49"
"","Added new customer [Mama Ging]","Customer","2023-03-26 07:36:16"
"Benjie Val Lumawag","Updated product [Glytsinate 15sl Gallon] => [Glysinate 15sl Gallon]","Product","2023-03-26 09:26:30"
"Benjie Val Lumawag","Error to add new customer payment [CP-230326104501]","Customer Payment","2023-03-26 10:45:09"
"Benjie Val Lumawag","Finished customer payment [CP-230326104501]","Customer Payment","2023-03-26 10:45:16"
"Benjie Val Lumawag","Error to add new customer payment [CP-230326111758]","Customer Payment","2023-03-26 11:18:05"
"Benjie Val Lumawag","Finished customer payment [CP-230326111758]","Customer Payment","2023-03-26 11:25:12"
"Benjie Val Lumawag","Error to add new customer payment [CP-230326112514]","Customer Payment","2023-03-26 11:25:21"
"Benjie Val Lumawag","Finished customer payment [CP-230326112514]","Customer Payment","2023-03-26 11:25:49"
"","Added new customer [Ondoy]","Customer","2023-03-26 11:59:51"
"Benjie Val Lumawag","Successfully Login","Login","2023-03-26 23:39:25"
"","Added new customer [Barotas, Long2x]","Customer","2023-03-26 23:40:16"
"Benjie Val Lumawag","Successfully Login","Login","2023-03-27 00:09:10"
"","Error to add new customer payment [CP-230327005513]","Customer Payment","2023-03-26 22:55:13"
"Benjie Val Lumawag","Error to add new customer payment [CP-230327033505]","Customer Payment","2023-03-27 03:35:11"
"Benjie Val Lumawag","Finished customer payment [CP-230327033505]","Customer Payment","2023-03-27 03:35:23"
"","Added new customer [San Nicolas]","Customer","2023-03-27 03:59:20"
"","Error to add new customer payment [CP-230327044938]","Customer Payment","2023-03-27 02:49:38"
"","Added new customer [Sagala]","Customer","2023-03-27 05:00:31"
"","Added new customer [Cabilla, Monica]","Customer","2023-03-27 05:47:46"
"","Added new customer [Alarilya]","Customer","2023-03-27 06:30:09"
"","Error to add new customer payment [CP-230327072317]","Customer Payment","2023-03-27 05:23:17"
"Benjie Val Lumawag","Successfully Login","Login","2023-03-27 07:32:34"
"","Error to add new customer payment [CP-230327075220]","Customer Payment","2023-03-27 05:52:20"
"","Error to add new customer payment [CP-230327094324]","Customer Payment","2023-03-27 07:43:24"
"Benjie Val Lumawag","Error to add new customer payment [CP-230327102044]","Customer Payment","2023-03-27 10:20:52"
"Benjie Val Lumawag","Finished customer payment [CP-230327102044]","Customer Payment","2023-03-27 10:20:59"
"","Added new customer [Siodena, Arnel]","Customer","2023-03-27 10:23:57"
"Benjie Val Lumawag","Deleted customer [Rosalie Dajay]","Customer","2023-03-27 10:34:20"
"Benjie Val Lumawag","Successfully Login","Login","2023-03-28 01:20:13"
"Benjie Val Lumawag","Added new price notice [PN-20230328012019]","Price Notice","2023-03-28 01:20:22"
"Benjie Val Lumawag","Added new detail of price notice [PN-20230328012019] : [16200-Atlas 1820.00 ->  1800]","Price Notice","2023-03-28 01:20:29"
"Benjie Val Lumawag","Added new detail of price notice [PN-20230328012019] : [141414-Atlas 1950.00 ->  1920]","Price Notice","2023-03-28 01:20:53"
"Benjie Val Lumawag","Added new detail of price notice [PN-20230328012019] : [2100-Atlas 850.00 ->  820]","Price Notice","2023-03-28 01:21:08"
"Benjie Val Lumawag","Added new detail of price notice [PN-20230328012019] : [2100-Harvester 850.00 ->  820]","Price Notice","2023-03-28 01:21:13"
"Benjie Val Lumawag","Added new detail of price notice [PN-20230328012019] : [4600-Harvester 1800.00 ->  1780]","Price Notice","2023-03-28 01:22:52"
"Benjie Val Lumawag","Added new detail of price notice [PN-20230328012019] : [4600-Amigo 1700.00 ->  1680]","Price Notice","2023-03-28 01:23:00"
"Benjie Val Lumawag","Finished price notice [PN-20230328012019]","Price Notice","2023-03-28 01:23:04"
"Benjie Val Lumawag","Implemented price notice [PN-20230328012019]","Price Notice","2023-03-28 01:23:06"
"","Added new customer [Parcon, Lorna]","Customer","2023-03-28 03:57:01"
"Benjie Val Lumawag","Attempt to add existing price notice [PN-20230328053803]","Price Notice","2023-03-28 05:38:04"
"Benjie Val Lumawag","Added new price notice [PN-20230328053803]","Price Notice","2023-03-28 05:38:08"
"Benjie Val Lumawag","Added new detail of price notice [PN-20230328053803] : [2100-kilo 30.00 ->  25]","Price Notice","2023-03-28 05:38:23"
"Benjie Val Lumawag","Added new detail of price notice [PN-20230328053803] : [16200-Kilo 45.00 ->  40]","Price Notice","2023-03-28 05:38:44"
"Benjie Val Lumawag","Added new detail of price notice [PN-20230328053803] : [4600-kilo 45.00 ->  40]","Price Notice","2023-03-28 05:38:51"
"Benjie Val Lumawag","Finished price notice [PN-20230328053803]","Price Notice","2023-03-28 05:39:12"
"","Added new customer [Mamacan]","Customer","2023-03-28 07:42:17"
"Benjie Val Lumawag","Successfully Login","Login","2023-03-28 09:07:38"
"","Error to add new customer payment [CP-230328092218]","Customer Payment","2023-03-28 07:22:18"
"","Error to add new customer payment [CP-230328092255]","Customer Payment","2023-03-28 07:22:55"
"Benjie Val Lumawag","Error to add new customer payment [CP-230328103812]","Customer Payment","2023-03-28 10:38:19"
"Benjie Val Lumawag","Finished customer payment [CP-230328103812]","Customer Payment","2023-03-28 10:38:27"
"Benjie Val Lumawag","Error to add new customer payment [CP-230328103829]","Customer Payment","2023-03-28 10:38:36"
"Benjie Val Lumawag","Finished customer payment [CP-230328103829]","Customer Payment","2023-03-28 10:38:51"
"Benjie Val Lumawag","Error to add new customer payment [CP-230328103853]","Customer Payment","2023-03-28 10:39:34"
"Benjie Val Lumawag","Finished customer payment [CP-230328103853]","Customer Payment","2023-03-28 10:39:42"
"Benjie Val Lumawag","Attempt to add existing price notice [PN-20230328111927]","Price Notice","2023-03-28 11:19:28"
"Benjie Val Lumawag","Updated product [2100-Atlas]","Product","2023-03-28 11:19:41"
"Benjie Val Lumawag","Updated product [2100-Harvester]","Product","2023-03-28 11:20:24"
"Benjie Val Lumawag","Successfully Login","Login","2023-03-28 23:51:54"
"","Implemented price notice [PN-20230328053803]","Price Notice","2023-03-29 00:10:30"
"Benjie Val Lumawag","Attempt to add existing product [NK 6410- Refund]","Product","2023-03-29 01:11:11"
"Benjie Val Lumawag","Attempt to add existing product [NK 6410- Refund]","Product","2023-03-29 01:11:19"
"Benjie Val Lumawag","Attempt to add existing product [NK 6410- Refund]","Product","2023-03-29 01:11:30"
"Benjie Val Lumawag","Added new product [NK 6410- Refund]","Product","2023-03-29 01:11:50"
"Benjie Val Lumawag","Error to add new customer payment [CP-230329014824]","Customer Payment","2023-03-29 01:48:30"
"Benjie Val Lumawag","Finished customer payment [CP-230329014824]","Customer Payment","2023-03-29 01:48:39"
"Benjie Val Lumawag","Error to add new customer payment [CP-230329015329]","Customer Payment","2023-03-29 01:53:35"
"Benjie Val Lumawag","Error to add new customer payment [CP-230329015450]","Customer Payment","2023-03-29 01:54:57"
"Benjie Val Lumawag","Finished customer payment [CP-230329015450]","Customer Payment","2023-03-29 01:55:07"
"Benjie Val Lumawag","Error to add new customer payment [CP-230329020528]","Customer Payment","2023-03-29 02:05:34"
"Benjie Val Lumawag","Finished customer payment [CP-230329020528]","Customer Payment","2023-03-29 02:05:42"
"Benjie Val Lumawag","Error to add new customer payment [CP-230329020544]","Customer Payment","2023-03-29 02:05:53"
"Benjie Val Lumawag","Finished customer payment [CP-230329020544]","Customer Payment","2023-03-29 02:06:01"
"Benjie Val Lumawag","Error to add new customer payment [CP-230329020603]","Customer Payment","2023-03-29 02:06:11"
"Benjie Val Lumawag","Finished customer payment [CP-230329020603]","Customer Payment","2023-03-29 02:06:23"
"Benjie Val Lumawag","Error to add new customer payment [CP-230329020626]","Customer Payment","2023-03-29 02:06:34"
"Benjie Val Lumawag","Finished customer payment [CP-230329020626]","Customer Payment","2023-03-29 02:07:00"
"Benjie Val Lumawag","Error to add new customer payment [CP-230329020703]","Customer Payment","2023-03-29 02:07:09"
"Benjie Val Lumawag","Finished customer payment [CP-230329020703]","Customer Payment","2023-03-29 02:07:17"
"Benjie Val Lumawag","Successfully Login","Login","2023-03-29 04:52:29"
"Benjie Val Lumawag","Attempt to add existing price notice [PN-20230329053247]","Price Notice","2023-03-29 05:32:48"
"Benjie Val Lumawag","Updated product [16200-Atlas]","Product","2023-03-29 05:33:10"
"","Error to add new customer payment [CP-230329053747]","Customer Payment","2023-03-29 03:37:47"
"","Added new customer [Bendoval]","Customer","2023-03-29 05:52:35"
"","Added new customer [Samilo, Rammel]","Customer","2023-03-29 06:36:44"
"","Added new customer [Dulatre]","Customer","2023-03-29 07:22:23"
"","Attempt to add existing customer [garbino, mary]","Customer","2023-03-29 08:50:41"
"","Attempt to add existing customer [garbino, mary]","Customer","2023-03-29 08:50:46"
"Benjie Val Lumawag","Updated customer [Salinao] => [Salinao, Annabel]","Customer","2023-03-29 07:09:54"
"","Error to add new customer payment [CP-230329091210]","Customer Payment","2023-03-29 07:12:10"
"Benjie Val Lumawag","Successfully Login","Login","2023-03-30 02:16:16"
"Benjie Val Lumawag","Added new supplier [Wagas Farm]","Supplier","2023-03-30 07:05:00"
"Benjie Val Lumawag","Successfully Login","Login","2023-03-30 11:15:36"
"Benjie Val Lumawag","Error to add new customer payment [CP-230330113712]","Customer Payment","2023-03-30 11:37:39"
"Benjie Val Lumawag","Finished customer payment [CP-230330113712]","Customer Payment","2023-03-30 11:37:49"
"Benjie Val Lumawag","Deleted customer [Barion, Evangeline]","Customer","2023-03-30 11:38:00"
"Benjie Val Lumawag","Successfully Login","Login","2023-03-30 23:45:53"
"Benjie Val Lumawag","Error to add new customer payment [CP-230331023020]","Customer Payment","2023-03-31 02:30:57"
"Benjie Val Lumawag","Finished customer payment [CP-230331023020]","Customer Payment","2023-03-31 02:31:25"
"","Added new customer [Golilao, Joesy]","Customer","2023-03-31 03:26:29"
"","Added new customer [Custodio]","Customer","2023-03-31 05:16:37"
"Benjie Val Lumawag","Added new product [Clear Out- 250ml]","Product","2023-03-31 07:51:34"
"","Added new customer [Domado]","Customer","2023-03-31 08:04:26"
"Benjie Val Lumawag","Successfully Login","Login","2023-03-31 14:16:57"
"Benjie Val Lumawag","Successfully Login","Login","2023-03-31 23:46:30"
"","Error to add new customer payment [CP-230401000813]","Customer Payment","2023-03-31 22:08:13"
"","Error to add new customer payment [CP-230401001832]","Customer Payment","2023-03-31 22:18:32"
