"Benjie Val Lumawag","Successfully Login","Login","2024-04-11 15:14:07"
"Benjie Val Lumawag","Added new branches [Branch 1]","Branches","2024-04-11 15:16:29"
"Benjie Val Lumawag","Added new warehouses []","Warehouses","2024-04-11 15:50:46"
"Benjie Val Lumawag","Added new warehouses []","Warehouses","2024-04-11 15:59:42"
"Benjie Val Lumawag","Added new warehouses []","Warehouses","2024-04-11 16:00:48"
"Benjie Val Lumawag","Deleted warehouses [ - ]","Warehouses","2024-04-11 16:04:13"
"Benjie Val Lumawag","Added new warehouses []","Warehouses","2024-04-11 16:04:16"
"Benjie Val Lumawag","Attempt to add existing warehouses []","Warehouses","2024-04-11 16:04:19"
"Benjie Val Lumawag","Added new warehouses [asd]","Warehouses","2024-04-11 16:05:20"
"Benjie Val Lumawag","Attempt to add existing warehouses [asd]","Warehouses","2024-04-11 16:05:22"
"Benjie Val Lumawag","Attempt to add existing warehouses [asd]","Warehouses","2024-04-11 16:05:25"
"Benjie Val Lumawag","Attempt to add existing warehouses [asd]","Warehouses","2024-04-11 16:05:27"
"Benjie Val Lumawag","Added new warehouses [ad]","Warehouses","2024-04-11 16:05:48"
"Benjie Val Lumawag","Deleted warehouses [ad - ]","Warehouses","2024-04-11 16:05:52"
"Benjie Val Lumawag","Deleted warehouses [asd - ]","Warehouses","2024-04-11 16:05:54"
"Benjie Val Lumawag","Updated branches [Branch 1 - ] => [Branch 1]","Branches","2024-04-11 16:07:06"
"Benjie Val Lumawag","Added new branches [Branch 2]","Branches","2024-04-11 16:07:14"
"Benjie Val Lumawag","Added new warehouses [ad]","Warehouses","2024-04-11 16:07:22"
"Benjie Val Lumawag","Added new warehouses [ad]","Warehouses","2024-04-11 16:07:29"
"Benjie Val Lumawag","Attempt to add existing warehouses [ad]","Warehouses","2024-04-11 16:07:34"
"Benjie Val Lumawag","Attempt to add existing warehouses [ad]","Warehouses","2024-04-11 16:07:36"
"Benjie Val Lumawag","Added new warehouses [asd]","Warehouses","2024-04-11 16:09:20"
"Benjie Val Lumawag","Attempt to add existing warehouses [asd]","Warehouses","2024-04-11 16:09:24"
"Benjie Val Lumawag","Added new warehouses [as]","Warehouses","2024-04-11 16:10:24"
"Benjie Val Lumawag","Deleted warehouses [as - ]","Warehouses","2024-04-11 16:10:31"
"Benjie Val Lumawag","Deleted warehouses [ad - ]","Warehouses","2024-04-11 16:15:44"
"Benjie Val Lumawag","Deleted warehouses [asd - ]","Warehouses","2024-04-11 16:15:46"
"Benjie Val Lumawag","Added new warehouses [Warehouse 1]","Warehouses","2024-04-11 16:22:50"
"Benjie Val Lumawag","Updated warehouses [ - ]","Warehouses","2024-04-11 16:44:19"
"Benjie Val Lumawag","Updated warehouses [ - ]","Warehouses","2024-04-11 16:44:55"
"Benjie Val Lumawag","Successfully Login","Login","2024-04-12 08:04:00"
"Benjie Val Lumawag","Successfully Login","Login","2024-04-12 09:15:47"
"Benjie Val Lumawag","Added new warehouses [Warehouse 2]","Warehouses","2024-04-12 10:30:00"
"Benjie Val Lumawag","Successfully Login","Login","2024-04-13 08:54:13"
"Benjie Val Lumawag","Successfully Login","Login","2024-04-13 09:22:13"
"Benjie Val Lumawag","Added new product [Sample Product]","Product","2024-04-13 16:16:39"
"Benjie Val Lumawag","Successfully Login","Login","2024-04-16 13:54:45"
"Benjie Val Lumawag","Successfully Login","Login","2024-04-16 14:56:18"
"Benjie Val Lumawag","Added new beginning balance [2]","Beginning Balance","2024-04-17 10:40:14"
"Benjie Val Lumawag","Deleted beginning balance [2]","Beginning Balance","2024-04-17 11:06:02"
"Benjie Val Lumawag","Added new beginning balance [2]","Beginning Balance","2024-04-17 11:07:30"
"Benjie Val Lumawag","Deleted beginning balance [2]","Beginning Balance","2024-04-17 11:08:56"
"Benjie Val Lumawag","Added new beginning balance [2]","Beginning Balance","2024-04-17 11:10:19"
"Benjie Val Lumawag","Deleted beginning balance [2]","Beginning Balance","2024-04-17 11:13:42"
"Benjie Val Lumawag","Added new beginning balance [2]","Beginning Balance","2024-04-17 11:14:29"
"Benjie Val Lumawag","Added new beginning balance [1]","Beginning Balance","2024-04-17 11:17:55"
"Benjie Val Lumawag","Deleted beginning balance [1]","Beginning Balance","2024-04-17 11:19:03"
"Benjie Val Lumawag","Added new product category [test]","Product Category","2024-04-17 11:19:19"
"Benjie Val Lumawag","Deleted product category [test]","Product Category","2024-04-17 11:19:29"
"Benjie Val Lumawag","Added new beginning balance [3]","Beginning Balance","2024-04-17 11:21:05"
"Benjie Val Lumawag","Added new beginning balance [4]","Beginning Balance","2024-04-17 11:21:40"
"Benjie Val Lumawag","Updated warehouses []","Warehouses","2024-04-17 13:18:38"
"Benjie Val Lumawag","Added new beginning balance [2]","Beginning Balance","2024-04-17 13:21:24"
"Benjie Val Lumawag","Attempt to add existing beginning balance [2]","Beginning Balance","2024-04-17 13:21:43"
"Benjie Val Lumawag","Added new beginning balance [3]","Beginning Balance","2024-04-17 13:21:57"
"Benjie Val Lumawag","Added new beginning balance [4]","Beginning Balance","2024-04-17 13:22:13"
