"Benjie Val Lumawag","Successfully Login","Login","2023-06-01 05:50:25"
"Benjie Val Lumawag","Successfully Login","Login","2023-06-01 10:58:11"
"","Added new customer [Sarkong]","Customer","2023-06-01 12:48:10"
"Benjie Val Lumawag","Updated product [D-8131s]","Product","2023-06-01 15:42:36"
"Benjie Val Lumawag","Updated product [Trapal-8ft]","Product","2023-06-01 15:59:22"
"Benjie Val Lumawag","Updated product [Trapal-12ft]","Product","2023-06-01 15:59:36"
"Benjie Val Lumawag","Added new product [Trapal- 10 ft]","Product","2023-06-01 16:01:09"
"Benjie Val Lumawag","Added new product [Trapal 8ft- Roll]","Product","2023-06-01 16:03:53"
"Benjie Val Lumawag","Added new product [Trapal 10ft- Roll]","Product","2023-06-01 16:04:18"
"Benjie Val Lumawag","Added new product [Trapal 12ft - Roll]","Product","2023-06-01 16:05:03"
"Benjie Val Lumawag","Added new product [Sack- 25kg]","Product","2023-06-01 17:01:54"
"Benjie Val Lumawag","Successfully Login","Login","2023-06-01 17:50:33"
"Benjie Val Lumawag","Successfully Login","Login","2023-06-01 18:49:47"
"Benjie Val Lumawag","Error to add new customer payment [CP-230601190022]","Customer Payment","2023-06-01 19:00:39"
"Benjie Val Lumawag","Finished customer payment [CP-230601190022]","Customer Payment","2023-06-01 19:00:52"
"Benjie Val Lumawag","Updated product [G-Cash In] => [G-Cash In ( Service Charge)]","Product","2023-06-01 19:17:37"
"Benjie Val Lumawag","Updated product [G-Cash Out] => [G-Cash Out ( Service Charge)]","Product","2023-06-01 19:18:01"
"Benjie Val Lumawag","Added new supplier [Lumawag Trucking Services]","Supplier","2023-06-01 19:28:40"
"Benjie Val Lumawag","Successfully Login","Login","2023-06-02 06:04:09"
"Benjie Val Lumawag","Updated product [Karate 500ml]","Product","2023-06-02 06:23:00"
"Benjie Val Lumawag","Successfully Login","Login","2023-06-02 08:37:19"
"Benjie Val Lumawag","Updated product [NK 6505]","Product","2023-06-02 09:55:33"
"Benjie Val Lumawag","Updated product [Trapal 12ft - Roll]","Product","2023-06-02 11:31:20"
"Benjie Val Lumawag","Added new product [ClearZero- liter]","Product","2023-06-02 12:29:01"
"","Attempt to add existing customer [Macasarte]","Customer","2023-06-02 13:07:14"
"Benjie Val Lumawag","Successfully Login","Login","2023-06-02 15:21:24"
"Benjie Val Lumawag","Updated product [16200-Atlas]","Product","2023-06-02 15:37:59"
"Benjie Val Lumawag","Updated product [141414-Amigo]","Product","2023-06-02 15:38:10"
"Benjie Val Lumawag","Successfully Login","Login","2023-06-02 17:53:19"
"Benjie Val Lumawag","Successfully Login","Login","2023-06-03 05:46:21"
"Benjie Val Lumawag","Error to add new customer payment [CP-230603054627]","Customer Payment","2023-06-03 05:46:34"
"Benjie Val Lumawag","Finished customer payment [CP-230603054627]","Customer Payment","2023-06-03 05:46:45"
"","Error to add new customer payment [CP-230603062002]","Customer Payment","2023-06-02 22:20:02"
"Benjie Val Lumawag","Error to add new customer payment [CP-230603112239]","Customer Payment","2023-06-03 11:22:55"
"Benjie Val Lumawag","Finished customer payment [CP-230603112239]","Customer Payment","2023-06-03 11:23:09"
"","Added new customer [Aguilar]","Customer","2023-06-03 12:00:59"
"Benjie Val Lumawag","Error to add new customer payment [CP-230603120302]","Customer Payment","2023-06-03 12:03:10"
"Benjie Val Lumawag","Finished customer payment [CP-230603120302]","Customer Payment","2023-06-03 12:03:32"
"","Error to add new customer payment [CP-230603121009]","Customer Payment","2023-06-03 04:10:21"
"","Error to add new customer payment [CP-230603121441]","Customer Payment","2023-06-03 04:14:46"
"","Error to add new customer payment [CP-230603134257]","Customer Payment","2023-06-03 05:42:57"
"","Added new customer [Labarite, R]","Customer","2023-06-03 13:54:02"
"","Added new customer [Liko Perto]","Customer","2023-06-03 14:08:13"
"","Added new customer [Perolino]","Customer","2023-06-03 15:19:43"
"Benjie Val Lumawag","Updated product [2100-Harvester]","Product","2023-06-03 16:41:25"
"Benjie Val Lumawag","Updated product [2100-Amigo]","Product","2023-06-03 16:41:35"
"Benjie Val Lumawag","Updated product [4600-Amigo]","Product","2023-06-03 16:45:05"
"Benjie Val Lumawag","Successfully Login","Login","2023-06-04 06:43:45"
"Benjie Val Lumawag","Successfully Login","Login","2023-06-05 05:43:11"
"Benjie Val Lumawag","Error to add new customer payment [CP-230605054323]","Customer Payment","2023-06-05 05:43:47"
"Benjie Val Lumawag","Finished customer payment [CP-230605054323]","Customer Payment","2023-06-05 05:47:29"
"Benjie Val Lumawag","Successfully Login","Login","2023-06-05 10:14:28"
"","Added new customer [Artual, N.]","Customer","2023-06-05 11:34:28"
"Benjie Val Lumawag","Updated product [Onecide- liter]","Product","2023-06-05 14:19:52"
"Benjie Val Lumawag","Added new product [Sharp Shooter- Gallon]","Product","2023-06-05 14:25:48"
"Benjie Val Lumawag","Added new product [Sharp Shooter-liter]","Product","2023-06-05 14:26:16"
"Benjie Val Lumawag","Updated product [Sharp Shooter-liter]","Product","2023-06-05 14:26:28"
"","Added new customer [Macabago]","Customer","2023-06-05 14:42:27"
"","Error to add new customer payment [CP-230605210702]","Customer Payment","2023-06-05 13:07:02"
"","Finished customer payment [CP-230605210702]","Customer Payment","2023-06-05 13:07:03"
"","Error to add new customer payment [CP-230605211428]","Customer Payment","2023-06-05 13:14:28"
"","Finished customer payment [CP-230605211428]","Customer Payment","2023-06-05 13:14:28"
"Benjie Val Lumawag","Successfully Login","Login","2023-06-05 21:18:07"
"Benjie Val Lumawag","Successfully Login","Login","2023-06-06 06:05:37"
"","Error to add new customer payment [CP-230606060615]","Customer Payment","2023-06-05 22:06:16"
"","Finished customer payment [CP-230606060615]","Customer Payment","2023-06-05 22:06:16"
"Benjie Val Lumawag","Successfully Login","Login","2023-06-06 06:17:37"
"Benjie Val Lumawag","Successfully Login","Login","2023-06-06 07:17:25"
"","Added new customer [Muyco]","Customer","2023-06-06 08:18:47"
"","Added new customer [Ducot]","Customer","2023-06-06 08:21:16"
"","Added new customer [Sison, Toto]","Customer","2023-06-06 09:13:50"
"","Added new customer [Diane, Bano]","Customer","2023-06-06 09:57:40"
"Benjie Val Lumawag","Successfully Login","Login","2023-06-06 14:59:44"
"Benjie Val Lumawag","Successfully Login","Login","2023-06-06 16:46:33"
"Benjie Val Lumawag","Updated product [Onecide- liter]","Product","2023-06-06 16:54:02"
"Benjie Val Lumawag","Successfully Login","Login","2023-06-06 17:54:16"
"Benjie Val Lumawag","Added new supplier [Christine Jane Quiamco]","Supplier","2023-06-06 18:13:10"
"","Added new customer [Hera, George]","Customer","2023-06-07 05:44:35"
"","Added new customer [Aspera]","Customer","2023-06-07 06:13:16"
"Benjie Val Lumawag","Successfully Login","Login","2023-06-07 06:21:50"
"Benjie Val Lumawag","Updated product [Firestorm- Gallon]","Product","2023-06-07 06:22:05"
"Benjie Val Lumawag","Successfully Login","Login","2023-06-07 09:21:53"
"","Added new customer [Morino]","Customer","2023-06-07 14:33:01"
"Benjie Val Lumawag","Successfully Login","Login","2023-06-07 17:09:43"
"","Error to add new customer payment [CP-230607172238]","Customer Payment","2023-06-07 09:22:38"
"Benjie Val Lumawag","Successfully Login","Login","2023-06-08 06:53:46"
"Benjie Val Lumawag","Successfully Login","Login","2023-06-08 07:10:48"
"Benjie Val Lumawag","Successfully Login","Login","2023-06-08 07:50:56"
"","Added new customer [Mimbalawag]","Customer","2023-06-08 10:14:35"
"","Added new customer [ricasa]","Customer","2023-06-08 10:44:34"
"","Added new customer [Anggay]","Customer","2023-06-08 10:51:00"
"","Added new customer [Osman, Ontong]","Customer","2023-06-08 11:18:12"
"Benjie Val Lumawag","Successfully Login","Login","2023-06-08 12:13:52"
"","Added new customer [Obeso, N]","Customer","2023-06-08 13:14:33"
"","Error to add new customer payment [CP-230608140704]","Customer Payment","2023-06-08 06:07:04"
"","Finished customer payment [CP-230608140704]","Customer Payment","2023-06-08 06:07:04"
"","Added new customer [Mapandi]","Customer","2023-06-08 14:36:21"
"Benjie Val Lumawag","Successfully Login","Login","2023-06-08 14:37:14"
"","Error to add new customer payment [CP-230608172643]","Customer Payment","2023-06-08 09:26:43"
"","Finished customer payment [CP-230608172643]","Customer Payment","2023-06-08 09:26:43"
"Benjie Val Lumawag","Successfully Login","Login","2023-06-08 17:44:27"
"Benjie Val Lumawag","Successfully Login","Login","2023-06-09 05:43:59"
"Benjie Val Lumawag","Updated product [Spitfire - Gallon]","Product","2023-06-09 06:17:43"
"Benjie Val Lumawag","Updated product [16200-Atlas]","Product","2023-06-09 06:17:52"
"Benjie Val Lumawag","Updated product [141414-Atlas]","Product","2023-06-09 06:18:57"
"Benjie Val Lumawag","Successfully Login","Login","2023-06-09 06:24:30"
"Benjie Val Lumawag","Updated product [4600-Atlas]","Product","2023-06-09 06:28:24"
"Benjie Val Lumawag","Updated product [4600-Harvester]","Product","2023-06-09 06:28:52"
"","Added new customer [Paclibar, JImmy]","Customer","2023-06-09 08:36:20"
"","Added new customer [Paspi]","Customer","2023-06-09 09:25:04"
"","Added new customer [Eulatrez, Divina]","Customer","2023-06-09 10:50:12"
"","Added new customer [aneco]","Customer","2023-06-09 12:24:37"
"","Added new customer [Mangogawan]","Customer","2023-06-09 13:39:51"
"Benjie Val Lumawag","Successfully Login","Login","2023-06-10 09:01:48"
"","Added new customer [Fuentes]","Customer","2023-06-10 09:38:10"
"Benjie Val Lumawag","Successfully Login","Login","2023-06-10 09:38:20"
"Benjie Val Lumawag","Successfully Login","Login","2023-06-10 09:44:26"
"Benjie Val Lumawag","Successfully Login","Login","2023-06-10 09:46:24"
"","Added new customer [Esman]","Customer","2023-06-10 10:04:54"
"Benjie Val Lumawag","Updated product [NK 6505]","Product","2023-06-10 10:20:52"
"Benjie Val Lumawag","Successfully Login","Login","2023-06-10 11:36:46"
"","Attempt to add existing customer [Lustan ]","Customer","2023-06-10 11:49:59"
"","Attempt to add existing customer [Lustan ]","Customer","2023-06-10 11:50:01"
"","Attempt to add existing customer [Lustan ]","Customer","2023-06-10 11:50:02"
"","Attempt to add existing customer [Lustan ]","Customer","2023-06-10 11:50:02"
"Benjie Val Lumawag","Added new product [P3582]","Product","2023-06-10 12:00:09"
"","Added new customer [Bernabe]","Customer","2023-06-10 12:01:59"
"Benjie Val Lumawag","Error to add new customer payment [CP-230610135243]","Customer Payment","2023-06-10 13:52:51"
"","Error to add new customer payment [CP-230610135556]","Customer Payment","2023-06-10 05:55:56"
"","Finished customer payment [CP-230610135556]","Customer Payment","2023-06-10 05:55:56"
"","Attempt to add existing customer [guimba]","Customer","2023-06-10 14:46:11"
"","Attempt to add existing customer [guimba]","Customer","2023-06-10 14:46:15"
"","Error to add new customer payment [CP-230610162412]","Customer Payment","2023-06-10 08:24:12"
"","Error to add new customer payment [CP-230610170047]","Customer Payment","2023-06-10 09:00:47"
"","Finished customer payment [CP-230610170047]","Customer Payment","2023-06-10 09:00:47"
"Benjie Val Lumawag","Successfully Login","Login","2023-06-11 05:37:41"
"Benjie Val Lumawag","Successfully Login","Login","2023-06-11 05:42:37"
"","Added new customer [Allado, Rex]","Customer","2023-06-11 06:57:09"
"Benjie Val Lumawag","Updated product [Glyphotex-Lit]","Product","2023-06-11 07:23:04"
"Benjie Val Lumawag","Updated product [alecta-liter]","Product","2023-06-11 07:23:13"
"","Added new customer [Alimanya]","Customer","2023-06-11 11:17:01"
"","Added new customer [Palincia]","Customer","2023-06-11 11:53:05"
"","Added new customer [Tediong]","Customer","2023-06-11 12:11:48"
"","Added new customer [Paje]","Customer","2023-06-11 13:02:29"
"Benjie Val Lumawag","Attempt to add existing product [Salvador-liter]","Product","2023-06-11 17:50:15"
"Benjie Val Lumawag","Attempt to add existing product [Salvador-liter]","Product","2023-06-11 17:50:26"
"Benjie Val Lumawag","Added new product [Salvador-Liter]","Product","2023-06-11 17:51:16"
"Benjie Val Lumawag","Added new product [Walis-paypay]","Product","2023-06-11 18:03:16"
"Benjie Val Lumawag","Updated product [Walis-paypay]","Product","2023-06-11 18:03:35"
"Benjie Val Lumawag","Updated product [Sack - JKM]","Product","2023-06-11 18:03:56"
"Benjie Val Lumawag","Updated product [Talahi - kilo]","Product","2023-06-11 18:04:16"
"Benjie Val Lumawag","Added new product [Higot sa manok]","Product","2023-06-11 18:52:18"
"Benjie Val Lumawag","Successfully Login","Login","2023-06-12 05:26:24"
"","Error to add new customer payment [CP-230612101658]","Customer Payment","2023-06-12 02:16:58"
"","Finished customer payment [CP-230612101658]","Customer Payment","2023-06-12 02:16:58"
"","Added new customer [Calyura, J]","Customer","2023-06-12 10:24:21"
"","Added new customer [Santander]","Customer","2023-06-12 10:27:23"
"","Added new customer [Barotas, Joie]","Customer","2023-06-12 10:33:35"
"","Error to add new customer payment [CP-230612135607]","Customer Payment","2023-06-12 05:56:07"
"","Finished customer payment [CP-230612135607]","Customer Payment","2023-06-12 05:56:07"
"","Added new customer [Roda]","Customer","2023-06-12 16:31:49"
"Benjie Val Lumawag","Successfully Login","Login","2023-06-12 18:07:20"
"","Error to add new customer payment [CP-230612181025]","Customer Payment","2023-06-12 10:10:25"
"","Finished customer payment [CP-230612181025]","Customer Payment","2023-06-12 10:10:25"
"Benjie Val Lumawag","Successfully Login","Login","2023-06-13 06:10:56"
"Benjie Val Lumawag","Updated product [NK 6505]","Product","2023-06-13 06:14:47"
"","Error to add new customer payment [CP-230613082606]","Customer Payment","2023-06-13 00:26:06"
"","Finished customer payment [CP-230613082606]","Customer Payment","2023-06-13 00:26:06"
"","Error to add new customer payment [CP-230613082652]","Customer Payment","2023-06-13 00:26:52"
"","Finished customer payment [CP-230613082652]","Customer Payment","2023-06-13 00:26:52"
"","Added new customer [Dana]","Customer","2023-06-13 13:50:21"
"Benjie Val Lumawag","Successfully Login","Login","2023-06-13 14:16:09"
"Benjie Val Lumawag","Updated product [P 3645]","Product","2023-06-13 14:17:20"
"Benjie Val Lumawag","Successfully Login","Login","2023-06-14 09:08:45"
"Benjie Val Lumawag","Added new product [Evo-9300]","Product","2023-06-14 09:11:12"
"","Error to add new customer payment [CP-230614153314]","Customer Payment","2023-06-14 07:33:14"
"","Finished customer payment [CP-230614153314]","Customer Payment","2023-06-14 07:33:14"
"","Added new customer [Berja]","Customer","2023-06-15 08:51:42"
"Benjie Val Lumawag","Successfully Login","Login","2023-06-15 11:13:52"
"Benjie Val Lumawag","Successfully Login","Login","2023-06-15 11:56:22"
"","Added new customer [tomawan]","Customer","2023-06-15 17:21:32"
"Benjie Val Lumawag","Successfully Login","Login","2023-06-16 06:50:47"
"Benjie Val Lumawag","Successfully Login","Login","2023-06-16 09:57:29"
"","Added new customer [Ebal]","Customer","2023-06-16 14:12:59"
"Benjie Val Lumawag","Successfully Login","Login","2023-06-16 15:16:12"
"","Added new customer [Sindingan, A]","Customer","2023-06-17 06:51:21"
"Benjie Val Lumawag","Successfully Login","Login","2023-06-17 08:16:16"
"","Attempt to add existing customer [paspi]","Customer","2023-06-17 11:34:18"
"","Attempt to add existing customer [paspi]","Customer","2023-06-17 11:34:20"
"","Added new customer [Ontong]","Customer","2023-06-17 11:48:19"
"","Added new customer [Mayasa]","Customer","2023-06-17 12:17:17"
"","Added new customer [Coca]","Customer","2023-06-17 12:51:08"
"","Error to add new customer payment [CP-230617141324]","Customer Payment","2023-06-17 06:13:24"
"","Finished customer payment [CP-230617141324]","Customer Payment","2023-06-17 06:13:24"
"","Added new customer [Fat]","Customer","2023-06-17 14:34:25"
"Benjie Val Lumawag","Successfully Login","Login","2023-06-17 16:45:53"
"Benjie Val Lumawag","Successfully Login","Login","2023-06-17 16:47:04"
"","Error to add new customer payment [CP-230617165442]","Customer Payment","2023-06-17 08:54:42"
"","Finished customer payment [CP-230617165442]","Customer Payment","2023-06-17 08:54:42"
"Benjie Val Lumawag","Successfully Login","Login","2023-06-17 16:54:59"
"Benjie Val Lumawag","Successfully Login","Login","2023-06-18 06:02:18"
"Benjie Val Lumawag","Successfully Login","Login","2023-06-18 11:07:49"
"","Added new customer [Canto Mayor]","Customer","2023-06-18 13:43:01"
"Benjie Val Lumawag","Successfully Login","Login","2023-06-19 07:12:58"
"","Added new customer [Espenida]","Customer","2023-06-19 10:57:17"
"Benjie Val Lumawag","Successfully Login","Login","2023-06-19 11:04:10"
"","Added new customer [Pama]","Customer","2023-06-19 11:24:50"
"","Attempt to add existing customer [butig]","Customer","2023-06-20 12:41:02"
"Benjie Val Lumawag","Successfully Login","Login","2023-06-20 13:47:58"
"","Added new customer [Kalon]","Customer","2023-06-20 13:54:36"
"","Added new customer [Honofre]","Customer","2023-06-20 15:08:48"
"","Added new customer [Matala, Sone]","Customer","2023-06-20 15:55:30"
"Benjie Val Lumawag","Successfully Login","Login","2023-06-20 17:29:53"
"Benjie Val Lumawag","Added new product [PAC 339]","Product","2023-06-20 17:35:33"
"Benjie Val Lumawag","Added new product [SUPER 999]","Product","2023-06-20 17:36:17"
"Benjie Val Lumawag","Added new supplier [Advanta]","Supplier","2023-06-20 17:36:49"
"Benjie Val Lumawag","Added new product [Rice- Dinorado 50kg]","Product","2023-06-20 17:40:27"
"Benjie Val Lumawag","Added new product category [Rice]","Product Category","2023-06-20 17:41:08"
"Benjie Val Lumawag","Updated product [Rice- Dinorado 50kg]","Product","2023-06-20 17:41:21"
"Benjie Val Lumawag","Attempt to add existing product [Rice-Dinorado 25kg]","Product","2023-06-20 17:41:58"
"Benjie Val Lumawag","Added new product [Rice-Dinorado 25kg]","Product","2023-06-20 17:42:07"
"Benjie Val Lumawag","Added new product [Rice-Dinorado 1kg]","Product","2023-06-20 17:43:56"
"","Error to add new customer payment [CP-230621062928]","Customer Payment","2023-06-20 22:29:28"
"","Finished customer payment [CP-230621062928]","Customer Payment","2023-06-20 22:29:28"
"","Error to add new customer payment [CP-230621064621]","Customer Payment","2023-06-20 22:46:21"
"Benjie Val Lumawag","Successfully Login","Login","2023-06-21 06:47:22"
"","Added new customer [Bañas, Arjie]","Customer","2023-06-21 06:49:57"
"","Added new customer [Nonoy]","Customer","2023-06-21 07:23:47"
"Benjie Val Lumawag","Successfully Login","Login","2023-06-21 08:07:36"
"","Error to add new customer payment [CP-230621081003]","Customer Payment","2023-06-21 00:10:03"
"","Finished customer payment [CP-230621081003]","Customer Payment","2023-06-21 00:10:03"
"Benjie Val Lumawag","Error to add new customer payment [CP-230621081035]","Customer Payment","2023-06-21 08:10:40"
"Benjie Val Lumawag","Finished customer payment [CP-230621081035]","Customer Payment","2023-06-21 08:11:15"
"Benjie Val Lumawag","Error to add new customer payment [CP-230621081118]","Customer Payment","2023-06-21 08:11:23"
"Benjie Val Lumawag","Finished customer payment [CP-230621081118]","Customer Payment","2023-06-21 08:11:51"
"Benjie Val Lumawag","Error to add new customer payment [CP-230621081155]","Customer Payment","2023-06-21 08:12:00"
"","Error to add new customer payment [CP-230621102202]","Customer Payment","2023-06-21 02:22:02"
"Benjie Val Lumawag","Updated product [2100-Atlas]","Product","2023-06-21 11:03:50"
"Benjie Val Lumawag","Updated product [2100-Harvester]","Product","2023-06-21 11:04:08"
"Benjie Val Lumawag","Updated product [2100-Amigo]","Product","2023-06-21 11:05:40"
"Benjie Val Lumawag","Updated product [Square off - Gallon]","Product","2023-06-21 11:15:09"
"","Error to add new customer payment [CP-230621113348]","Customer Payment","2023-06-21 03:33:48"
"","Added new customer [Gulmatico]","Customer","2023-06-21 11:39:17"
"","Error to add new customer payment [CP-230621115508]","Customer Payment","2023-06-21 03:55:08"
"","Finished customer payment [CP-230621115508]","Customer Payment","2023-06-21 03:55:08"
"Benjie Val Lumawag","Error to add new customer payment [CP-230621115522]","Customer Payment","2023-06-21 11:55:28"
"Benjie Val Lumawag","Finished customer payment [CP-230621115522]","Customer Payment","2023-06-21 11:55:40"
"Benjie Val Lumawag","Added new product [Bioseed 108- Kilo]","Product","2023-06-21 12:14:12"
"","Error to add new customer payment [CP-230621124511]","Customer Payment","2023-06-21 04:45:11"
"","Finished customer payment [CP-230621124511]","Customer Payment","2023-06-21 04:45:12"
"","Added new customer [Butalit, Arlene]","Customer","2023-06-21 13:16:58"
"","Error to add new customer payment [CP-230621135007]","Customer Payment","2023-06-21 05:50:07"
"Benjie Val Lumawag","Successfully Login","Login","2023-06-21 14:47:38"
"","Added new customer [mayojo]","Customer","2023-06-21 15:02:14"
"","Added new customer [Soberano]","Customer","2023-06-22 07:03:46"
"Benjie Val Lumawag","Successfully Login","Login","2023-06-22 07:09:16"
"","Added new customer [Lopez, C]","Customer","2023-06-22 07:23:48"
"","Added new customer [Silverio, Ephrem]","Customer","2023-06-22 08:10:56"
"","Added new customer [Aloyodan]","Customer","2023-06-22 08:21:59"
"","Added new customer [baraocor]","Customer","2023-06-22 10:24:06"
"","Added new customer [aglosolos]","Customer","2023-06-22 12:42:13"
"","Added new customer [Cañete]","Customer","2023-06-22 14:10:58"
"","Added new customer [Baraga, Charito]","Customer","2023-06-22 15:13:08"
"Benjie Val Lumawag","Successfully Login","Login","2023-06-22 15:23:12"
"Benjie Val Lumawag","Added new product [Y Kurat]","Product","2023-06-22 19:32:53"
"Benjie Val Lumawag","Successfully Login","Login","2023-06-23 07:05:16"
"Benjie Val Lumawag","Successfully Login","Login","2023-06-23 07:29:47"
"","Added new customer [Dellosa]","Customer","2023-06-23 08:15:03"
"","Added new customer [Labiste, G]","Customer","2023-06-23 10:39:12"
"Benjie Val Lumawag","Added new product [Upa/Tahop]","Product","2023-06-23 10:48:48"
"Benjie Val Lumawag","Updated product [Upa/Tahop]","Product","2023-06-23 10:52:53"
"Benjie Val Lumawag","Updated product [Bioseed-101]","Product","2023-06-23 11:32:21"
"Benjie Val Lumawag","Updated product [P 3645]","Product","2023-06-23 12:06:05"
"Benjie Val Lumawag","Updated product [4600-Planters] => [4600-Agro Planters]","Product","2023-06-23 12:08:09"
"Benjie Val Lumawag","Added new product [2100-Swire]","Product","2023-06-23 12:09:47"
"Benjie Val Lumawag","Added new product [16200-Agro Planters]","Product","2023-06-23 12:10:31"
"Benjie Val Lumawag","Updated product [2100-Agro Planters]","Product","2023-06-23 12:15:08"
"Benjie Val Lumawag","Updated product [0060-Amigo]","Product","2023-06-23 12:15:40"
"Benjie Val Lumawag","Updated product [0060-Atlas]","Product","2023-06-23 12:15:50"
"Benjie Val Lumawag","Updated product [16200-Agro Planters]","Product","2023-06-23 12:16:23"
"Benjie Val Lumawag","Updated product [2100-Swire]","Product","2023-06-23 12:17:22"
"","Added new customer [Tibo B.]","Customer","2023-06-23 13:16:22"
"Benjie Val Lumawag","Updated product [Round up - Gallon]","Product","2023-06-23 14:59:43"
"","Added new customer [Kamsa, Bandato]","Customer","2023-06-23 15:50:55"
"","Added new customer [Deocares]","Customer","2023-06-23 15:59:01"
"","Added new customer [Comilang]","Customer","2023-06-23 16:00:30"
"","Added new product [0060-Agro Planters]","Product","2023-06-23 19:20:22"
"Benjie Val Lumawag","Successfully Login","Login","2023-06-23 19:20:30"
"","Added new customer [Mohammad]","Customer","2023-06-24 08:40:47"
"Benjie Val Lumawag","Successfully Login","Login","2023-06-24 10:57:39"
"","Added new customer [Sultan Muncaw]","Customer","2023-06-24 11:46:55"
"","Added new customer [Bambaki]","Customer","2023-06-24 12:21:27"
"","Error to add new customer payment [CP-230624124349]","Customer Payment","2023-06-24 04:43:49"
"","Error to add new customer payment [CP-230624124535]","Customer Payment","2023-06-24 04:45:35"
"","Finished customer payment [CP-230624124535]","Customer Payment","2023-06-24 04:45:35"
"","Added new customer [Victoriano]","Customer","2023-06-24 12:56:20"
"","Added new customer [Mamisil]","Customer","2023-06-24 13:18:44"
"","Added new customer [Marbibe]","Customer","2023-06-24 13:27:56"
"Benjie Val Lumawag","Error to add new customer payment [CP-230624133510]","Customer Payment","2023-06-24 13:35:17"
"Benjie Val Lumawag","Error to add new customer payment [CP-230624133556]","Customer Payment","2023-06-24 13:36:02"
"Benjie Val Lumawag","Finished customer payment [CP-230624133556]","Customer Payment","2023-06-24 13:36:20"
"","Added new customer [Callora]","Customer","2023-06-24 14:03:01"
"","Added new customer [Hadje Daud]","Customer","2023-06-24 14:47:20"
"","Added new customer [Ampiliti]","Customer","2023-06-25 06:13:58"
"","Added new customer [Andulana]","Customer","2023-06-25 06:27:06"
"","Error to add new customer payment [CP-230625063635]","Customer Payment","2023-06-24 22:36:35"
"","Error to add new customer payment [CP-230625063738]","Customer Payment","2023-06-24 22:37:38"
"","Error to add new customer payment [CP-230625063839]","Customer Payment","2023-06-24 22:38:39"
"Benjie Val Lumawag","Successfully Login","Login","2023-06-25 06:59:52"
"","Added new customer [Odaga]","Customer","2023-06-25 07:35:53"
"","Added new customer [Carta]","Customer","2023-06-25 07:37:50"
"","Added new customer [Guenita]","Customer","2023-06-25 08:29:51"
"Benjie Val Lumawag","Updated product [4600-Harvester]","Product","2023-06-25 08:50:00"
"Benjie Val Lumawag","Updated product [4600-Atlas]","Product","2023-06-25 08:50:09"
"","Added new customer [Balinton]","Customer","2023-06-25 09:06:07"
"","Error to add new customer payment [CP-230625092042]","Customer Payment","2023-06-25 01:20:42"
"","Finished customer payment [CP-230625092042]","Customer Payment","2023-06-25 01:20:42"
"","Added new customer [Arenal]","Customer","2023-06-25 09:50:44"
"","Added new customer [Viloria]","Customer","2023-06-25 09:56:03"
"","Added new customer [Tidon]","Customer","2023-06-25 10:07:26"
"","Added new customer [Dominis]","Customer","2023-06-25 10:29:51"
"Benjie Val Lumawag","Successfully Login","Login","2023-06-25 11:39:11"
"","Added new customer [Laguerta]","Customer","2023-06-25 11:46:19"
"","Added new customer [Tambalo]","Customer","2023-06-25 12:58:51"
"","Error to add new customer payment [CP-230625130625]","Customer Payment","2023-06-25 05:06:25"
"","Finished customer payment [CP-230625130625]","Customer Payment","2023-06-25 05:06:25"
"Benjie Val Lumawag","Added new product [Yara Hydran]","Product","2023-06-25 13:18:24"
"","Added new customer [Sayson, Maria Mae]","Customer","2023-06-25 13:25:46"
"Benjie Val Lumawag","Updated product [P 3645- Kilo]","Product","2023-06-25 14:12:47"
"Benjie Val Lumawag","Successfully Login","Login","2023-06-25 16:39:35"
"Benjie Val Lumawag","Successfully Login","Login","2023-06-26 06:19:31"
"","Added new customer [Gerona, R]","Customer","2023-06-26 07:38:49"
"","Error to add new customer payment [CP-230626084942]","Customer Payment","2023-06-26 00:49:42"
"","Added new customer [Tahuson]","Customer","2023-06-26 09:40:22"
"","Added new customer [muelo]","Customer","2023-06-26 10:31:59"
"","Added new customer [Asong, R]","Customer","2023-06-26 10:53:26"
"","Error to add new customer payment [CP-230626111140]","Customer Payment","2023-06-26 03:11:40"
"","Finished customer payment [CP-230626111140]","Customer Payment","2023-06-26 03:11:40"
"","Added new customer [Barrion J]","Customer","2023-06-26 11:20:45"
"","Added new customer [saracan]","Customer","2023-06-26 12:06:39"
"","Added new customer [caayupan]","Customer","2023-06-26 15:56:15"
"Benjie Val Lumawag","Successfully Login","Login","2023-06-26 17:15:32"
"Benjie Val Lumawag","Successfully Login","Login","2023-06-27 06:58:11"
"Benjie Val Lumawag","Added new supplier [JH Rice & Corn Trading]","Supplier","2023-06-27 07:30:45"
"Benjie Val Lumawag","Added new product [Rice- Toner 25kg]","Product","2023-06-27 07:34:08"
"Benjie Val Lumawag","Added new product [Rice-Toner 20 kg]","Product","2023-06-27 07:35:12"
"Benjie Val Lumawag","Updated product [Rice- Toner 25kg]","Product","2023-06-27 07:35:21"
"Benjie Val Lumawag","Added new product [Rice-Toner 1k]","Product","2023-06-27 07:52:27"
"Benjie Val Lumawag","Added new product [Rice-Alas 25kg]","Product","2023-06-27 07:56:28"
"Benjie Val Lumawag","Added new product [Rice-Alas 1kg]","Product","2023-06-27 07:56:58"
"Benjie Val Lumawag","Added new product [Rice-Young Chow 25kg]","Product","2023-06-27 07:58:58"
"Benjie Val Lumawag","Added new product [Rice-Young Chow 1kg]","Product","2023-06-27 08:00:11"
"Benjie Val Lumawag","Added new product [Rice-Dinorado 20kg]","Product","2023-06-27 08:01:19"
"Benjie Val Lumawag","Added new product [Sprayer- Uni-up 16kg]","Product","2023-06-27 09:38:24"
"Benjie Val Lumawag","Added new product [Sprayer-2L]","Product","2023-06-27 09:47:18"
"","Added new customer [Calonding]","Customer","2023-06-27 10:52:31"
"Benjie Val Lumawag","Successfully Login","Login","2023-06-27 11:43:31"
"Benjie Val Lumawag","Successfully Login","Login","2023-06-27 13:43:02"
"","Error to add new customer payment [CP-230627144441]","Customer Payment","2023-06-27 06:44:41"
"","Finished customer payment [CP-230627144441]","Customer Payment","2023-06-27 06:44:41"
"","Added new customer [Tinoy]","Customer","2023-06-27 15:16:01"
"Benjie Val Lumawag","Added new product [GPS-Gal]","Product","2023-06-27 16:52:47"
"Benjie Val Lumawag","Added new product [GPS-Liter]","Product","2023-06-27 16:53:12"
"Benjie Val Lumawag","Updated product [24D-Ester -Liter ]","Product","2023-06-27 16:57:14"
"Benjie Val Lumawag","Updated product [24D-Amine -Gallon]","Product","2023-06-27 16:57:33"
"Benjie Val Lumawag","Updated product [141414-Atlas]","Product","2023-06-27 16:58:07"
"Benjie Val Lumawag","Added new product category [Feeds]","Product Category","2023-06-27 17:03:26"
"","Added new customer [Barredo]","Customer","2023-06-27 17:20:02"
"Benjie Val Lumawag","Added new product [BMeg-Integra 1000]","Product","2023-06-27 17:25:27"
"Benjie Val Lumawag","Added new product [BMeg-Integra 2000]","Product","2023-06-27 17:25:53"
"Benjie Val Lumawag","Added new product [BMeg- Integra 3000]","Product","2023-06-27 17:27:58"
"Benjie Val Lumawag","Added new product [BMeg-Integra 3000 plus]","Product","2023-06-27 17:29:50"
"Benjie Val Lumawag","Added new product [BNZ-Starter]","Product","2023-06-27 17:39:52"
"Benjie Val Lumawag","Added new product [BNZ-Grower]","Product","2023-06-27 17:40:34"
"Benjie Val Lumawag","Added new product [BNZ-Finisher]","Product","2023-06-27 17:43:12"
"","Added new customer [Abiado]","Customer","2023-06-27 17:45:43"
"Benjie Val Lumawag","Added new product [BNZ-Gestating]","Product","2023-06-27 17:48:53"
"Benjie Val Lumawag","Added new product [BNZ-Lactating]","Product","2023-06-27 17:49:35"
"Benjie Val Lumawag","Added new product [Hog Pre-Starter Expert]","Product","2023-06-27 17:56:45"
"Benjie Val Lumawag","Added new product [BSC]","Product","2023-06-27 17:57:46"
"Benjie Val Lumawag","Added new product [CGC]","Product","2023-06-27 17:58:15"
"Benjie Val Lumawag","Added new product [Ultrapack- Starter]","Product","2023-06-27 18:02:08"
"Benjie Val Lumawag","Added new product [Ultrapack-Grower]","Product","2023-06-27 18:02:46"
"Benjie Val Lumawag","Added new product [Ultrapack-Pre Starter]","Product","2023-06-27 18:06:02"
"Benjie Val Lumawag","Added new product [Ultrapack-Finisher]","Product","2023-06-27 18:08:00"
"Benjie Val Lumawag","Successfully Login","Login","2023-06-27 21:20:06"
"Benjie Val Lumawag","Successfully Login","Login","2023-06-27 21:36:58"
"Benjie Val Lumawag","Successfully Login","Login","2023-06-28 05:51:17"
"Benjie Val Lumawag","Error to add new customer payment [CP-230628083334]","Customer Payment","2023-06-28 08:33:46"
"","Added new customer [Entera, J]","Customer","2023-06-28 09:03:21"
"","Added new customer [Mamocao]","Customer","2023-06-28 09:56:31"
"Benjie Val Lumawag","Successfully Login","Login","2023-06-28 11:16:00"
"","Error to add new customer payment [CP-230628121102]","Customer Payment","2023-06-28 04:11:02"
"Benjie Val Lumawag","Successfully Login","Login","2023-06-28 12:48:54"
"Benjie Val Lumawag","Updated product [Herbicut - Gallon ]","Product","2023-06-28 12:49:07"
"Benjie Val Lumawag","Updated product [D-8131s]","Product","2023-06-28 12:51:28"
"","Added new customer [Mosquito]","Customer","2023-06-28 13:31:22"
"","Added new customer [Bacalso]","Customer","2023-06-28 13:47:20"
"","Added new customer [Abalorio]","Customer","2023-06-28 13:50:30"
"","Error to add new customer payment [CP-230628140140]","Customer Payment","2023-06-28 06:01:40"
"","Finished customer payment [CP-230628140140]","Customer Payment","2023-06-28 06:01:40"
"","Added new customer [Perarin]","Customer","2023-06-28 15:12:06"
"","Error to add new customer payment [CP-230628151915]","Customer Payment","2023-06-28 07:19:15"
"","Finished customer payment [CP-230628151915]","Customer Payment","2023-06-28 07:19:15"
"Benjie Val Lumawag","Successfully Login","Login","2023-06-28 16:48:12"
"","Added new customer [Dikasaran]","Customer","2023-06-28 17:06:36"
"Benjie Val Lumawag","Successfully Login","Login","2023-06-29 07:02:16"
"","Added new customer [Gerosalim]","Customer","2023-06-29 08:28:23"
"","Added new customer [Cantalaw]","Customer","2023-06-29 09:12:34"
"","Added new customer [Casumpang]","Customer","2023-06-29 09:42:43"
"","Added new customer [Agustin, Larry]","Customer","2023-06-29 10:33:59"
"","Added new customer [Animbang, Marugom]","Customer","2023-06-29 10:37:58"
"Benjie Val Lumawag","Successfully Login","Login","2023-06-29 11:24:12"
"","Added new customer [nitod]","Customer","2023-06-29 11:37:45"
"","Added new customer [edincho]","Customer","2023-06-29 11:50:18"
"","Added new customer [cagod]","Customer","2023-06-29 12:12:49"
"Benjie Val Lumawag","Successfully Login","Login","2023-06-30 06:20:53"
"","Error to add new customer payment [CP-230630064023]","Customer Payment","2023-06-29 22:40:23"
"","Error to add new customer payment [CP-230630064146]","Customer Payment","2023-06-29 22:41:46"
"","Added new customer [Mayor]","Customer","2023-06-30 07:30:25"
"","Added new customer [Baling]","Customer","2023-06-30 08:04:08"
"Benjie Val Lumawag","Successfully Login","Login","2023-06-30 09:11:08"
"","Added new customer [olama]","Customer","2023-06-30 10:13:52"
"","Added new customer [dimacota]","Customer","2023-06-30 11:45:13"
"","Added new customer [Banggay]","Customer","2023-06-30 11:56:33"
"","Added new customer [Cabarubias, R]","Customer","2023-06-30 12:55:48"
"","Added new customer [gawad]","Customer","2023-06-30 13:13:05"
"","Error to add new customer payment [CP-230630142345]","Customer Payment","2023-06-30 06:23:45"
"","Finished customer payment [CP-230630142345]","Customer Payment","2023-06-30 06:23:45"
"Benjie Val Lumawag","Successfully Login","Login","2023-06-30 15:19:10"
"","Added new customer [macanas]","Customer","2023-06-30 16:03:23"
"Benjie Val Lumawag","Successfully Login","Login","2023-06-30 17:34:06"
"Benjie Val Lumawag","Updated product [25000-Sheld ] => [25000-Shield ]","Product","2023-06-30 21:38:00"
"Benjie Val Lumawag","Updated product [Firestorm- Gallon]","Product","2023-06-30 21:38:14"
"","Error to add new customer payment [CP-230701065246]","Customer Payment","2023-06-30 22:52:46"
"","Finished customer payment [CP-230701065246]","Customer Payment","2023-06-30 22:52:46"
