"","Added new customer [klarakay]","Customer","2024-06-01 05:50:48"
"Benjie Val Lumawag","Successfully Login","Login","2024-06-01 06:17:54"
"Benjie Val Lumawag","Successfully Login","Login","2024-06-01 06:32:42"
"Benjie Val Lumawag","Successfully Login","Login","2024-06-01 07:26:46"
"","Error to add new customer payment [CP-240601080338]","Customer Payment","2024-06-01 00:03:38"
"Benjie Val Lumawag","Successfully Login","Login","2024-06-01 08:04:04"
"Benjie Val Lumawag","Successfully Login","Login","2024-06-01 08:37:16"
"Benjie Val Lumawag","Successfully Login","Login","2024-06-01 08:45:07"
"Benjie Val Lumawag","Successfully Login","Login","2024-06-01 09:07:17"
"","Error to add new customer payment [CP-240601093042]","Customer Payment","2024-06-01 01:30:42"
"","Finished customer payment [CP-240601093042]","Customer Payment","2024-06-01 01:30:42"
"Benjie Val Lumawag","Successfully Login","Login","2024-06-01 10:36:19"
"Benjie Val Lumawag","Updated product [0060-Amigo]","Product","2024-06-01 02:37:01"
"Benjie Val Lumawag","Successfully Login","Login","2024-06-01 11:09:09"
"","Added new customer [garlope]","Customer","2024-06-01 11:17:25"
"","Added new customer [Aguirre abegail]","Customer","2024-06-01 11:23:49"
"","Attempt to add existing customer [Aguirre abegail]","Customer","2024-06-01 11:23:49"
"Benjie Val Lumawag","Updated product [24D-Ester -Liter ]","Product","2024-06-01 03:49:11"
"Benjie Val Lumawag","Updated product [24D-Amine -Liter]","Product","2024-06-01 03:49:21"
"Benjie Val Lumawag","Updated product [24D-Amine -Gallon]","Product","2024-06-01 03:50:04"
"Benjie Val Lumawag","Successfully Login","Login","2024-06-01 12:00:20"
"Benjie Val Lumawag","Successfully Login","Login","2024-06-01 13:12:43"
"Benjie Val Lumawag","Updated product [Yellow Corn # 10-Sack]","Product","2024-06-01 05:35:11"
"","Error to add new customer payment [CP-240601134033]","Customer Payment","2024-06-01 05:40:33"
"Benjie Val Lumawag","Updated product [0060-Atlas]","Product","2024-06-01 05:40:58"
"Benjie Val Lumawag","Successfully Login","Login","2024-06-01 13:43:01"
"","Error to add new customer payment [CP-240601135350]","Customer Payment","2024-06-01 05:53:50"
"","Finished customer payment [CP-240601135350]","Customer Payment","2024-06-01 05:53:50"
"Benjie Val Lumawag","Successfully Login","Login","2024-06-01 14:04:06"
"Benjie Val Lumawag","Successfully Login","Login","2024-06-01 14:07:56"
"Benjie Val Lumawag","Successfully Login","Login","2024-06-01 14:10:21"
"Benjie Val Lumawag","Updated product [Floaters-Grower]","Product","2024-06-01 06:51:59"
"Benjie Val Lumawag","Updated product [24D-Ester 500ml]","Product","2024-06-01 06:52:57"
"Benjie Val Lumawag","Updated product [24D-Amine 500ml]","Product","2024-06-01 06:53:10"
"Benjie Val Lumawag","Successfully Login","Login","2024-06-01 14:53:51"
"Benjie Val Lumawag","Updated product [24D Ester- 250ml]","Product","2024-06-01 06:54:11"
"Benjie Val Lumawag","Successfully Login","Login","2024-06-01 14:59:08"
"","Added new customer [besario]","Customer","2024-06-01 15:29:00"
"Benjie Val Lumawag","Successfully Login","Login","2024-06-01 16:19:47"
"","Added new customer [deltore]","Customer","2024-06-01 17:05:07"
"Benjie Val Lumawag","Updated product [Young Chow 25kg]","Product","2024-06-01 09:23:14"
"Benjie Val Lumawag","Updated product [Salo Salo- 25kg]","Product","2024-06-01 09:23:22"
"Benjie Val Lumawag","Successfully Login","Login","2024-06-01 20:10:01"
"Benjie Val Lumawag","Successfully Login","Login","2024-06-02 05:56:55"
"Benjie Val Lumawag","Successfully Login","Login","2024-06-02 06:05:18"
"Benjie Val Lumawag","Successfully Login","Login","2024-06-02 06:21:30"
"Benjie Val Lumawag","Updated product [Salto Chick booster- 1kg] => [Salto Yellow- 1kg]","Product","2024-06-01 23:32:41"
"Benjie Val Lumawag","Successfully Login","Login","2024-06-02 07:37:13"
"Benjie Val Lumawag","Added new product [Salto Orange-1kg]","Product","2024-06-01 23:38:43"
"Benjie Val Lumawag","Added new product [Bexan 10ml]","Product","2024-06-01 23:59:42"
"","Added new customer [bacaslin]","Customer","2024-06-02 08:04:34"
"","Added new customer [Sulit]","Customer","2024-06-02 08:23:19"
"Benjie Val Lumawag","Successfully Login","Login","2024-06-02 08:43:19"
"","Added new customer [Rameris]","Customer","2024-06-02 09:20:48"
"Benjie Val Lumawag","Successfully Login","Login","2024-06-02 10:12:46"
"Benjie Val Lumawag","Successfully Login","Login","2024-06-02 10:24:36"
"","Error to add new customer payment [CP-240602103102]","Customer Payment","2024-06-02 02:31:02"
"Benjie Val Lumawag","Successfully Login","Login","2024-06-02 11:33:47"
"Benjie Val Lumawag","Successfully Login","Login","2024-06-02 11:34:29"
"Benjie Val Lumawag","Successfully Login","Login","2024-06-02 11:41:44"
"","Error to add new customer payment [CP-240602124318]","Customer Payment","2024-06-02 04:43:18"
"","Finished customer payment [CP-240602124318]","Customer Payment","2024-06-02 04:43:19"
"","Error to add new customer payment [CP-240602124406]","Customer Payment","2024-06-02 04:44:06"
"","Finished customer payment [CP-240602124406]","Customer Payment","2024-06-02 04:44:07"
"Benjie Val Lumawag","Successfully Login","Login","2024-06-02 12:55:16"
"Benjie Val Lumawag","Successfully Login","Login","2024-06-02 13:02:59"
"Benjie Val Lumawag","Successfully Login","Login","2024-06-02 13:03:15"
"Benjie Val Lumawag","Successfully Login","Login","2024-06-02 13:31:12"
"Benjie Val Lumawag","Successfully Login","Login","2024-06-02 14:18:23"
"Benjie Val Lumawag","Updated product [Sprayer-Vast]","Product","2024-06-02 06:42:49"
"Benjie Val Lumawag","Updated product [Clear out -liter]","Product","2024-06-02 06:43:04"
"Benjie Val Lumawag","Updated product [alecta-liter]","Product","2024-06-02 06:43:13"
"","Added new customer [Pandita]","Customer","2024-06-02 15:16:01"
"Benjie Val Lumawag","Successfully Login","Login","2024-06-02 16:12:03"
"","Added new customer [Pat]","Customer","2024-06-02 16:14:22"
"Benjie Val Lumawag","Successfully Login","Login","2024-06-02 16:33:10"
"","Added new customer [horado helen]","Customer","2024-06-02 17:15:08"
"Benjie Val Lumawag","Successfully Login","Login","2024-06-02 17:18:41"
"","Added new customer [Magadapa]","Customer","2024-06-02 17:59:23"
"Benjie Val Lumawag","Successfully Login","Login","2024-06-02 18:08:23"
"Benjie Val Lumawag","Successfully Login","Login","2024-06-02 18:12:00"
"Benjie Val Lumawag","Successfully Login","Login","2024-06-02 20:29:40"
"Benjie Val Lumawag","Added new product [Cutting Power Keep]","Product","2024-06-02 12:51:35"
"Benjie Val Lumawag","Added new product [Muscle Power Keep]","Product","2024-06-02 12:51:59"
"Benjie Val Lumawag","Added new product [Pissi Angry Bird]","Product","2024-06-02 12:54:40"
"Benjie Val Lumawag","Added new product [Pissi Ordinary]","Product","2024-06-02 12:55:10"
"Benjie Val Lumawag","Added new product [Pissi Strap]","Product","2024-06-02 12:55:38"
"Benjie Val Lumawag","Successfully Login","Login","2024-06-03 06:32:17"
"Benjie Val Lumawag","Successfully Login","Login","2024-06-03 07:06:51"
"","Added new customer [Paguia]","Customer","2024-06-03 07:13:06"
"Benjie Val Lumawag","Successfully Login","Login","2024-06-03 07:16:29"
"Benjie Val Lumawag","Successfully Login","Login","2024-06-03 07:16:30"
"Benjie Val Lumawag","Successfully Login","Login","2024-06-03 07:18:27"
"","Error to add new customer payment [CP-240603080700]","Customer Payment","2024-06-03 00:07:00"
"","Finished customer payment [CP-240603080700]","Customer Payment","2024-06-03 00:07:00"
"Benjie Val Lumawag","Successfully Login","Login","2024-06-03 09:53:01"
"Benjie Val Lumawag","Successfully Login","Login","2024-06-03 10:49:46"
"Benjie Val Lumawag","Successfully Login","Login","2024-06-03 11:08:01"
"Benjie Val Lumawag","Successfully Login","Login","2024-06-03 11:54:12"
"Benjie Val Lumawag","Successfully Login","Login","2024-06-03 12:08:41"
"Benjie Val Lumawag","Successfully Login","Login","2024-06-03 12:20:13"
"","Added new customer [largado]","Customer","2024-06-03 12:24:49"
"","Attempt to add existing customer [Guiamlod ]","Customer","2024-06-03 12:32:37"
"","Attempt to add existing customer [Guiamlod ]","Customer","2024-06-03 12:32:39"
"","Attempt to add existing customer [Guiamlod ]","Customer","2024-06-03 12:32:51"
"","Attempt to add existing customer [Guiamlod ]","Customer","2024-06-03 12:32:51"
"Benjie Val Lumawag","Successfully Login","Login","2024-06-03 14:13:26"
"","Error to add new customer payment [CP-240603151639]","Customer Payment","2024-06-03 07:16:39"
"Benjie Val Lumawag","Successfully Login","Login","2024-06-03 15:47:11"
"Benjie Val Lumawag","Successfully Login","Login","2024-06-03 15:54:24"
"Benjie Val Lumawag","Successfully Login","Login","2024-06-03 16:14:04"
"Benjie Val Lumawag","Successfully Login","Login","2024-06-03 16:17:21"
"Benjie Val Lumawag","Successfully Login","Login","2024-06-03 16:33:03"
"Benjie Val Lumawag","Successfully Login","Login","2024-06-03 16:36:20"
"Benjie Val Lumawag","Added new product [Yeoval  bot-10ml]","Product","2024-06-03 08:41:27"
"Benjie Val Lumawag","Successfully Login","Login","2024-06-03 16:46:48"
"Benjie Val Lumawag","Successfully Login","Login","2024-06-03 17:06:57"
"Benjie Val Lumawag","Updated product [Nylon # 10] => [Nylon # 12]","Product","2024-06-03 09:07:28"
"Benjie Val Lumawag","Updated product [Nylon # 18] => [Nylon # 14]","Product","2024-06-03 09:07:49"
"Benjie Val Lumawag","Updated product [Nylon # 20]","Product","2024-06-03 09:08:03"
"Benjie Val Lumawag","Updated product [Nylon # 20] => [Nylon # 16]","Product","2024-06-03 09:08:17"
"Benjie Val Lumawag","Updated product [Nylon # 24] => [Nylon # 18]","Product","2024-06-03 09:08:41"
"Benjie Val Lumawag","Updated product [Nylon # 22] => [Nylon # 20]","Product","2024-06-03 09:08:58"
"Benjie Val Lumawag","Added new product [Nylon # 22]","Product","2024-06-03 09:11:37"
"Benjie Val Lumawag","Added new product [Nylon # 24]","Product","2024-06-03 09:13:01"
"Benjie Val Lumawag","Attempt to add existing product [Nylon # 22]","Product","2024-06-03 09:34:48"
"Benjie Val Lumawag","Attempt to add existing product [Nylon # 22]","Product","2024-06-03 09:34:57"
"Benjie Val Lumawag","Attempt to add existing product [Nylon # 22]","Product","2024-06-03 09:35:18"
"Benjie Val Lumawag","Added new product [Nylon # 22]","Product","2024-06-03 09:35:27"
"Benjie Val Lumawag","Deleted product [Nylon # 22]","Product","2024-06-03 17:36:25"
"Benjie Val Lumawag","Updated product [Nylon # 12]","Product","2024-06-03 09:53:47"
"Benjie Val Lumawag","Updated product [Nylon # 16]","Product","2024-06-03 09:54:19"
"Benjie Val Lumawag","Updated product [Nylon # 18]","Product","2024-06-03 09:54:35"
"Benjie Val Lumawag","Updated product [Nylon # 20]","Product","2024-06-03 09:54:51"
"Benjie Val Lumawag","Updated product [Nylon # 22]","Product","2024-06-03 09:55:09"
"Benjie Val Lumawag","Updated product [Nylon # 22]","Product","2024-06-03 09:58:14"
"Benjie Val Lumawag","Updated product [Nylon # 24]","Product","2024-06-03 09:58:24"
"Benjie Val Lumawag","Successfully Login","Login","2024-06-04 06:30:45"
"Benjie Val Lumawag","Successfully Login","Login","2024-06-04 06:33:32"
"Benjie Val Lumawag","Successfully Login","Login","2024-06-04 06:43:42"
"","Added new customer [Vallestin]","Customer","2024-06-04 06:45:07"
"Benjie Val Lumawag","Successfully Login","Login","2024-06-04 06:51:51"
"Benjie Val Lumawag","Successfully Login","Login","2024-06-04 07:08:15"
"Benjie Val Lumawag","Updated product [Todomax-5L]","Product","2024-06-03 23:08:34"
"Benjie Val Lumawag","Successfully Login","Login","2024-06-04 07:33:28"
"Benjie Val Lumawag","Successfully Login","Login","2024-06-04 08:15:49"
"Benjie Val Lumawag","Successfully Login","Login","2024-06-04 08:59:09"
"Benjie Val Lumawag","Successfully Login","Login","2024-06-04 09:05:46"
"","Added new customer [latola]","Customer","2024-06-04 09:12:30"
"","Added new customer [Serro]","Customer","2024-06-04 09:28:42"
"Benjie Val Lumawag","Successfully Login","Login","2024-06-04 09:44:06"
"Benjie Val Lumawag","Successfully Login","Login","2024-06-04 10:23:02"
"Benjie Val Lumawag","Successfully Login","Login","2024-06-04 10:29:40"
"","Added new customer [Mechail amranie shaik]","Customer","2024-06-04 10:35:10"
"Benjie Val Lumawag","Successfully Login","Login","2024-06-04 10:39:41"
"Benjie Val Lumawag","Updated product [16200-Atlas]","Product","2024-06-04 02:39:59"
"","Added new customer [Villalobos ronald]","Customer","2024-06-04 10:55:37"
"","Attempt to add existing customer [Villalobos ronald]","Customer","2024-06-04 10:55:37"
"","Added new customer [vIllamosa]","Customer","2024-06-04 11:23:13"
"","Error to add new customer payment [CP-240604123316]","Customer Payment","2024-06-04 04:33:16"
"","Finished customer payment [CP-240604123316]","Customer Payment","2024-06-04 04:33:16"
"Benjie Val Lumawag","Successfully Login","Login","2024-06-04 13:21:53"
"Benjie Val Lumawag","Successfully Login","Login","2024-06-04 13:28:01"
"Benjie Val Lumawag","Successfully Login","Login","2024-06-04 13:30:46"
"Benjie Val Lumawag","Successfully Login","Login","2024-06-04 13:32:51"
"","Error to add new customer payment [CP-240604143053]","Customer Payment","2024-06-04 06:30:53"
"","Error to add new customer payment [CP-240604152438]","Customer Payment","2024-06-04 07:24:38"
"","Finished customer payment [CP-240604152438]","Customer Payment","2024-06-04 07:24:38"
"Benjie Val Lumawag","Successfully Login","Login","2024-06-04 15:28:42"
"","Error to add new customer payment [CP-240604154608]","Customer Payment","2024-06-04 07:46:08"
"","Finished customer payment [CP-240604154608]","Customer Payment","2024-06-04 07:46:08"
"","Error to add new customer payment [CP-240604154617]","Customer Payment","2024-06-04 07:46:17"
"","Finished customer payment [CP-240604154617]","Customer Payment","2024-06-04 07:46:17"
"","Error to add new customer payment [CP-240604154628]","Customer Payment","2024-06-04 07:46:28"
"","Finished customer payment [CP-240604154628]","Customer Payment","2024-06-04 07:46:28"
"","Added new customer [kalalagan]","Customer","2024-06-04 15:52:38"
"Benjie Val Lumawag","Successfully Login","Login","2024-06-04 15:53:32"
"","Added new customer [questadio]","Customer","2024-06-04 16:09:52"
"Benjie Val Lumawag","Successfully Login","Login","2024-06-04 16:14:06"
"Benjie Val Lumawag","Added new product [Rich Made-Starter Sack]","Product","2024-06-04 08:34:46"
"Benjie Val Lumawag","Added new product [Rich Made-Starter-1Kg]","Product","2024-06-04 08:35:28"
"Benjie Val Lumawag","Added new product [RichMade- Grower Sack]","Product","2024-06-04 08:37:30"
"Benjie Val Lumawag","Added new product [Richmade-Growe-1Kg]","Product","2024-06-04 08:38:10"
"Benjie Val Lumawag","Added new product [Richmade-Gestating Sack]","Product","2024-06-04 08:41:58"
"Benjie Val Lumawag","Added new product [Richmade-Gestating 1Kg]","Product","2024-06-04 08:42:36"
"Benjie Val Lumawag","Updated product [Rich Made-Starter-1Kg] => [RichMade-Starter-1Kg]","Product","2024-06-04 08:45:30"
"Benjie Val Lumawag","Updated product [Rich Made-Starter Sack] => [RichMade-Starter Sack]","Product","2024-06-04 08:45:54"
"Benjie Val Lumawag","Successfully Login","Login","2024-06-04 16:46:41"
"Benjie Val Lumawag","Successfully Login","Login","2024-06-04 16:53:08"
"Benjie Val Lumawag","Added new product [Richmade-Finisher Sack]","Product","2024-06-04 08:56:39"
"","Error to add new customer payment [CP-240604165742]","Customer Payment","2024-06-04 08:57:42"
"","Finished customer payment [CP-240604165742]","Customer Payment","2024-06-04 08:57:42"
"Benjie Val Lumawag","Added new product [Richmade-Finisher 1kg]","Product","2024-06-04 08:57:44"
"Benjie Val Lumawag","Added new product [Richmade-PDP Sack]","Product","2024-06-04 08:59:13"
"Benjie Val Lumawag","Successfully Login","Login","2024-06-04 17:01:17"
"Benjie Val Lumawag","Added new product [Richmade-Lactating Sack]","Product","2024-06-04 09:02:31"
"Benjie Val Lumawag","Attempt to add existing product [Richmade-Lactating 1Kg]","Product","2024-06-04 09:03:22"
"Benjie Val Lumawag","Added new product [Richmade-Lactating 1Kg]","Product","2024-06-04 09:03:33"
"Benjie Val Lumawag","Added new product [Richmade-PDP 1Kg]","Product","2024-06-04 09:05:16"
"","Error to add new customer payment [CP-240604171354]","Customer Payment","2024-06-04 09:13:54"
"Benjie Val Lumawag","Successfully Login","Login","2024-06-04 17:15:53"
"Benjie Val Lumawag","Successfully Login","Login","2024-06-04 17:19:04"
"Benjie Val Lumawag","Successfully Login","Login","2024-06-05 06:19:11"
"Benjie Val Lumawag","Successfully Login","Login","2024-06-05 06:48:07"
"","Error to add new customer payment [CP-240605064938]","Customer Payment","2024-06-04 22:49:38"
"","Added new customer [samson]","Customer","2024-06-05 07:41:13"
"","Error to add new customer payment [CP-240605084509]","Customer Payment","2024-06-05 00:45:09"
"Benjie Val Lumawag","Successfully Login","Login","2024-06-05 08:49:22"
"","Error to add new customer payment [CP-240605093957]","Customer Payment","2024-06-05 01:39:57"
"","Finished customer payment [CP-240605093957]","Customer Payment","2024-06-05 01:39:57"
"","Error to add new customer payment [CP-240605094011]","Customer Payment","2024-06-05 01:40:11"
"","Finished customer payment [CP-240605094011]","Customer Payment","2024-06-05 01:40:11"
"Benjie Val Lumawag","Successfully Login","Login","2024-06-05 09:48:09"
"","Error to add new customer payment [CP-240605095219]","Customer Payment","2024-06-05 01:52:19"
"","Finished customer payment [CP-240605095219]","Customer Payment","2024-06-05 01:52:19"
"","Error to add new customer payment [CP-240605100128]","Customer Payment","2024-06-05 02:01:28"
"","Added new customer [sarada]","Customer","2024-06-05 11:02:31"
"","Added new customer [BAWCHOA]","Customer","2024-06-05 11:05:44"
"","Added new customer [Guilara]","Customer","2024-06-05 11:43:53"
"Benjie Val Lumawag","Successfully Login","Login","2024-06-05 11:48:37"
"Benjie Val Lumawag","Successfully Login","Login","2024-06-05 11:51:30"
"Benjie Val Lumawag","Successfully Login","Login","2024-06-05 11:58:52"
"Benjie Val Lumawag","Successfully Login","Login","2024-06-05 11:59:22"
"","Added new customer [Secadel]","Customer","2024-06-05 12:10:10"
"Benjie","Successfully Login","Login","2024-06-05 12:10:43"
"Benjie Val Lumawag","Successfully Login","Login","2024-06-05 12:11:12"
"Benjie Val Lumawag","Successfully Login","Login","2024-06-05 12:20:05"
"Benjie Val Lumawag","Successfully Login","Login","2024-06-05 12:23:10"
"Cheryl Kaye Labrador","Successfully Login","Login","2024-06-05 12:23:31"
"Cheryl Kaye Labrador","Successfully Login","Login","2024-06-05 12:27:05"
"","Added new customer [Sora]","Customer","2024-06-05 12:28:31"
"Cheryl Kaye Labrador","Successfully Login","Login","2024-06-05 12:45:49"
"","Added new customer [Calendaryo]","Customer","2024-06-05 13:48:30"
"Benjie Val Lumawag","Successfully Login","Login","2024-06-05 13:55:39"
"","Added new customer [felimeno]","Customer","2024-06-05 14:15:19"
"","Added new customer [Intera]","Customer","2024-06-05 14:30:26"
"","Error to add new customer payment [CP-240605161830]","Customer Payment","2024-06-05 08:18:30"
"","Finished customer payment [CP-240605161830]","Customer Payment","2024-06-05 08:18:31"
"","Added new customer [Zamora]","Customer","2024-06-05 16:24:47"
"","Error to add new customer payment [CP-240605163924]","Customer Payment","2024-06-05 08:39:24"
"Cheryl Kaye Labrador","Successfully Login","Login","2024-06-05 16:55:52"
"Benjie Val Lumawag","Successfully Login","Login","2024-06-05 17:29:59"
"Benjie Val Lumawag","Updated product [Virtako 10g]","Product","2024-06-05 09:30:55"
"QL Branch","Successfully Login","Login","2024-06-05 18:05:24"
"Benjie Val Lumawag","Successfully Login","Login","2024-06-05 20:29:41"
"QL Branch","Successfully Login","Login","2024-06-06 06:14:00"
"","Added new customer [delatore ]","Customer","2024-06-06 06:16:34"
"","Added new customer [Payo]","Customer","2024-06-06 06:22:00"
"","Added new customer [manlagaylay]","Customer","2024-06-06 07:16:08"
"Cheryl Kaye Labrador","Successfully Login","Login","2024-06-06 07:34:33"
"Benjie Val Lumawag","Successfully Login","Login","2024-06-06 07:50:20"
"Cheryl Kaye Labrador","Successfully Login","Login","2024-06-06 08:05:22"
"","Added new customer [Remollo]","Customer","2024-06-06 08:28:48"
"","Error to add new customer payment [CP-240606084402]","Customer Payment","2024-06-06 00:44:02"
"","Finished customer payment [CP-240606084402]","Customer Payment","2024-06-06 00:44:02"
"Benjie Val Lumawag","Successfully Login","Login","2024-06-06 08:54:54"
"Benjie Val Lumawag","Added new supplier [Ejay Enterprises]","Supplier","2024-06-06 01:02:59"
"Benjie Val Lumawag","Added new product [Black Jack-500ml]","Product","2024-06-06 01:04:29"
"Benjie Val Lumawag","Added new product [Golden Rocket-1kg]","Product","2024-06-06 01:06:40"
"","Added new customer [BAKAL]","Customer","2024-06-06 09:13:57"
"Benjie Val Lumawag","Added new product [24D-Ester lit-Agribase Case]","Product","2024-06-06 01:34:40"
"Benjie Val Lumawag","Added new product [24D-Amine Complete-Case]","Product","2024-06-06 01:42:36"
"","Error to add new customer payment [CP-240606095153]","Customer Payment","2024-06-06 01:51:53"
"QL Branch","Successfully Login","Login","2024-06-06 10:00:44"
"Benjie Val Lumawag","Updated product [Grader- Gallon]","Product","2024-06-06 02:09:25"
"Benjie Val Lumawag","Updated product [Pacyaw Gal]","Product","2024-06-06 02:10:09"
"QL Branch","Successfully Login","Login","2024-06-06 10:14:31"
"Cheryl Kaye Labrador","Successfully Login","Login","2024-06-06 11:23:17"
"","Attempt to add existing customer [Rosino]","Customer","2024-06-06 11:25:31"
"Benjie Val Lumawag","Successfully Login","Login","2024-06-06 11:42:27"
"Benjie Val Lumawag","Successfully Login","Login","2024-06-06 11:54:50"
"Benjie Val Lumawag","Successfully Login","Login","2024-06-06 12:11:57"
"Benjie Val Lumawag","Updated product [24D-Amine 250ml]","Product","2024-06-06 04:20:09"
"Benjie Val Lumawag","Updated product [Lannate 425g]","Product","2024-06-06 04:20:20"
"Benjie Val Lumawag","Added new product [Pastfat pack]","Product","2024-06-06 04:33:03"
"Benjie Val Lumawag","Added new product [Excel-Pre Starter-Sack]","Product","2024-06-06 04:38:36"
"Benjie Val Lumawag","Added new product [Excel Pre-Starter- 1kg]","Product","2024-06-06 04:39:26"
"Benjie Val Lumawag","Added new product [Excel-Starter- Sack]","Product","2024-06-06 04:40:19"
"Benjie Val Lumawag","Added new product [Excel-Starter-1kg]","Product","2024-06-06 04:41:05"
"Benjie Val Lumawag","Added new product [Excel-Grower-Sack]","Product","2024-06-06 04:41:58"
"Benjie Val Lumawag","Added new product [Excel-Grower-1kg]","Product","2024-06-06 04:43:12"
"Benjie Val Lumawag","Added new product [Excel-Finisher-Sack]","Product","2024-06-06 04:44:23"
"Benjie Val Lumawag","Added new product [Excel-Finisher-1kg]","Product","2024-06-06 04:44:56"
"Benjie Val Lumawag","Added new product [Excel-Lactating-Sack]","Product","2024-06-06 04:58:16"
"Benjie Val Lumawag","Added new product [Excel-Lactating-1kg]","Product","2024-06-06 04:59:08"
"Benjie Val Lumawag","Added new product [Excel-Gestating-sack]","Product","2024-06-06 05:00:00"
"Benjie Val Lumawag","Added new product [Excel-Gestating-1kg]","Product","2024-06-06 05:01:19"
"","Added new customer [GHAGHA]","Customer","2024-06-06 13:55:59"
"","Added new customer [Mamalimping]","Customer","2024-06-06 16:23:21"
"Cheryl Kaye Labrador","Successfully Login","Login","2024-06-06 16:39:08"
"QL Branch","Successfully Login","Login","2024-06-06 17:01:12"
"QL Branch","Successfully Login","Login","2024-06-06 17:07:37"
"Benjie Val Lumawag","Successfully Login","Login","2024-06-06 18:03:51"
"","Added new customer [Banyas]","Customer","2024-06-07 05:58:02"
"Cheryl Kaye Labrador","Successfully Login","Login","2024-06-07 06:34:12"
"Benjie Val Lumawag","Successfully Login","Login","2024-06-07 06:45:59"
"Cheryl Kaye Labrador","Successfully Login","Login","2024-06-07 06:49:10"
"Cheryl Kaye Labrador","Successfully Login","Login","2024-06-07 06:50:25"
"Benjie Val Lumawag","Successfully Login","Login","2024-06-07 07:57:52"
"Cheryl Kaye Labrador","Successfully Login","Login","2024-06-07 07:59:39"
"QL Branch","Successfully Login","Login","2024-06-07 08:05:13"
"","Error to add new customer payment [CP-240607085128]","Customer Payment","2024-06-07 00:51:28"
"","Finished customer payment [CP-240607085128]","Customer Payment","2024-06-07 00:51:28"
"QL Branch","Successfully Login","Login","2024-06-07 09:07:11"
"Benjie Val Lumawag","Successfully Login","Login","2024-06-07 09:07:39"
"Benjie Val Lumawag","Successfully Login","Login","2024-06-07 09:48:56"
"QL Branch","Successfully Login","Login","2024-06-07 09:54:20"
"Benjie Val Lumawag","Successfully Login","Login","2024-06-07 10:10:08"
"Benjie Val Lumawag","Successfully Login","Login","2024-06-07 10:11:54"
"QL Branch","Successfully Login","Login","2024-06-07 10:14:15"
"","Added new customer [Limaraw]","Customer","2024-06-07 11:18:11"
"","Added new customer [Tarawtawan]","Customer","2024-06-07 12:08:13"
"","Added new customer [Demafiles]","Customer","2024-06-07 12:37:23"
"Cheryl Kaye Labrador","Successfully Login","Login","2024-06-07 14:13:22"
"","Added new customer [Villahermosa]","Customer","2024-06-07 14:13:28"
"QL Branch","Successfully Login","Login","2024-06-07 14:58:41"
"Cheryl Kaye Labrador","Successfully Login","Login","2024-06-07 16:14:54"
"Benjie Val Lumawag","Successfully Login","Login","2024-06-07 16:22:33"
"Benjie Val Lumawag","Added new product [P3582-Kilo]","Product","2024-06-07 09:30:04"
"Benjie Val Lumawag","Updated product [P3582-Kilo] => [P3585-Kilo]","Product","2024-06-07 09:30:53"
"Benjie Val Lumawag","Error to add new customer payment [CP-240607173223]","Customer Payment","2024-06-07 09:32:35"
"Benjie Val Lumawag","Finished customer payment [CP-240607173223]","Customer Payment","2024-06-07 17:32:53"
"Benjie Val Lumawag","Successfully Login","Login","2024-06-07 17:55:11"
"Benjie Val Lumawag","Added new product [Mancozeb]","Product","2024-06-07 10:15:19"
"Benjie Val Lumawag","Successfully Login","Login","2024-06-07 19:53:57"
"Benjie Val Lumawag","Successfully Login","Login","2024-06-07 20:25:25"
"","Added new customer [Annabel ]","Customer","2024-06-08 06:32:29"
"Cheryl Kaye Labrador","Successfully Login","Login","2024-06-08 06:59:44"
"QL Branch","Successfully Login","Login","2024-06-08 07:15:37"
"Benjie Val Lumawag","Successfully Login","Login","2024-06-08 07:21:37"
"","Added new customer [Belotindos]","Customer","2024-06-08 07:39:43"
"","Added new customer [Golden hills]","Customer","2024-06-08 07:50:24"
"","Attempt to add existing customer [Saricaya]","Customer","2024-06-08 08:12:25"
"","Attempt to add existing customer [Saricaya]","Customer","2024-06-08 08:12:26"
"","Added new customer [Tingaraan]","Customer","2024-06-08 08:41:56"
"QL Branch","Successfully Login","Login","2024-06-08 08:46:45"
"QL Branch","Successfully Login","Login","2024-06-08 09:01:44"
"","Added new customer [Obrigon]","Customer","2024-06-08 09:02:46"
"Cheryl Kaye Labrador","Successfully Login","Login","2024-06-08 09:10:58"
"QL Branch","Successfully Login","Login","2024-06-08 10:02:02"
"","Added new customer [Villoria]","Customer","2024-06-08 10:19:26"
"","Added new customer [llorico]","Customer","2024-06-08 11:05:31"
"QL Branch","Successfully Login","Login","2024-06-08 11:09:40"
"Cheryl Kaye Labrador","Successfully Login","Login","2024-06-08 13:15:50"
"","Added new customer [Tambog Norodin]","Customer","2024-06-08 13:24:51"
"","Added new customer [Barcenas Nerie]","Customer","2024-06-08 13:59:43"
"","Attempt to add existing customer [Barcenas Nerie]","Customer","2024-06-08 13:59:43"
"QL Branch","Successfully Login","Login","2024-06-08 14:09:27"
"QL Branch","Successfully Login","Login","2024-06-08 14:18:48"
"","Error to add new customer payment [CP-240608142519]","Customer Payment","2024-06-08 06:25:19"
"","Finished customer payment [CP-240608142519]","Customer Payment","2024-06-08 06:25:20"
"","Error to add new customer payment [CP-240608153130]","Customer Payment","2024-06-08 07:31:30"
"","Finished customer payment [CP-240608153130]","Customer Payment","2024-06-08 07:31:30"
"","Error to add new customer payment [CP-240608153150]","Customer Payment","2024-06-08 07:31:50"
"","Finished customer payment [CP-240608153150]","Customer Payment","2024-06-08 07:31:51"
"","Error to add new customer payment [CP-240608153207]","Customer Payment","2024-06-08 07:32:07"
"","Finished customer payment [CP-240608153207]","Customer Payment","2024-06-08 07:32:08"
"","Error to add new customer payment [CP-240608153221]","Customer Payment","2024-06-08 07:32:21"
"","Finished customer payment [CP-240608153221]","Customer Payment","2024-06-08 07:32:22"
"","Error to add new customer payment [CP-240608153240]","Customer Payment","2024-06-08 07:32:40"
"","Finished customer payment [CP-240608153240]","Customer Payment","2024-06-08 07:32:40"
"","Error to add new customer payment [CP-240608153252]","Customer Payment","2024-06-08 07:32:52"
"","Finished customer payment [CP-240608153252]","Customer Payment","2024-06-08 07:32:52"
"","Error to add new customer payment [CP-240608153305]","Customer Payment","2024-06-08 07:33:05"
"","Finished customer payment [CP-240608153305]","Customer Payment","2024-06-08 07:33:06"
"Benjie Val Lumawag","Successfully Login","Login","2024-06-08 17:23:45"
"Benjie Val Lumawag","Added new supplier [Present Distribution]","Supplier","2024-06-08 09:35:43"
"","Added new customer [Acta]","Customer","2024-06-09 06:48:26"
"Benjie Val Lumawag","Successfully Login","Login","2024-06-09 07:06:11"
"Benjie Val Lumawag","Updated product [2100-Atlas]","Product","2024-06-08 23:11:31"
"QL Branch","Successfully Login","Login","2024-06-09 08:05:58"
"","Error to add new customer payment [CP-240609083219]","Customer Payment","2024-06-09 00:32:19"
"","Added new customer [Patinnio]","Customer","2024-06-09 09:00:02"
"","Attempt to add existing customer [Alex]","Customer","2024-06-09 09:11:05"
"","Added new customer [Alex1]","Customer","2024-06-09 09:11:09"
"","Added new customer [Alcomendras]","Customer","2024-06-09 11:32:26"
"","Added new customer [Parael]","Customer","2024-06-09 12:46:57"
"","Added new customer [Jalayahay]","Customer","2024-06-09 13:37:21"
"","Added new customer [Mansungil]","Customer","2024-06-09 14:35:06"
"","Added new customer [ALCONERA]","Customer","2024-06-09 14:41:47"
"","Error to add new customer payment [CP-240609145420]","Customer Payment","2024-06-09 06:54:20"
"","Finished customer payment [CP-240609145420]","Customer Payment","2024-06-09 06:54:20"
"","Added new customer [Linon]","Customer","2024-06-09 15:31:26"
"QL Branch","Successfully Login","Login","2024-06-09 16:16:31"
"","Added new customer [BARRION]","Customer","2024-06-09 16:21:47"
"","Added new customer [Depenia]","Customer","2024-06-09 16:39:15"
"Benjie Val Lumawag","Successfully Login","Login","2024-06-09 16:59:59"
"QL Branch","Successfully Login","Login","2024-06-09 17:07:41"
"Benjie Val Lumawag","Successfully Login","Login","2024-06-09 17:08:01"
"QL Branch","Successfully Login","Login","2024-06-09 17:11:09"
"","Attempt to add existing customer [EstomagOlang ]","Customer","2024-06-09 17:13:20"
"","Added new customer [EstomagOlang L]","Customer","2024-06-09 17:13:25"
"","Error to add new customer payment [CP-240609174615]","Customer Payment","2024-06-09 09:46:15"
"","Finished customer payment [CP-240609174615]","Customer Payment","2024-06-09 09:46:15"
"","Error to add new customer payment [CP-240609174658]","Customer Payment","2024-06-09 09:46:58"
"","Finished customer payment [CP-240609174658]","Customer Payment","2024-06-09 09:46:58"
"","Error to add new customer payment [CP-240609174743]","Customer Payment","2024-06-09 09:47:43"
"","Finished customer payment [CP-240609174743]","Customer Payment","2024-06-09 09:47:43"
"","Error to add new customer payment [CP-240609174808]","Customer Payment","2024-06-09 09:48:08"
"","Finished customer payment [CP-240609174808]","Customer Payment","2024-06-09 09:48:08"
"Benjie Val Lumawag","Successfully Login","Login","2024-06-10 06:23:31"
"Cheryl Kaye Labrador","Successfully Login","Login","2024-06-10 06:46:54"
"Benjie Val Lumawag","Added new product [Topcide lit]","Product","2024-06-09 22:47:51"
"","Added new customer [mantua]","Customer","2024-06-10 07:32:50"
"","Error to add new customer payment [CP-240610074154]","Customer Payment","2024-06-09 23:41:54"
"Benjie Val Lumawag","Added new product [Argoz-Gal]","Product","2024-06-10 00:09:09"
"Benjie Val Lumawag","Updated product [Argoz-Gal]","Product","2024-06-10 00:09:34"
"Benjie Val Lumawag","Updated product [Supra]","Product","2024-06-10 00:12:41"
"Benjie Val Lumawag","Updated product [Vaksi-K]","Product","2024-06-10 00:13:17"
"","Added new customer [makoy]","Customer","2024-06-10 09:13:56"
"","Added new customer [macoy]","Customer","2024-06-10 09:14:30"
"","Error to add new customer payment [CP-240610100222]","Customer Payment","2024-06-10 02:02:22"
"","Finished customer payment [CP-240610100222]","Customer Payment","2024-06-10 02:02:23"
"QL Branch","Successfully Login","Login","2024-06-10 10:03:01"
"","Added new customer [Lito lumawag ]","Customer","2024-06-10 10:13:25"
"","Error to add new customer payment [CP-240610103716]","Customer Payment","2024-06-10 02:37:16"
"","Finished customer payment [CP-240610103716]","Customer Payment","2024-06-10 02:37:17"
"","Added new customer [Basco basio Geoffrey]","Customer","2024-06-10 11:26:31"
"Benjie Val Lumawag","Successfully Login","Login","2024-06-10 13:24:41"
"Benjie Val Lumawag","Updated product [Tahop Mais-White(Sako)]","Product","2024-06-10 05:26:56"
"Benjie Val Lumawag","Updated product [Hammered Sack]","Product","2024-06-10 05:27:33"
"Benjie Val Lumawag","Updated product [Tahop Mais-White(Kg)]","Product","2024-06-10 05:31:35"
"Cheryl Kaye Labrador","Successfully Login","Login","2024-06-10 13:58:31"
"QL Branch","Successfully Login","Login","2024-06-10 13:59:42"
"","Error to add new customer payment [CP-240610145630]","Customer Payment","2024-06-10 06:56:30"
"","Finished customer payment [CP-240610145630]","Customer Payment","2024-06-10 06:56:31"
"","Error to add new customer payment [CP-240610150010]","Customer Payment","2024-06-10 07:00:10"
"","Finished customer payment [CP-240610150010]","Customer Payment","2024-06-10 07:00:11"
"","Error to add new customer payment [CP-240610150023]","Customer Payment","2024-06-10 07:00:23"
"","Finished customer payment [CP-240610150023]","Customer Payment","2024-06-10 07:00:23"
"Benjie Val Lumawag","Successfully Login","Login","2024-06-10 15:22:32"
"Benjie Val Lumawag","Successfully Login","Login","2024-06-10 15:22:48"
"Benjie Val Lumawag","Successfully Login","Login","2024-06-10 15:47:38"
"Benjie Val Lumawag","Successfully Login","Login","2024-06-10 15:57:13"
"Benjie Val Lumawag","Successfully Login","Login","2024-06-10 16:05:43"
"Benjie Val Lumawag","Successfully Login","Login","2024-06-10 16:08:27"
"Benjie Val Lumawag","Updated product [Integra 2000-sack]","Product","2024-06-10 08:09:23"
"Benjie Val Lumawag","Updated product [Integra 2000-1kg]","Product","2024-06-10 08:10:07"
"Cheryl Kaye Labrador","Successfully Login","Login","2024-06-10 16:12:16"
"","Error to add new customer payment [CP-240610172948]","Customer Payment","2024-06-10 09:29:48"
"","Finished customer payment [CP-240610172948]","Customer Payment","2024-06-10 09:29:49"
"Benjie Val Lumawag","Successfully Login","Login","2024-06-10 17:49:45"
"Benjie Val Lumawag","Added new product [GreenSeeds]","Product","2024-06-10 09:52:32"
"","Error to add new customer payment [CP-240610175542]","Customer Payment","2024-06-10 09:55:42"
"","Finished customer payment [CP-240610175542]","Customer Payment","2024-06-10 09:55:42"
"QL Branch","Successfully Login","Login","2024-06-11 06:20:45"
"Benjie Val Lumawag","Successfully Login","Login","2024-06-11 06:21:23"
"Benjie Val Lumawag","Updated product [4600-Atlas]","Product","2024-06-10 22:22:38"
"","Error to add new customer payment [CP-240611070924]","Customer Payment","2024-06-10 23:09:24"
"","Finished customer payment [CP-240611070924]","Customer Payment","2024-06-10 23:09:24"
"Cheryl Kaye Labrador","Successfully Login","Login","2024-06-11 07:10:22"
"Benjie Val Lumawag","Successfully Login","Login","2024-06-11 07:24:40"
"","Added new customer [Aligada]","Customer","2024-06-11 07:54:45"
"QL Branch","Successfully Login","Login","2024-06-11 08:04:15"
"Benjie Val Lumawag","Successfully Login","Login","2024-06-11 08:04:29"
"","Added new customer [Morilis]","Customer","2024-06-11 09:05:51"
"","Added new customer [Sulatan]","Customer","2024-06-11 09:31:12"
"QL Branch","Successfully Login","Login","2024-06-11 10:27:53"
"QL Branch","Successfully Login","Login","2024-06-11 10:41:50"
"","Added new customer [cuares]","Customer","2024-06-11 10:48:48"
"QL Branch","Successfully Login","Login","2024-06-11 10:50:26"
"","Error to add new customer payment [CP-240611105926]","Customer Payment","2024-06-11 02:59:26"
"","Error to add new customer payment [CP-240611111949]","Customer Payment","2024-06-11 03:19:49"
"","Error to add new customer payment [CP-240611124012]","Customer Payment","2024-06-11 04:40:12"
"","Finished customer payment [CP-240611124012]","Customer Payment","2024-06-11 04:40:13"
"","Error to add new customer payment [CP-240611124013]","Customer Payment","2024-06-11 04:40:13"
"QL Branch","Successfully Login","Login","2024-06-11 12:47:58"
"Benjie Val Lumawag","Successfully Login","Login","2024-06-11 12:48:22"
"Benjie Val Lumawag","Updated product [Salo Salo- 25kg]","Product","2024-06-11 04:57:27"
"Benjie Val Lumawag","Updated product [Diamond Rice- Sack]","Product","2024-06-11 04:57:37"
"","Added new customer [penolio]","Customer","2024-06-11 14:52:53"
"Benjie Val Lumawag","Successfully Login","Login","2024-06-11 15:05:14"
"","Added new customer [lumampao]","Customer","2024-06-11 15:19:48"
"","Added new customer [Fabrigar]","Customer","2024-06-11 15:45:17"
"QL Branch","Successfully Login","Login","2024-06-11 15:53:03"
"Benjie Val Lumawag","Successfully Login","Login","2024-06-11 16:04:30"
"","Added new customer [Abdul Pata]","Customer","2024-06-11 16:10:54"
"Cheryl Kaye Labrador","Successfully Login","Login","2024-06-11 16:19:15"
"Benjie Val Lumawag","Successfully Login","Login","2024-06-11 17:06:00"
"Cheryl Kaye Labrador","Successfully Login","Login","2024-06-11 17:07:16"
"Benjie Val Lumawag","Successfully Login","Login","2024-06-11 17:46:11"
"Benjie Val Lumawag","Added new product [Grace-Sack]","Product","2024-06-11 09:47:13"
"Benjie Val Lumawag","Successfully Login","Login","2024-06-12 06:42:10"
"QL Branch","Successfully Login","Login","2024-06-12 07:10:17"
"Benjie Val Lumawag","Successfully Login","Login","2024-06-12 08:01:35"
"Benjie Val Lumawag","Successfully Login","Login","2024-06-12 08:28:43"
"Cheryl Kaye Labrador","Successfully Login","Login","2024-06-12 08:45:43"
"","Added new customer [dominguez]","Customer","2024-06-12 08:48:14"
"","Error to add new customer payment [CP-240612085432]","Customer Payment","2024-06-12 00:54:32"
"","Error to add new customer payment [CP-240612090203]","Customer Payment","2024-06-12 01:02:03"
"Benjie Val Lumawag","Successfully Login","Login","2024-06-12 09:02:50"
"","Error to add new customer payment [CP-240612090838]","Customer Payment","2024-06-12 01:08:38"
"","Finished customer payment [CP-240612090838]","Customer Payment","2024-06-12 01:08:39"
"","Error to add new customer payment [CP-240612090856]","Customer Payment","2024-06-12 01:08:56"
"","Finished customer payment [CP-240612090856]","Customer Payment","2024-06-12 01:08:56"
"","Added new customer [Abatayon.]","Customer","2024-06-12 09:11:26"
"","Error to add new customer payment [CP-240612093450]","Customer Payment","2024-06-12 01:34:50"
"","Finished customer payment [CP-240612093450]","Customer Payment","2024-06-12 01:34:50"
"Benjie Val Lumawag","Successfully Login","Login","2024-06-12 09:35:26"
"","Error to add new customer payment [CP-240612093533]","Customer Payment","2024-06-12 01:35:33"
"","Finished customer payment [CP-240612093533]","Customer Payment","2024-06-12 01:35:34"
"","Error to add new customer payment [CP-240612093615]","Customer Payment","2024-06-12 01:36:15"
"","Finished customer payment [CP-240612093615]","Customer Payment","2024-06-12 01:36:16"
"Cheryl Kaye Labrador","Successfully Login","Login","2024-06-12 09:36:41"
"","Error to add new customer payment [CP-240612093713]","Customer Payment","2024-06-12 01:37:13"
"","Finished customer payment [CP-240612093713]","Customer Payment","2024-06-12 01:37:13"
"","Error to add new customer payment [CP-240612093754]","Customer Payment","2024-06-12 01:37:54"
"","Finished customer payment [CP-240612093754]","Customer Payment","2024-06-12 01:37:54"
"","Error to add new customer payment [CP-240612093822]","Customer Payment","2024-06-12 01:38:23"
"","Finished customer payment [CP-240612093822]","Customer Payment","2024-06-12 01:38:23"
"","Error to add new customer payment [CP-240612093921]","Customer Payment","2024-06-12 01:39:21"
"","Finished customer payment [CP-240612093921]","Customer Payment","2024-06-12 01:39:21"
"Cheryl Kaye Labrador","Successfully Login","Login","2024-06-12 09:40:20"
"Benjie Val Lumawag","Successfully Login","Login","2024-06-12 11:18:26"
"","Added new customer [Panduma]","Customer","2024-06-12 12:00:32"
"Benjie Val Lumawag","Successfully Login","Login","2024-06-12 12:01:05"
"QL Branch","Successfully Login","Login","2024-06-12 12:25:39"
"Benjie Val Lumawag","Successfully Login","Login","2024-06-12 12:33:19"
"Benjie Val Lumawag","Successfully Login","Login","2024-06-12 12:40:48"
"","Added new customer [salanoyan]","Customer","2024-06-12 13:48:42"
"Cheryl Kaye Labrador","Successfully Login","Login","2024-06-12 14:00:25"
"Benjie Val Lumawag","Successfully Login","Login","2024-06-12 14:40:51"
"","Error to add new customer payment [CP-240612145302]","Customer Payment","2024-06-12 06:53:02"
"","Error to add new customer payment [CP-240612165851]","Customer Payment","2024-06-12 08:58:51"
"","Finished customer payment [CP-240612165851]","Customer Payment","2024-06-12 08:58:52"
"","Error to add new customer payment [CP-240612165904]","Customer Payment","2024-06-12 08:59:04"
"","Finished customer payment [CP-240612165904]","Customer Payment","2024-06-12 08:59:04"
"","Added new customer [sanches tudy]","Customer","2024-06-13 06:20:56"
"Cheryl Kaye Labrador","Successfully Login","Login","2024-06-13 07:02:40"
"","Added new customer [Sobaldo]","Customer","2024-06-13 07:03:54"
"Benjie Val Lumawag","Successfully Login","Login","2024-06-13 07:24:22"
"Benjie Val Lumawag","Successfully Login","Login","2024-06-13 07:36:04"
"QL Branch","Successfully Login","Login","2024-06-13 07:44:33"
"QL Branch","Successfully Login","Login","2024-06-13 08:25:52"
"","Error to add new customer payment [CP-240613084738]","Customer Payment","2024-06-13 00:47:38"
"QL Branch","Successfully Login","Login","2024-06-13 09:30:51"
"Benjie Val Lumawag","Successfully Login","Login","2024-06-13 09:32:44"
"","Added new customer [Capillo rechard]","Customer","2024-06-13 10:06:53"
"","Added new customer [temok]","Customer","2024-06-13 10:35:21"
"Cheryl Kaye Labrador","Successfully Login","Login","2024-06-13 10:35:50"
"Benjie Val Lumawag","Successfully Login","Login","2024-06-13 11:16:15"
"Benjie Val Lumawag","Updated product [Round up - Gallon]","Product","2024-06-13 03:17:35"
"","Error to add new customer payment [CP-240613112624]","Customer Payment","2024-06-13 03:26:24"
"","Finished customer payment [CP-240613112624]","Customer Payment","2024-06-13 03:26:25"
"","Error to add new customer payment [CP-240613112625]","Customer Payment","2024-06-13 03:26:25"
"","Added new customer [Bungsod]","Customer","2024-06-13 11:38:51"
"","Added new customer [An Filipe]","Customer","2024-06-13 12:04:37"
"","Added new customer [Dalayon]","Customer","2024-06-13 12:19:04"
"QL Branch","Successfully Login","Login","2024-06-13 12:53:27"
"QL Branch","Successfully Login","Login","2024-06-13 13:01:05"
"","Added new customer [tukol]","Customer","2024-06-13 13:09:28"
"","Added new customer [Aldo]","Customer","2024-06-13 13:51:56"
"","Error to add new customer payment [CP-240613135930]","Customer Payment","2024-06-13 05:59:30"
"","Finished customer payment [CP-240613135930]","Customer Payment","2024-06-13 05:59:30"
"","Added new customer [spartero]","Customer","2024-06-13 14:13:48"
"","Added new customer [macaslem]","Customer","2024-06-13 16:01:19"
"Cheryl Kaye Labrador","Successfully Login","Login","2024-06-13 16:51:15"
"QL Branch","Successfully Login","Login","2024-06-13 16:58:58"
"","Error to add new customer payment [CP-240614061211]","Customer Payment","2024-06-13 22:12:11"
"Cheryl Kaye Labrador","Successfully Login","Login","2024-06-14 06:37:48"
"Benjie Val Lumawag","Successfully Login","Login","2024-06-14 07:05:19"
"Benjie Val Lumawag","Updated product [Demolition- Gallon]","Product","2024-06-13 23:06:18"
"","Added new customer [makabo]","Customer","2024-06-14 07:48:47"
"QL Branch","Successfully Login","Login","2024-06-14 08:15:36"
"QL Branch","Successfully Login","Login","2024-06-14 08:26:10"
"","Error to add new customer payment [CP-240614083006]","Customer Payment","2024-06-14 00:30:06"
"","Finished customer payment [CP-240614083006]","Customer Payment","2024-06-14 00:30:06"
"","Error to add new customer payment [CP-240614083049]","Customer Payment","2024-06-14 00:30:49"
"","Finished customer payment [CP-240614083049]","Customer Payment","2024-06-14 00:30:49"
"QL Branch","Successfully Login","Login","2024-06-14 10:41:17"
"","Added new customer [bastargo]","Customer","2024-06-14 10:47:46"
"","Added new customer [altemo jemma]","Customer","2024-06-14 10:53:45"
"Benjie Val Lumawag","Successfully Login","Login","2024-06-14 11:27:03"
"Benjie Val Lumawag","Updated product [0060-Atlas]","Product","2024-06-14 03:27:33"
"Benjie Val Lumawag","Updated product [0060-Amigo]","Product","2024-06-14 03:27:43"
"","Error to add new customer payment [CP-240614120535]","Customer Payment","2024-06-14 04:05:35"
"","Finished customer payment [CP-240614120535]","Customer Payment","2024-06-14 04:05:35"
"","Error to add new customer payment [CP-240614122451]","Customer Payment","2024-06-14 04:24:51"
"","Finished customer payment [CP-240614122451]","Customer Payment","2024-06-14 04:24:51"
"","Error to add new customer payment [CP-240614133416]","Customer Payment","2024-06-14 05:34:16"
"","Finished customer payment [CP-240614133416]","Customer Payment","2024-06-14 05:34:16"
"Cheryl Kaye Labrador","Successfully Login","Login","2024-06-14 14:09:34"
"Benjie Val Lumawag","Successfully Login","Login","2024-06-14 14:16:13"
"Benjie Val Lumawag","Successfully Login","Login","2024-06-14 14:26:47"
"","Added new customer [Ebrono amay]","Customer","2024-06-14 14:27:33"
"","Added new customer [Apaw]","Customer","2024-06-14 14:47:15"
"","Error to add new customer payment [CP-240614154026]","Customer Payment","2024-06-14 07:40:26"
"","Finished customer payment [CP-240614154026]","Customer Payment","2024-06-14 07:40:26"
"","Added new customer [Allosa jhonatan]","Customer","2024-06-14 15:43:17"
"","Added new customer [Lagtason]","Customer","2024-06-14 16:32:14"
"","Error to add new customer payment [CP-240614164119]","Customer Payment","2024-06-14 08:41:19"
"","Finished customer payment [CP-240614164119]","Customer Payment","2024-06-14 08:41:19"
"Benjie Val Lumawag","Successfully Login","Login","2024-06-14 16:43:30"
"Benjie Val Lumawag","Updated product [Authority 480sc]","Product","2024-06-14 08:45:22"
"","Error to add new customer payment [CP-240614164603]","Customer Payment","2024-06-14 08:46:03"
"","Finished customer payment [CP-240614164603]","Customer Payment","2024-06-14 08:46:04"
"Benjie Val Lumawag","Successfully Login","Login","2024-06-14 17:01:33"
"","Added new customer [Jon2x Panday]","Customer","2024-06-14 17:30:26"
"","Error to add new customer payment [CP-240614180309]","Customer Payment","2024-06-14 10:03:09"
"","Finished customer payment [CP-240614180309]","Customer Payment","2024-06-14 10:03:09"
"","Error to add new customer payment [CP-240614180317]","Customer Payment","2024-06-14 10:03:17"
"","Finished customer payment [CP-240614180317]","Customer Payment","2024-06-14 10:03:17"
"Benjie Val Lumawag","Successfully Login","Login","2024-06-15 06:43:52"
"Benjie Val Lumawag","Added new product [Grace-1kg]","Product","2024-06-14 22:52:07"
"Cheryl Kaye Labrador","Successfully Login","Login","2024-06-15 07:04:34"
"","Added new customer [Geneses]","Customer","2024-06-15 08:48:50"
"","Error to add new customer payment [CP-240615090421]","Customer Payment","2024-06-15 01:04:21"
"","Finished customer payment [CP-240615090421]","Customer Payment","2024-06-15 01:04:21"
"","Error to add new customer payment [CP-240615090500]","Customer Payment","2024-06-15 01:05:00"
"","Finished customer payment [CP-240615090500]","Customer Payment","2024-06-15 01:05:00"
"","Error to add new customer payment [CP-240615090610]","Customer Payment","2024-06-15 01:06:10"
"","Finished customer payment [CP-240615090610]","Customer Payment","2024-06-15 01:06:10"
"","Added new customer [Macaagert]","Customer","2024-06-15 09:22:44"
"QL Branch","Successfully Login","Login","2024-06-15 11:08:26"
"Benjie Val Lumawag","Successfully Login","Login","2024-06-15 11:10:46"
"Benjie Val Lumawag","Successfully Login","Login","2024-06-15 11:15:35"
"Benjie Val Lumawag","Successfully Login","Login","2024-06-15 11:23:33"
"Cheryl Kaye Labrador","Successfully Login","Login","2024-06-15 12:56:38"
"Benjie Val Lumawag","Successfully Login","Login","2024-06-15 13:05:09"
"Benjie Val Lumawag","Added new product [BroadLast]","Product","2024-06-15 05:09:12"
"Benjie Val Lumawag","Added new product [Fascure 500ml]","Product","2024-06-15 05:09:59"
"Benjie Val Lumawag","Added new product [Frontier 100ml]","Product","2024-06-15 05:13:48"
"Benjie Val Lumawag","Added new product [Bayluscide 500ml]","Product","2024-06-15 05:15:16"
"Benjie Val Lumawag","Added new product [Grande-1Kg]","Product","2024-06-15 05:16:24"
"QL Branch","Successfully Login","Login","2024-06-15 13:21:38"
"Cheryl Kaye Labrador","Successfully Login","Login","2024-06-15 13:22:31"
"","Added new customer [Mantel]","Customer","2024-06-15 13:32:24"
"Benjie Val Lumawag","Successfully Login","Login","2024-06-15 14:22:05"
"Cheryl Kaye Labrador","Successfully Login","Login","2024-06-15 14:22:53"
"Benjie Val Lumawag","Successfully Login","Login","2024-06-15 14:26:49"
"QL Branch","Successfully Login","Login","2024-06-15 14:27:42"
"Cheryl Kaye Labrador","Successfully Login","Login","2024-06-15 14:31:01"
"","Added new customer [Torigusa]","Customer","2024-06-15 15:13:51"
"Benjie Val Lumawag","Successfully Login","Login","2024-06-15 15:42:56"
"Benjie Val Lumawag","Successfully Login","Login","2024-06-15 16:21:50"
"Cheryl Kaye Labrador","Successfully Login","Login","2024-06-15 16:46:48"
"QL Branch","Successfully Login","Login","2024-06-15 17:10:31"
"Benjie Val Lumawag","Successfully Login","Login","2024-06-15 17:14:46"
"Benjie Val Lumawag","Successfully Login","Login","2024-06-15 17:17:52"
"","Error to add new customer payment [CP-240615173257]","Customer Payment","2024-06-15 09:32:57"
"","Finished customer payment [CP-240615173257]","Customer Payment","2024-06-15 09:32:57"
"QL Branch","Successfully Login","Login","2024-06-15 17:50:02"
"Benjie Val Lumawag","Successfully Login","Login","2024-06-16 06:02:26"
"Benjie Val Lumawag","Successfully Login","Login","2024-06-16 06:25:34"
"Benjie Val Lumawag","Successfully Login","Login","2024-06-16 06:28:01"
"","Error to add new customer payment [CP-240616071344]","Customer Payment","2024-06-15 23:13:44"
"","Finished customer payment [CP-240616071344]","Customer Payment","2024-06-15 23:13:44"
"","Error to add new customer payment [CP-240616071404]","Customer Payment","2024-06-15 23:14:04"
"","Finished customer payment [CP-240616071404]","Customer Payment","2024-06-15 23:14:04"
"","Added new customer [Dimacoong]","Customer","2024-06-16 08:16:33"
"","Added new customer [boy2x merasol]","Customer","2024-06-16 08:39:16"
"","Added new customer [Acuna]","Customer","2024-06-16 11:51:01"
"","Added new customer [macasling]","Customer","2024-06-16 12:01:10"
"","Error to add new customer payment [CP-240616120721]","Customer Payment","2024-06-16 04:07:21"
"","Finished customer payment [CP-240616120721]","Customer Payment","2024-06-16 04:07:21"
"","Added new customer [ging2x aposaga]","Customer","2024-06-16 12:11:15"
"","Attempt to add existing customer [Belonio]","Customer","2024-06-16 12:11:19"
"","Attempt to add existing customer [Belonio]","Customer","2024-06-16 12:11:21"
"","Added new customer [Paulite]","Customer","2024-06-16 12:35:40"
"Cheryl Kaye Labrador","Successfully Login","Login","2024-06-16 12:44:00"
"","Error to add new customer payment [CP-240616124840]","Customer Payment","2024-06-16 04:48:40"
"","Finished customer payment [CP-240616124840]","Customer Payment","2024-06-16 04:48:40"
"QL Branch","Successfully Login","Login","2024-06-16 12:49:15"
"QL Branch","Successfully Login","Login","2024-06-16 12:58:05"
"Benjie Val Lumawag","Successfully Login","Login","2024-06-16 13:16:45"
"","Added new customer [Bustamanti]","Customer","2024-06-16 13:57:12"
"","Added new customer [Degusman]","Customer","2024-06-16 14:10:59"
"Benjie Val Lumawag","Successfully Login","Login","2024-06-16 14:17:56"
"","Error to add new customer payment [CP-240616142018]","Customer Payment","2024-06-16 06:20:18"
"","Finished customer payment [CP-240616142018]","Customer Payment","2024-06-16 06:20:19"
"","Error to add new customer payment [CP-240616142952]","Customer Payment","2024-06-16 06:29:52"
"","Added new customer [Natibidad]","Customer","2024-06-16 15:45:29"
"","Added new customer [jocaris]","Customer","2024-06-16 15:47:44"
"Benjie Val Lumawag","Successfully Login","Login","2024-06-16 16:51:12"
"","Error to add new customer payment [CP-240616170132]","Customer Payment","2024-06-16 09:01:32"
"","Finished customer payment [CP-240616170132]","Customer Payment","2024-06-16 09:01:32"
"QL Branch","Successfully Login","Login","2024-06-16 17:10:38"
"Benjie Val Lumawag","Successfully Login","Login","2024-06-16 21:42:25"
"Benjie Val Lumawag","Updated product [Glyzone-Gallon]","Product","2024-06-16 13:43:44"
"Benjie Val Lumawag","Updated product [4600-Amigo]","Product","2024-06-16 13:53:00"
"Benjie Val Lumawag","Updated product [4600-Atlas]","Product","2024-06-16 13:53:18"
"Benjie Val Lumawag","Updated product [4600-Atlas]","Product","2024-06-16 13:54:23"
"Benjie Val Lumawag","Successfully Login","Login","2024-06-17 06:14:54"
"Benjie Val Lumawag","Updated product [141414-Atlas]","Product","2024-06-16 22:15:34"
"","Added new customer [Amesteso]","Customer","2024-06-17 07:30:56"
"Cheryl Kaye Labrador","Successfully Login","Login","2024-06-17 07:44:56"
"","Error to add new customer payment [CP-240617090948]","Customer Payment","2024-06-17 01:09:48"
"","Finished customer payment [CP-240617090948]","Customer Payment","2024-06-17 01:09:48"
"QL Branch","Successfully Login","Login","2024-06-17 09:47:57"
"Benjie Val Lumawag","Successfully Login","Login","2024-06-17 10:40:39"
"Cheryl Kaye Labrador","Successfully Login","Login","2024-06-17 11:00:00"
"","Added new customer [Cornita]","Customer","2024-06-17 11:19:06"
"QL Branch","Successfully Login","Login","2024-06-17 11:39:28"
"Benjie Val Lumawag","Successfully Login","Login","2024-06-17 12:04:15"
"","Added new customer [Cantelyer]","Customer","2024-06-17 12:04:20"
"Benjie Val Lumawag","Updated product [2100-Atlas]","Product","2024-06-17 04:04:37"
"Cheryl Kaye Labrador","Successfully Login","Login","2024-06-17 12:12:44"
"Benjie Val Lumawag","Added new product [Piglet Booster- pack]","Product","2024-06-17 04:41:00"
"","Error to add new customer payment [CP-240617130420]","Customer Payment","2024-06-17 05:04:20"
"","Error to add new customer payment [CP-240617134138]","Customer Payment","2024-06-17 05:41:38"
"","Finished customer payment [CP-240617134138]","Customer Payment","2024-06-17 05:41:38"
"","Added new customer [tumawan]","Customer","2024-06-17 13:54:30"
"","Added new customer [Bebeng Balleras]","Customer","2024-06-17 15:33:22"
"","Error to add new customer payment [CP-240617153419]","Customer Payment","2024-06-17 07:34:19"
"","Finished customer payment [CP-240617153419]","Customer Payment","2024-06-17 07:34:19"
"Cheryl Kaye Labrador","Successfully Login","Login","2024-06-17 17:57:02"
"Cheryl Kaye Labrador","Successfully Login","Login","2024-06-18 07:06:59"
"Benjie Val Lumawag","Successfully Login","Login","2024-06-18 07:31:18"
"","Attempt to add existing customer [Macasaet]","Customer","2024-06-18 08:06:09"
"Benjie Val Lumawag","Successfully Login","Login","2024-06-18 08:50:06"
"Benjie Val Lumawag","Successfully Login","Login","2024-06-18 09:36:06"
"","Error to add new customer payment [CP-240618100015]","Customer Payment","2024-06-18 02:00:15"
"Cheryl Kaye Labrador","Successfully Login","Login","2024-06-18 10:03:02"
"QL Branch","Successfully Login","Login","2024-06-18 10:06:37"
"Benjie Val Lumawag","Successfully Login","Login","2024-06-18 10:38:41"
"","Added new customer [Marisa]","Customer","2024-06-18 10:40:16"
"","Added new customer [Brillo]","Customer","2024-06-18 11:48:09"
"Cheryl Kaye Labrador","Successfully Login","Login","2024-06-18 11:59:43"
"Benjie Val Lumawag","Successfully Login","Login","2024-06-18 12:35:20"
"","Error to add new customer payment [CP-240618125930]","Customer Payment","2024-06-18 04:59:30"
"","Finished customer payment [CP-240618125930]","Customer Payment","2024-06-18 04:59:30"
"","Attempt to add existing customer [saricaya]","Customer","2024-06-18 13:02:38"
"","Attempt to add existing customer [saricaya]","Customer","2024-06-18 13:02:40"
"Benjie Val Lumawag","Successfully Login","Login","2024-06-18 13:13:03"
"","Added new customer [Mac2x]","Customer","2024-06-18 13:52:40"
"QL Branch","Successfully Login","Login","2024-06-18 14:40:02"
"","Attempt to add existing customer [Banggay]","Customer","2024-06-18 14:51:11"
"","Added new customer [Charine]","Customer","2024-06-18 15:26:55"
"","Error to add new customer payment [CP-240618155134]","Customer Payment","2024-06-18 07:51:34"
"","Added new customer [Agramon Ricky]","Customer","2024-06-18 16:13:12"
"","Added new customer [Jehan Salic]","Customer","2024-06-18 16:43:40"
"QL Branch","Successfully Login","Login","2024-06-18 17:22:30"
"","Error to add new customer payment [CP-240618172508]","Customer Payment","2024-06-18 09:25:08"
"","Finished customer payment [CP-240618172508]","Customer Payment","2024-06-18 09:25:08"
"","Error to add new customer payment [CP-240618172515]","Customer Payment","2024-06-18 09:25:15"
"","Finished customer payment [CP-240618172515]","Customer Payment","2024-06-18 09:25:15"
"Benjie Val Lumawag","Successfully Login","Login","2024-06-18 18:06:01"
"Benjie Val Lumawag","Successfully Login","Login","2024-06-18 20:21:42"
"","Added new customer [Russia Lee Garbino Laa]","Customer","2024-06-19 06:33:23"
"Benjie Val Lumawag","Successfully Login","Login","2024-06-19 07:13:02"
"Cheryl Kaye Labrador","Successfully Login","Login","2024-06-19 07:34:46"
"Benjie Val Lumawag","Added new product [Diuron 1kg-OCC]","Product","2024-06-18 23:52:55"
"QL Branch","Successfully Login","Login","2024-06-19 07:55:30"
"Benjie Val Lumawag","Successfully Login","Login","2024-06-19 07:56:08"
"Benjie Val Lumawag","Updated product [Mancozeb]","Product","2024-06-19 00:06:09"
"Benjie Val Lumawag","Successfully Login","Login","2024-06-19 08:10:45"
"Benjie Val Lumawag","Updated product [Calcium-bot]","Product","2024-06-19 00:11:27"
"Benjie Val Lumawag","Added new product [Doxylab-Tablet]","Product","2024-06-19 00:13:15"
"Benjie Val Lumawag","Added new product [Waterer 1/4 gal]","Product","2024-06-19 00:13:53"
"Benjie Val Lumawag","Added new product [Egg 1000]","Product","2024-06-19 00:15:32"
"","Error to add new customer payment [CP-240619082529]","Customer Payment","2024-06-19 00:25:29"
"","Finished customer payment [CP-240619082529]","Customer Payment","2024-06-19 00:25:29"
"Benjie Val Lumawag","Updated product [B12-Tablet] => [B12-Capsule]","Product","2024-06-19 00:28:52"
"Benjie Val Lumawag","Added new product [B12-tablet]","Product","2024-06-19 00:44:31"
"Benjie Val Lumawag","Added new product [B12-Bottle]","Product","2024-06-19 00:47:17"
"Benjie Val Lumawag","Successfully Login","Login","2024-06-19 09:21:16"
"Benjie Val Lumawag","Updated product [B12-Bottle]","Product","2024-06-19 01:21:45"
"Benjie Val Lumawag","Added new product [True Grit]","Product","2024-06-19 01:26:48"
"Benjie Val Lumawag","Added new supplier [CMJ Veterinary Products Trading]","Supplier","2024-06-19 01:31:11"
"","Added new customer [Datu ali Sampulna]","Customer","2024-06-19 10:17:04"
"Cheryl Kaye Labrador","Successfully Login","Login","2024-06-19 10:31:07"
"Benjie Val Lumawag","Added new supplier [Bragat Store]","Supplier","2024-06-19 03:02:41"
"Benjie Val Lumawag","Updated product [Excel-Grower-Sack]","Product","2024-06-19 03:21:56"
"Benjie Val Lumawag","Updated product [Excel-Finisher-Sack]","Product","2024-06-19 03:22:37"
"Benjie Val Lumawag","Updated product [Excel-Gestating-sack]","Product","2024-06-19 03:24:03"
"Benjie Val Lumawag","Successfully Login","Login","2024-06-19 12:30:17"
"","Added new customer [Balogo Dennis]","Customer","2024-06-19 13:03:37"
"","Added new customer [mamucao noraisa]","Customer","2024-06-19 13:31:37"
"","Added new customer [brillo jocelyn]","Customer","2024-06-19 13:55:23"
"","Attempt to add existing customer [brillo jocelyn]","Customer","2024-06-19 13:55:23"
"Benjie Val Lumawag","Successfully Login","Login","2024-06-19 13:55:50"
"","Added new customer [Naki anabel]","Customer","2024-06-19 14:05:48"
"","Added new customer [moralis,tuesday]","Customer","2024-06-19 14:12:33"
"Benjie Val Lumawag","Successfully Login","Login","2024-06-19 14:39:05"
"","Added new customer [Bali]","Customer","2024-06-19 14:51:18"
"Benjie Val Lumawag","Added new product [Top Rank-pack]","Product","2024-06-19 07:09:00"
"Benjie Val Lumawag","Successfully Login","Login","2024-06-19 15:20:28"
"Cheryl Kaye Labrador","Successfully Login","Login","2024-06-19 15:35:42"
"Benjie Val Lumawag","Successfully Login","Login","2024-06-19 16:07:30"
"","Error to add new customer payment [CP-240619161058]","Customer Payment","2024-06-19 08:10:58"
"","Error to add new customer payment [CP-240619161229]","Customer Payment","2024-06-19 08:12:29"
"","Added new customer [margarito]","Customer","2024-06-19 16:41:00"
"QL Branch","Successfully Login","Login","2024-06-19 16:57:08"
"","Error to add new customer payment [CP-240619170212]","Customer Payment","2024-06-19 09:02:12"
"Benjie Val Lumawag","Successfully Login","Login","2024-06-19 17:08:23"
"Benjie Val Lumawag","Added new product [Yield Master-202020]","Product","2024-06-19 09:22:35"
"Benjie Val Lumawag","Added new product [Yield Master-151530]","Product","2024-06-19 09:23:00"
"Benjie Val Lumawag","Added new product [Niclomax 70wp]","Product","2024-06-19 09:24:31"
"Benjie Val Lumawag","Added new product [Souji 200-lit]","Product","2024-06-19 09:26:34"
"","Error to add new customer payment [CP-240619174744]","Customer Payment","2024-06-19 09:47:44"
"","Finished customer payment [CP-240619174744]","Customer Payment","2024-06-19 09:47:44"
"Benjie Val Lumawag","Successfully Login","Login","2024-06-19 17:52:44"
"Benjie Val Lumawag","Successfully Login","Login","2024-06-20 06:10:56"
"Benjie Val Lumawag","Updated product [Niclomax 70wp]","Product","2024-06-19 22:11:17"
"","Added new customer [camo]","Customer","2024-06-20 06:21:26"
"","Added new customer [jerome pagiya]","Customer","2024-06-20 07:06:01"
"Cheryl Kaye Labrador","Successfully Login","Login","2024-06-20 07:42:47"
"","Added new customer [esponasa]","Customer","2024-06-20 08:11:31"
"","Added new customer [espinosa]","Customer","2024-06-20 08:13:02"
"","Added new customer [Bullos Werren]","Customer","2024-06-20 08:43:09"
"","Added new customer [malik]","Customer","2024-06-20 08:57:35"
"QL Branch","Successfully Login","Login","2024-06-20 09:07:30"
"","Added new customer [malagit]","Customer","2024-06-20 10:04:12"
"","Added new customer [Temaraw]","Customer","2024-06-20 10:08:53"
"","Error to add new customer payment [CP-240620101841]","Customer Payment","2024-06-20 02:18:41"
"","Finished customer payment [CP-240620101841]","Customer Payment","2024-06-20 02:18:41"
"Benjie Val Lumawag","Successfully Login","Login","2024-06-20 10:50:11"
"","Attempt to add existing customer [alpuerto]","Customer","2024-06-20 10:57:23"
"","Added new customer [alpuerto1]","Customer","2024-06-20 10:57:38"
"","Added new customer [bastargo violeta]","Customer","2024-06-20 11:04:54"
"","Error to add new customer payment [CP-240620113548]","Customer Payment","2024-06-20 03:35:48"
"","Finished customer payment [CP-240620113548]","Customer Payment","2024-06-20 03:35:48"
"Cheryl Kaye Labrador","Successfully Login","Login","2024-06-20 12:23:33"
"","Attempt to add existing customer [1]","Customer","2024-06-20 13:05:31"
"","Added new customer [PERIZ]","Customer","2024-06-20 13:05:38"
"","Attempt to add existing customer [Pedro]","Customer","2024-06-20 13:09:36"
"","Error to add new customer payment [CP-240620143936]","Customer Payment","2024-06-20 06:39:36"
"","Error to add new customer payment [CP-240620150243]","Customer Payment","2024-06-20 07:02:43"
"","Finished customer payment [CP-240620150243]","Customer Payment","2024-06-20 07:02:43"
"QL Branch","Successfully Login","Login","2024-06-20 15:04:16"
"Cheryl Kaye Labrador","Successfully Login","Login","2024-06-20 15:22:47"
"","Error to add new customer payment [CP-240620160501]","Customer Payment","2024-06-20 08:05:01"
"Benjie Val Lumawag","Successfully Login","Login","2024-06-20 16:14:19"
"","Error to add new customer payment [CP-240620163703]","Customer Payment","2024-06-20 08:37:03"
"","Finished customer payment [CP-240620163703]","Customer Payment","2024-06-20 08:37:03"
"Cheryl Kaye Labrador","Successfully Login","Login","2024-06-20 17:13:23"
"","Added new customer [Paller]","Customer","2024-06-21 06:20:39"
"Cheryl Kaye Labrador","Successfully Login","Login","2024-06-21 06:33:56"
"QL Branch","Successfully Login","Login","2024-06-21 07:17:02"
"Cheryl Kaye Labrador","Successfully Login","Login","2024-06-21 07:26:12"
"","Added new customer [makampang]","Customer","2024-06-21 07:32:28"
"","Added new customer [makaampang]","Customer","2024-06-21 07:33:04"
"","Attempt to add existing customer [allosa]","Customer","2024-06-21 07:33:49"
"","Added new customer [Gloria rhando]","Customer","2024-06-21 08:16:28"
"Benjie Val Lumawag","Successfully Login","Login","2024-06-21 08:28:21"
"","Added new customer [Benje Intatano]","Customer","2024-06-21 09:48:44"
"","Attempt to add existing customer [ESPINOSA]","Customer","2024-06-21 10:56:44"
"","Attempt to add existing customer [ESPINOSA]","Customer","2024-06-21 10:56:45"
"","Attempt to add existing customer [ESPINOSA]","Customer","2024-06-21 10:56:54"
"","Attempt to add existing customer [ESPINOSA]","Customer","2024-06-21 10:56:55"
"","Attempt to add existing customer [ESPINOSA]","Customer","2024-06-21 10:56:55"
"","Attempt to add existing customer [Espinosa]","Customer","2024-06-21 10:57:16"
"","Attempt to add existing customer [Espinosa]","Customer","2024-06-21 10:57:17"
"Cheryl Kaye Labrador","Successfully Login","Login","2024-06-21 11:43:33"
"Benjie Val Lumawag","Successfully Login","Login","2024-06-21 12:48:45"
"Benjie Val Lumawag","Updated product [Sweep Gallon- Cases]","Product","2024-06-21 04:51:28"
"","Added new customer [MAKAUMBOS]","Customer","2024-06-21 12:57:50"
"QL Branch","Successfully Login","Login","2024-06-21 13:08:15"
"","Added new customer [BENIRO]","Customer","2024-06-21 13:41:12"
"","Added new customer [chabis]","Customer","2024-06-21 14:13:26"
"Cheryl Kaye Labrador","Successfully Login","Login","2024-06-21 14:28:47"
"","Attempt to add existing customer [TALIB]","Customer","2024-06-21 14:30:42"
"","Attempt to add existing customer [TALIB]","Customer","2024-06-21 14:30:46"
"","Attempt to add existing customer [TALIB]","Customer","2024-06-21 14:31:08"
"","Attempt to add existing customer [Talib]","Customer","2024-06-21 14:31:31"
"","Attempt to add existing customer [TALIB]","Customer","2024-06-21 14:31:40"
"","Attempt to add existing customer [1]","Customer","2024-06-21 14:31:42"
"","Added new customer [TALEB]","Customer","2024-06-21 14:31:54"
"QL Branch","Successfully Login","Login","2024-06-21 15:04:36"
"","Error to add new customer payment [CP-240621152147]","Customer Payment","2024-06-21 07:21:47"
"","Finished customer payment [CP-240621152147]","Customer Payment","2024-06-21 07:21:47"
"","Added new customer [jebolan]","Customer","2024-06-21 16:22:15"
"","Added new customer [AMPC Agri Supply]","Customer","2024-06-21 16:42:31"
"Benjie Val Lumawag","Successfully Login","Login","2024-06-22 06:22:03"
"","Added new customer [Acabo]","Customer","2024-06-22 06:58:38"
"Benjie Val Lumawag","Successfully Login","Login","2024-06-22 08:11:02"
"","Added new customer [Adapan]","Customer","2024-06-22 09:46:58"
"","Added new customer [talosan]","Customer","2024-06-22 10:37:54"
"","Added new customer [Asong]","Customer","2024-06-22 10:47:49"
"","Error to add new customer payment [CP-240622112817]","Customer Payment","2024-06-22 03:28:17"
"","Finished customer payment [CP-240622112817]","Customer Payment","2024-06-22 03:28:18"
"QL Branch","Successfully Login","Login","2024-06-22 12:05:13"
"","Error to add new customer payment [CP-240622130100]","Customer Payment","2024-06-22 05:01:00"
"","Finished customer payment [CP-240622130100]","Customer Payment","2024-06-22 05:01:00"
"","Added new customer [Manlangit]","Customer","2024-06-22 13:12:20"
"Benjie Val Lumawag","Successfully Login","Login","2024-06-22 13:30:46"
"Benjie Val Lumawag","Successfully Login","Login","2024-06-22 13:40:11"
"Benjie Val Lumawag","Updated product [Firestorm- Gallon]","Product","2024-06-22 05:48:53"
"","Attempt to add existing customer [macaumbos]","Customer","2024-06-22 15:53:41"
"","Added new customer [Daud]","Customer","2024-06-22 15:56:57"
"Benjie Val Lumawag","Successfully Login","Login","2024-06-22 16:16:32"
"","Added new customer [Yuting]","Customer","2024-06-23 06:13:05"
"","Added new customer [Remark naranja]","Customer","2024-06-23 06:26:59"
"Benjie Val Lumawag","Successfully Login","Login","2024-06-23 07:00:43"
"QL Branch","Successfully Login","Login","2024-06-23 07:01:44"
"Benjie Val Lumawag","Successfully Login","Login","2024-06-23 08:06:25"
"","Added new customer [Tigbaw]","Customer","2024-06-23 10:28:48"
"","Added new customer [Sandoval]","Customer","2024-06-23 10:37:21"
"Cheryl Kaye Labrador","Successfully Login","Login","2024-06-23 11:11:57"
"","Added new customer [Mithofer]","Customer","2024-06-23 11:56:20"
"","Attempt to add existing customer [Mithofer]","Customer","2024-06-23 11:56:20"
"","Added new customer [Istoconeng]","Customer","2024-06-23 12:11:19"
"","Added new customer [Silongan]","Customer","2024-06-23 12:39:33"
"","Added new customer [macatan]","Customer","2024-06-23 14:27:05"
"","Error to add new customer payment [CP-240623145818]","Customer Payment","2024-06-23 06:58:18"
"","Finished customer payment [CP-240623145818]","Customer Payment","2024-06-23 06:58:18"
"","Error to add new customer payment [CP-240623154319]","Customer Payment","2024-06-23 07:43:19"
"","Finished customer payment [CP-240623154319]","Customer Payment","2024-06-23 07:43:19"
"Cheryl Kaye Labrador","Successfully Login","Login","2024-06-23 15:46:28"
"","Added new customer [solayman]","Customer","2024-06-23 15:48:57"
"Cheryl Kaye Labrador","Successfully Login","Login","2024-06-23 16:05:18"
"QL Branch","Successfully Login","Login","2024-06-23 16:32:02"
"","Error to add new customer payment [CP-240623174056]","Customer Payment","2024-06-23 09:40:56"
"","Finished customer payment [CP-240623174056]","Customer Payment","2024-06-23 09:40:57"
"Benjie Val Lumawag","Successfully Login","Login","2024-06-23 17:54:23"
"Benjie Val Lumawag","Updated product [Sack-Used]","Product","2024-06-23 09:58:14"
"Benjie Val Lumawag","Successfully Login","Login","2024-06-23 18:04:26"
"Benjie Val Lumawag","Successfully Login","Login","2024-06-23 21:37:43"
"Cheryl Kaye Labrador","Successfully Login","Login","2024-06-24 06:37:21"
"Benjie Val Lumawag","Successfully Login","Login","2024-06-24 07:20:09"
"QL Branch","Successfully Login","Login","2024-06-24 08:07:53"
"Cheryl Kaye Labrador","Successfully Login","Login","2024-06-24 08:41:33"
"Benjie Val Lumawag","Successfully Login","Login","2024-06-24 08:59:17"
"Benjie Val Lumawag","Updated product [4600-Atlas]","Product","2024-06-24 00:59:53"
"Benjie Val Lumawag","Updated product [4600-Harvester]","Product","2024-06-24 01:00:19"
"Benjie Val Lumawag","Updated product [4600-Amigo]","Product","2024-06-24 01:00:39"
"","Added new customer [pechora]","Customer","2024-06-24 10:07:55"
"","Added new customer [Falle ]","Customer","2024-06-24 10:21:21"
"Cheryl Kaye Labrador","Successfully Login","Login","2024-06-24 10:23:35"
"","Added new customer [selisti]","Customer","2024-06-24 10:23:35"
"Cheryl Kaye Labrador","Successfully Login","Login","2024-06-24 11:14:19"
"QL Branch","Successfully Login","Login","2024-06-24 11:18:02"
"","Added new customer [balderama]","Customer","2024-06-24 11:23:20"
"QL Branch","Successfully Login","Login","2024-06-24 14:26:20"
"","Added new customer [Olais]","Customer","2024-06-24 14:35:15"
"","Added new customer [Nebla nonolano]","Customer","2024-06-24 14:40:33"
"Benjie Val Lumawag","Successfully Login","Login","2024-06-24 16:47:51"
"Cheryl Kaye Labrador","Successfully Login","Login","2024-06-24 17:10:16"
"Benjie Val Lumawag","Successfully Login","Login","2024-06-24 18:15:35"
"","Added new customer [tuwanda]","Customer","2024-06-25 07:17:52"
"","Attempt to add existing customer [Cabilla]","Customer","2024-06-25 07:35:20"
"","Attempt to add existing customer [Cabilla]","Customer","2024-06-25 07:35:22"
"","Attempt to add existing customer [Tapa]","Customer","2024-06-25 09:01:58"
"","Attempt to add existing customer [Tapa]","Customer","2024-06-25 09:02:02"
"","Added new customer [Afableg]","Customer","2024-06-25 09:29:50"
"","Added new customer [Afable]","Customer","2024-06-25 09:30:51"
"","Error to add new customer payment [CP-240625094625]","Customer Payment","2024-06-25 01:46:25"
"","Finished customer payment [CP-240625094625]","Customer Payment","2024-06-25 01:46:26"
"QL Branch","Successfully Login","Login","2024-06-25 10:09:50"
"","Error to add new customer payment [CP-240625102404]","Customer Payment","2024-06-25 02:24:04"
"","Error to add new customer payment [CP-240625103445]","Customer Payment","2024-06-25 02:34:45"
"","Finished customer payment [CP-240625103445]","Customer Payment","2024-06-25 02:34:45"
"Cheryl Kaye Labrador","Successfully Login","Login","2024-06-25 11:21:32"
"Cheryl Kaye Labrador","Successfully Login","Login","2024-06-25 11:35:57"
"QL Branch","Successfully Login","Login","2024-06-25 13:18:07"
"Cheryl Kaye Labrador","Successfully Login","Login","2024-06-25 14:13:31"
"Benjie Val Lumawag","Successfully Login","Login","2024-06-25 14:48:10"
"","Added new customer [Cuta]","Customer","2024-06-25 14:59:25"
"","Added new customer [cardino]","Customer","2024-06-25 15:14:45"
"Benjie Val Lumawag","Successfully Login","Login","2024-06-25 15:30:20"
"Cheryl Kaye Labrador","Successfully Login","Login","2024-06-25 15:32:56"
"Benjie Val Lumawag","Successfully Login","Login","2024-06-25 15:45:04"
"Cheryl Kaye Labrador","Successfully Login","Login","2024-06-25 15:48:19"
"","Error to add new customer payment [CP-240625162310]","Customer Payment","2024-06-25 08:23:10"
"","Finished customer payment [CP-240625162310]","Customer Payment","2024-06-25 08:23:10"
"Benjie Val Lumawag","Successfully Login","Login","2024-06-25 16:27:51"
"Benjie Val Lumawag","Updated product [Firestorm- Gallon]","Product","2024-06-25 08:30:50"
"Benjie Val Lumawag","Updated product [Spitfire - Gallon]","Product","2024-06-25 08:31:04"
"Benjie Val Lumawag","Updated product [Spitfire - Gallon]","Product","2024-06-25 08:31:23"
"","Error to add new customer payment [CP-240625163151]","Customer Payment","2024-06-25 08:31:51"
"Benjie Val Lumawag","Added new product [Hitman Lit]","Product","2024-06-25 08:34:28"
"","Added new customer [Tawakal]","Customer","2024-06-25 16:38:50"
"Cheryl Kaye Labrador","Successfully Login","Login","2024-06-25 16:42:42"
"Benjie Val Lumawag","Successfully Login","Login","2024-06-25 16:43:36"
"Cheryl Kaye Labrador","Successfully Login","Login","2024-06-25 16:51:13"
"Benjie Val Lumawag","Successfully Login","Login","2024-06-25 18:48:44"
"","Error to add new customer payment [CP-240625190430]","Customer Payment","2024-06-25 11:04:30"
"","Finished customer payment [CP-240625190430]","Customer Payment","2024-06-25 11:04:30"
"","Error to add new customer payment [CP-240625190507]","Customer Payment","2024-06-25 11:05:07"
"","Finished customer payment [CP-240625190507]","Customer Payment","2024-06-25 11:05:08"
"Benjie Val Lumawag","Successfully Login","Login","2024-06-26 06:24:15"
"Cheryl Kaye Labrador","Successfully Login","Login","2024-06-26 07:00:14"
"Cheryl Kaye Labrador","Successfully Login","Login","2024-06-26 09:50:12"
"","Added new customer [Apdan]","Customer","2024-06-26 12:33:58"
"QL Branch","Successfully Login","Login","2024-06-26 12:44:26"
"QL Branch","Successfully Login","Login","2024-06-26 12:54:43"
"QL Branch","Successfully Login","Login","2024-06-26 12:56:51"
"","Added new customer [arido r-gie]","Customer","2024-06-26 12:58:41"
"Cheryl Kaye Labrador","Successfully Login","Login","2024-06-26 13:03:57"
"","Error to add new customer payment [CP-240626162704]","Customer Payment","2024-06-26 08:27:04"
"","Finished customer payment [CP-240626162704]","Customer Payment","2024-06-26 08:27:04"
"","Error to add new customer payment [CP-240626162814]","Customer Payment","2024-06-26 08:28:14"
"","Finished customer payment [CP-240626162814]","Customer Payment","2024-06-26 08:28:15"
"Cheryl Kaye Labrador","Successfully Login","Login","2024-06-26 16:54:00"
"Benjie Val Lumawag","Successfully Login","Login","2024-06-26 17:16:01"
"Benjie Val Lumawag","Added new product [Richmade-Legion 3+ ]","Product","2024-06-26 09:19:26"
"Benjie Val Lumawag","Added new product [Richmade-Legion 3 plus kg]","Product","2024-06-26 09:20:06"
"Benjie Val Lumawag","Updated product [Richmade-Legion 3+ ] => [Richmade-Legion 3+  sack]","Product","2024-06-26 09:20:18"
"Cheryl Kaye Labrador","Successfully Login","Login","2024-06-26 17:20:59"
"Benjie Val Lumawag","Successfully Login","Login","2024-06-26 21:12:40"
"Benjie Val Lumawag","Added new supplier [National Bookstore]","Supplier","2024-06-26 13:15:54"
"Benjie Val Lumawag","Successfully Login","Login","2024-06-26 21:33:21"
"Benjie Val Lumawag","Successfully Login","Login","2024-06-26 21:36:50"
"Benjie Val Lumawag","Successfully Login","Login","2024-06-26 21:39:10"
"Benjie Val Lumawag","Successfully Login","Login","2024-06-27 05:21:11"
"Benjie Val Lumawag","Updated product [4600-Amigo]","Product","2024-06-26 21:22:09"
"Benjie Val Lumawag","Updated product [4600-Atlas]","Product","2024-06-26 21:22:23"
"Benjie Val Lumawag","Updated product [4600-Harvester]","Product","2024-06-26 21:22:38"
"Benjie Val Lumawag","Successfully Login","Login","2024-06-27 06:05:12"
"Benjie Val Lumawag","Successfully Login","Login","2024-06-27 06:10:10"
"Cheryl Kaye Labrador","Successfully Login","Login","2024-06-27 07:37:33"
"","Added new customer [Halili]","Customer","2024-06-27 08:49:36"
"Benjie Val Lumawag","Successfully Login","Login","2024-06-27 09:44:38"
"Cheryl Kaye Labrador","Added new supplier [A.G PLANET AGRI SUpply]","Supplier","2024-06-27 02:19:20"
"QL Branch","Successfully Login","Login","2024-06-27 10:48:02"
"","Error to add new customer payment [CP-240627110630]","Customer Payment","2024-06-27 03:06:30"
"","Finished customer payment [CP-240627110630]","Customer Payment","2024-06-27 03:06:30"
"","Added new customer [paguntalan]","Customer","2024-06-27 11:18:17"
"","Added new customer [Arah]","Customer","2024-06-27 11:38:07"
"Cheryl Kaye Labrador","Successfully Login","Login","2024-06-27 12:14:07"
"Benjie Val Lumawag","Successfully Login","Login","2024-06-27 12:22:33"
"Benjie Val Lumawag","Updated product [Suprema - kalabasa]","Product","2024-06-27 04:23:10"
"Cheryl Kaye Labrador","Successfully Login","Login","2024-06-27 12:56:00"
"","Added new customer [Ledira]","Customer","2024-06-27 13:35:57"
"Cheryl Kaye Labrador","Successfully Login","Login","2024-06-27 14:49:11"
"QL Branch","Successfully Login","Login","2024-06-27 16:05:16"
"Benjie Val Lumawag","Successfully Login","Login","2024-06-27 16:38:28"
"Benjie Val Lumawag","Successfully Login","Login","2024-06-28 05:49:34"
"Benjie Val Lumawag","Updated product [4600- Sunrise]","Product","2024-06-27 21:52:41"
"Benjie Val Lumawag","Updated product [Round up - Gallon]","Product","2024-06-27 21:53:17"
"Benjie Val Lumawag","Updated product [Clear out 4L]","Product","2024-06-27 21:54:01"
"","Added new customer [salde]","Customer","2024-06-28 06:30:15"
"Cheryl Kaye Labrador","Successfully Login","Login","2024-06-28 06:51:25"
"","Error to add new customer payment [CP-240628083757]","Customer Payment","2024-06-28 00:37:57"
"Cheryl Kaye Labrador","Successfully Login","Login","2024-06-28 09:24:26"
"QL Branch","Successfully Login","Login","2024-06-28 09:45:54"
"","Error to add new customer payment [CP-240628100137]","Customer Payment","2024-06-28 02:01:37"
"","Finished customer payment [CP-240628100137]","Customer Payment","2024-06-28 02:01:38"
"","Error to add new customer payment [CP-240628112153]","Customer Payment","2024-06-28 03:21:53"
"","Finished customer payment [CP-240628112153]","Customer Payment","2024-06-28 03:21:53"
"QL Branch","Successfully Login","Login","2024-06-28 11:23:44"
"Cheryl Kaye Labrador","Successfully Login","Login","2024-06-28 11:47:20"
"","Attempt to add existing customer [bacan]","Customer","2024-06-28 12:21:58"
"","Attempt to add existing customer [bacan]","Customer","2024-06-28 12:22:07"
"Cheryl Kaye Labrador","Successfully Login","Login","2024-06-28 14:26:13"
"","Error to add new customer payment [CP-240628150954]","Customer Payment","2024-06-28 07:09:54"
"","Finished customer payment [CP-240628150954]","Customer Payment","2024-06-28 07:09:55"
"","Error to add new customer payment [CP-240628151043]","Customer Payment","2024-06-28 07:10:43"
"","Finished customer payment [CP-240628151043]","Customer Payment","2024-06-28 07:10:43"
"Cheryl Kaye Labrador","Successfully Login","Login","2024-06-28 15:32:40"
"Cheryl Kaye Labrador","Successfully Login","Login","2024-06-28 15:51:01"
"Cheryl Kaye Labrador","Successfully Login","Login","2024-06-28 15:54:51"
"","Added new customer [dominggo]","Customer","2024-06-28 16:21:57"
"Benjie Val Lumawag","Successfully Login","Login","2024-06-28 17:11:33"
"Benjie Val Lumawag","Added new supplier [Pantua Agri Supply]","Supplier","2024-06-28 09:12:50"
"","Added new customer [manaros]","Customer","2024-06-28 17:16:39"
"QL Branch","Successfully Login","Login","2024-06-28 17:43:45"
"Cheryl Kaye Labrador","Successfully Login","Login","2024-06-29 07:15:57"
"Benjie Val Lumawag","Successfully Login","Login","2024-06-29 07:17:34"
"Benjie Val Lumawag","Added new supplier [Caranay Rice Dealer]","Supplier","2024-06-28 23:18:08"
"","Error to add new customer payment [CP-240629102525]","Customer Payment","2024-06-29 02:25:25"
"","Finished customer payment [CP-240629102525]","Customer Payment","2024-06-29 02:25:25"
"QL Branch","Successfully Login","Login","2024-06-29 10:46:57"
"Cheryl Kaye Labrador","Successfully Login","Login","2024-06-29 10:57:44"
"Cheryl Kaye Labrador","Successfully Login","Login","2024-06-29 11:33:42"
"","Added new customer [abaya d.]","Customer","2024-06-29 11:42:28"
"QL Branch","Successfully Login","Login","2024-06-29 13:31:24"
"Cheryl Kaye Labrador","Successfully Login","Login","2024-06-29 14:17:26"
"","Added new customer [ganea]","Customer","2024-06-29 14:35:54"
"","Added new customer [lases]","Customer","2024-06-29 14:45:25"
"Benjie Val Lumawag","Successfully Login","Login","2024-06-29 15:11:23"
"","Error to add new customer payment [CP-240629151543]","Customer Payment","2024-06-29 07:15:43"
"","Finished customer payment [CP-240629151543]","Customer Payment","2024-06-29 07:15:43"
"","Added new customer [Comanqua]","Customer","2024-06-29 15:38:55"
"","Error to add new customer payment [CP-240629154548]","Customer Payment","2024-06-29 07:45:48"
"QL Branch","Successfully Login","Login","2024-06-29 16:17:47"
"Cheryl Kaye Labrador","Successfully Login","Login","2024-06-30 06:45:30"
"Cheryl Kaye Labrador","Successfully Login","Login","2024-06-30 06:50:38"
"","Added new customer [gobing]","Customer","2024-06-30 09:43:51"
"QL Branch","Successfully Login","Login","2024-06-30 11:45:55"
"QL Branch","Successfully Login","Login","2024-06-30 11:47:32"
"QL Branch","Successfully Login","Login","2024-06-30 11:48:53"
"QL Branch","Successfully Login","Login","2024-06-30 12:34:36"
"","Added new customer [mamucao]","Customer","2024-06-30 13:35:15"
"Cheryl Kaye Labrador","Successfully Login","Login","2024-06-30 13:53:32"
"Cheryl Kaye Labrador","Successfully Login","Login","2024-06-30 13:56:35"
"Benjie Val Lumawag","Successfully Login","Login","2024-06-30 14:04:25"
"","Added new customer [Mangendali]","Customer","2024-06-30 14:30:35"
"","Added new customer [servigon]","Customer","2024-06-30 14:56:58"
"Benjie Val Lumawag","Successfully Login","Login","2024-06-30 16:46:03"
"Benjie Val Lumawag","Updated product [141414-Amigo]","Product","2024-06-30 08:46:35"
"","Added new customer [Rowena]","Customer","2024-06-30 17:00:48"
"QL Branch","Successfully Login","Login","2024-06-30 17:08:21"
"","Error to add new customer payment [CP-240701071729]","Customer Payment","2024-06-30 23:17:29"
"","Finished customer payment [CP-240701071729]","Customer Payment","2024-06-30 23:17:30"
