"Benjie Val Lumawag","Successfully Login","Login","2023-05-01 00:57:54"
"","Added new customer [Ganuhay]","Customer","2023-05-01 05:20:18"
"Benjie Val Lumawag","Error to add new customer payment [CP-230501065120]","Customer Payment","2023-05-01 06:51:28"
"Benjie Val Lumawag","Finished customer payment [CP-230501065120]","Customer Payment","2023-05-01 06:54:38"
"Benjie Val Lumawag","Error to add new customer payment [CP-230501065440]","Customer Payment","2023-05-01 06:54:51"
"","Error to add new customer payment [CP-230501082448]","Customer Payment","2023-05-01 06:24:48"
"Benjie Val Lumawag","Error to add new customer payment [CP-230501092341]","Customer Payment","2023-05-01 09:23:59"
"Benjie Val Lumawag","Finished customer payment [CP-230501092341]","Customer Payment","2023-05-01 09:24:17"
"Benjie Val Lumawag","Successfully Login","Login","2023-05-02 00:01:29"
"","Added new customer [Bioseed- Kim]","Customer","2023-05-02 03:42:40"
"Benjie Val Lumawag","Added new price notice [PN-20230502050841]","Price Notice","2023-05-02 05:08:43"
"Benjie Val Lumawag","Added new detail of price notice [PN-20230502050841] : [Round up- liter 580.00 ->  500]","Price Notice","2023-05-02 05:08:53"
"Benjie Val Lumawag","Added new detail of price notice [PN-20230502050841] : [2100-Agro Planters 780.00 ->  750]","Price Notice","2023-05-02 05:09:09"
"Benjie Val Lumawag","Added new detail of price notice [PN-20230502050841] : [2100-Atlas 820.00 ->  780]","Price Notice","2023-05-02 05:09:15"
"Benjie Val Lumawag","Finished price notice [PN-20230502050841]","Price Notice","2023-05-02 05:09:51"
"","Implemented price notice [PN-20230502050841]","Price Notice","2023-05-02 05:09:56"
"Benjie Val Lumawag","Error to add new customer payment [CP-230502051734]","Customer Payment","2023-05-02 05:17:48"
"Benjie Val Lumawag","Finished customer payment [CP-230502051734]","Customer Payment","2023-05-02 05:18:19"
"","Added new customer [Tamayo, Ronald]","Customer","2023-05-02 05:51:45"
"Benjie Val Lumawag","Successfully Login","Login","2023-05-02 08:56:15"
"","Error to add new customer payment [CP-230503000218]","Customer Payment","2023-05-02 22:02:18"
"Benjie Val Lumawag","Successfully Login","Login","2023-05-03 00:45:28"
"Benjie Val Lumawag","Error to add new customer payment [CP-230503004536]","Customer Payment","2023-05-03 00:45:45"
"Benjie Val Lumawag","Finished customer payment [CP-230503004536]","Customer Payment","2023-05-03 01:51:41"
"Benjie Val Lumawag","Added new product [Diuron- FKA]","Product","2023-05-03 06:06:54"
"","Added new customer [Guimba]","Customer","2023-05-03 06:42:17"
"Benjie Val Lumawag","Error to add new customer payment [CP-230503073059]","Customer Payment","2023-05-03 07:31:05"
"Benjie Val Lumawag","Finished customer payment [CP-230503073059]","Customer Payment","2023-05-03 07:31:18"
"Benjie Val Lumawag","Successfully Login","Login","2023-05-04 04:21:54"
"Benjie Val Lumawag","Updated product [Klear weed- Gallon]","Product","2023-05-04 04:22:09"
"Benjie Val Lumawag","Updated product [Firestorm- Gallon]","Product","2023-05-04 04:22:23"
"Benjie Val Lumawag","Updated product [4600-Amigo]","Product","2023-05-04 04:28:26"
"Benjie Val Lumawag","Error to add new customer payment [CP-230504054429]","Customer Payment","2023-05-04 05:44:35"
"Benjie Val Lumawag","Finished customer payment [CP-230504054429]","Customer Payment","2023-05-04 05:44:58"
"Benjie Val Lumawag","Successfully Login","Login","2023-05-05 04:11:41"
"","Added new customer [Sarita]","Customer","2023-05-05 04:16:21"
"Benjie Val Lumawag","Successfully Login","Login","2023-05-05 07:26:35"
"Benjie Val Lumawag","Successfully Login","Login","2023-05-05 23:52:10"
"","Added new customer [Dinampo]","Customer","2023-05-06 08:26:06"
"","Error to add new customer payment [CP-230506091530]","Customer Payment","2023-05-06 07:15:30"
"Benjie Val Lumawag","Updated product [24D-Amine Gal - Delubyo]","Product","2023-05-06 10:44:55"
"Benjie Val Lumawag","Updated product [24D-Amine -Gallon]","Product","2023-05-06 10:45:12"
"Benjie Val Lumawag","Successfully Login","Login","2023-05-07 05:00:46"
"Benjie Val Lumawag","Successfully Login","Login","2023-05-07 05:02:48"
"Benjie Val Lumawag","Successfully Login","Login","2023-05-07 05:27:06"
"Benjie Val Lumawag","Updated product [P 3645]","Product","2023-05-07 09:04:15"
"Benjie Val Lumawag","Updated product [2100-Harvester]","Product","2023-05-07 09:10:35"
"Benjie Val Lumawag","Successfully Login","Login","2023-05-07 11:21:55"
"Benjie Val Lumawag","Successfully Login","Login","2023-05-07 23:49:56"
"Benjie Val Lumawag","Updated product [Ground Plus- Gallon]","Product","2023-05-07 23:54:00"
"Benjie Val Lumawag","Updated product [Round up - Gallon]","Product","2023-05-08 00:01:46"
"Benjie Val Lumawag","Updated product [alecta-gallon]","Product","2023-05-08 00:02:15"
"Benjie Val Lumawag","Updated product [Glyner-Gallon]","Product","2023-05-08 00:03:39"
"Benjie Val Lumawag","Updated product [Clincher-liter]","Product","2023-05-08 08:04:30"
"Benjie Val Lumawag","Successfully Login","Login","2023-05-08 08:07:23"
"Benjie Val Lumawag","Updated product [Romex- Gal]","Product","2023-05-08 08:10:45"
"Benjie Val Lumawag","Added new product [Crop Giant Blue- 10+50+10]","Product","2023-05-08 08:14:07"
"Benjie Val Lumawag","Added new product [Scorpio 500ml]","Product","2023-05-08 08:18:06"
"Benjie Val Lumawag","Successfully Login","Login","2023-05-08 23:49:15"
"Benjie Val Lumawag","Updated product [Gly-FloMax]","Product","2023-05-09 00:43:24"
"Benjie Val Lumawag","Updated product [4600-Amigo]","Product","2023-05-09 03:26:06"
"Benjie Val Lumawag","Error to add new customer payment [CP-230509082511]","Customer Payment","2023-05-09 08:25:20"
"Benjie Val Lumawag","Finished customer payment [CP-230509082511]","Customer Payment","2023-05-09 08:25:29"
"Benjie Val Lumawag","Updated product [Weed Blaster - Gallon]","Product","2023-05-09 11:07:03"
"Benjie Val Lumawag","Successfully Login","Login","2023-05-09 23:56:08"
"","Added new customer [Jude-Syngenta]","Customer","2023-05-10 00:53:36"
"Benjie Val Lumawag","Error to add new customer payment [CP-230510011200]","Customer Payment","2023-05-10 01:12:05"
"Benjie Val Lumawag","Finished customer payment [CP-230510011200]","Customer Payment","2023-05-10 03:06:04"
"Benjie Val Lumawag","Successfully Login","Login","2023-05-10 09:04:53"
"Benjie Val Lumawag","Updated product [Bullseye-liter]","Product","2023-05-10 09:05:06"
"Benjie Val Lumawag","Updated product [Frontier- liter]","Product","2023-05-10 09:19:40"
"Benjie Val Lumawag","Updated product [Clincher-liter]","Product","2023-05-10 09:20:11"
"Benjie Val Lumawag","Error to add new customer payment [CP-230510095951]","Customer Payment","2023-05-10 09:59:57"
"Benjie Val Lumawag","Finished customer payment [CP-230510095951]","Customer Payment","2023-05-10 10:00:06"
"","Added new customer [Jordan, Salvador]","Customer","2023-05-10 10:46:43"
"Benjie Val Lumawag","Successfully Login","Login","2023-05-11 00:12:21"
"Benjie Val Lumawag","Updated product [Clincher-liter]","Product","2023-05-11 00:13:38"
"Benjie Val Lumawag","Updated product [16200-Atlas]","Product","2023-05-11 07:58:51"
"Benjie Val Lumawag","Updated product [141414-Atlas]","Product","2023-05-11 07:59:04"
"Benjie Val Lumawag","Updated product [2100-Atlas]","Product","2023-05-11 07:59:14"
"Benjie Val Lumawag","Updated product [2100-Harvester]","Product","2023-05-11 07:59:26"
"Benjie Val Lumawag","Updated product [2100-Agro Planters]","Product","2023-05-11 07:59:37"
"Benjie Val Lumawag","Updated product [0060-Amigo]","Product","2023-05-11 08:55:42"
"Benjie Val Lumawag","Error to add new customer payment [CP-230511103630]","Customer Payment","2023-05-11 10:36:38"
"Benjie Val Lumawag","Finished customer payment [CP-230511103630]","Customer Payment","2023-05-11 10:36:49"
"Benjie Val Lumawag","Successfully Login","Login","2023-05-12 10:13:26"
"Benjie Val Lumawag","Successfully Login","Login","2023-05-12 23:49:50"
"Benjie Val Lumawag","Successfully Login","Login","2023-05-13 00:26:55"
"Benjie Val Lumawag","Updated product [4600- Sunrise]","Product","2023-05-13 00:35:08"
"Benjie Val Lumawag","Error to add new customer payment [CP-230513033135]","Customer Payment","2023-05-13 03:31:47"
"Benjie Val Lumawag","Finished customer payment [CP-230513033135]","Customer Payment","2023-05-13 03:32:50"
"Benjie Val Lumawag","Successfully Login","Login","2023-05-14 01:27:48"
"","Error to add new customer payment [CP-230514023239]","Customer Payment","2023-05-14 00:32:39"
"Benjie Val Lumawag","Error to add new customer payment [CP-230514023555]","Customer Payment","2023-05-14 02:36:05"
"Benjie Val Lumawag","Finished customer payment [CP-230514023555]","Customer Payment","2023-05-14 02:39:30"
"","Added new customer [kalil]","Customer","2023-05-14 08:09:00"
"","Error to add new customer payment [CP-230514081744]","Customer Payment","2023-05-14 06:17:44"
"","Added new customer [Serue, Boy]","Customer","2023-05-14 10:52:33"
"","Added new customer [Balacase, Irene]","Customer","2023-05-15 01:31:53"
"Benjie Val Lumawag","Successfully Login","Login","2023-05-15 08:16:42"
"Benjie Val Lumawag","Error to add new customer payment [CP-230515081650]","Customer Payment","2023-05-15 08:17:01"
"Benjie Val Lumawag","Finished customer payment [CP-230515081650]","Customer Payment","2023-05-15 08:19:11"
"","Error to add new customer payment [CP-230515083301]","Customer Payment","2023-05-15 06:33:01"
"","Added new customer [Gantalao, Arlene]","Customer","2023-05-15 09:45:36"
"Benjie Val Lumawag","Successfully Login","Login","2023-05-16 01:10:40"
"","Error to add new customer payment [CP-230516043418]","Customer Payment","2023-05-16 02:34:18"
"","Error to add new customer payment [CP-230516044919]","Customer Payment","2023-05-16 02:49:19"
"","Added new customer [Cepeda]","Customer","2023-05-16 05:28:02"
"","Added new customer [Estigoy, June]","Customer","2023-05-16 07:01:10"
"","Error to add new customer payment [CP-230516081350]","Customer Payment","2023-05-16 06:13:50"
"Benjie Val Lumawag","Successfully Login","Login","2023-05-16 08:31:51"
"Benjie Val Lumawag","Updated product [4600-Harvester]","Product","2023-05-16 08:32:03"
"Benjie Val Lumawag","Updated product [4600-Amigo]","Product","2023-05-16 08:32:17"
"Benjie Val Lumawag","Successfully Login","Login","2023-05-16 09:33:53"
"Benjie Val Lumawag","Successfully Login","Login","2023-05-17 01:39:07"
"Benjie Val Lumawag","Error to add new customer payment [CP-230517055242]","Customer Payment","2023-05-17 05:52:50"
"Benjie Val Lumawag","Successfully Login","Login","2023-05-18 00:10:50"
"Benjie Val Lumawag","Updated product [16200-Atlas]","Product","2023-05-18 00:11:04"
"","Added new customer [Cailing]","Customer","2023-05-18 06:40:17"
"Benjie Val Lumawag","Updated product [Tekweed Gallon]","Product","2023-05-18 07:42:54"
"Benjie Val Lumawag","Added new product [Round up- FREE]","Product","2023-05-18 08:37:50"
"Benjie Val Lumawag","Successfully Login","Login","2023-05-19 06:48:37"
"","Added new customer [Saldo]","Customer","2023-05-19 07:10:42"
"","Error to add new customer payment [CP-230519071215]","Customer Payment","2023-05-19 05:12:15"
"Benjie Val Lumawag","Added new product [Sack-BMeg]","Product","2023-05-19 07:28:31"
"","Added new product [Trapal-8ft]","Product","2023-05-19 09:04:48"
"","Added new product [Trapal-12ft]","Product","2023-05-19 09:05:21"
"Benjie Val Lumawag","Successfully Login","Login","2023-05-19 09:05:30"
"Benjie Val Lumawag","Added new product [Furion]","Product","2023-05-19 09:16:00"
"","Error to add new customer payment [CP-230519103152]","Customer Payment","2023-05-19 08:31:52"
"","Added new customer [Jardinico, Luz]","Customer","2023-05-20 03:17:57"
"","Added new customer [Barcenas, Victorino]","Customer","2023-05-20 03:22:23"
"Benjie Val Lumawag","Successfully Login","Login","2023-05-20 09:20:35"
"","Added new customer [Calledo, Ruben]","Customer","2023-05-20 09:24:42"
"Benjie Val Lumawag","Successfully Login","Login","2023-05-21 01:00:58"
"","Added new customer [Sanyagan]","Customer","2023-05-21 02:56:37"
"Benjie Val Lumawag","Updated product [2100-Atlas]","Product","2023-05-21 03:45:43"
"Benjie Val Lumawag","Updated product [2100-Harvester]","Product","2023-05-21 03:45:53"
"Benjie Val Lumawag","Updated product [2100-Agro Planters]","Product","2023-05-21 03:46:05"
"Benjie Val Lumawag","Updated product [2100-Sunrise]","Product","2023-05-21 03:46:13"
"Benjie Val Lumawag","Updated product [4600-Amigo]","Product","2023-05-21 03:46:52"
"Benjie Val Lumawag","Updated product [4600-Harvester]","Product","2023-05-21 03:47:08"
"Benjie Val Lumawag","Updated product [0060-Amigo]","Product","2023-05-21 04:24:02"
"Benjie Val Lumawag","Updated product [Demolation- Gallon]","Product","2023-05-21 04:31:34"
"","Error to add new customer payment [CP-230521054329]","Customer Payment","2023-05-21 03:43:29"
"Benjie Val Lumawag","Updated product [Karate-liter]","Product","2023-05-21 09:49:01"
"Benjie Val Lumawag","Successfully Login","Login","2023-05-21 23:56:00"
"","Error to add new customer payment [CP-230521235857]","Customer Payment","2023-05-21 21:58:57"
"Benjie Val Lumawag","Error to add new customer payment [CP-230522000303]","Customer Payment","2023-05-22 00:03:13"
"Benjie Val Lumawag","Finished customer payment [CP-230522000303]","Customer Payment","2023-05-22 00:03:21"
"Benjie Val Lumawag","Updated product [16200-Atlas]","Product","2023-05-22 01:29:20"
"","Added new customer [Tamay, Norodin]","Customer","2023-05-22 02:49:15"
"","Added new customer [Abañel]","Customer","2023-05-22 02:53:18"
"Benjie Val Lumawag","Updated product [alecta-gallon]","Product","2023-05-22 02:55:14"
"","Error to add new customer payment [CP-230522060104]","Customer Payment","2023-05-22 04:01:04"
"","Added new customer [Tabisa]","Customer","2023-05-22 08:45:13"
"Benjie Val Lumawag","Successfully Login","Login","2023-05-23 00:49:32"
"","Added new customer [Sopeña]","Customer","2023-05-23 05:39:10"
"Benjie Val Lumawag","Error to add new customer payment [CP-230523065002]","Customer Payment","2023-05-23 06:50:17"
"Benjie Val Lumawag","Finished customer payment [CP-230523065002]","Customer Payment","2023-05-23 06:54:18"
"","Added new customer [Ballesta]","Customer","2023-05-23 10:19:12"
"Benjie Val Lumawag","Successfully Login","Login","2023-05-24 00:26:42"
"Benjie Val Lumawag","Updated product [16200-Atlas]","Product","2023-05-24 05:16:56"
"","Added new customer [Ampuan]","Customer","2023-05-24 05:37:56"
"Benjie Val Lumawag","Error to add new customer payment [CP-230524073422]","Customer Payment","2023-05-24 07:34:30"
"Benjie Val Lumawag","Finished customer payment [CP-230524073422]","Customer Payment","2023-05-24 07:34:40"
"Benjie Val Lumawag","Successfully Login","Login","2023-05-25 00:05:51"
"","Added new customer [Omar, S]","Customer","2023-05-25 04:46:31"
"Benjie Val Lumawag","Updated product [Vindex  500ml]","Product","2023-05-25 08:14:16"
"Benjie Val Lumawag","Added new product [Pennant  liter]","Product","2023-05-25 08:16:11"
"Benjie Val Lumawag","Added new product [Ametra Kilo]","Product","2023-05-25 08:17:24"
"Benjie Val Lumawag","Successfully Login","Login","2023-05-26 09:50:24"
"Benjie Val Lumawag","Successfully Login","Login","2023-05-27 02:43:54"
"Benjie Val Lumawag","Updated product [Authority 480sc]","Product","2023-05-27 08:43:22"
"Benjie Val Lumawag","Updated product [Lannate 25g]","Product","2023-05-27 08:45:56"
"Benjie Val Lumawag","Updated product [Chix- Liter]","Product","2023-05-27 08:59:20"
"Benjie Val Lumawag","Successfully Login","Login","2023-05-27 10:30:59"
"Benjie Val Lumawag","Updated product [Magnum- 500ml]","Product","2023-05-27 10:44:28"
"","Added new customer [Frogellia, Jun2x]","Customer","2023-05-27 11:15:33"
"Benjie Val Lumawag","Successfully Login","Login","2023-05-27 11:48:58"
"Benjie Val Lumawag","Successfully Login","Login","2023-05-27 18:21:29"
"Benjie Val Lumawag","Successfully Login","Login","2023-05-28 06:05:31"
"Benjie Val Lumawag","Added new product [D-8131&#39;s- Kilo]","Product","2023-05-28 06:31:59"
"Benjie Val Lumawag","Updated product [D-8131&#39;s- Kilo]","Product","2023-05-28 06:32:53"
"Benjie Val Lumawag","Updated product [D-8131&#39;s- Kilo] => [D-8131s- Kilo]","Product","2023-05-28 06:33:06"
"","Added new customer [Delco]","Customer","2023-05-28 16:01:56"
"Benjie Val Lumawag","Successfully Login","Login","2023-05-28 16:21:09"
"Benjie Val Lumawag","Error to add new customer payment [CP-230528162115]","Customer Payment","2023-05-28 16:21:22"
"Benjie Val Lumawag","Finished customer payment [CP-230528162115]","Customer Payment","2023-05-28 16:21:29"
"","Added new customer [Punsalan]","Customer","2023-05-29 07:43:43"
"Benjie Val Lumawag","Successfully Login","Login","2023-05-29 07:47:56"
"","Added new customer [Lopez, A]","Customer","2023-05-29 08:23:22"
"","Added new customer [Oni]","Customer","2023-05-29 09:11:31"
"Benjie Val Lumawag","Successfully Login","Login","2023-05-29 14:19:55"
"Benjie Val Lumawag","Added new product [24D-Amine-Gal (Double kill)]","Product","2023-05-29 14:25:06"
"Benjie Val Lumawag","Updated product [24D-Amine-Gal (Double kill)]","Product","2023-05-29 14:25:47"
"Benjie Val Lumawag","Successfully Login","Login","2023-05-30 05:58:44"
"","Added new customer [Celestra, Laila]","Customer","2023-05-30 06:01:26"
"","Error to add new customer payment [CP-230530060420]","Customer Payment","2023-05-29 22:04:39"
"Benjie Val Lumawag","Updated product [4600-Atlas]","Product","2023-05-30 07:29:59"
"","Error to add new customer payment [CP-230530082524]","Customer Payment","2023-05-30 00:25:24"
"Benjie Val Lumawag","Updated product [141414-Atlas]","Product","2023-05-30 08:31:11"
"","Error to add new customer payment [CP-230530132702]","Customer Payment","2023-05-30 05:27:02"
"Benjie Val Lumawag","Added new product [Grow More- Blue ( 10-50-10)]","Product","2023-05-30 13:29:07"
"","Added new customer [Sakilan]","Customer","2023-05-30 13:45:07"
"","Error to add new customer payment [CP-230530135907]","Customer Payment","2023-05-30 05:59:07"
"","Added new customer [Valeroso]","Customer","2023-05-31 06:58:23"
"","Added new customer [Judicpa]","Customer","2023-05-31 09:08:41"
"Benjie Val Lumawag","Successfully Login","Login","2023-05-31 10:33:01"
"Benjie Val Lumawag","Error to add new customer payment [CP-230531142606]","Customer Payment","2023-05-31 14:26:49"
"Benjie Val Lumawag","Finished customer payment [CP-230531142606]","Customer Payment","2023-05-31 14:27:39"
"Benjie Val Lumawag","Added new product [Daconil-Lit]","Product","2023-05-31 17:20:02"
"Benjie Val Lumawag","Added new product [Armure 250ml]","Product","2023-05-31 17:21:57"
"Benjie Val Lumawag","Updated product [basagran-500ml.]","Product","2023-05-31 17:30:37"
"","Added new customer [Montalba]","Customer","2023-05-31 17:45:39"
