"Benjie Val Lumawag","Successfully Login","Login","2025-07-01 06:13:06"
"Jay Ann Quitor","Successfully Login","Login","2025-07-01 06:24:55"
"Benjie Val Lumawag","Successfully Login","Login","2025-07-01 06:26:34"
"Ryan Ferrer","Successfully Login","Login","2025-07-01 06:36:26"
"Veryen Bajan","Successfully Login","Login","2025-07-01 06:36:56"
"Ryan Ferrer","Successfully Login","Login","2025-07-01 07:08:11"
"","Added new customer [isidro]","Customer","2025-07-01 09:41:52"
"Ryan Ferrer","Successfully Login","Login","2025-07-01 10:24:36"
"Ryan Ferrer","Successfully Login","Login","2025-07-01 13:28:44"
"Ryan Ferrer","Successfully Login","Login","2025-07-01 13:29:39"
"Benjie Val Lumawag","Successfully Login","Login","2025-07-01 14:04:00"
"Thailand","Successfully Login","Login","2025-07-01 14:52:54"
"Annabel Coronado","Successfully Login","Login","2025-07-01 14:53:35"
"Ryan Ferrer","Successfully Login","Login","2025-07-01 15:29:07"
"Ryan Ferrer","Successfully Login","Login","2025-07-01 15:30:56"
"Benjie Val Lumawag","Successfully Login","Login","2025-07-01 16:20:33"
"","Error to add new customer payment [CP-250701162351]","Customer Payment","2025-07-01 08:23:51"
"","Finished customer payment [CP-250701162351]","Customer Payment","2025-07-01 08:23:51"
"Ryan Ferrer","Successfully Login","Login","2025-07-01 16:31:45"
"Veryen Bajan","Successfully Login","Login","2025-07-01 16:32:55"
"Ryan Ferrer","Successfully Login","Login","2025-07-01 16:34:40"
"Benjie Val Lumawag","Added new product [Antracol 1Kg-Case]","Product","2025-07-01 08:36:09"
"Benjie Val Lumawag","Added new product [Antracol-1kg]","Product","2025-07-01 08:37:26"
"Benjie Val Lumawag","Updated product [Bulldock-liter]","Product","2025-07-01 08:37:48"
"Benjie Val Lumawag","Added new product [Bulldock Lit-Case]","Product","2025-07-01 08:39:00"
"Benjie Val Lumawag","Added new product [Gaucho 100ml-Case]","Product","2025-07-01 08:39:47"
"Ryan Ferrer","Successfully Login","Login","2025-07-01 17:05:34"
"warehouse","Successfully Login","Login","2025-07-01 17:05:52"
"Ryan Ferrer","Successfully Login","Login","2025-07-01 17:11:59"
"Veryen Bajan","Successfully Login","Login","2025-07-01 18:15:49"
"Benjie Val Lumawag","Successfully Login","Login","2025-07-01 20:52:45"
"Ryan Ferrer","Successfully Login","Login","2025-07-02 07:53:20"
"Veryen Bajan","Successfully Login","Login","2025-07-02 07:57:55"
"Benjie Val Lumawag","Successfully Login","Login","2025-07-02 08:05:46"
"Benjie Val Lumawag","Successfully Login","Login","2025-07-02 08:06:37"
"Benjie Val Lumawag","Successfully Login","Login","2025-07-02 08:28:11"
"Ryan Ferrer","Successfully Login","Login","2025-07-02 08:34:37"
"Jay Ann Quitor","Successfully Login","Login","2025-07-02 09:39:50"
"Ryan Ferrer","Successfully Login","Login","2025-07-02 11:28:07"
"Benjie Val Lumawag","Successfully Login","Login","2025-07-02 11:39:13"
"Benjie Val Lumawag","Updated product [141414-Atlas]","Product","2025-07-02 03:40:37"
"Benjie Val Lumawag","Updated product [141414-Harvester]","Product","2025-07-02 03:41:00"
"Benjie Val Lumawag","Updated product [4600-Harvester]","Product","2025-07-02 03:41:27"
"Benjie Val Lumawag","Updated product [4600-Atlas]","Product","2025-07-02 03:42:38"
"Benjie Val Lumawag","Successfully Login","Login","2025-07-02 13:16:18"
"Benjie Val Lumawag","Successfully Login","Login","2025-07-02 13:16:28"
"Benjie Val Lumawag","Attempt to add existing product [nissin wafer vanilla]","Product","2025-07-02 05:34:05"
"Benjie Val Lumawag","Attempt to add existing product [nissin wafer vanilla]","Product","2025-07-02 05:34:12"
"Benjie Val Lumawag","Updated product [Nissin Wafer vanilla 20pcs-WS ]","Product","2025-07-02 05:35:15"
"Benjie Val Lumawag","Updated product [Nissin Wafer vanilla 20pcs-WS ]","Product","2025-07-02 05:38:54"
"","Added new customer [hiso]","Customer","2025-07-02 14:46:14"
"Mariel Alisasis","Successfully Login","Login","2025-07-02 16:08:45"
"","Added new customer [sabetero]","Customer","2025-07-02 16:29:04"
"","Added new customer [Mania]","Customer","2025-07-02 16:30:07"
"Veryen Bajan","Successfully Login","Login","2025-07-02 16:34:19"
"Mariel Alisasis","Successfully Login","Login","2025-07-02 17:28:31"
"Benjie Val Lumawag","Successfully Login","Login","2025-07-02 17:30:57"
"Benjie Val Lumawag","Successfully Login","Login","2025-07-02 18:42:19"
"Benjie Val Lumawag","Successfully Login","Login","2025-07-03 05:38:26"
"Ryan Ferrer","Successfully Login","Login","2025-07-03 06:30:18"
"","Added new customer [Seriako]","Customer","2025-07-03 08:22:25"
"Ryan Ferrer","Successfully Login","Login","2025-07-03 08:46:57"
"","Added new customer [piolo]","Customer","2025-07-03 09:27:17"
"Mariel Alisasis","Successfully Login","Login","2025-07-03 09:58:48"
"Thailand","Successfully Login","Login","2025-07-03 10:26:59"
"Mariel Alisasis","Successfully Login","Login","2025-07-03 10:37:43"
"Thailand","Successfully Login","Login","2025-07-03 10:41:02"
"Benjie Val Lumawag","Successfully Login","Login","2025-07-03 10:41:02"
"Thailand","Successfully Login","Login","2025-07-03 11:03:22"
"","Added new customer [Manaba]","Customer","2025-07-03 11:41:20"
"Veryen Bajan","Successfully Login","Login","2025-07-03 12:47:24"
"","Added new customer [catequista]","Customer","2025-07-03 13:12:02"
"Ryan Ferrer","Successfully Login","Login","2025-07-03 13:52:40"
"Benjie Val Lumawag","Successfully Login","Login","2025-07-03 13:56:37"
"","Added new customer [villiarosa]","Customer","2025-07-03 14:15:46"
"Benjie Val Lumawag","Successfully Login","Login","2025-07-03 14:45:44"
"Ryan Ferrer","Successfully Login","Login","2025-07-03 15:36:12"
"Thailand","Successfully Login","Login","2025-07-03 17:05:57"
"Veryen Bajan","Successfully Login","Login","2025-07-03 17:32:19"
"QL Branch","Successfully Login","Login","2025-07-03 17:36:11"
"Annabel Coronado","Successfully Login","Login","2025-07-03 17:36:56"
"Benjie Val Lumawag","Successfully Login","Login","2025-07-03 17:38:45"
"Benjie Val Lumawag","Successfully Login","Login","2025-07-03 18:01:44"
"Ryan Ferrer","Successfully Login","Login","2025-07-04 06:19:30"
"Thailand","Successfully Login","Login","2025-07-04 06:30:13"
"Benjie Val Lumawag","Successfully Login","Login","2025-07-04 06:47:07"
"Ryan Ferrer","Updated product [Gold-500ml ( Insecticide)]","Product","2025-07-03 23:58:31"
"Ryan Ferrer","Updated product [Gold 500ml-Cases]","Product","2025-07-03 23:59:35"
"Ryan Ferrer","Updated product [Gold-500ml ( Insecticide)]","Product","2025-07-04 00:00:27"
"Ryan Ferrer","Updated product [Gold Rush 500ml-Case]","Product","2025-07-04 00:01:32"
"Veryen Bajan","Successfully Login","Login","2025-07-04 08:39:01"
"Benjie Val Lumawag","Successfully Login","Login","2025-07-04 08:44:06"
"","Added new customer [wiren]","Customer","2025-07-04 09:31:56"
"Jay Ann Quitor","Successfully Login","Login","2025-07-04 09:35:20"
"Benjie Val Lumawag","Successfully Login","Login","2025-07-04 10:05:23"
"","Added new customer [capucao]","Customer","2025-07-04 11:16:16"
"","Added new customer [eulogio jun2]","Customer","2025-07-04 11:21:53"
"Benjie Val Lumawag","Successfully Login","Login","2025-07-04 12:00:17"
"","Added new customer [espartero]","Customer","2025-07-04 13:53:23"
"Thailand","Successfully Login","Login","2025-07-04 14:27:37"
"Ryan Ferrer","Successfully Login","Login","2025-07-04 14:37:00"
"Benjie Val Lumawag","Successfully Login","Login","2025-07-04 14:49:48"
"Benjie Val Lumawag","Successfully Login","Login","2025-07-04 15:55:35"
"Thailand","Successfully Login","Login","2025-07-04 16:08:13"
"Benjie Val Lumawag","Successfully Login","Login","2025-07-04 16:44:17"
"Ryan Ferrer","Successfully Login","Login","2025-07-04 16:58:40"
"Annabel Coronado","Successfully Login","Login","2025-07-04 17:10:38"
"","Error to add new customer payment [CP-250704171056]","Customer Payment","2025-07-04 09:10:56"
"","Finished customer payment [CP-250704171056]","Customer Payment","2025-07-04 09:10:57"
"Jay Ann Quitor","Successfully Login","Login","2025-07-04 17:12:49"
"Ryan Ferrer","Successfully Login","Login","2025-07-04 17:18:36"
"Thailand","Successfully Login","Login","2025-07-04 17:25:24"
"Neza Nebla","Successfully Login","Login","2025-07-04 17:27:30"
"Benjie Val Lumawag","Successfully Login","Login","2025-07-04 17:45:07"
"Benjie Val Lumawag","Successfully Login","Login","2025-07-04 20:53:20"
"Neza Nebla","Successfully Login","Login","2025-07-05 06:15:19"
"Veryen Bajan","Successfully Login","Login","2025-07-05 06:21:42"
"Ryan Ferrer","Successfully Login","Login","2025-07-05 06:32:41"
"Jay Ann Quitor","Successfully Login","Login","2025-07-05 07:16:08"
"Benjie Val Lumawag","Successfully Login","Login","2025-07-05 08:11:35"
"Benjie Val Lumawag","Successfully Login","Login","2025-07-05 10:06:47"
"Benjie Val Lumawag","Added new product [Evo-740]","Product","2025-07-05 02:09:10"
"Ryan Ferrer","Successfully Login","Login","2025-07-05 10:13:55"
"Ryan Ferrer","Successfully Login","Login","2025-07-05 10:14:53"
"Thailand","Successfully Login","Login","2025-07-05 12:38:31"
"Thailand","Successfully Login","Login","2025-07-05 15:18:05"
"Ryan Ferrer","Successfully Login","Login","2025-07-05 15:41:06"
"Ryan Ferrer","Successfully Login","Login","2025-07-05 15:42:42"
"Ryan Ferrer","Successfully Login","Login","2025-07-05 16:13:00"
"Benjie Val Lumawag","Successfully Login","Login","2025-07-05 21:09:54"
"","Added new customer [Havier]","Customer","2025-07-06 06:07:17"
"Jay Ann Quitor","Successfully Login","Login","2025-07-06 06:21:25"
"Benjie Val Lumawag","Successfully Login","Login","2025-07-06 06:23:52"
"Thailand","Successfully Login","Login","2025-07-06 06:28:48"
"Benjie Val Lumawag","Successfully Login","Login","2025-07-06 06:50:34"
"Benjie Val Lumawag","Successfully Login","Login","2025-07-06 07:08:15"
"Jay Ann Quitor","Successfully Login","Login","2025-07-06 07:44:26"
"","Added new customer [salana]","Customer","2025-07-06 07:57:34"
"Thailand","Successfully Login","Login","2025-07-06 08:09:11"
"Jay Ann Quitor","Successfully Login","Login","2025-07-06 08:18:18"
"","Added new customer [Tabilla]","Customer","2025-07-06 09:30:01"
"Jay Ann Quitor","Successfully Login","Login","2025-07-06 10:14:48"
"Benjie Val Lumawag","Successfully Login","Login","2025-07-06 11:07:04"
"Benjie Val Lumawag","Updated product [Sweet Rice 25Kg]","Product","2025-07-06 03:22:17"
"","Attempt to add existing customer [1]","Customer","2025-07-06 11:52:48"
"","Added new customer [mat aw]","Customer","2025-07-06 11:53:09"
"Benjie Val Lumawag","Successfully Login","Login","2025-07-06 12:06:28"
"Benjie Val Lumawag","Added new product [Princess Bea-1Kg]","Product","2025-07-06 04:07:21"
"Benjie Val Lumawag","Successfully Login","Login","2025-07-06 13:27:50"
"Benjie Val Lumawag","Successfully Login","Login","2025-07-06 13:55:40"
"Benjie Val Lumawag","Added new product [Princess Bea 5kg]","Product","2025-07-06 05:57:49"
"","Added new customer [Pampolo]","Customer","2025-07-06 14:52:07"
"Ryan Ferrer","Successfully Login","Login","2025-07-06 14:55:32"
"Thailand","Successfully Login","Login","2025-07-06 15:03:16"
"Benjie Val Lumawag","Successfully Login","Login","2025-07-06 15:15:04"
"Benjie Val Lumawag","Successfully Login","Login","2025-07-06 17:02:56"
"Jay Ann Quitor","Successfully Login","Login","2025-07-06 17:05:40"
"Benjie Val Lumawag","Successfully Login","Login","2025-07-06 17:18:03"
"Neza Nebla","Successfully Login","Login","2025-07-06 17:26:10"
"Jay Ann Quitor","Successfully Login","Login","2025-07-06 17:34:14"
"Veryen Bajan","Successfully Login","Login","2025-07-06 17:42:51"
"Benjie Val Lumawag","Successfully Login","Login","2025-07-06 17:45:16"
"Thailand","Successfully Login","Login","2025-07-06 17:49:50"
"Thailand","Successfully Login","Login","2025-07-06 17:52:54"
"Jay Ann Quitor","Successfully Login","Login","2025-07-06 17:53:03"
"Benjie Val Lumawag","Successfully Login","Login","2025-07-06 17:57:28"
"Benjie Val Lumawag","Successfully Login","Login","2025-07-06 18:07:31"
"Thailand","Successfully Login","Login","2025-07-06 18:14:39"
"Benjie Val Lumawag","Successfully Login","Login","2025-07-07 06:02:46"
"Ryan Ferrer","Successfully Login","Login","2025-07-07 06:23:21"
"Benjie Val Lumawag","Successfully Login","Login","2025-07-07 06:24:46"
"Benjie Val Lumawag","Updated product [magic flakes 10pcs ws ]","Product","2025-07-06 22:29:44"
"Benjie Val Lumawag","Successfully Login","Login","2025-07-07 07:08:15"
"Benjie Val Lumawag","Successfully Login","Login","2025-07-07 07:29:18"
"Benjie Val Lumawag","Updated product [Skyflakes Crackers-10 single packs]","Product","2025-07-06 23:51:31"
"Benjie Val Lumawag","Updated product [Skyflakes Crackers-10 single packs]","Product","2025-07-07 00:07:05"
"Benjie Val Lumawag","Successfully Login","Login","2025-07-07 09:26:13"
"Thailand","Successfully Login","Login","2025-07-07 09:32:06"
"Jay Ann Quitor","Successfully Login","Login","2025-07-07 09:46:33"
"","Error to add new customer payment [CP-250707094720]","Customer Payment","2025-07-07 01:47:20"
"","Finished customer payment [CP-250707094720]","Customer Payment","2025-07-07 01:47:20"
"","Attempt to add existing customer [santander]","Customer","2025-07-07 10:03:23"
"","Updated product [Peanut Butter Regular 240g-Small]","Product","2025-07-07 02:25:26"
"","Added new customer [Mansarita]","Customer","2025-07-07 10:28:29"
"","Attempt to add existing customer [Mansarita]","Customer","2025-07-07 10:28:32"
"Benjie Val Lumawag","Updated product [BIRCH TREE 33G 10+1]","Product","2025-07-07 02:44:22"
"Benjie Val Lumawag","Updated product [BIRCH TREE 33G 10+1]","Product","2025-07-07 02:45:49"
"Benjie Val Lumawag","Successfully Login","Login","2025-07-07 11:52:39"
"Benjie Val Lumawag","Updated product [Peanut Butter Regular 430g-Big]","Product","2025-07-07 03:53:13"
"Benjie Val Lumawag","Updated product [Peanut Butter Crunchy 430g-Big]","Product","2025-07-07 03:53:33"
"Benjie Val Lumawag","Successfully Login","Login","2025-07-07 12:39:08"
"Benjie Val Lumawag","Updated product [Downy Antibac Safeguard 6+1 WS]","Product","2025-07-07 04:55:50"
"Benjie Val Lumawag","Updated product [Downy Antibac Safeguard-Retail] => [Downy Antibac Blue-Retail]","Product","2025-07-07 04:57:19"
"Benjie Val Lumawag","Successfully Login","Login","2025-07-07 12:57:27"
"Benjie Val Lumawag","Updated product [Downy Antibac Safeguard 6+1 WS] => [Downy Antibac Blue 6+1 WS]","Product","2025-07-07 04:57:53"
"Benjie Val Lumawag","Updated product [16200-Atlas]","Product","2025-07-07 04:57:58"
"Benjie Val Lumawag","Updated product [4600-Atlas]","Product","2025-07-07 04:58:50"
"Benjie Val Lumawag","Updated product [4600-Harvester]","Product","2025-07-07 04:59:05"
"Benjie Val Lumawag","Updated product [Downy Antibac Blue 6+1 WS]","Product","2025-07-07 04:59:34"
"Benjie Val Lumawag","Updated product [Downy Antibac Blue 6+1 WS]","Product","2025-07-07 05:01:07"
"Benjie Val Lumawag","Updated product [Downy Garden Bloom-(1x7pcs)] => [Downy Garden Pink-(1x7pcs)]","Product","2025-07-07 05:01:48"
"Benjie Val Lumawag","Updated product [Downy Garden Bloom-Retail] => [Downy Garden Pink-Retail]","Product","2025-07-07 05:03:16"
"Benjie Val Lumawag","Successfully Login","Login","2025-07-07 13:07:06"
"Benjie Val Lumawag","Updated product [Kopiko Brown Single]","Product","2025-07-07 05:13:00"
"Benjie Val Lumawag","Updated product [Kopiko black 3inOne-Retail]","Product","2025-07-07 05:15:46"
"Benjie Val Lumawag","Successfully Login","Login","2025-07-07 13:20:49"
"Benjie Val Lumawag","Updated product [Amtyl-Tablet]","Product","2025-07-07 05:23:24"
"Benjie Val Lumawag","Updated product [Amtyl-Tablet]","Product","2025-07-07 05:23:45"
"Benjie Val Lumawag","Updated product [Ultrapack-Grower 50kg]","Product","2025-07-07 05:25:13"
"Benjie Val Lumawag","Updated product [Ultrapack-Grower 1kg]","Product","2025-07-07 05:26:22"
"","Added new customer [junatado]","Customer","2025-07-07 13:39:22"
"","Updated product [Birch Tree Choco-7+1]","Product","2025-07-07 06:04:41"
"","Updated product [birch tree fortifid choco 29g retail]","Product","2025-07-07 06:06:25"
"","Updated product [Birch Tree Choco-7+1]","Product","2025-07-07 06:07:28"
"","Updated product [Birch Tree Choco-7+1]","Product","2025-07-07 06:08:40"
"Jay Ann Quitor","Successfully Login","Login","2025-07-07 14:47:22"
"","Added new customer [sulgaol]","Customer","2025-07-07 15:35:30"
"Ryan Ferrer","Successfully Login","Login","2025-07-07 16:00:46"
"Ryan Ferrer","Successfully Login","Login","2025-07-07 16:10:17"
"Benjie Val Lumawag","Successfully Login","Login","2025-07-07 16:16:02"
"","Added new customer [talangan]","Customer","2025-07-07 16:33:47"
"Thailand","Successfully Login","Login","2025-07-07 16:33:51"
"Ryan Ferrer","Successfully Login","Login","2025-07-07 16:54:02"
"Benjie Val Lumawag","Successfully Login","Login","2025-07-07 17:01:44"
"Jay Ann Quitor","Successfully Login","Login","2025-07-07 17:29:03"
"Benjie Val Lumawag","Updated product [Dinorado 50kg]","Product","2025-07-07 09:58:38"
"Benjie Val Lumawag","Successfully Login","Login","2025-07-07 18:21:04"
"Benjie Val Lumawag","Successfully Login","Login","2025-07-07 18:55:27"
"Benjie Val Lumawag","Successfully Login","Login","2025-07-08 06:18:16"
"","Added new customer [suaso]","Customer","2025-07-08 06:51:30"
"Annabel Coronado","Successfully Login","Login","2025-07-08 07:33:58"
"Ryan Ferrer","Successfully Login","Login","2025-07-08 07:34:10"
"Ryan Ferrer","Successfully Login","Login","2025-07-08 07:59:56"
"","Added new customer [atis]","Customer","2025-07-08 09:27:35"
"Benjie Val Lumawag","Successfully Login","Login","2025-07-08 14:12:53"
"","Added new customer [claracay]","Customer","2025-07-08 15:30:30"
"","Added new customer [malecsi]","Customer","2025-07-08 15:38:57"
"Ryan Ferrer","Successfully Login","Login","2025-07-08 16:18:50"
"Ryan Ferrer","Successfully Login","Login","2025-07-08 16:22:08"
"Benjie Val Lumawag","Successfully Login","Login","2025-07-08 16:51:24"
"Benjie Val Lumawag","Successfully Login","Login","2025-07-08 17:00:02"
"Thailand","Successfully Login","Login","2025-07-08 17:09:29"
"Thailand","Successfully Login","Login","2025-07-08 17:16:21"
"Benjie Val Lumawag","Successfully Login","Login","2025-07-08 18:09:38"
"Benjie Val Lumawag","Successfully Login","Login","2025-07-09 05:55:33"
"Benjie Val Lumawag","Successfully Login","Login","2025-07-09 06:24:34"
"Ryan Ferrer","Successfully Login","Login","2025-07-09 06:28:59"
"Benjie Val Lumawag","Successfully Login","Login","2025-07-09 06:47:11"
"Benjie Val Lumawag","Updated product [SURF KALAMANSI ACTIVE CLEAN BAR]","Product","2025-07-08 22:50:07"
"Benjie Val Lumawag","Updated product [Surf calamansi active clean - bar retail]","Product","2025-07-08 22:51:04"
"Benjie Val Lumawag","Successfully Login","Login","2025-07-09 06:55:41"
"","Added new customer [Carmelotes]","Customer","2025-07-09 07:42:26"
"Thailand","Successfully Login","Login","2025-07-09 08:43:12"
"Ryan Ferrer","Successfully Login","Login","2025-07-09 09:50:08"
"Ryan Ferrer","Successfully Login","Login","2025-07-09 10:02:22"
"Benjie Val Lumawag","Updated product [EQ pants-Med 4 pcs]","Product","2025-07-09 02:03:31"
"","Added new customer [bibat]","Customer","2025-07-09 13:00:21"
"Benjie Val Lumawag","Successfully Login","Login","2025-07-09 13:05:06"
"Benjie Val Lumawag","Updated product [Fish Food-pack]","Product","2025-07-09 05:05:54"
"Ryan Ferrer","Successfully Login","Login","2025-07-09 13:13:37"
"Ryan Ferrer","Successfully Login","Login","2025-07-09 13:14:44"
"Jay Ann Quitor","Successfully Login","Login","2025-07-09 13:21:42"
"Benjie Val Lumawag","Successfully Login","Login","2025-07-09 15:13:14"
"Benjie Val Lumawag","Updated product [4600-Atlas]","Product","2025-07-09 08:33:07"
"Benjie Val Lumawag","Updated product [Dekalb 9244]","Product","2025-07-09 08:33:29"
"Benjie Val Lumawag","Updated product [Round up - Gallon]","Product","2025-07-09 08:33:54"
"Thailand","Successfully Login","Login","2025-07-09 16:38:49"
"Benjie Val Lumawag","Updated product [141414-Harvester]","Product","2025-07-09 08:39:57"
"","Added new customer [sampreque]","Customer","2025-07-09 16:40:16"
"Ryan Ferrer","Successfully Login","Login","2025-07-09 16:45:20"
"Jay Ann Quitor","Successfully Login","Login","2025-07-09 16:51:24"
"Benjie Val Lumawag","Successfully Login","Login","2025-07-09 16:55:10"
"","Error to add new customer payment [CP-250709173640]","Customer Payment","2025-07-09 09:36:40"
"","Finished customer payment [CP-250709173640]","Customer Payment","2025-07-09 09:36:41"
"","Error to add new customer payment [CP-250709173732]","Customer Payment","2025-07-09 09:37:32"
"","Finished customer payment [CP-250709173732]","Customer Payment","2025-07-09 09:37:33"
"","Error to add new customer payment [CP-250709173803]","Customer Payment","2025-07-09 09:38:03"
"","Finished customer payment [CP-250709173803]","Customer Payment","2025-07-09 09:38:03"
"Ryan Ferrer","Successfully Login","Login","2025-07-09 19:08:00"
"Benjie Val Lumawag","Successfully Login","Login","2025-07-09 22:15:38"
"Benjie Val Lumawag","Successfully Login","Login","2025-07-10 06:13:44"
"Annabel Coronado","Successfully Login","Login","2025-07-10 06:37:12"
"","Added new customer [Joy Gorondiano]","Customer","2025-07-10 06:43:44"
"Veryen Bajan","Successfully Login","Login","2025-07-10 06:51:45"
"","Error to add new customer payment [CP-250710071115]","Customer Payment","2025-07-09 23:11:15"
"","Finished customer payment [CP-250710071115]","Customer Payment","2025-07-09 23:11:16"
"Benjie Val Lumawag","Updated product [Grace-Sack]","Product","2025-07-10 00:18:07"
"Benjie Val Lumawag","Updated product [Amazing Grace-Sack]","Product","2025-07-10 00:18:20"
"","Error to add new customer payment [CP-250710084550]","Customer Payment","2025-07-10 00:45:50"
"Benjie Val Lumawag","Successfully Login","Login","2025-07-10 08:47:56"
"","Added new customer [ql piggery]","Customer","2025-07-10 08:54:06"
"Benjie Val Lumawag","Successfully Login","Login","2025-07-10 11:59:06"
"Ryan Ferrer","Successfully Login","Login","2025-07-10 12:16:24"
"","Added new customer [FMN]","Customer","2025-07-10 12:30:37"
"","Added new customer [sarmon]","Customer","2025-07-10 13:16:04"
"","Added new customer [Alsi]","Customer","2025-07-10 14:09:21"
"Veryen Bajan","Successfully Login","Login","2025-07-10 14:22:07"
"Thailand","Successfully Login","Login","2025-07-10 15:19:57"
"Ryan Ferrer","Successfully Login","Login","2025-07-10 15:21:16"
"Benjie Val Lumawag","Successfully Login","Login","2025-07-10 15:23:03"
"Benjie Val Lumawag","Successfully Login","Login","2025-07-10 16:25:06"
"Benjie Val Lumawag","Added new product [Supreme 1.3L]","Product","2025-07-10 08:41:19"
"Annabel Coronado","Successfully Login","Login","2025-07-10 17:21:58"
"Benjie Val Lumawag","Successfully Login","Login","2025-07-10 17:59:14"
"Benjie Val Lumawag","Successfully Login","Login","2025-07-10 18:21:04"
"Benjie Val Lumawag","Successfully Login","Login","2025-07-10 18:43:17"
"Ryan Ferrer","Successfully Login","Login","2025-07-11 06:23:42"
"Benjie Val Lumawag","Successfully Login","Login","2025-07-11 06:25:02"
"Annabel Coronado","Successfully Login","Login","2025-07-11 06:31:18"
"Ryan Ferrer","Successfully Login","Login","2025-07-11 06:43:47"
"Benjie Val Lumawag","Successfully Login","Login","2025-07-11 07:12:50"
"","Added new customer [catam-isan]","Customer","2025-07-11 07:17:29"
"Ryan Ferrer","Successfully Login","Login","2025-07-11 07:36:47"
"Benjie Val Lumawag","Successfully Login","Login","2025-07-11 07:58:45"
"Benjie Val Lumawag","Successfully Login","Login","2025-07-11 09:35:00"
"Benjie Val Lumawag","Successfully Login","Login","2025-07-11 09:47:42"
"Benjie Val Lumawag","Successfully Login","Login","2025-07-11 10:34:44"
"","Error to add new customer payment [CP-250711111311]","Customer Payment","2025-07-11 03:13:11"
"","Finished customer payment [CP-250711111311]","Customer Payment","2025-07-11 03:13:11"
"Annabel Coronado","Successfully Login","Login","2025-07-11 11:28:55"
"Benjie Val Lumawag","Successfully Login","Login","2025-07-11 11:54:57"
"Benjie Val Lumawag","Successfully Login","Login","2025-07-11 12:05:23"
"Benjie Val Lumawag","Successfully Login","Login","2025-07-11 12:14:11"
"Benjie Val Lumawag","Successfully Login","Login","2025-07-11 12:51:24"
"","Error to add new customer payment [CP-250711133157]","Customer Payment","2025-07-11 05:31:57"
"","Finished customer payment [CP-250711133157]","Customer Payment","2025-07-11 05:31:57"
"","Error to add new customer payment [CP-250711133231]","Customer Payment","2025-07-11 05:32:31"
"","Finished customer payment [CP-250711133231]","Customer Payment","2025-07-11 05:32:32"
"","Error to add new customer payment [CP-250711133316]","Customer Payment","2025-07-11 05:33:16"
"","Finished customer payment [CP-250711133316]","Customer Payment","2025-07-11 05:33:16"
"","Error to add new customer payment [CP-250711133335]","Customer Payment","2025-07-11 05:33:35"
"","Finished customer payment [CP-250711133335]","Customer Payment","2025-07-11 05:33:35"
"Benjie Val Lumawag","Successfully Login","Login","2025-07-11 14:20:40"
"Benjie Val Lumawag","Successfully Login","Login","2025-07-11 14:21:37"
"","Added new customer [lindaan]","Customer","2025-07-11 15:07:04"
"Benjie Val Lumawag","Successfully Login","Login","2025-07-11 16:16:51"
"Thailand","Successfully Login","Login","2025-07-11 16:43:37"
"","Added new customer [kadasaran]","Customer","2025-07-11 16:57:04"
"Annabel Coronado","Successfully Login","Login","2025-07-11 17:20:45"
"Benjie Val Lumawag","Successfully Login","Login","2025-07-11 18:01:46"
"Benjie Val Lumawag","Successfully Login","Login","2025-07-12 06:18:00"
"Veryen Bajan","Successfully Login","Login","2025-07-12 07:26:57"
"Thailand","Successfully Login","Login","2025-07-12 07:42:52"
"Thailand","Successfully Login","Login","2025-07-12 10:29:51"
"","Added new customer [Roa]","Customer","2025-07-12 10:43:59"
"Veryen Bajan","Successfully Login","Login","2025-07-12 10:44:49"
"Veryen Bajan","Successfully Login","Login","2025-07-12 13:31:34"
"Benjie Val Lumawag","Successfully Login","Login","2025-07-12 14:29:56"
"Benjie Val Lumawag","Successfully Login","Login","2025-07-12 15:39:51"
"Benjie Val Lumawag","Error to add new customer payment [CP-250712154025]","Customer Payment","2025-07-12 07:40:44"
"Benjie Val Lumawag","Successfully Login","Login","2025-07-12 15:48:17"
"Benjie Val Lumawag","Successfully Login","Login","2025-07-12 15:58:09"
"Thailand","Successfully Login","Login","2025-07-12 16:40:16"
"Benjie Val Lumawag","Updated product [Sweet Rice-1kg]","Product","2025-07-12 09:01:45"
"Benjie Val Lumawag","Successfully Login","Login","2025-07-12 17:12:22"
"Annabel Coronado","Successfully Login","Login","2025-07-12 17:30:07"
"","Added new customer [Allado]","Customer","2025-07-12 17:32:10"
"Thailand","Successfully Login","Login","2025-07-12 17:37:45"
"Benjie Val Lumawag","Successfully Login","Login","2025-07-12 17:54:37"
"Benjie Val Lumawag","Successfully Login","Login","2025-07-12 18:27:57"
"Benjie Val Lumawag","Successfully Login","Login","2025-07-13 06:05:58"
"Benjie Val Lumawag","Successfully Login","Login","2025-07-13 06:55:38"
"Benjie Val Lumawag","Successfully Login","Login","2025-07-13 07:18:27"
"Benjie Val Lumawag","Successfully Login","Login","2025-07-13 07:20:39"
"Annabel Coronado","Successfully Login","Login","2025-07-13 07:24:24"
"Benjie Val Lumawag","Successfully Login","Login","2025-07-13 08:17:04"
"Benjie Val Lumawag","Updated product [Bear Brand 680g]","Product","2025-07-13 00:18:38"
"Ryan Ferrer","Successfully Login","Login","2025-07-13 08:35:21"
"Ryan Ferrer","Successfully Login","Login","2025-07-13 09:29:29"
"Benjie Val Lumawag","Successfully Login","Login","2025-07-13 10:09:29"
"","Added new customer [Bebeng]","Customer","2025-07-13 10:10:53"
"Benjie Val Lumawag","Successfully Login","Login","2025-07-13 11:16:45"
"Benjie Val Lumawag","Successfully Login","Login","2025-07-13 11:39:37"
"Benjie Val Lumawag","Successfully Login","Login","2025-07-13 12:04:05"
"Ryan Ferrer","Successfully Login","Login","2025-07-13 15:52:57"
"Benjie Val Lumawag","Successfully Login","Login","2025-07-13 16:33:08"
"Thailand","Successfully Login","Login","2025-07-13 16:35:29"
"Benjie Val Lumawag","Successfully Login","Login","2025-07-13 16:50:54"
"Benjie Val Lumawag","Successfully Login","Login","2025-07-13 16:55:02"
"Annabel Coronado","Successfully Login","Login","2025-07-13 17:21:43"
"Thailand","Successfully Login","Login","2025-07-13 17:27:55"
"Ryan Ferrer","Successfully Login","Login","2025-07-13 17:31:54"
"","Added new customer [Lumagao]","Customer","2025-07-13 17:47:06"
"Benjie Val Lumawag","Successfully Login","Login","2025-07-13 18:23:51"
"Benjie Val Lumawag","Successfully Login","Login","2025-07-14 06:04:12"
"Benjie Val Lumawag","Successfully Login","Login","2025-07-14 06:24:08"
"Thailand","Successfully Login","Login","2025-07-14 06:59:20"
"Annabel Coronado","Successfully Login","Login","2025-07-14 07:08:52"
"Veryen Bajan","Successfully Login","Login","2025-07-14 07:12:10"
"Ryan Ferrer","Successfully Login","Login","2025-07-14 07:41:20"
"","Added new customer [princesa]","Customer","2025-07-14 08:52:23"
"Benjie Val Lumawag","Added new product [Premium Rice-White Sack]","Product","2025-07-14 02:40:34"
"Benjie Val Lumawag","Added new product [Premium Rice-White sack kilo]","Product","2025-07-14 02:43:38"
"Ryan Ferrer","Successfully Login","Login","2025-07-14 12:52:31"
"Benjie Val Lumawag","Successfully Login","Login","2025-07-14 14:48:53"
"Benjie Val Lumawag","Successfully Login","Login","2025-07-14 15:08:26"
"","Added new customer [hapio]","Customer","2025-07-14 15:47:45"
"","Added new customer [marlene Galendez]","Customer","2025-07-14 15:57:47"
"Benjie Val Lumawag","Successfully Login","Login","2025-07-14 16:06:15"
"Ryan Ferrer","Successfully Login","Login","2025-07-14 16:39:10"
"Ryan Ferrer","Successfully Login","Login","2025-07-14 16:40:52"
"Benjie Val Lumawag","Successfully Login","Login","2025-07-14 16:50:15"
"Thailand","Successfully Login","Login","2025-07-14 16:50:23"
"","Added new customer [pedroso]","Customer","2025-07-14 17:03:19"
"Thailand","Successfully Login","Login","2025-07-14 17:23:44"
"warehouse","Successfully Login","Login","2025-07-14 17:27:40"
"Annabel Coronado","Successfully Login","Login","2025-07-14 17:30:42"
"Benjie Val Lumawag","Successfully Login","Login","2025-07-14 17:56:55"
