"Benjie Val Lumawag","Successfully Login","Login","2024-08-01 06:14:56"
"Benjie Val Lumawag","Successfully Login","Login","2024-08-01 06:30:18"
"Merry Joy Barotas","Successfully Login","Login","2024-08-01 06:44:19"
"","Added new customer [Salunaya]","Customer","2024-08-01 06:56:55"
"","Error to add new customer payment [CP-240801080823]","Customer Payment","2024-08-01 00:08:23"
"","Finished customer payment [CP-240801080823]","Customer Payment","2024-08-01 00:08:24"
"","Error to add new customer payment [CP-240801080834]","Customer Payment","2024-08-01 00:08:34"
"","Finished customer payment [CP-240801080834]","Customer Payment","2024-08-01 00:08:35"
"","Error to add new customer payment [CP-240801080849]","Customer Payment","2024-08-01 00:08:49"
"","Finished customer payment [CP-240801080849]","Customer Payment","2024-08-01 00:08:50"
"","Error to add new customer payment [CP-240801080904]","Customer Payment","2024-08-01 00:09:04"
"","Finished customer payment [CP-240801080904]","Customer Payment","2024-08-01 00:09:04"
"","Error to add new customer payment [CP-240801080914]","Customer Payment","2024-08-01 00:09:14"
"","Finished customer payment [CP-240801080914]","Customer Payment","2024-08-01 00:09:14"
"","Error to add new customer payment [CP-240801080937]","Customer Payment","2024-08-01 00:09:37"
"","Finished customer payment [CP-240801080937]","Customer Payment","2024-08-01 00:09:37"
"","Error to add new customer payment [CP-240801080951]","Customer Payment","2024-08-01 00:09:51"
"","Finished customer payment [CP-240801080951]","Customer Payment","2024-08-01 00:09:51"
"","Error to add new customer payment [CP-240801081009]","Customer Payment","2024-08-01 00:10:09"
"","Finished customer payment [CP-240801081009]","Customer Payment","2024-08-01 00:10:09"
"QL Branch","Successfully Login","Login","2024-08-01 08:40:07"
"","Error to add new customer payment [CP-240801085628]","Customer Payment","2024-08-01 00:56:28"
"","Finished customer payment [CP-240801085628]","Customer Payment","2024-08-01 00:56:28"
"Merry Joy Barotas","Successfully Login","Login","2024-08-01 08:59:43"
"Benjie Val Lumawag","Successfully Login","Login","2024-08-01 09:13:13"
"Benjie Val Lumawag","Successfully Login","Login","2024-08-01 09:19:24"
"mary","Successfully Login","Login","2024-08-01 09:20:22"
"mary","Successfully Login","Login","2024-08-01 09:21:22"
"QL Branch","Successfully Login","Login","2024-08-01 09:22:35"
"Merry Joy Barotas","Successfully Login","Login","2024-08-01 09:27:35"
"Merry Joy Barotas","Successfully Login","Login","2024-08-01 09:35:23"
"","Added new customer [bacquiano]","Customer","2024-08-01 10:13:29"
"QL Branch","Successfully Login","Login","2024-08-01 10:14:51"
"","Added new customer [largo]","Customer","2024-08-01 11:47:57"
"mary","Successfully Login","Login","2024-08-01 12:40:19"
"","Added new customer [pamolag]","Customer","2024-08-01 12:58:02"
"Benjie Val Lumawag","Updated product [Yield Master-151530]","Product","2024-08-01 05:06:41"
"Benjie Val Lumawag","Attempt to add existing product [Diuron 1k OCC- Case]","Product","2024-08-01 05:09:16"
"Benjie Val Lumawag","Added new product [Diuron 1k OCC- Case]","Product","2024-08-01 05:09:23"
"Benjie Val Lumawag","Successfully Login","Login","2024-08-01 13:21:16"
"Merry Joy Barotas","Successfully Login","Login","2024-08-01 13:42:38"
"Merry Joy Barotas","Successfully Login","Login","2024-08-01 13:51:08"
"Benjie Val Lumawag","Added new product [Choice 250ml- Case]","Product","2024-08-01 06:22:43"
"Benjie Val Lumawag","Updated product [Choice 250ml- Case] => [Choice 250ml- Case(x24)]","Product","2024-08-01 06:24:01"
"","Error to add new customer payment [CP-240801142653]","Customer Payment","2024-08-01 06:26:53"
"","Finished customer payment [CP-240801142653]","Customer Payment","2024-08-01 06:26:53"
"mary","Successfully Login","Login","2024-08-01 15:02:45"
"","Added new customer [Buleg]","Customer","2024-08-01 15:25:20"
"QL Branch","Successfully Login","Login","2024-08-01 15:26:10"
"Benjie Val Lumawag","Successfully Login","Login","2024-08-01 15:50:09"
"mary","Successfully Login","Login","2024-08-01 15:57:20"
"Benjie Val Lumawag","Successfully Login","Login","2024-08-01 16:33:54"
"QL Branch","Successfully Login","Login","2024-08-01 16:38:51"
"Merry Joy Barotas","Successfully Login","Login","2024-08-01 16:52:46"
"QL Branch","Successfully Login","Login","2024-08-01 16:56:33"
"mary","Successfully Login","Login","2024-08-01 17:00:05"
"mary","Successfully Login","Login","2024-08-01 17:08:35"
"Merry Joy Barotas","Successfully Login","Login","2024-08-01 17:09:07"
"mary","Successfully Login","Login","2024-08-01 17:09:29"
"Benjie Val Lumawag","Successfully Login","Login","2024-08-01 17:47:43"
"mary","Successfully Login","Login","2024-08-01 17:52:14"
"Merry Joy Barotas","Successfully Login","Login","2024-08-01 17:57:48"
"Benjie Val Lumawag","Successfully Login","Login","2024-08-01 18:09:56"
"Benjie Val Lumawag","Successfully Login","Login","2024-08-01 20:47:02"
"Benjie Val Lumawag","Successfully Login","Login","2024-08-01 20:49:04"
"Benjie Val Lumawag","Successfully Login","Login","2024-08-01 20:54:21"
"Benjie Val Lumawag","Successfully Login","Login","2024-08-02 06:03:12"
"Benjie Val Lumawag","Successfully Login","Login","2024-08-02 06:08:45"
"Merry Joy Barotas","Successfully Login","Login","2024-08-02 06:29:43"
"","Added new customer [Fulcencio]","Customer","2024-08-02 06:55:56"
"Merry Joy Barotas","Successfully Login","Login","2024-08-02 07:19:49"
"Merry Joy Barotas","Successfully Login","Login","2024-08-02 07:29:23"
"Benjie Val Lumawag","Successfully Login","Login","2024-08-02 07:48:26"
"mary","Successfully Login","Login","2024-08-02 07:54:12"
"Benjie Val Lumawag","Successfully Login","Login","2024-08-02 08:07:08"
"mary","Successfully Login","Login","2024-08-02 08:08:48"
"Merry Joy Barotas","Successfully Login","Login","2024-08-02 08:11:45"
"mary","Successfully Login","Login","2024-08-02 08:24:05"
"Benjie Val Lumawag","Successfully Login","Login","2024-08-02 09:17:23"
"","Error to add new customer payment [CP-240802100037]","Customer Payment","2024-08-02 02:00:37"
"","Finished customer payment [CP-240802100037]","Customer Payment","2024-08-02 02:00:37"
"Merry Joy Barotas","Successfully Login","Login","2024-08-02 10:01:01"
"Merry Joy Barotas","Successfully Login","Login","2024-08-02 10:01:37"
"QL Branch","Successfully Login","Login","2024-08-02 10:10:47"
"mary","Successfully Login","Login","2024-08-02 10:23:02"
"","Error to add new customer payment [CP-240802104206]","Customer Payment","2024-08-02 02:42:06"
"","Finished customer payment [CP-240802104206]","Customer Payment","2024-08-02 02:42:07"
"","Error to add new customer payment [CP-240802104217]","Customer Payment","2024-08-02 02:42:17"
"","Finished customer payment [CP-240802104217]","Customer Payment","2024-08-02 02:42:17"
"","Error to add new customer payment [CP-240802104232]","Customer Payment","2024-08-02 02:42:32"
"","Finished customer payment [CP-240802104232]","Customer Payment","2024-08-02 02:42:32"
"Merry Joy Barotas","Successfully Login","Login","2024-08-02 10:44:52"
"Merry Joy Barotas","Successfully Login","Login","2024-08-02 10:46:08"
"mary","Successfully Login","Login","2024-08-02 10:46:56"
"Benjie Val Lumawag","Successfully Login","Login","2024-08-02 11:18:11"
"Benjie Val Lumawag","Successfully Login","Login","2024-08-02 11:52:39"
"Benjie Val Lumawag","Updated product [NK 6505]","Product","2024-08-02 04:10:22"
"mary","Successfully Login","Login","2024-08-02 12:20:53"
"mary","Successfully Login","Login","2024-08-02 12:21:29"
"mary","Successfully Login","Login","2024-08-02 13:48:03"
"","Added new customer [pagagon]","Customer","2024-08-02 14:15:43"
"QL Branch","Successfully Login","Login","2024-08-02 14:18:10"
"mary","Successfully Login","Login","2024-08-02 15:06:10"
"Benjie Val Lumawag","Successfully Login","Login","2024-08-02 15:36:29"
"","Error to add new customer payment [CP-240802161058]","Customer Payment","2024-08-02 08:10:58"
"","Finished customer payment [CP-240802161058]","Customer Payment","2024-08-02 08:10:59"
"Benjie Val Lumawag","Successfully Login","Login","2024-08-02 16:26:26"
"mary","Successfully Login","Login","2024-08-02 17:14:13"
"mary","Successfully Login","Login","2024-08-02 17:44:41"
"Merry Joy Barotas","Successfully Login","Login","2024-08-03 06:29:07"
"mary","Successfully Login","Login","2024-08-03 06:31:29"
"mary","Successfully Login","Login","2024-08-03 09:06:11"
"mary","Successfully Login","Login","2024-08-03 09:15:31"
"QL Branch","Successfully Login","Login","2024-08-03 09:35:42"
"QL Branch","Successfully Login","Login","2024-08-03 09:39:14"
"QL Branch","Successfully Login","Login","2024-08-03 10:18:57"
"mary","Successfully Login","Login","2024-08-03 10:58:37"
"mary","Successfully Login","Login","2024-08-03 13:01:12"
"mary","Successfully Login","Login","2024-08-03 13:28:44"
"mary","Successfully Login","Login","2024-08-03 13:43:39"
"mary","Successfully Login","Login","2024-08-03 13:44:43"
"mary","Successfully Login","Login","2024-08-03 14:11:48"
"mary","Successfully Login","Login","2024-08-03 15:57:35"
"QL Branch","Successfully Login","Login","2024-08-03 16:49:58"
"Benjie Val Lumawag","Successfully Login","Login","2024-08-03 16:55:37"
"Merry Joy Barotas","Successfully Login","Login","2024-08-03 17:02:01"
"Benjie Val Lumawag","Successfully Login","Login","2024-08-03 17:02:50"
"mary","Successfully Login","Login","2024-08-03 17:44:44"
"Benjie Val Lumawag","Successfully Login","Login","2024-08-04 05:34:57"
"mary","Successfully Login","Login","2024-08-04 06:11:17"
"Merry Joy Barotas","Successfully Login","Login","2024-08-04 06:29:35"
"","Error to add new customer payment [CP-240804073848]","Customer Payment","2024-08-03 23:38:48"
"Merry Joy Barotas","Successfully Login","Login","2024-08-04 07:43:36"
"Merry Joy Barotas","Successfully Login","Login","2024-08-04 07:44:14"
"Merry Joy Barotas","Successfully Login","Login","2024-08-04 07:46:17"
"QL Branch","Successfully Login","Login","2024-08-04 07:48:07"
"Benjie Val Lumawag","Successfully Login","Login","2024-08-04 07:50:31"
"QL Branch","Successfully Login","Login","2024-08-04 08:01:23"
"Merry Joy Barotas","Successfully Login","Login","2024-08-04 08:43:23"
"Merry Joy Barotas","Successfully Login","Login","2024-08-04 11:09:23"
"Merry Joy Barotas","Successfully Login","Login","2024-08-04 11:10:05"
"QL Branch","Successfully Login","Login","2024-08-04 11:37:13"
"","Added new customer [quardario]","Customer","2024-08-04 12:43:45"
"mary","Successfully Login","Login","2024-08-04 12:47:15"
"mary","Successfully Login","Login","2024-08-04 14:17:36"
"mary","Successfully Login","Login","2024-08-04 14:20:04"
"Merry Joy Barotas","Successfully Login","Login","2024-08-04 14:47:28"
"Merry Joy Barotas","Successfully Login","Login","2024-08-04 14:48:10"
"","Added new customer [jamano]","Customer","2024-08-04 15:10:39"
"Benjie Val Lumawag","Successfully Login","Login","2024-08-04 15:23:09"
"mary","Successfully Login","Login","2024-08-04 16:03:39"
"","Added new customer [QL Jecie Gagula]","Customer","2024-08-04 16:25:00"
"Merry Joy Barotas","Successfully Login","Login","2024-08-04 16:36:35"
"Merry Joy Barotas","Successfully Login","Login","2024-08-04 16:37:51"
"","Error to add new customer payment [CP-240804164940]","Customer Payment","2024-08-04 08:49:40"
"","Finished customer payment [CP-240804164940]","Customer Payment","2024-08-04 08:49:40"
"","Error to add new customer payment [CP-240804170313]","Customer Payment","2024-08-04 09:03:13"
"","Finished customer payment [CP-240804170313]","Customer Payment","2024-08-04 09:03:13"
"","Error to add new customer payment [CP-240804170411]","Customer Payment","2024-08-04 09:04:11"
"","Finished customer payment [CP-240804170411]","Customer Payment","2024-08-04 09:04:11"
"mary","Successfully Login","Login","2024-08-04 17:35:14"
"QL Branch","Successfully Login","Login","2024-08-04 17:37:40"
"Merry Joy Barotas","Successfully Login","Login","2024-08-04 17:46:31"
"Benjie Val Lumawag","Successfully Login","Login","2024-08-04 17:49:35"
"Benjie Val Lumawag","Successfully Login","Login","2024-08-04 18:08:14"
"Benjie Val Lumawag","Successfully Login","Login","2024-08-04 18:16:21"
"Benjie Val Lumawag","Successfully Login","Login","2024-08-05 06:08:11"
"Merry Joy Barotas","Successfully Login","Login","2024-08-05 06:43:48"
"","Added new customer [lagate]","Customer","2024-08-05 06:51:22"
"Benjie Val Lumawag","Successfully Login","Login","2024-08-05 07:01:12"
"mary","Successfully Login","Login","2024-08-05 07:01:16"
"Benjie Val Lumawag","Updated product [Tahop-Humay]","Product","2024-08-04 23:01:32"
"Benjie Val Lumawag","Updated product [Tahop-Humay]","Product","2024-08-04 23:23:00"
"mary","Successfully Login","Login","2024-08-05 07:24:36"
"","Error to add new customer payment [CP-240805073519]","Customer Payment","2024-08-04 23:35:19"
"Merry Joy Barotas","Successfully Login","Login","2024-08-05 07:37:17"
"Benjie Val Lumawag","Added new product [RC 422-Sack]","Product","2024-08-04 23:37:50"
"Benjie Val Lumawag","Added new product [RC 422- 1kg]","Product","2024-08-04 23:38:32"
"Benjie Val Lumawag","Successfully Login","Login","2024-08-05 07:45:01"
"Benjie Val Lumawag","Updated product [RC 422-Sack] => [RC 422-50kg]","Product","2024-08-04 23:45:26"
"Benjie Val Lumawag","Updated product [RC 422-50kg]","Product","2024-08-04 23:46:11"
"mary","Successfully Login","Login","2024-08-05 07:47:40"
"Merry Joy Barotas","Successfully Login","Login","2024-08-05 07:49:00"
"Benjie Val Lumawag","Successfully Login","Login","2024-08-05 07:55:27"
"Benjie Val Lumawag","Successfully Login","Login","2024-08-05 08:07:48"
"Benjie Val Lumawag","Updated product [RC 422- 1kg]","Product","2024-08-05 00:17:41"
"","Added new customer [Toto hernandez]","Customer","2024-08-05 08:47:58"
"QL Branch","Successfully Login","Login","2024-08-05 09:47:43"
"mary","Successfully Login","Login","2024-08-05 09:58:33"
"QL Branch","Successfully Login","Login","2024-08-05 11:13:53"
"mary","Successfully Login","Login","2024-08-05 11:15:01"
"","Error to add new customer payment [CP-240805111537]","Customer Payment","2024-08-05 03:15:37"
"","Finished customer payment [CP-240805111537]","Customer Payment","2024-08-05 03:15:37"
"","Error to add new customer payment [CP-240805111549]","Customer Payment","2024-08-05 03:15:49"
"","Finished customer payment [CP-240805111549]","Customer Payment","2024-08-05 03:15:49"
"QL Branch","Successfully Login","Login","2024-08-05 11:15:54"
"QL Branch","Successfully Login","Login","2024-08-05 11:26:45"
"Merry Joy Barotas","Successfully Login","Login","2024-08-05 11:30:42"
"Merry Joy Barotas","Successfully Login","Login","2024-08-05 11:37:33"
"","Added new customer [normena lingcob]","Customer","2024-08-05 11:40:42"
"","Added new customer [ampatua]","Customer","2024-08-05 11:48:15"
"Merry Joy Barotas","Successfully Login","Login","2024-08-05 12:02:19"
"Merry Joy Barotas","Successfully Login","Login","2024-08-05 12:04:59"
"Merry Joy Barotas","Successfully Login","Login","2024-08-05 12:06:47"
"mary","Successfully Login","Login","2024-08-05 12:31:28"
"mary","Successfully Login","Login","2024-08-05 12:32:40"
"mary","Successfully Login","Login","2024-08-05 12:39:21"
"mary","Successfully Login","Login","2024-08-05 12:39:57"
"mary","Successfully Login","Login","2024-08-05 13:49:23"
"Merry Joy Barotas","Successfully Login","Login","2024-08-05 13:51:09"
"mary","Successfully Login","Login","2024-08-05 14:06:15"
"mary","Successfully Login","Login","2024-08-05 14:21:58"
"","Error to add new customer payment [CP-240805151407]","Customer Payment","2024-08-05 07:14:07"
"","Finished customer payment [CP-240805151407]","Customer Payment","2024-08-05 07:14:07"
"mary","Successfully Login","Login","2024-08-05 16:13:05"
"mary","Successfully Login","Login","2024-08-05 16:35:51"
"mary","Successfully Login","Login","2024-08-05 16:38:38"
"Merry Joy Barotas","Successfully Login","Login","2024-08-05 16:42:38"
"mary","Successfully Login","Login","2024-08-05 17:02:37"
"Merry Joy Barotas","Successfully Login","Login","2024-08-05 17:17:29"
"mary","Successfully Login","Login","2024-08-05 17:20:03"
"mary","Successfully Login","Login","2024-08-05 17:21:01"
"mary","Successfully Login","Login","2024-08-05 17:29:19"
"Benjie Val Lumawag","Successfully Login","Login","2024-08-05 18:03:44"
"Benjie Val Lumawag","Successfully Login","Login","2024-08-05 19:42:11"
"Benjie Val Lumawag","Successfully Login","Login","2024-08-05 19:49:15"
"","Added new customer [sarial]","Customer","2024-08-06 06:05:19"
"","Added new customer [Pamplona Macmac]","Customer","2024-08-06 06:26:40"
"Benjie Val Lumawag","Successfully Login","Login","2024-08-06 06:39:45"
"mary","Successfully Login","Login","2024-08-06 06:42:23"
"Benjie Val Lumawag","Successfully Login","Login","2024-08-06 06:45:56"
"mary","Successfully Login","Login","2024-08-06 06:51:57"
"Benjie Val Lumawag","Successfully Login","Login","2024-08-06 09:04:50"
"mary","Successfully Login","Login","2024-08-06 09:35:27"
"QL Branch","Successfully Login","Login","2024-08-06 09:46:18"
"","Added new customer [omar jordan]","Customer","2024-08-06 09:51:01"
"QL Branch","Successfully Login","Login","2024-08-06 10:02:48"
"mary","Successfully Login","Login","2024-08-06 10:02:53"
"Merry Joy Barotas","Successfully Login","Login","2024-08-06 10:30:32"
"mary","Successfully Login","Login","2024-08-06 10:46:33"
"mary","Successfully Login","Login","2024-08-06 10:47:17"
"","Error to add new customer payment [CP-240806111825]","Customer Payment","2024-08-06 03:18:25"
"mary","Successfully Login","Login","2024-08-06 11:36:40"
"mary","Successfully Login","Login","2024-08-06 12:20:22"
"QL Branch","Successfully Login","Login","2024-08-06 12:50:45"
"QL Branch","Successfully Login","Login","2024-08-06 13:29:30"
"mary","Successfully Login","Login","2024-08-06 13:43:44"
"Benjie Val Lumawag","Successfully Login","Login","2024-08-06 13:58:17"
"Benjie Val Lumawag","Added new product [Suprema Gold]","Product","2024-08-06 06:02:39"
"Merry Joy Barotas","Successfully Login","Login","2024-08-06 14:27:55"
"QL Branch","Successfully Login","Login","2024-08-06 15:30:13"
"mary","Successfully Login","Login","2024-08-06 15:49:35"
"","Added new customer [acot]","Customer","2024-08-06 16:06:01"
"QL Branch","Successfully Login","Login","2024-08-06 16:38:48"
"QL Branch","Successfully Login","Login","2024-08-06 16:39:55"
"Merry Joy Barotas","Successfully Login","Login","2024-08-06 16:54:34"
"QL Branch","Successfully Login","Login","2024-08-06 17:15:27"
"Benjie Val Lumawag","Successfully Login","Login","2024-08-06 17:15:52"
"Benjie Val Lumawag","Updated product [Calcium Boron-Agway] => [Calcium Boron Lit]","Product","2024-08-06 09:27:39"
"mary","Successfully Login","Login","2024-08-06 17:47:13"
"Benjie Val Lumawag","Attempt to add existing product [Sprayer 16lit]","Product","2024-08-06 09:52:43"
"Benjie Val Lumawag","Attempt to add existing product [Sprayer 16lit]","Product","2024-08-06 09:52:49"
"Benjie Val Lumawag","Added new product [Sprayer 16lit]","Product","2024-08-06 09:52:57"
"Merry Joy Barotas","Successfully Login","Login","2024-08-06 18:17:51"
"Benjie Val Lumawag","Successfully Login","Login","2024-08-07 06:18:05"
"Benjie Val Lumawag","Successfully Login","Login","2024-08-07 06:33:21"
"Benjie Val Lumawag","Successfully Login","Login","2024-08-07 07:35:38"
"Merry Joy Barotas","Successfully Login","Login","2024-08-07 08:26:28"
"","Added new customer [pasco]","Customer","2024-08-07 08:42:07"
"Benjie Val Lumawag","Successfully Login","Login","2024-08-07 09:24:58"
"Benjie Val Lumawag","Successfully Login","Login","2024-08-07 09:28:39"
"Benjie Val Lumawag","Successfully Login","Login","2024-08-07 09:32:51"
"QL Branch","Successfully Login","Login","2024-08-07 09:33:51"
"QL Branch","Successfully Login","Login","2024-08-07 09:38:39"
"Benjie Val Lumawag","Successfully Login","Login","2024-08-07 09:38:49"
"Merry Joy Barotas","Successfully Login","Login","2024-08-07 10:16:00"
"","Added new customer [QL justine fabrigar]","Customer","2024-08-07 10:34:20"
"","Added new customer [hiyan]","Customer","2024-08-07 10:49:51"
"Benjie Val Lumawag","Successfully Login","Login","2024-08-07 11:22:38"
"","Added new customer [dalan]","Customer","2024-08-07 12:47:27"
"","Added new customer [akad]","Customer","2024-08-07 12:54:30"
"Benjie Val Lumawag","Successfully Login","Login","2024-08-07 13:29:45"
"Benjie Val Lumawag","Successfully Login","Login","2024-08-07 13:43:02"
"Benjie Val Lumawag","Updated product [Tahop Mais-White(Sako)]","Product","2024-08-07 05:43:27"
"Benjie Val Lumawag","Updated product [Tahop Mais-White(Kg)]","Product","2024-08-07 05:44:19"
"Benjie Val Lumawag","Updated product [Hammered Sack]","Product","2024-08-07 05:44:34"
"Benjie Val Lumawag","Updated product [Hammerd-1kg]","Product","2024-08-07 05:44:58"
"","Added new customer [Sarotawan]","Customer","2024-08-07 14:31:19"
"Merry Joy Barotas","Successfully Login","Login","2024-08-07 14:45:20"
"","Error to add new customer payment [CP-240807163846]","Customer Payment","2024-08-07 08:38:46"
"","Finished customer payment [CP-240807163846]","Customer Payment","2024-08-07 08:38:46"
"","Added new customer [Amparo, Rowel]","Customer","2024-08-08 06:49:59"
"Benjie Val Lumawag","Successfully Login","Login","2024-08-08 06:50:24"
"Benjie Val Lumawag","Successfully Login","Login","2024-08-08 06:57:58"
"Merry Joy Barotas","Successfully Login","Login","2024-08-08 07:07:02"
"","Error to add new customer payment [CP-240808074005]","Customer Payment","2024-08-07 23:40:06"
"","Finished customer payment [CP-240808074005]","Customer Payment","2024-08-07 23:40:06"
"Benjie Val Lumawag","Successfully Login","Login","2024-08-08 08:56:38"
"Benjie Val Lumawag","Updated product [RC 422- 1kg]","Product","2024-08-08 00:57:13"
"Benjie Val Lumawag","Successfully Login","Login","2024-08-08 09:06:06"
"Benjie Val Lumawag","Successfully Login","Login","2024-08-08 10:19:28"
"","Added new customer [joyliet entera]","Customer","2024-08-08 11:28:11"
"","Attempt to add existing customer [joyliet entera]","Customer","2024-08-08 11:28:11"
"Benjie Val Lumawag","Successfully Login","Login","2024-08-08 12:09:40"
"QL Branch","Successfully Login","Login","2024-08-08 13:42:46"
"Merry Joy Barotas","Successfully Login","Login","2024-08-08 13:45:37"
"","Attempt to add existing customer [dellosa]","Customer","2024-08-08 14:18:56"
"","Attempt to add existing customer [dellosa]","Customer","2024-08-08 14:18:56"
"","Attempt to add existing customer [dellosa]","Customer","2024-08-08 14:18:57"
"","Attempt to add existing customer [dellosa]","Customer","2024-08-08 14:18:59"
"QL Branch","Successfully Login","Login","2024-08-08 14:50:25"
"QL Branch","Successfully Login","Login","2024-08-08 15:09:21"
"QL Branch","Successfully Login","Login","2024-08-08 15:32:45"
"","Added new customer [jupeter Gagula]","Customer","2024-08-08 15:53:58"
"Merry Joy Barotas","Successfully Login","Login","2024-08-08 16:43:14"
"Benjie Val Lumawag","Successfully Login","Login","2024-08-08 17:13:48"
"QL Branch","Successfully Login","Login","2024-08-09 06:15:14"
"","Added new customer [Belonio, Gary]","Customer","2024-08-09 06:32:22"
"Benjie Val Lumawag","Successfully Login","Login","2024-08-09 07:08:54"
"Merry Joy Barotas","Successfully Login","Login","2024-08-09 08:42:59"
"QL Branch","Successfully Login","Login","2024-08-09 09:29:55"
"Merry Joy Barotas","Successfully Login","Login","2024-08-09 10:02:48"
"","Added new customer [callejo]","Customer","2024-08-09 10:11:01"
"","Error to add new customer payment [CP-240809102348]","Customer Payment","2024-08-09 02:23:48"
"","Finished customer payment [CP-240809102348]","Customer Payment","2024-08-09 02:23:48"
"Benjie Val Lumawag","Successfully Login","Login","2024-08-09 11:24:09"
"QL Branch","Successfully Login","Login","2024-08-09 12:33:49"
"QL Branch","Successfully Login","Login","2024-08-09 12:36:37"
"","Error to add new customer payment [CP-240809151300]","Customer Payment","2024-08-09 07:13:00"
"","Finished customer payment [CP-240809151300]","Customer Payment","2024-08-09 07:13:00"
"","Error to add new customer payment [CP-240809151420]","Customer Payment","2024-08-09 07:14:20"
"","Finished customer payment [CP-240809151420]","Customer Payment","2024-08-09 07:14:20"
"","Added new customer [elminia]","Customer","2024-08-09 15:24:45"
"Merry Joy Barotas","Successfully Login","Login","2024-08-09 15:38:17"
"Merry Joy Barotas","Successfully Login","Login","2024-08-09 15:40:34"
"","Error to add new customer payment [CP-240809160647]","Customer Payment","2024-08-09 08:06:47"
"","Finished customer payment [CP-240809160647]","Customer Payment","2024-08-09 08:06:47"
"Benjie Val Lumawag","Successfully Login","Login","2024-08-10 06:22:37"
"mary","Successfully Login","Login","2024-08-10 06:47:56"
"","Added new customer [sir george]","Customer","2024-08-10 06:58:20"
"Benjie Val Lumawag","Successfully Login","Login","2024-08-10 07:07:38"
"mary","Successfully Login","Login","2024-08-10 07:20:06"
"mary","Successfully Login","Login","2024-08-10 07:24:40"
"mary","Successfully Login","Login","2024-08-10 07:39:43"
"Benjie Val Lumawag","Successfully Login","Login","2024-08-10 08:00:19"
"Benjie Val Lumawag","Updated product [G-Cash In ( Service Charge)]","Product","2024-08-10 00:00:41"
"Benjie Val Lumawag","Updated product [G-Cash Out ( Service Charge)]","Product","2024-08-10 00:00:53"
"Merry Joy Barotas","Successfully Login","Login","2024-08-10 08:33:31"
"","Attempt to add existing customer [victoriano]","Customer","2024-08-10 08:40:49"
"Benjie Val Lumawag","Successfully Login","Login","2024-08-10 09:35:02"
"Benjie Val Lumawag","Successfully Login","Login","2024-08-10 10:02:17"
"","Added new customer [tuma]","Customer","2024-08-10 10:14:44"
"QL Branch","Successfully Login","Login","2024-08-10 11:32:01"
"mary","Successfully Login","Login","2024-08-10 12:10:39"
"","Added new customer [kabasaran]","Customer","2024-08-10 12:15:58"
"","Added new customer [sonangay]","Customer","2024-08-10 12:52:14"
"Merry Joy Barotas","Successfully Login","Login","2024-08-10 12:56:52"
"Benjie Val Lumawag","Successfully Login","Login","2024-08-10 13:19:28"
"Benjie Val Lumawag","Updated product [4600-Agro Planters]","Product","2024-08-10 05:45:43"
"QL Branch","Successfully Login","Login","2024-08-10 14:33:42"
"mary","Successfully Login","Login","2024-08-10 14:55:15"
"mary","Successfully Login","Login","2024-08-10 16:55:32"
"mary","Successfully Login","Login","2024-08-10 16:56:16"
"Merry Joy Barotas","Successfully Login","Login","2024-08-10 17:07:37"
"","Added new customer [allosa jerry]","Customer","2024-08-11 07:04:47"
"Benjie Val Lumawag","Successfully Login","Login","2024-08-11 07:05:02"
"QL Branch","Successfully Login","Login","2024-08-11 08:30:28"
"","Added new customer [serue nancy]","Customer","2024-08-11 08:42:51"
"mary","Successfully Login","Login","2024-08-11 09:31:03"
"","Added new customer [bilbar rey]","Customer","2024-08-11 09:54:36"
"Veryen Bajan","Successfully Login","Login","2024-08-11 10:03:28"
"","Error to add new customer payment [CP-240811104810]","Customer Payment","2024-08-11 02:48:10"
"","Finished customer payment [CP-240811104810]","Customer Payment","2024-08-11 02:48:11"
"mary","Successfully Login","Login","2024-08-11 10:48:39"
"Benjie Val Lumawag","Successfully Login","Login","2024-08-11 14:39:43"
"","Added new customer [Sinsuat]","Customer","2024-08-11 15:06:17"
"","Added new customer [altemo]","Customer","2024-08-11 15:40:24"
"Benjie Val Lumawag","Successfully Login","Login","2024-08-11 15:43:52"
"Benjie Val Lumawag","Successfully Login","Login","2024-08-11 15:52:24"
"mary","Successfully Login","Login","2024-08-11 16:20:00"
"Benjie Val Lumawag","Successfully Login","Login","2024-08-11 16:21:56"
"mary","Successfully Login","Login","2024-08-11 16:56:20"
"mary","Successfully Login","Login","2024-08-11 17:15:28"
"Benjie Val Lumawag","Successfully Login","Login","2024-08-11 17:44:21"
"Benjie Val Lumawag","Updated product [Dog Food-1kg]","Product","2024-08-11 09:44:42"
"mary","Successfully Login","Login","2024-08-12 06:29:22"
"Merry Joy Barotas","Successfully Login","Login","2024-08-12 06:35:59"
"","Added new customer [gantalao lito]","Customer","2024-08-12 06:43:46"
"QL Branch","Successfully Login","Login","2024-08-12 07:12:35"
"Merry Joy Barotas","Successfully Login","Login","2024-08-12 09:41:33"
"mary","Successfully Login","Login","2024-08-12 11:13:02"
"","Added new customer [Renan beladas]","Customer","2024-08-12 11:22:55"
"QL Branch","Successfully Login","Login","2024-08-12 12:13:48"
"","Added new customer [Billiote ]","Customer","2024-08-12 13:21:37"
"","Added new customer [almania]","Customer","2024-08-12 13:50:03"
"","Error to add new customer payment [CP-240812142428]","Customer Payment","2024-08-12 06:24:28"
"","Finished customer payment [CP-240812142428]","Customer Payment","2024-08-12 06:24:28"
"mary","Successfully Login","Login","2024-08-12 14:26:57"
"mary","Successfully Login","Login","2024-08-12 14:27:44"
"QL Branch","Successfully Login","Login","2024-08-12 14:58:03"
"mary","Successfully Login","Login","2024-08-12 16:12:53"
"Merry Joy Barotas","Successfully Login","Login","2024-08-12 16:44:56"
"mary","Successfully Login","Login","2024-08-12 16:56:46"
"mary","Successfully Login","Login","2024-08-12 17:16:33"
"Merry Joy Barotas","Successfully Login","Login","2024-08-12 17:24:12"
"mary","Successfully Login","Login","2024-08-13 06:59:10"
"Benjie Val Lumawag","Successfully Login","Login","2024-08-13 07:21:52"
"mary","Successfully Login","Login","2024-08-13 07:28:53"
"Benjie Val Lumawag","Updated product [4600-Harvester]","Product","2024-08-12 23:49:25"
"Benjie Val Lumawag","Updated product [4600-Atlas]","Product","2024-08-12 23:49:35"
"mary","Successfully Login","Login","2024-08-13 08:05:00"
"mary","Successfully Login","Login","2024-08-13 08:55:21"
"Merry Joy Barotas","Successfully Login","Login","2024-08-13 09:22:54"
"","Error to add new customer payment [CP-240813101447]","Customer Payment","2024-08-13 02:14:47"
"","Finished customer payment [CP-240813101447]","Customer Payment","2024-08-13 02:14:48"
"","Error to add new customer payment [CP-240813101500]","Customer Payment","2024-08-13 02:15:00"
"","Finished customer payment [CP-240813101500]","Customer Payment","2024-08-13 02:15:01"
"mary","Successfully Login","Login","2024-08-13 11:03:27"
"","Added new customer [Dacanay]","Customer","2024-08-13 11:11:18"
"QL Branch","Successfully Login","Login","2024-08-13 11:35:17"
"","Added new customer [gimba]","Customer","2024-08-13 11:43:31"
"","Added new customer [parbaquil]","Customer","2024-08-13 12:08:55"
"QL Branch","Successfully Login","Login","2024-08-13 12:33:34"
"","Error to add new customer payment [CP-240813130459]","Customer Payment","2024-08-13 05:04:59"
"mary","Successfully Login","Login","2024-08-13 13:06:07"
"mary","Successfully Login","Login","2024-08-13 13:07:26"
"Benjie Val Lumawag","Successfully Login","Login","2024-08-13 13:47:29"
"QL Branch","Successfully Login","Login","2024-08-13 13:48:39"
"","Added new customer [Ian]","Customer","2024-08-13 14:19:02"
"mary","Successfully Login","Login","2024-08-13 14:40:17"
"QL Branch","Successfully Login","Login","2024-08-13 15:03:04"
"Benjie Val Lumawag","Successfully Login","Login","2024-08-13 16:22:57"
"Benjie Val Lumawag","Updated product [Evo-709]","Product","2024-08-13 08:23:14"
"","Error to add new customer payment [CP-240813162417]","Customer Payment","2024-08-13 08:24:17"
"Merry Joy Barotas","Successfully Login","Login","2024-08-13 16:32:45"
"Benjie Val Lumawag","Successfully Login","Login","2024-08-13 16:38:10"
"mary","Successfully Login","Login","2024-08-13 16:42:19"
"QL Branch","Successfully Login","Login","2024-08-13 16:43:10"
"Merry Joy Barotas","Error to add new customer payment [CP-240813164450]","Customer Payment","2024-08-13 08:45:28"
"Merry Joy Barotas","Error to add new customer payment [CP-240813165018]","Customer Payment","2024-08-13 08:51:20"
"Merry Joy Barotas","Finished customer payment [CP-240813165018]","Customer Payment","2024-08-13 16:57:01"
"","Error to add new customer payment [CP-240813170940]","Customer Payment","2024-08-13 09:09:40"
"","Finished customer payment [CP-240813170940]","Customer Payment","2024-08-13 09:09:40"
"","Error to add new customer payment [CP-240813171032]","Customer Payment","2024-08-13 09:10:32"
"","Finished customer payment [CP-240813171032]","Customer Payment","2024-08-13 09:10:32"
"Benjie Val Lumawag","Updated product [4600-Amigo]","Product","2024-08-13 10:41:26"
"Merry Joy Barotas","Successfully Login","Login","2024-08-14 06:23:51"
"","Error to add new customer payment [CP-240814063814]","Customer Payment","2024-08-13 22:38:14"
"","Finished customer payment [CP-240814063814]","Customer Payment","2024-08-13 22:38:14"
"","Error to add new customer payment [CP-240814063824]","Customer Payment","2024-08-13 22:38:24"
"","Finished customer payment [CP-240814063824]","Customer Payment","2024-08-13 22:38:24"
"mary","Successfully Login","Login","2024-08-14 07:59:27"
"Benjie Val Lumawag","Successfully Login","Login","2024-08-14 08:17:55"
"Benjie Val Lumawag","Updated product [Grader-Liter]","Product","2024-08-14 00:19:01"
"mary","Successfully Login","Login","2024-08-14 11:23:28"
"mary","Successfully Login","Login","2024-08-14 11:24:05"
"Benjie Val Lumawag","Successfully Login","Login","2024-08-14 11:36:15"
"","Added new customer [katipay]","Customer","2024-08-14 11:38:13"
"Benjie Val Lumawag","Successfully Login","Login","2024-08-14 11:48:10"
"Merry Joy Barotas","Successfully Login","Login","2024-08-14 11:55:17"
"mary","Successfully Login","Login","2024-08-14 12:30:16"
"","Added new customer [sebunga]","Customer","2024-08-14 12:54:14"
"","Added new customer [Galangan]","Customer","2024-08-14 12:56:44"
"","Added new customer [bataluna]","Customer","2024-08-14 13:41:49"
"Benjie Val Lumawag","Successfully Login","Login","2024-08-14 13:56:08"
"Benjie Val Lumawag","Successfully Login","Login","2024-08-14 14:11:56"
"Benjie Val Lumawag","Updated product [Tahop-Mais-Sack ( Yellow)]","Product","2024-08-14 06:13:07"
"mary","Successfully Login","Login","2024-08-14 14:14:30"
"mary","Successfully Login","Login","2024-08-14 14:20:48"
"mary","Successfully Login","Login","2024-08-14 14:24:39"
"Merry Joy Barotas","Successfully Login","Login","2024-08-14 14:47:34"
"mary","Successfully Login","Login","2024-08-14 15:34:44"
"Merry Joy Barotas","Successfully Login","Login","2024-08-14 16:33:47"
"mary","Successfully Login","Login","2024-08-14 16:41:37"
"mary","Successfully Login","Login","2024-08-14 16:54:21"
"mary","Successfully Login","Login","2024-08-14 17:38:06"
"Benjie Val Lumawag","Successfully Login","Login","2024-08-14 18:21:41"
"Merry Joy Barotas","Successfully Login","Login","2024-08-14 18:44:15"
"mary","Successfully Login","Login","2024-08-15 06:23:10"
"Benjie Val Lumawag","Successfully Login","Login","2024-08-15 06:36:54"
"Merry Joy Barotas","Successfully Login","Login","2024-08-15 07:44:32"
"mary","Successfully Login","Login","2024-08-15 07:51:18"
"mary","Successfully Login","Login","2024-08-15 07:53:33"
"Merry Joy Barotas","Successfully Login","Login","2024-08-15 07:58:10"
"mary","Successfully Login","Login","2024-08-15 08:04:01"
"mary","Successfully Login","Login","2024-08-15 08:12:47"
"Benjie Val Lumawag","Successfully Login","Login","2024-08-15 08:52:03"
"mary","Successfully Login","Login","2024-08-15 09:25:23"
"","Error to add new customer payment [CP-240815125805]","Customer Payment","2024-08-15 04:58:05"
"","Finished customer payment [CP-240815125805]","Customer Payment","2024-08-15 04:58:06"
"","Added new customer [tamayo permin]","Customer","2024-08-15 13:15:48"
"Benjie Val Lumawag","Successfully Login","Login","2024-08-15 13:27:19"
"QL Branch","Successfully Login","Login","2024-08-15 14:23:19"
"mary","Successfully Login","Login","2024-08-15 14:27:02"
"mary","Successfully Login","Login","2024-08-15 14:27:27"
"mary","Successfully Login","Login","2024-08-15 14:31:11"
"Benjie Val Lumawag","Successfully Login","Login","2024-08-15 14:51:53"
"QL Branch","Successfully Login","Login","2024-08-15 15:28:47"
"","Added new customer [Lamor]","Customer","2024-08-15 15:40:13"
"mary","Successfully Login","Login","2024-08-15 15:41:36"
"mary","Successfully Login","Login","2024-08-15 15:55:09"
"","Added new customer [supiaga]","Customer","2024-08-15 16:26:26"
"","Added new customer [Beladas wenheart]","Customer","2024-08-15 17:04:11"
"Merry Joy Barotas","Successfully Login","Login","2024-08-15 17:14:36"
"Benjie Val Lumawag","Successfully Login","Login","2024-08-15 17:18:10"
"Benjie Val Lumawag","Updated product [White Corn-Sack]","Product","2024-08-15 09:19:32"
"","Error to add new customer payment [CP-240815174022]","Customer Payment","2024-08-15 09:40:22"
"","Finished customer payment [CP-240815174022]","Customer Payment","2024-08-15 09:40:22"
"Benjie Val Lumawag","Successfully Login","Login","2024-08-16 06:48:32"
"Benjie Val Lumawag","Updated product [Tag 357]","Product","2024-08-15 23:06:04"
"Benjie Val Lumawag","Updated product [Dragon Cartap]","Product","2024-08-15 23:06:19"
"Benjie Val Lumawag","Updated product [Round up - Gallon]","Product","2024-08-15 23:06:33"
"Benjie Val Lumawag","Updated product [Clear out 4L]","Product","2024-08-15 23:07:05"
"Benjie Val Lumawag","Updated product [King Arthur]","Product","2024-08-15 23:07:39"
"Benjie Val Lumawag","Updated product [Triple 8 - Gallon ]","Product","2024-08-15 23:08:58"
"","Added new customer [Lumawag OPong]","Customer","2024-08-16 07:44:04"
"mary","Successfully Login","Login","2024-08-16 08:05:14"
"mary","Successfully Login","Login","2024-08-16 08:08:35"
"Merry Joy Barotas","Successfully Login","Login","2024-08-16 08:12:41"
"","Added new customer [Bura, almira]","Customer","2024-08-16 09:16:04"
"QL Branch","Successfully Login","Login","2024-08-16 09:20:25"
"","Added new customer [salvation]","Customer","2024-08-16 09:22:52"
"","Attempt to add existing customer [1]","Customer","2024-08-16 09:27:10"
"","Added new customer [kamid d. mapait]","Customer","2024-08-16 09:27:47"
"","Error to add new customer payment [CP-240816093724]","Customer Payment","2024-08-16 01:37:24"
"","Finished customer payment [CP-240816093724]","Customer Payment","2024-08-16 01:37:24"
"","Added new customer [analie payad]","Customer","2024-08-16 09:55:59"
"","Attempt to add existing customer [pagayaw]","Customer","2024-08-16 10:00:05"
"QL Branch","Successfully Login","Login","2024-08-16 10:21:57"
"","Added new customer [dagat]","Customer","2024-08-16 11:52:33"
"","Error to add new customer payment [CP-240816121912]","Customer Payment","2024-08-16 04:19:12"
"Merry Joy Barotas","Successfully Login","Login","2024-08-16 12:20:05"
"Merry Joy Barotas","Successfully Login","Login","2024-08-16 12:20:46"
"","Added new customer [Lanestosa  christine]","Customer","2024-08-16 12:51:39"
"","Attempt to add existing customer [Lanestosa  christine]","Customer","2024-08-16 12:51:40"
"","Error to add new customer payment [CP-240816125314]","Customer Payment","2024-08-16 04:53:14"
"Merry Joy Barotas","Successfully Login","Login","2024-08-16 12:54:03"
"mary","Successfully Login","Login","2024-08-16 12:59:00"
"","Added new customer [Basbaño]","Customer","2024-08-16 13:10:20"
"","Added new customer [dinnes daroca]","Customer","2024-08-16 13:12:58"
"mary","Successfully Login","Login","2024-08-16 13:44:24"
"","Added new customer [Lanestosa charlie ]","Customer","2024-08-16 14:14:10"
"mary","Successfully Login","Login","2024-08-16 14:26:55"
"","Error to add new customer payment [CP-240816142815]","Customer Payment","2024-08-16 06:28:15"
"Merry Joy Barotas","Successfully Login","Login","2024-08-16 14:29:00"
"","Added new customer [macasait]","Customer","2024-08-16 14:30:32"
"mary","Successfully Login","Login","2024-08-16 14:30:50"
"","Error to add new customer payment [CP-240816145828]","Customer Payment","2024-08-16 06:58:28"
"","Finished customer payment [CP-240816145828]","Customer Payment","2024-08-16 06:58:28"
"mary","Successfully Login","Login","2024-08-16 15:13:55"
"Merry Joy Barotas","Successfully Login","Login","2024-08-16 16:01:37"
"QL Branch","Successfully Login","Login","2024-08-16 16:05:15"
"Benjie Val Lumawag","Successfully Login","Login","2024-08-16 16:38:16"
"Benjie Val Lumawag","Updated product [RichMade- Grower Sack]","Product","2024-08-16 08:42:55"
"mary","Successfully Login","Login","2024-08-16 17:16:13"
"","Added new customer [nel ]","Customer","2024-08-16 18:01:05"
"Merry Joy Barotas","Successfully Login","Login","2024-08-17 06:46:06"
"Benjie Val Lumawag","Successfully Login","Login","2024-08-17 06:57:47"
"mary","Successfully Login","Login","2024-08-17 07:00:50"
"QL Branch","Successfully Login","Login","2024-08-17 07:26:46"
"mary","Successfully Login","Login","2024-08-17 07:37:00"
"mary","Successfully Login","Login","2024-08-17 09:24:32"
"","Added new customer [dagman]","Customer","2024-08-17 11:05:25"
"mary","Successfully Login","Login","2024-08-17 11:15:58"
"","Added new customer [delosario]","Customer","2024-08-17 11:16:36"
"mary","Successfully Login","Login","2024-08-17 11:35:47"
"mary","Successfully Login","Login","2024-08-17 11:39:17"
"Benjie Val Lumawag","Successfully Login","Login","2024-08-17 11:40:10"
"mary","Successfully Login","Login","2024-08-17 11:44:29"
"mary","Successfully Login","Login","2024-08-17 12:23:01"
"","Added new customer [ladturan]","Customer","2024-08-17 14:27:30"
"mary","Successfully Login","Login","2024-08-17 14:29:09"
"mary","Successfully Login","Login","2024-08-17 15:19:17"
"","Added new customer [ELAIS]","Customer","2024-08-17 15:28:35"
"","Attempt to add existing customer [ELAIS]","Customer","2024-08-17 15:28:35"
"mary","Successfully Login","Login","2024-08-17 15:49:02"
"Merry Joy Barotas","Successfully Login","Login","2024-08-17 17:22:03"
"Benjie Val Lumawag","Successfully Login","Login","2024-08-17 18:12:51"
"Merry Joy Barotas","Successfully Login","Login","2024-08-18 07:16:08"
"mary","Successfully Login","Login","2024-08-18 07:28:05"
"mary","Successfully Login","Login","2024-08-18 08:12:27"
"QL Branch","Successfully Login","Login","2024-08-18 08:17:30"
"","Added new customer [Angatong Miralyn]","Customer","2024-08-18 08:26:49"
"Merry Joy Barotas","Successfully Login","Login","2024-08-18 08:27:47"
"mary","Successfully Login","Login","2024-08-18 08:39:59"
"","Added new customer [caro christine]","Customer","2024-08-18 09:18:39"
"","Error to add new customer payment [CP-240818101318]","Customer Payment","2024-08-18 02:13:18"
"","Finished customer payment [CP-240818101318]","Customer Payment","2024-08-18 02:13:18"
"","Error to add new customer payment [CP-240818101512]","Customer Payment","2024-08-18 02:15:12"
"","Finished customer payment [CP-240818101512]","Customer Payment","2024-08-18 02:15:12"
"mary","Successfully Login","Login","2024-08-18 10:29:11"
"Merry Joy Barotas","Successfully Login","Login","2024-08-18 10:36:56"
"mary","Successfully Login","Login","2024-08-18 11:14:06"
"mary","Successfully Login","Login","2024-08-18 11:14:46"
"mary","Successfully Login","Login","2024-08-18 11:31:24"
"","Attempt to add existing customer [mangogawan]","Customer","2024-08-18 12:06:50"
"Benjie Val Lumawag","Successfully Login","Login","2024-08-18 14:31:40"
"","Added new customer [panandigan]","Customer","2024-08-18 14:34:49"
"","Added new customer [Entera bik2x]","Customer","2024-08-18 14:41:23"
"QL Branch","Successfully Login","Login","2024-08-18 14:44:59"
"Merry Joy Barotas","Successfully Login","Login","2024-08-18 14:46:17"
"mary","Successfully Login","Login","2024-08-18 15:27:34"
"","Added new customer [songcuya gary]","Customer","2024-08-18 15:48:44"
"mary","Successfully Login","Login","2024-08-18 16:25:35"
"Merry Joy Barotas","Successfully Login","Login","2024-08-18 17:31:56"
"Merry Joy Barotas","Successfully Login","Login","2024-08-19 06:41:45"
"mary","Successfully Login","Login","2024-08-19 06:48:36"
"Benjie Val Lumawag","Successfully Login","Login","2024-08-19 08:52:03"
"Benjie Val Lumawag","Updated product [4600-Amigo]","Product","2024-08-19 00:53:10"
"Benjie Val Lumawag","Updated product [4600-Harvester]","Product","2024-08-19 00:53:31"
"Merry Joy Barotas","Successfully Login","Login","2024-08-19 09:01:54"
"Benjie Val Lumawag","Updated product [4600-Agro Planters]","Product","2024-08-19 01:02:23"
"mary","Successfully Login","Login","2024-08-19 09:35:13"
"mary","Successfully Login","Login","2024-08-19 09:46:10"
"mary","Successfully Login","Login","2024-08-19 09:57:00"
"","Added new customer [paclibar]","Customer","2024-08-19 10:08:02"
"Benjie Val Lumawag","Successfully Login","Login","2024-08-19 10:23:56"
"QL Branch","Successfully Login","Login","2024-08-19 10:53:43"
"mary","Successfully Login","Login","2024-08-19 11:02:37"
"QL Branch","Successfully Login","Login","2024-08-19 11:24:50"
"QL Branch","Successfully Login","Login","2024-08-19 11:56:16"
"mary","Successfully Login","Login","2024-08-19 12:24:09"
"Merry Joy Barotas","Successfully Login","Login","2024-08-19 14:46:01"
"mary","Successfully Login","Login","2024-08-19 15:12:18"
"QL Branch","Successfully Login","Login","2024-08-19 15:18:59"
"mary","Successfully Login","Login","2024-08-19 15:42:47"
"mary","Successfully Login","Login","2024-08-19 15:49:06"
"Benjie Val Lumawag","Successfully Login","Login","2024-08-19 16:00:28"
"Benjie Val Lumawag","Updated product [Bioseed-9541]","Product","2024-08-19 08:01:22"
"mary","Successfully Login","Login","2024-08-19 16:19:06"
"","Added new customer [Capuyan]","Customer","2024-08-19 16:53:10"
"Merry Joy Barotas","Successfully Login","Login","2024-08-19 16:57:11"
"mary","Successfully Login","Login","2024-08-20 07:18:39"
"QL Branch","Successfully Login","Login","2024-08-20 07:30:54"
"Benjie Val Lumawag","Successfully Login","Login","2024-08-20 08:31:41"
"QL Branch","Successfully Login","Login","2024-08-20 08:42:42"
"","Error to add new customer payment [CP-240820092208]","Customer Payment","2024-08-20 01:22:08"
"","Finished customer payment [CP-240820092208]","Customer Payment","2024-08-20 01:22:08"
"Merry Joy Barotas","Successfully Login","Login","2024-08-20 09:25:56"
"","Added new customer [santosidad robello]","Customer","2024-08-20 09:47:41"
"mary","Successfully Login","Login","2024-08-20 09:58:48"
"mary","Successfully Login","Login","2024-08-20 10:49:15"
"","Added new customer [duga]","Customer","2024-08-20 11:13:51"
"mary","Successfully Login","Login","2024-08-20 11:22:00"
"","Error to add new customer payment [CP-240820112422]","Customer Payment","2024-08-20 03:24:22"
"","Finished customer payment [CP-240820112422]","Customer Payment","2024-08-20 03:24:23"
"Merry Joy Barotas","Successfully Login","Login","2024-08-20 11:49:09"
"QL Branch","Successfully Login","Login","2024-08-20 12:02:48"
"Benjie Val Lumawag","Successfully Login","Login","2024-08-20 12:41:29"
"Benjie Val Lumawag","Updated product [Calcium-bot]","Product","2024-08-20 04:43:03"
"mary","Successfully Login","Login","2024-08-20 13:16:14"
"","Added new customer [kabiskasi]","Customer","2024-08-20 13:27:00"
"","Attempt to add existing customer [kabiskasi]","Customer","2024-08-20 13:27:06"
"","Attempt to add existing customer [kabiskasi]","Customer","2024-08-20 13:27:11"
"","Attempt to add existing customer [kabiskasi]","Customer","2024-08-20 13:27:13"
"","Attempt to add existing customer [kabiskasi]","Customer","2024-08-20 13:27:13"
"","Attempt to add existing customer [kabiskasi]","Customer","2024-08-20 13:27:13"
"","Attempt to add existing customer [kabiskasi]","Customer","2024-08-20 13:27:14"
"","Attempt to add existing customer [kabiskasi]","Customer","2024-08-20 13:27:16"
"","Attempt to add existing customer [kabiskasi]","Customer","2024-08-20 13:27:19"
"","Attempt to add existing customer [kabiskasi]","Customer","2024-08-20 13:27:23"
"","Attempt to add existing customer [kabiskasi]","Customer","2024-08-20 13:27:33"
"mary","Successfully Login","Login","2024-08-20 13:36:25"
"","Added new customer [oscar]","Customer","2024-08-20 13:38:17"
"","Added new customer [sumray]","Customer","2024-08-20 14:56:23"
"QL Branch","Successfully Login","Login","2024-08-20 14:58:56"
"","Added new customer [pitungon]","Customer","2024-08-20 14:59:00"
"mary","Successfully Login","Login","2024-08-20 15:20:19"
"QL Branch","Successfully Login","Login","2024-08-20 15:32:26"
"mary","Successfully Login","Login","2024-08-20 15:39:32"
"","Added new customer [jamesolanim mary ann]","Customer","2024-08-20 16:10:03"
"Merry Joy Barotas","Successfully Login","Login","2024-08-20 16:16:34"
"","Added new customer [Elhig Reyne]","Customer","2024-08-21 06:21:07"
"mary","Successfully Login","Login","2024-08-21 06:39:08"
"","Attempt to add existing customer [villaruel]","Customer","2024-08-21 07:00:03"
"","Added new customer [Orinya]","Customer","2024-08-21 07:15:29"
"Benjie Val Lumawag","Successfully Login","Login","2024-08-21 08:02:42"
"mary","Successfully Login","Login","2024-08-21 09:53:00"
"mary","Successfully Login","Login","2024-08-21 11:04:38"
"Merry Joy Barotas","Successfully Login","Login","2024-08-21 11:32:43"
"","Error to add new customer payment [CP-240821114436]","Customer Payment","2024-08-21 03:44:36"
"","Finished customer payment [CP-240821114436]","Customer Payment","2024-08-21 03:44:37"
"","Added new customer [orlan]","Customer","2024-08-21 12:09:58"
"mary","Successfully Login","Login","2024-08-21 12:49:35"
"mary","Successfully Login","Login","2024-08-21 12:50:11"
"","Added new customer [mayujo]","Customer","2024-08-21 12:58:59"
"","Error to add new customer payment [CP-240821140905]","Customer Payment","2024-08-21 06:09:05"
"","Finished customer payment [CP-240821140905]","Customer Payment","2024-08-21 06:09:05"
"Benjie Val Lumawag","Successfully Login","Login","2024-08-21 15:11:12"
"mary","Successfully Login","Login","2024-08-21 15:18:16"
"","Added new customer [Ql ryan binoy]","Customer","2024-08-21 15:59:53"
"","Error to add new customer payment [CP-240821162257]","Customer Payment","2024-08-21 08:22:57"
"","Finished customer payment [CP-240821162257]","Customer Payment","2024-08-21 08:22:57"
"mary","Successfully Login","Login","2024-08-22 07:44:17"
"Merry Joy Barotas","Successfully Login","Login","2024-08-22 07:45:10"
"mary","Successfully Login","Login","2024-08-22 08:26:06"
"mary","Successfully Login","Login","2024-08-22 08:26:50"
"","Added new customer [agramonte]","Customer","2024-08-22 08:47:40"
"","Error to add new customer payment [CP-240822090625]","Customer Payment","2024-08-22 01:06:25"
"","Finished customer payment [CP-240822090625]","Customer Payment","2024-08-22 01:06:25"
"","Added new customer [Princisa]","Customer","2024-08-22 09:14:58"
"","Added new customer [Mostrales]","Customer","2024-08-22 09:21:06"
"QL Branch","Successfully Login","Login","2024-08-22 12:13:57"
"Benjie Val Lumawag","Successfully Login","Login","2024-08-22 12:19:50"
"Benjie Val Lumawag","Successfully Login","Login","2024-08-22 13:46:59"
"","Added new customer [salcedo]","Customer","2024-08-22 13:48:00"
"","Added new customer [Metopher]","Customer","2024-08-22 14:20:15"
"QL Branch","Successfully Login","Login","2024-08-22 14:52:18"
"","Error to add new customer payment [CP-240822153644]","Customer Payment","2024-08-22 07:36:44"
"","Finished customer payment [CP-240822153644]","Customer Payment","2024-08-22 07:36:45"
"","Added new customer [yanba]","Customer","2024-08-22 15:45:05"
"QL Branch","Successfully Login","Login","2024-08-22 15:49:41"
"Merry Joy Barotas","Successfully Login","Login","2024-08-22 16:33:24"
"mary","Successfully Login","Login","2024-08-22 16:52:05"
"QL Branch","Successfully Login","Login","2024-08-22 16:53:26"
"Benjie Val Lumawag","Successfully Login","Login","2024-08-22 17:23:44"
"Merry Joy Barotas","Successfully Login","Login","2024-08-22 17:45:06"
"","Error to add new customer payment [CP-240823064142]","Customer Payment","2024-08-22 22:41:42"
"","Finished customer payment [CP-240823064142]","Customer Payment","2024-08-22 22:41:43"
"mary","Successfully Login","Login","2024-08-23 06:55:13"
"Merry Joy Barotas","Successfully Login","Login","2024-08-23 06:59:58"
"","Error to add new customer payment [CP-240823070255]","Customer Payment","2024-08-22 23:02:55"
"","Error to add new customer payment [CP-240823070316]","Customer Payment","2024-08-22 23:03:16"
"Merry Joy Barotas","Successfully Login","Login","2024-08-23 07:03:57"
"Merry Joy Barotas","Successfully Login","Login","2024-08-23 07:05:46"
"Merry Joy Barotas","Error to add new customer payment [CP-240823070602]","Customer Payment","2024-08-22 23:06:59"
"Merry Joy Barotas","Finished customer payment [CP-240823070602]","Customer Payment","2024-08-23 07:07:52"
"mary","Successfully Login","Login","2024-08-23 07:14:54"
"QL Branch","Successfully Login","Login","2024-08-23 08:25:53"
"mary","Successfully Login","Login","2024-08-23 10:53:45"
"","Added new customer [tongcago]","Customer","2024-08-23 11:44:51"
"mary","Successfully Login","Login","2024-08-23 12:18:41"
"","Added new customer [emelie gutobat]","Customer","2024-08-23 12:28:12"
"mary","Successfully Login","Login","2024-08-23 12:43:51"
"Merry Joy Barotas","Successfully Login","Login","2024-08-23 13:33:13"
"","Error to add new customer payment [CP-240823135754]","Customer Payment","2024-08-23 05:57:54"
"","Finished customer payment [CP-240823135754]","Customer Payment","2024-08-23 05:57:54"
"","Added new customer [lastino]","Customer","2024-08-23 14:34:17"
"mary","Successfully Login","Login","2024-08-23 14:58:21"
"QL Branch","Successfully Login","Login","2024-08-23 15:46:25"
"mary","Successfully Login","Login","2024-08-23 15:55:50"
"mary","Successfully Login","Login","2024-08-23 16:06:42"
"mary","Successfully Login","Login","2024-08-23 16:17:43"
"mary","Successfully Login","Login","2024-08-23 17:01:00"
"mary","Successfully Login","Login","2024-08-23 17:01:40"
"mary","Successfully Login","Login","2024-08-23 17:25:29"
"QL Branch","Successfully Login","Login","2024-08-23 17:36:27"
"","Error to add new customer payment [CP-240823173706]","Customer Payment","2024-08-23 09:37:06"
"","Finished customer payment [CP-240823173706]","Customer Payment","2024-08-23 09:37:06"
"mary","Successfully Login","Login","2024-08-24 06:46:30"
"mary","Successfully Login","Login","2024-08-24 07:48:56"
"mary","Successfully Login","Login","2024-08-24 07:57:41"
"mary","Successfully Login","Login","2024-08-24 08:31:53"
"mary","Successfully Login","Login","2024-08-24 09:00:13"
"Merry Joy Barotas","Successfully Login","Login","2024-08-24 10:35:06"
"","Added new customer [dequiña]","Customer","2024-08-24 11:31:58"
"","Added new customer [lunan]","Customer","2024-08-24 12:48:50"
"mary","Successfully Login","Login","2024-08-24 13:05:58"
"","Error to add new customer payment [CP-240824132059]","Customer Payment","2024-08-24 05:20:59"
"","Finished customer payment [CP-240824132059]","Customer Payment","2024-08-24 05:21:00"
"","Added new customer [sadang]","Customer","2024-08-24 13:50:48"
"mary","Successfully Login","Login","2024-08-25 07:05:20"
"mary","Successfully Login","Login","2024-08-25 07:19:50"
"mary","Successfully Login","Login","2024-08-25 07:28:16"
"","Added new customer [balacase, Alen]","Customer","2024-08-25 07:40:47"
"","Added new customer [barrido]","Customer","2024-08-25 08:02:09"
"QL Branch","Successfully Login","Login","2024-08-25 08:21:41"
"mary","Successfully Login","Login","2024-08-25 09:08:36"
"mary","Successfully Login","Login","2024-08-25 11:13:43"
"","Added new customer [ampang]","Customer","2024-08-25 12:25:33"
"","Added new customer [montigo]","Customer","2024-08-25 14:47:45"
"","Attempt to add existing customer [montigo]","Customer","2024-08-25 14:47:45"
"Benjie Val Lumawag","Successfully Login","Login","2024-08-25 14:50:43"
"","Error to add new customer payment [CP-240825145859]","Customer Payment","2024-08-25 06:58:59"
"","Finished customer payment [CP-240825145859]","Customer Payment","2024-08-25 06:58:59"
"","Error to add new customer payment [CP-240825145910]","Customer Payment","2024-08-25 06:59:10"
"","Finished customer payment [CP-240825145910]","Customer Payment","2024-08-25 06:59:11"
"","Error to add new customer payment [CP-240825145936]","Customer Payment","2024-08-25 06:59:36"
"","Finished customer payment [CP-240825145936]","Customer Payment","2024-08-25 06:59:36"
"mary","Successfully Login","Login","2024-08-25 15:06:08"
"mary","Successfully Login","Login","2024-08-25 15:49:18"
"mary","Successfully Login","Login","2024-08-25 15:51:24"
"","Added new customer [cabaya]","Customer","2024-08-25 16:03:19"
"Benjie Val Lumawag","Successfully Login","Login","2024-08-25 17:19:10"
"QL Branch","Successfully Login","Login","2024-08-25 17:30:58"
"Benjie Val Lumawag","Successfully Login","Login","2024-08-25 18:56:52"
"Benjie Val Lumawag","Successfully cleared bank due date [161]","Bank Due Date","2024-08-25 19:26:34"
"Benjie Val Lumawag","Successfully cleared bank due date [34]","Bank Due Date","2024-08-25 19:26:40"
"Benjie Val Lumawag","Successfully cleared bank due date [250]","Bank Due Date","2024-08-25 19:27:24"
"Benjie Val Lumawag","Successfully cleared bank due date [72]","Bank Due Date","2024-08-25 19:27:32"
"Benjie Val Lumawag","Successfully cleared bank due date [222]","Bank Due Date","2024-08-25 19:27:38"
"Benjie Val Lumawag","Successfully cleared bank due date [185]","Bank Due Date","2024-08-25 20:02:53"
"Benjie Val Lumawag","Successfully cleared bank due date [50]","Bank Due Date","2024-08-25 20:02:59"
"Benjie Val Lumawag","Successfully cleared bank due date [40]","Bank Due Date","2024-08-25 20:03:05"
"Benjie Val Lumawag","Successfully Login","Login","2024-08-25 21:22:00"
"Benjie Val Lumawag","Successfully Login","Login","2024-08-26 06:08:39"
"Benjie Val Lumawag","Successfully Login","Login","2024-08-26 06:13:47"
"Benjie Val Lumawag","Successfully cleared bank due date [10]","Bank Due Date","2024-08-26 06:41:21"
"Benjie Val Lumawag","Successfully cleared bank due date [37]","Bank Due Date","2024-08-26 06:41:24"
"Benjie Val Lumawag","Successfully cleared bank due date [42]","Bank Due Date","2024-08-26 06:41:27"
"Benjie Val Lumawag","Successfully cleared bank due date [23]","Bank Due Date","2024-08-26 06:41:29"
"Benjie Val Lumawag","Successfully cleared bank due date [26]","Bank Due Date","2024-08-26 06:41:31"
"Benjie Val Lumawag","Successfully cleared bank due date [67]","Bank Due Date","2024-08-26 06:41:34"
"Benjie Val Lumawag","Successfully cleared bank due date [71]","Bank Due Date","2024-08-26 06:41:37"
"Benjie Val Lumawag","Successfully cleared bank due date [43]","Bank Due Date","2024-08-26 06:41:39"
"Benjie Val Lumawag","Successfully cleared bank due date [1]","Bank Due Date","2024-08-26 06:41:42"
"Benjie Val Lumawag","Successfully cleared bank due date [44]","Bank Due Date","2024-08-26 06:41:54"
"Benjie Val Lumawag","Successfully cleared bank due date [45]","Bank Due Date","2024-08-26 06:41:57"
"Benjie Val Lumawag","Successfully cleared bank due date [39]","Bank Due Date","2024-08-26 06:41:59"
"Benjie Val Lumawag","Successfully cleared bank due date [54]","Bank Due Date","2024-08-26 06:42:01"
"Benjie Val Lumawag","Successfully cleared bank due date [81]","Bank Due Date","2024-08-26 06:42:03"
"Benjie Val Lumawag","Successfully cleared bank due date [53]","Bank Due Date","2024-08-26 06:42:06"
"Benjie Val Lumawag","Successfully cleared bank due date [6]","Bank Due Date","2024-08-26 06:42:08"
"Benjie Val Lumawag","Successfully cleared bank due date [12]","Bank Due Date","2024-08-26 06:42:10"
"Benjie Val Lumawag","Successfully cleared bank due date [60]","Bank Due Date","2024-08-26 06:42:13"
"Benjie Val Lumawag","Successfully cleared bank due date [13]","Bank Due Date","2024-08-26 06:42:43"
"Benjie Val Lumawag","Successfully cleared bank due date [63]","Bank Due Date","2024-08-26 06:43:19"
"Benjie Val Lumawag","Successfully cleared bank due date [74]","Bank Due Date","2024-08-26 06:43:21"
"Benjie Val Lumawag","Successfully cleared bank due date [61]","Bank Due Date","2024-08-26 06:43:24"
"Benjie Val Lumawag","Successfully cleared bank due date [62]","Bank Due Date","2024-08-26 06:43:26"
"Benjie Val Lumawag","Successfully cleared bank due date [20]","Bank Due Date","2024-08-26 06:43:29"
"Benjie Val Lumawag","Successfully cleared bank due date [87]","Bank Due Date","2024-08-26 06:43:33"
"Benjie Val Lumawag","Successfully cleared bank due date [27]","Bank Due Date","2024-08-26 06:43:35"
"Benjie Val Lumawag","Successfully cleared bank due date [92]","Bank Due Date","2024-08-26 06:43:37"
"Benjie Val Lumawag","Successfully cleared bank due date [145]","Bank Due Date","2024-08-26 06:43:44"
"Benjie Val Lumawag","Successfully cleared bank due date [95]","Bank Due Date","2024-08-26 06:43:52"
"Benjie Val Lumawag","Successfully cleared bank due date [144]","Bank Due Date","2024-08-26 06:44:04"
"Benjie Val Lumawag","Successfully cleared bank due date [146]","Bank Due Date","2024-08-26 06:44:11"
"Benjie Val Lumawag","Successfully cleared bank due date [31]","Bank Due Date","2024-08-26 06:44:13"
"Benjie Val Lumawag","Successfully cleared bank due date [68]","Bank Due Date","2024-08-26 06:44:15"
"Benjie Val Lumawag","Successfully cleared bank due date [69]","Bank Due Date","2024-08-26 06:44:17"
"Benjie Val Lumawag","Successfully cleared bank due date [70]","Bank Due Date","2024-08-26 06:44:19"
"Benjie Val Lumawag","Successfully cleared bank due date [98]","Bank Due Date","2024-08-26 06:44:21"
"Benjie Val Lumawag","Successfully cleared bank due date [171]","Bank Due Date","2024-08-26 06:44:34"
"Benjie Val Lumawag","Successfully cleared bank due date [172]","Bank Due Date","2024-08-26 06:44:36"
"Benjie Val Lumawag","Successfully cleared bank due date [52]","Bank Due Date","2024-08-26 06:44:40"
"Benjie Val Lumawag","Successfully cleared bank due date [214]","Bank Due Date","2024-08-26 06:44:42"
"Benjie Val Lumawag","Successfully cleared bank due date [109]","Bank Due Date","2024-08-26 06:44:45"
"Benjie Val Lumawag","Successfully cleared bank due date [180]","Bank Due Date","2024-08-26 06:44:47"
"Benjie Val Lumawag","Successfully cleared bank due date [206]","Bank Due Date","2024-08-26 06:45:04"
"Benjie Val Lumawag","Successfully cleared bank due date [233]","Bank Due Date","2024-08-26 06:45:08"
"Benjie Val Lumawag","Successfully cleared bank due date [113]","Bank Due Date","2024-08-26 06:45:10"
"Benjie Val Lumawag","Successfully cleared bank due date [116]","Bank Due Date","2024-08-26 06:45:13"
"Benjie Val Lumawag","Added new customer [Basakan-Sabang]","Customer","2024-08-25 22:45:52"
"Benjie Val Lumawag","Added new customer [Karugmanan- Mais]","Customer","2024-08-25 22:49:21"
"Benjie Val Lumawag","Updated customer [Karugmanan- Mais] => [Mais-Karugmanan]","Customer","2024-08-25 22:50:12"
"Benjie Val Lumawag","Successfully cleared bank due date [73]","Bank Due Date","2024-08-26 06:58:52"
"Benjie Val Lumawag","Successfully cleared bank due date [118]","Bank Due Date","2024-08-26 06:58:54"
"Benjie Val Lumawag","Successfully cleared bank due date [119]","Bank Due Date","2024-08-26 06:59:04"
"Benjie Val Lumawag","Successfully cleared bank due date [38]","Bank Due Date","2024-08-26 06:59:10"
"Benjie Val Lumawag","Successfully cleared bank due date [120]","Bank Due Date","2024-08-26 06:59:13"
"Benjie Val Lumawag","Successfully cleared bank due date [41]","Bank Due Date","2024-08-26 06:59:39"
"Benjie Val Lumawag","Successfully cleared bank due date [82]","Bank Due Date","2024-08-26 06:59:42"
"Benjie Val Lumawag","Successfully cleared bank due date [46]","Bank Due Date","2024-08-26 06:59:56"
"Benjie Val Lumawag","Successfully cleared bank due date [93]","Bank Due Date","2024-08-26 07:00:03"
"Benjie Val Lumawag","Successfully cleared bank due date [175]","Bank Due Date","2024-08-26 07:00:05"
"Benjie Val Lumawag","Successfully cleared bank due date [88]","Bank Due Date","2024-08-26 07:00:08"
"Benjie Val Lumawag","Successfully cleared bank due date [47]","Bank Due Date","2024-08-26 07:00:10"
"Benjie Val Lumawag","Successfully cleared bank due date [90]","Bank Due Date","2024-08-26 07:00:12"
"Benjie Val Lumawag","Successfully cleared bank due date [121]","Bank Due Date","2024-08-26 07:00:45"
"Benjie Val Lumawag","Successfully cleared bank due date [125]","Bank Due Date","2024-08-26 07:00:48"
"Benjie Val Lumawag","Successfully cleared bank due date [129]","Bank Due Date","2024-08-26 07:01:22"
"Benjie Val Lumawag","Successfully cleared bank due date [139]","Bank Due Date","2024-08-26 07:01:25"
"Benjie Val Lumawag","Successfully cleared bank due date [140]","Bank Due Date","2024-08-26 07:01:27"
"Benjie Val Lumawag","Successfully cleared bank due date [191]","Bank Due Date","2024-08-26 07:01:30"
"Benjie Val Lumawag","Successfully cleared bank due date [192]","Bank Due Date","2024-08-26 07:01:33"
"Benjie Val Lumawag","Successfully cleared bank due date [138]","Bank Due Date","2024-08-26 07:01:36"
"Benjie Val Lumawag","Successfully cleared bank due date [223]","Bank Due Date","2024-08-26 07:01:38"
"Benjie Val Lumawag","Successfully cleared bank due date [48]","Bank Due Date","2024-08-26 07:02:18"
"Benjie Val Lumawag","Successfully cleared bank due date [49]","Bank Due Date","2024-08-26 07:02:21"
"Benjie Val Lumawag","Successfully cleared bank due date [199]","Bank Due Date","2024-08-26 07:02:24"
"Benjie Val Lumawag","Successfully cleared bank due date [101]","Bank Due Date","2024-08-26 07:02:27"
"Benjie Val Lumawag","Successfully cleared bank due date [103]","Bank Due Date","2024-08-26 07:02:30"
"Benjie Val Lumawag","Successfully cleared bank due date [104]","Bank Due Date","2024-08-26 07:02:34"
"Benjie Val Lumawag","Successfully cleared bank due date [197]","Bank Due Date","2024-08-26 07:02:36"
"Benjie Val Lumawag","Successfully cleared bank due date [105]","Bank Due Date","2024-08-26 07:02:40"
"Benjie Val Lumawag","Successfully cleared bank due date [106]","Bank Due Date","2024-08-26 07:02:52"
"Benjie Val Lumawag","Successfully cleared bank due date [97]","Bank Due Date","2024-08-26 07:02:55"
"Benjie Val Lumawag","Successfully cleared bank due date [99]","Bank Due Date","2024-08-26 07:02:57"
"Benjie Val Lumawag","Successfully cleared bank due date [100]","Bank Due Date","2024-08-26 07:02:59"
"Benjie Val Lumawag","Successfully cleared bank due date [102]","Bank Due Date","2024-08-26 07:03:01"
"Benjie Val Lumawag","Successfully cleared bank due date [148]","Bank Due Date","2024-08-26 07:03:03"
"Benjie Val Lumawag","Successfully cleared bank due date [159]","Bank Due Date","2024-08-26 07:03:06"
"Benjie Val Lumawag","Successfully cleared bank due date [231]","Bank Due Date","2024-08-26 07:03:46"
"Benjie Val Lumawag","Successfully cleared bank due date [231]","Bank Due Date","2024-08-26 07:03:46"
"Benjie Val Lumawag","Successfully cleared bank due date [230]","Bank Due Date","2024-08-26 07:03:50"
"Benjie Val Lumawag","Successfully cleared bank due date [237]","Bank Due Date","2024-08-26 07:03:52"
"Benjie Val Lumawag","Successfully cleared bank due date [55]","Bank Due Date","2024-08-26 07:03:54"
"Benjie Val Lumawag","Successfully cleared bank due date [169]","Bank Due Date","2024-08-26 07:03:59"
"Benjie Val Lumawag","Successfully cleared bank due date [264]","Bank Due Date","2024-08-26 07:05:04"
"Benjie Val Lumawag","Successfully cleared bank due date [124]","Bank Due Date","2024-08-26 07:05:07"
"Benjie Val Lumawag","Successfully cleared bank due date [127]","Bank Due Date","2024-08-26 07:05:11"
"Benjie Val Lumawag","Successfully cleared bank due date [133]","Bank Due Date","2024-08-26 07:05:13"
"Benjie Val Lumawag","Successfully cleared bank due date [266]","Bank Due Date","2024-08-26 07:05:16"
"Benjie Val Lumawag","Successfully cleared bank due date [91]","Bank Due Date","2024-08-26 07:05:21"
"Benjie Val Lumawag","Successfully cleared bank due date [122]","Bank Due Date","2024-08-26 07:05:23"
"Benjie Val Lumawag","Successfully cleared bank due date [126]","Bank Due Date","2024-08-26 07:05:26"
"Benjie Val Lumawag","Successfully cleared bank due date [141]","Bank Due Date","2024-08-26 07:05:30"
"Benjie Val Lumawag","Successfully cleared bank due date [162]","Bank Due Date","2024-08-26 07:08:47"
"Benjie Val Lumawag","Successfully cleared bank due date [269]","Bank Due Date","2024-08-26 07:08:49"
"Benjie Val Lumawag","Successfully cleared bank due date [135]","Bank Due Date","2024-08-26 07:08:51"
"Benjie Val Lumawag","Successfully cleared bank due date [163]","Bank Due Date","2024-08-26 07:08:53"
"Benjie Val Lumawag","Successfully cleared bank due date [154]","Bank Due Date","2024-08-26 07:08:56"
"Benjie Val Lumawag","Successfully cleared bank due date [253]","Bank Due Date","2024-08-26 07:09:28"
"Benjie Val Lumawag","Successfully Login","Login","2024-08-26 07:09:41"
"Benjie Val Lumawag","Successfully cleared bank due date [165]","Bank Due Date","2024-08-26 07:31:04"
"Benjie Val Lumawag","Successfully cleared bank due date [142]","Bank Due Date","2024-08-26 07:31:08"
"Benjie Val Lumawag","Successfully cleared bank due date [66]","Bank Due Date","2024-08-26 07:31:10"
"Benjie Val Lumawag","Successfully cleared bank due date [167]","Bank Due Date","2024-08-26 07:31:12"
"Benjie Val Lumawag","Successfully cleared bank due date [176]","Bank Due Date","2024-08-26 07:31:17"
"Benjie Val Lumawag","Successfully cleared bank due date [94]","Bank Due Date","2024-08-26 07:31:31"
"Benjie Val Lumawag","Successfully cleared bank due date [174]","Bank Due Date","2024-08-26 07:31:33"
"Benjie Val Lumawag","Successfully cleared bank due date [249]","Bank Due Date","2024-08-26 07:31:35"
"Benjie Val Lumawag","Successfully cleared bank due date [76]","Bank Due Date","2024-08-26 07:31:38"
"Benjie Val Lumawag","Successfully cleared bank due date [198]","Bank Due Date","2024-08-26 07:31:40"
"Benjie Val Lumawag","Successfully cleared bank due date [200]","Bank Due Date","2024-08-26 07:32:14"
"Benjie Val Lumawag","Successfully cleared bank due date [215]","Bank Due Date","2024-08-26 07:32:16"
"Benjie Val Lumawag","Successfully cleared bank due date [201]","Bank Due Date","2024-08-26 07:32:19"
"Benjie Val Lumawag","Successfully cleared bank due date [208]","Bank Due Date","2024-08-26 07:32:22"
"Benjie Val Lumawag","Successfully cleared bank due date [217]","Bank Due Date","2024-08-26 07:32:26"
"Benjie Val Lumawag","Successfully cleared bank due date [205]","Bank Due Date","2024-08-26 07:32:29"
"Benjie Val Lumawag","Successfully cleared bank due date [207]","Bank Due Date","2024-08-26 07:32:32"
"Benjie Val Lumawag","Successfully cleared bank due date [234]","Bank Due Date","2024-08-26 07:32:39"
"Benjie Val Lumawag","Successfully cleared bank due date [232]","Bank Due Date","2024-08-26 07:32:42"
"Benjie Val Lumawag","Successfully cleared bank due date [114]","Bank Due Date","2024-08-26 07:32:44"
"Benjie Val Lumawag","Successfully cleared bank due date [115]","Bank Due Date","2024-08-26 07:32:48"
"Benjie Val Lumawag","Successfully cleared bank due date [152]","Bank Due Date","2024-08-26 07:32:51"
"Benjie Val Lumawag","Successfully cleared bank due date [150]","Bank Due Date","2024-08-26 07:32:53"
"Benjie Val Lumawag","Successfully cleared bank due date [184]","Bank Due Date","2024-08-26 07:32:55"
"Benjie Val Lumawag","Successfully cleared bank due date [246]","Bank Due Date","2024-08-26 07:32:58"
"Benjie Val Lumawag","Successfully cleared bank due date [210]","Bank Due Date","2024-08-26 07:33:00"
"Benjie Val Lumawag","Successfully cleared bank due date [147]","Bank Due Date","2024-08-26 07:33:10"
"Benjie Val Lumawag","Successfully cleared bank due date [149]","Bank Due Date","2024-08-26 07:33:12"
"Benjie Val Lumawag","Successfully cleared bank due date [170]","Bank Due Date","2024-08-26 07:33:15"
"Benjie Val Lumawag","Successfully cleared bank due date [248]","Bank Due Date","2024-08-26 07:33:17"
"Benjie Val Lumawag","Successfully cleared bank due date [189]","Bank Due Date","2024-08-26 07:33:19"
"Benjie Val Lumawag","Successfully cleared bank due date [209]","Bank Due Date","2024-08-26 07:33:23"
"Benjie Val Lumawag","Successfully cleared bank due date [89]","Bank Due Date","2024-08-26 07:33:26"
"Benjie Val Lumawag","Successfully cleared bank due date [203]","Bank Due Date","2024-08-26 07:33:28"
"Benjie Val Lumawag","Successfully cleared bank due date [96]","Bank Due Date","2024-08-26 07:33:30"
"Benjie Val Lumawag","Successfully cleared bank due date [130]","Bank Due Date","2024-08-26 07:33:33"
"Benjie Val Lumawag","Successfully cleared bank due date [229]","Bank Due Date","2024-08-26 07:33:36"
"Benjie Val Lumawag","Successfully cleared bank due date [227]","Bank Due Date","2024-08-26 07:33:38"
"Benjie Val Lumawag","Successfully cleared bank due date [228]","Bank Due Date","2024-08-26 07:33:41"
"Benjie Val Lumawag","Successfully cleared bank due date [265]","Bank Due Date","2024-08-26 07:33:44"
"Benjie Val Lumawag","Successfully cleared bank due date [241]","Bank Due Date","2024-08-26 07:33:47"
"Benjie Val Lumawag","Successfully cleared bank due date [158]","Bank Due Date","2024-08-26 07:35:33"
"Benjie Val Lumawag","Successfully cleared bank due date [65]","Bank Due Date","2024-08-26 07:35:36"
"Benjie Val Lumawag","Successfully cleared bank due date [181]","Bank Due Date","2024-08-26 07:35:38"
"Benjie Val Lumawag","Successfully cleared bank due date [247]","Bank Due Date","2024-08-26 07:35:39"
"Benjie Val Lumawag","Successfully cleared bank due date [193]","Bank Due Date","2024-08-26 07:35:41"
"Benjie Val Lumawag","Successfully cleared bank due date [255]","Bank Due Date","2024-08-26 07:35:43"
"Benjie Val Lumawag","Successfully cleared bank due date [75]","Bank Due Date","2024-08-26 07:35:46"
"Benjie Val Lumawag","Successfully cleared bank due date [77]","Bank Due Date","2024-08-26 07:35:49"
"Benjie Val Lumawag","Successfully cleared bank due date [78]","Bank Due Date","2024-08-26 07:35:51"
"Benjie Val Lumawag","Successfully cleared bank due date [79]","Bank Due Date","2024-08-26 07:35:54"
"Benjie Val Lumawag","Successfully cleared bank due date [80]","Bank Due Date","2024-08-26 07:35:56"
"Benjie Val Lumawag","Successfully cleared bank due date [195]","Bank Due Date","2024-08-26 07:35:58"
"Benjie Val Lumawag","Successfully cleared bank due date [256]","Bank Due Date","2024-08-26 07:36:00"
"Benjie Val Lumawag","Successfully cleared bank due date [224]","Bank Due Date","2024-08-26 07:36:23"
"Benjie Val Lumawag","Successfully cleared bank due date [281]","Bank Due Date","2024-08-26 07:36:31"
"Benjie Val Lumawag","Successfully cleared bank due date [282]","Bank Due Date","2024-08-26 07:36:34"
"Benjie Val Lumawag","Successfully cleared bank due date [283]","Bank Due Date","2024-08-26 07:36:37"
"Benjie Val Lumawag","Successfully cleared bank due date [289]","Bank Due Date","2024-08-26 07:36:39"
"Benjie Val Lumawag","Successfully cleared bank due date [290]","Bank Due Date","2024-08-26 07:36:42"
"Benjie Val Lumawag","Successfully cleared bank due date [291]","Bank Due Date","2024-08-26 07:36:51"
"Benjie Val Lumawag","Successfully cleared bank due date [292]","Bank Due Date","2024-08-26 07:36:53"
"Benjie Val Lumawag","Successfully cleared bank due date [173]","Bank Due Date","2024-08-26 07:36:55"
"Benjie Val Lumawag","Successfully cleared bank due date [187]","Bank Due Date","2024-08-26 07:36:57"
"Benjie Val Lumawag","Successfully cleared bank due date [190]","Bank Due Date","2024-08-26 07:36:59"
"Benjie Val Lumawag","Successfully cleared bank due date [226]","Bank Due Date","2024-08-26 07:37:01"
"Benjie Val Lumawag","Successfully cleared bank due date [225]","Bank Due Date","2024-08-26 07:37:03"
"Benjie Val Lumawag","Successfully cleared bank due date [262]","Bank Due Date","2024-08-26 07:37:11"
"Benjie Val Lumawag","Successfully cleared bank due date [270]","Bank Due Date","2024-08-26 07:37:13"
"Benjie Val Lumawag","Successfully cleared bank due date [271]","Bank Due Date","2024-08-26 07:37:16"
"Benjie Val Lumawag","Successfully cleared bank due date [273]","Bank Due Date","2024-08-26 07:37:17"
"Benjie Val Lumawag","Successfully cleared bank due date [136]","Bank Due Date","2024-08-26 07:37:19"
"Benjie Val Lumawag","Successfully cleared bank due date [143]","Bank Due Date","2024-08-26 07:37:22"
"Benjie Val Lumawag","Successfully cleared bank due date [168]","Bank Due Date","2024-08-26 07:37:25"
"Benjie Val Lumawag","Successfully cleared bank due date [131]","Bank Due Date","2024-08-26 07:37:28"
"Benjie Val Lumawag","Successfully cleared bank due date [242]","Bank Due Date","2024-08-26 07:37:30"
"Benjie Val Lumawag","Successfully cleared bank due date [243]","Bank Due Date","2024-08-26 07:37:35"
"Benjie Val Lumawag","Successfully cleared bank due date [244]","Bank Due Date","2024-08-26 07:37:37"
"Benjie Val Lumawag","Successfully cleared bank due date [260]","Bank Due Date","2024-08-26 07:37:40"
"Benjie Val Lumawag","Successfully cleared bank due date [257]","Bank Due Date","2024-08-26 07:37:45"
"Benjie Val Lumawag","Successfully cleared bank due date [258]","Bank Due Date","2024-08-26 07:37:51"
"Benjie Val Lumawag","Successfully cleared bank due date [202]","Bank Due Date","2024-08-26 07:37:53"
"Benjie Val Lumawag","Successfully cleared bank due date [204]","Bank Due Date","2024-08-26 07:37:55"
"Benjie Val Lumawag","Successfully cleared bank due date [211]","Bank Due Date","2024-08-26 07:37:57"
"Benjie Val Lumawag","Successfully cleared bank due date [263]","Bank Due Date","2024-08-26 07:37:59"
"Benjie Val Lumawag","Successfully cleared bank due date [272]","Bank Due Date","2024-08-26 07:38:01"
"Benjie Val Lumawag","Successfully cleared bank due date [294]","Bank Due Date","2024-08-26 07:38:06"
"Benjie Val Lumawag","Successfully cleared bank due date [261]","Bank Due Date","2024-08-26 07:38:08"
"Benjie Val Lumawag","Successfully cleared bank due date [259]","Bank Due Date","2024-08-26 07:38:11"
"Benjie Val Lumawag","Successfully cleared bank due date [277]","Bank Due Date","2024-08-26 07:38:26"
"Benjie Val Lumawag","Successfully cleared bank due date [275]","Bank Due Date","2024-08-26 07:38:28"
"Benjie Val Lumawag","Successfully cleared bank due date [288]","Bank Due Date","2024-08-26 07:38:30"
"Benjie Val Lumawag","Successfully cleared bank due date [287]","Bank Due Date","2024-08-26 07:38:32"
"Benjie Val Lumawag","Successfully cleared bank due date [83]","Bank Due Date","2024-08-26 07:38:35"
"Benjie Val Lumawag","Successfully cleared bank due date [286]","Bank Due Date","2024-08-26 07:38:37"
"Benjie Val Lumawag","Successfully cleared bank due date [84]","Bank Due Date","2024-08-26 07:38:39"
"Benjie Val Lumawag","Successfully cleared bank due date [284]","Bank Due Date","2024-08-26 07:38:41"
"Benjie Val Lumawag","Successfully cleared bank due date [85]","Bank Due Date","2024-08-26 07:38:45"
"Benjie Val Lumawag","Successfully cleared bank due date [111]","Bank Due Date","2024-08-26 07:38:47"
"Benjie Val Lumawag","Successfully cleared bank due date [86]","Bank Due Date","2024-08-26 07:38:49"
"Benjie Val Lumawag","Successfully cleared bank due date [110]","Bank Due Date","2024-08-26 07:38:52"
"QL Branch","Successfully Login","Login","2024-08-26 09:38:41"
"Benjie Val Lumawag","Successfully cleared bank due date [107]","Bank Due Date","2024-08-26 09:40:09"
"Benjie Val Lumawag","Successfully cleared bank due date [108]","Bank Due Date","2024-08-26 09:40:11"
"Benjie Val Lumawag","Successfully cleared bank due date [267]","Bank Due Date","2024-08-26 09:40:14"
"Benjie Val Lumawag","Successfully cleared bank due date [117]","Bank Due Date","2024-08-26 09:40:17"
"Benjie Val Lumawag","Successfully cleared bank due date [155]","Bank Due Date","2024-08-26 09:40:48"
"Benjie Val Lumawag","Successfully cleared bank due date [251]","Bank Due Date","2024-08-26 09:40:57"
"Benjie Val Lumawag","Successfully cleared bank due date [156]","Bank Due Date","2024-08-26 09:43:08"
"Benjie Val Lumawag","Successfully cleared bank due date [157]","Bank Due Date","2024-08-26 09:43:10"
"Benjie Val Lumawag","Successfully cleared bank due date [240]","Bank Due Date","2024-08-26 09:43:12"
"Benjie Val Lumawag","Successfully cleared bank due date [186]","Bank Due Date","2024-08-26 09:43:14"
"Benjie Val Lumawag","Successfully cleared bank due date [177]","Bank Due Date","2024-08-26 09:43:16"
"Benjie Val Lumawag","Successfully cleared bank due date [194]","Bank Due Date","2024-08-26 09:43:18"
"Benjie Val Lumawag","Successfully cleared bank due date [188]","Bank Due Date","2024-08-26 09:43:19"
"Benjie Val Lumawag","Successfully cleared bank due date [238]","Bank Due Date","2024-08-26 09:43:21"
"Benjie Val Lumawag","Successfully cleared bank due date [239]","Bank Due Date","2024-08-26 09:43:23"
"Benjie Val Lumawag","Successfully cleared bank due date [178]","Bank Due Date","2024-08-26 09:43:25"
"Benjie Val Lumawag","Successfully cleared bank due date [182]","Bank Due Date","2024-08-26 09:43:27"
"Benjie Val Lumawag","Successfully cleared bank due date [236]","Bank Due Date","2024-08-26 09:43:30"
"Benjie Val Lumawag","Successfully cleared bank due date [245]","Bank Due Date","2024-08-26 09:43:33"
"Benjie Val Lumawag","Successfully cleared bank due date [279]","Bank Due Date","2024-08-26 09:43:36"
"Benjie Val Lumawag","Successfully cleared bank due date [276]","Bank Due Date","2024-08-26 09:43:42"
"Benjie Val Lumawag","Successfully cleared bank due date [278]","Bank Due Date","2024-08-26 09:43:44"
"Benjie Val Lumawag","Successfully cleared bank due date [213]","Bank Due Date","2024-08-26 09:43:47"
"Benjie Val Lumawag","Successfully cleared bank due date [179]","Bank Due Date","2024-08-26 09:43:50"
"Benjie Val Lumawag","Successfully cleared bank due date [252]","Bank Due Date","2024-08-26 09:43:52"
"Benjie Val Lumawag","Successfully cleared bank due date [235]","Bank Due Date","2024-08-26 09:43:54"
"Benjie Val Lumawag","Successfully cleared bank due date [254]","Bank Due Date","2024-08-26 09:43:57"
"Benjie Val Lumawag","Successfully cleared bank due date [268]","Bank Due Date","2024-08-26 09:43:59"
"Benjie Val Lumawag","Successfully cleared bank due date [285]","Bank Due Date","2024-08-26 09:44:00"
"","Added new customer [mangondaya]","Customer","2024-08-26 10:48:12"
"","Added new customer [tor solis]","Customer","2024-08-26 11:04:06"
"Benjie Val Lumawag","Successfully Login","Login","2024-08-26 11:18:40"
"Benjie Val Lumawag","Successfully Login","Login","2024-08-26 12:12:20"
"Benjie Val Lumawag","Successfully Login","Login","2024-08-26 13:32:22"
"Benjie Val Lumawag","Successfully Login","Login","2024-08-26 13:33:52"
"","Added new customer [umal]","Customer","2024-08-26 14:46:36"
"QL Branch","Successfully Login","Login","2024-08-26 15:01:54"
"","Added new customer [Lumawag ]","Customer","2024-08-26 15:19:43"
"QL Branch","Successfully Login","Login","2024-08-26 16:06:51"
"","Added new customer [bateriza]","Customer","2024-08-26 16:46:30"
"","Added new customer [quizon]","Customer","2024-08-26 16:52:59"
"","Added new customer [jista]","Customer","2024-08-26 16:54:45"
"QL Branch","Successfully Login","Login","2024-08-26 17:02:35"
"Merry Joy Barotas","Successfully Login","Login","2024-08-26 17:15:15"
"Benjie Val Lumawag","Successfully Login","Login","2024-08-27 05:33:05"
"Benjie Val Lumawag","Added new bank [FIRST VALLEY]","Bank","2024-08-26 22:08:21"
"Benjie Val Lumawag","Successfully Login","Login","2024-08-27 06:15:13"
"mary","Successfully Login","Login","2024-08-27 06:22:14"
"","Added new customer [harido]","Customer","2024-08-27 06:57:24"
"Merry Joy Barotas","Successfully Login","Login","2024-08-27 07:00:38"
"Benjie Val Lumawag","Successfully Login","Login","2024-08-27 07:09:45"
"Merry Joy Barotas","Successfully Login","Login","2024-08-27 07:13:17"
"Merry Joy Barotas","Successfully Login","Login","2024-08-27 07:14:51"
"Merry Joy Barotas","Error to add new customer payment [CP-240827071543]","Customer Payment","2024-08-26 23:16:48"
"Merry Joy Barotas","Finished customer payment [CP-240827071543]","Customer Payment","2024-08-27 07:17:33"
"QL Branch","Successfully Login","Login","2024-08-27 08:58:44"
"","Added new customer [patrio]","Customer","2024-08-27 09:26:20"
"mary","Successfully Login","Login","2024-08-27 09:54:13"
"mary","Successfully Login","Login","2024-08-27 09:55:30"
"QL Branch","Successfully Login","Login","2024-08-27 10:41:38"
"mary","Successfully Login","Login","2024-08-27 11:32:06"
"","Added new customer [pamisa]","Customer","2024-08-27 11:54:54"
"QL Branch","Successfully Login","Login","2024-08-27 12:17:25"
"Benjie Val Lumawag","Successfully Login","Login","2024-08-27 12:52:42"
"Benjie Val Lumawag","Successfully Login","Login","2024-08-27 13:22:38"
"","Error to add new customer payment [CP-240827132650]","Customer Payment","2024-08-27 05:26:50"
"","Finished customer payment [CP-240827132650]","Customer Payment","2024-08-27 05:26:50"
"Benjie Val Lumawag","Successfully Login","Login","2024-08-27 14:33:50"
"Merry Joy Barotas","Successfully Login","Login","2024-08-27 14:47:41"
"","Added new customer [apostol]","Customer","2024-08-27 14:51:36"
"Benjie Val Lumawag","Successfully Login","Login","2024-08-27 15:08:20"
"QL Branch","Successfully Login","Login","2024-08-27 15:29:57"
"QL Branch","Successfully Login","Login","2024-08-27 15:31:03"
"","Error to add new customer payment [CP-240827153734]","Customer Payment","2024-08-27 07:37:34"
"","Finished customer payment [CP-240827153734]","Customer Payment","2024-08-27 07:37:34"
"QL Branch","Successfully Login","Login","2024-08-27 15:50:57"
"mary","Successfully Login","Login","2024-08-27 15:51:07"
"QL Branch","Successfully Login","Login","2024-08-27 15:53:02"
"mary","Successfully Login","Login","2024-08-27 15:59:10"
"","Error to add new customer payment [CP-240827163519]","Customer Payment","2024-08-27 08:35:19"
"","Finished customer payment [CP-240827163519]","Customer Payment","2024-08-27 08:35:19"
"QL Branch","Successfully Login","Login","2024-08-27 16:52:32"
"Benjie Val Lumawag","Successfully Login","Login","2024-08-27 16:53:05"
"Benjie Val Lumawag","Successfully Login","Login","2024-08-27 16:54:31"
"Benjie Val Lumawag","Successfully Login","Login","2024-08-27 18:03:27"
"Benjie Val Lumawag","Successfully Login","Login","2024-08-27 18:09:21"
"mary","Successfully Login","Login","2024-08-28 06:19:58"
"mary","Successfully Login","Login","2024-08-28 06:41:20"
"mary","Successfully Login","Login","2024-08-28 06:43:57"
"mary","Successfully Login","Login","2024-08-28 07:11:39"
"mary","Successfully Login","Login","2024-08-28 07:22:42"
"Benjie Val Lumawag","Successfully Login","Login","2024-08-28 07:26:44"
"Benjie Val Lumawag","Successfully Login","Login","2024-08-28 07:57:15"
"mary","Successfully Login","Login","2024-08-28 08:33:50"
"mary","Successfully Login","Login","2024-08-28 08:34:26"
"","Added new customer [pamonag ingat]","Customer","2024-08-28 08:56:52"
"Benjie Val Lumawag","Successfully Login","Login","2024-08-28 09:16:25"
"mary","Successfully Login","Login","2024-08-28 09:18:04"
"","Error to add new customer payment [CP-240828094644]","Customer Payment","2024-08-28 01:46:44"
"","Error to add new customer payment [CP-240828095104]","Customer Payment","2024-08-28 01:51:04"
"","Finished customer payment [CP-240828095104]","Customer Payment","2024-08-28 01:51:05"
"","Error to add new customer payment [CP-240828095114]","Customer Payment","2024-08-28 01:51:14"
"","Finished customer payment [CP-240828095114]","Customer Payment","2024-08-28 01:51:14"
"mary","Successfully Login","Login","2024-08-28 10:52:12"
"mary","Successfully Login","Login","2024-08-28 11:53:14"
"","Error to add new customer payment [CP-240828124728]","Customer Payment","2024-08-28 04:47:28"
"mary","Successfully Login","Login","2024-08-28 12:48:48"
"","Added new customer [decada]","Customer","2024-08-28 13:30:31"
"","Added new customer [salumi]","Customer","2024-08-28 14:08:14"
"mary","Successfully Login","Login","2024-08-28 14:26:10"
"mary","Successfully Login","Login","2024-08-28 15:19:44"
"Benjie Val Lumawag","Successfully Login","Login","2024-08-28 15:30:08"
"","Error to add new customer payment [CP-240828160411]","Customer Payment","2024-08-28 08:04:11"
"","Finished customer payment [CP-240828160411]","Customer Payment","2024-08-28 08:04:11"
"","Error to add new customer payment [CP-240828160438]","Customer Payment","2024-08-28 08:04:38"
"","Finished customer payment [CP-240828160438]","Customer Payment","2024-08-28 08:04:38"
"Benjie Val Lumawag","Successfully Login","Login","2024-08-28 18:02:34"
"Benjie Val Lumawag","Successfully Login","Login","2024-08-28 18:57:45"
"Benjie Val Lumawag","Successfully Login","Login","2024-08-28 21:47:19"
"Benjie Val Lumawag","Successfully Login","Login","2024-08-29 06:32:25"
"Benjie Val Lumawag","Successfully Login","Login","2024-08-29 06:46:35"
"","Error to add new customer payment [CP-240829101800]","Customer Payment","2024-08-29 02:18:00"
"","Finished customer payment [CP-240829101800]","Customer Payment","2024-08-29 02:18:01"
"","Added new customer [tumawis]","Customer","2024-08-29 10:23:16"
"QL Branch","Successfully Login","Login","2024-08-29 11:11:16"
"Benjie Val Lumawag","Successfully Login","Login","2024-08-29 11:54:57"
"","Attempt to add existing customer [Sultan]","Customer","2024-08-29 13:49:50"
"mary","Successfully Login","Login","2024-08-29 14:12:29"
"mary","Successfully Login","Login","2024-08-29 14:20:52"
"Benjie Val Lumawag","Successfully Login","Login","2024-08-29 14:32:16"
"","Error to add new customer payment [CP-240829154432]","Customer Payment","2024-08-29 07:44:32"
"","Finished customer payment [CP-240829154432]","Customer Payment","2024-08-29 07:44:32"
"Benjie Val Lumawag","Updated product [El Grande-Gal]","Product","2024-08-29 08:06:19"
"Benjie Val Lumawag","Updated product [Ground Plus- Gallon]","Product","2024-08-29 08:08:00"
"Benjie Val Lumawag","Successfully Login","Login","2024-08-29 16:15:21"
"Benjie Val Lumawag","Added new product [Vitawin]","Product","2024-08-29 08:18:55"
"QL Branch","Successfully Login","Login","2024-08-29 16:28:34"
"","Error to add new customer payment [CP-240829171042]","Customer Payment","2024-08-29 09:10:42"
"","Finished customer payment [CP-240829171042]","Customer Payment","2024-08-29 09:10:42"
"","Added new customer [pakapantar]","Customer","2024-08-29 17:14:10"
"Benjie Val Lumawag","Successfully Login","Login","2024-08-29 18:19:06"
"","Error to add new customer payment [CP-240829181924]","Customer Payment","2024-08-29 10:19:24"
"","Finished customer payment [CP-240829181924]","Customer Payment","2024-08-29 10:19:24"
"Benjie Val Lumawag","Successfully Login","Login","2024-08-29 20:36:13"
"Benjie Val Lumawag","Successfully Login","Login","2024-08-29 21:01:49"
"Benjie Val Lumawag","Successfully Login","Login","2024-08-29 21:10:28"
"Benjie Val Lumawag","Successfully Login","Login","2024-08-30 06:09:07"
"mary","Successfully Login","Login","2024-08-30 06:56:50"
"mary","Successfully Login","Login","2024-08-30 07:48:13"
"Benjie Val Lumawag","Successfully Login","Login","2024-08-30 11:14:40"
"Benjie Val Lumawag","Updated product [Grace-Sack]","Product","2024-08-30 03:15:05"
"Benjie Val Lumawag","Updated product [Grace-Sack]","Product","2024-08-30 03:15:23"
"Benjie Val Lumawag","Successfully Login","Login","2024-08-30 11:34:42"
"","Error to add new customer payment [CP-240830134718]","Customer Payment","2024-08-30 05:47:18"
"","Finished customer payment [CP-240830134718]","Customer Payment","2024-08-30 05:47:18"
"mary","Successfully Login","Login","2024-08-30 14:58:17"
"mary","Successfully Login","Login","2024-08-30 15:23:54"
"","Added new customer [poscato]","Customer","2024-08-30 16:26:01"
"mary","Successfully Login","Login","2024-08-30 16:42:13"
"mary","Successfully Login","Login","2024-08-30 16:44:43"
"","Error to add new customer payment [CP-240830165449]","Customer Payment","2024-08-30 08:54:49"
"","Finished customer payment [CP-240830165449]","Customer Payment","2024-08-30 08:54:49"
"Benjie Val Lumawag","Successfully Login","Login","2024-08-30 17:58:06"
"Benjie Val Lumawag","Successfully Login","Login","2024-08-30 18:49:15"
"Benjie Val Lumawag","Successfully Login","Login","2024-08-30 19:48:56"
"Benjie Val Lumawag","Successfully Login","Login","2024-08-30 20:00:22"
"Merry Joy Barotas","Successfully Login","Login","2024-08-31 06:24:41"
"Benjie Val Lumawag","Successfully Login","Login","2024-08-31 06:44:55"
"mary","Successfully Login","Login","2024-08-31 07:35:59"
"Merry Joy Barotas","Successfully Login","Login","2024-08-31 07:54:35"
"mary","Successfully Login","Login","2024-08-31 09:47:02"
"Merry Joy Barotas","Successfully Login","Login","2024-08-31 09:54:22"
"Benjie Val Lumawag","Successfully Login","Login","2024-08-31 10:25:47"
"mary","Successfully Login","Login","2024-08-31 10:35:29"
"","Error to add new customer payment [CP-240831105131]","Customer Payment","2024-08-31 02:51:31"
"","Finished customer payment [CP-240831105131]","Customer Payment","2024-08-31 02:51:31"
"","Error to add new customer payment [CP-240831120412]","Customer Payment","2024-08-31 04:04:12"
"","Finished customer payment [CP-240831120412]","Customer Payment","2024-08-31 04:04:12"
"Benjie Val Lumawag","Successfully Login","Login","2024-08-31 12:38:39"
"mary","Successfully Login","Login","2024-08-31 13:30:27"
"","Added new customer [santosidad]","Customer","2024-08-31 13:38:04"
"","Added new customer [tihomes]","Customer","2024-08-31 13:39:04"
"mary","Successfully Login","Login","2024-08-31 14:09:25"
"mary","Successfully Login","Login","2024-08-31 14:09:57"
"Benjie Val Lumawag","Successfully Login","Login","2024-08-31 14:26:22"
"mary","Successfully Login","Login","2024-08-31 14:47:09"
"mary","Successfully Login","Login","2024-08-31 14:50:56"
"mary","Successfully Login","Login","2024-08-31 16:32:22"
"mary","Successfully Login","Login","2024-08-31 17:02:03"
"mary","Successfully Login","Login","2024-08-31 17:02:39"
"mary","Successfully Login","Login","2024-08-31 17:38:12"
"Benjie Val Lumawag","Successfully Login","Login","2024-08-31 18:36:12"
"Benjie Val Lumawag","Updated product [G-Cash In ( Service Charge)]","Product","2024-08-31 23:19:18"
"Benjie Val Lumawag","Updated product [G-Cash Out ( Service Charge)]","Product","2024-08-31 23:19:30"
"Benjie Val Lumawag","Updated product [Palm Oil Charge-P10]","Product","2024-08-31 23:19:44"
"Benjie Val Lumawag","Updated product [Palm Oil Charge-P20]","Product","2024-08-31 23:19:57"
"Benjie Val Lumawag","Updated product [Delivery Charge-30]","Product","2024-08-31 23:20:22"
"Benjie Val Lumawag","Updated product [Delivery Charge-20]","Product","2024-08-31 23:20:37"
"Benjie Val Lumawag","Updated product [Delivery Charge]","Product","2024-08-31 23:21:07"
