"Benjie Val Lumawag","Successfully Login","Login","2024-05-01 06:02:33"
"","Added new customer [Balleras Jon2x]","Customer","2024-05-01 06:11:56"
"Benjie Val Lumawag","Successfully Login","Login","2024-05-01 06:30:51"
"Benjie Val Lumawag","Successfully Login","Login","2024-05-01 08:05:56"
"","Attempt to add existing customer [Subaldo]","Customer","2024-05-01 08:21:37"
"Benjie Val Lumawag","Successfully Login","Login","2024-05-01 08:38:32"
"Benjie Val Lumawag","Successfully Login","Login","2024-05-01 09:38:31"
"","Added new customer [Stepanie]","Customer","2024-05-01 10:13:50"
"Benjie Val Lumawag","Successfully Login","Login","2024-05-01 10:19:44"
"Benjie Val Lumawag","Successfully Login","Login","2024-05-01 10:25:45"
"Benjie Val Lumawag","Successfully Login","Login","2024-05-01 11:37:30"
"Benjie Val Lumawag","Successfully Login","Login","2024-05-01 12:19:38"
"Benjie Val Lumawag","Successfully Login","Login","2024-05-01 12:20:17"
"Benjie Val Lumawag","Successfully Login","Login","2024-05-01 12:21:22"
"Benjie Val Lumawag","Successfully Login","Login","2024-05-01 12:37:11"
"Benjie Val Lumawag","Successfully Login","Login","2024-05-01 12:37:32"
"","Added new customer [Emman-evo gene]","Customer","2024-05-01 12:40:33"
"Benjie Val Lumawag","Successfully Login","Login","2024-05-01 12:47:14"
"Benjie Val Lumawag","Successfully Login","Login","2024-05-01 12:56:14"
"Benjie Val Lumawag","Successfully Login","Login","2024-05-01 12:57:26"
"","Added new customer [Pidroj]","Customer","2024-05-01 13:35:48"
"Benjie Val Lumawag","Successfully Login","Login","2024-05-01 14:28:11"
"","Added new customer [Abanid]","Customer","2024-05-01 14:34:50"
"","Added new customer [Binidicto]","Customer","2024-05-01 15:04:26"
"Benjie Val Lumawag","Successfully Login","Login","2024-05-01 15:04:58"
"Benjie Val Lumawag","Successfully Login","Login","2024-05-01 15:45:59"
"Benjie Val Lumawag","Successfully Login","Login","2024-05-01 16:07:14"
"","Error to add new customer payment [CP-240501162112]","Customer Payment","2024-05-01 08:21:12"
"","Finished customer payment [CP-240501162112]","Customer Payment","2024-05-01 08:21:12"
"Benjie Val Lumawag","Successfully Login","Login","2024-05-01 16:22:29"
"Benjie Val Lumawag","Successfully Login","Login","2024-05-01 16:44:18"
"Benjie Val Lumawag","Successfully Login","Login","2024-05-02 03:10:53"
"Benjie Val Lumawag","Successfully Login","Login","2024-05-02 03:30:48"
"","Added new customer [Macalalim]","Customer","2024-05-02 06:06:12"
"Benjie Val Lumawag","Successfully Login","Login","2024-05-02 06:33:15"
"Benjie Val Lumawag","Successfully Login","Login","2024-05-02 07:44:24"
"Benjie Val Lumawag","Successfully Login","Login","2024-05-02 07:46:00"
"Benjie Val Lumawag","Successfully Login","Login","2024-05-02 07:47:29"
"Benjie Val Lumawag","Successfully Login","Login","2024-05-02 07:49:20"
"Benjie Val Lumawag","Successfully Login","Login","2024-05-02 07:55:40"
"Benjie Val Lumawag","Successfully Login","Login","2024-05-02 08:54:30"
"Benjie Val Lumawag","Successfully Login","Login","2024-05-02 08:55:47"
"Benjie Val Lumawag","Successfully Login","Login","2024-05-02 09:07:49"
"Benjie Val Lumawag","Successfully Login","Login","2024-05-02 09:12:22"
"Benjie Val Lumawag","Successfully Login","Login","2024-05-02 09:24:41"
"Benjie Val Lumawag","Successfully Login","Login","2024-05-02 12:38:07"
"Benjie Val Lumawag","Successfully Login","Login","2024-05-02 13:19:21"
"Benjie Val Lumawag","Successfully Login","Login","2024-05-02 13:35:43"
"Benjie Val Lumawag","Successfully Login","Login","2024-05-02 16:46:01"
"Benjie Val Lumawag","Successfully Login","Login","2024-05-02 16:55:58"
"Benjie Val Lumawag","Successfully Login","Login","2024-05-02 16:56:17"
"Benjie Val Lumawag","Successfully Login","Login","2024-05-02 16:56:35"
"Benjie Val Lumawag","Successfully Login","Login","2024-05-02 17:19:09"
"Benjie Val Lumawag","Successfully Login","Login","2024-05-02 18:00:42"
"Benjie Val Lumawag","Successfully Login","Login","2024-05-02 18:02:48"
"Benjie Val Lumawag","Successfully Login","Login","2024-05-03 07:40:58"
"Benjie Val Lumawag","Successfully Login","Login","2024-05-03 07:41:59"
"Benjie Val Lumawag","Successfully Login","Login","2024-05-03 07:43:57"
"Benjie Val Lumawag","Successfully Login","Login","2024-05-03 07:45:08"
"Benjie Val Lumawag","Successfully Login","Login","2024-05-03 07:46:13"
"Benjie Val Lumawag","Successfully Login","Login","2024-05-03 07:53:45"
"Benjie Val Lumawag","Successfully Login","Login","2024-05-03 08:00:48"
"Benjie Val Lumawag","Successfully Login","Login","2024-05-03 08:22:15"
"Benjie Val Lumawag","Successfully Login","Login","2024-05-03 09:34:44"
"Benjie Val Lumawag","Successfully Login","Login","2024-05-03 14:42:41"
"Benjie Val Lumawag","Successfully Login","Login","2024-05-03 15:08:11"
"Benjie Val Lumawag","Successfully Login","Login","2024-05-03 15:21:29"
"","Error to add new customer payment [CP-240503162755]","Customer Payment","2024-05-03 08:27:55"
"","Finished customer payment [CP-240503162755]","Customer Payment","2024-05-03 08:27:55"
"Benjie Val Lumawag","Successfully Login","Login","2024-05-03 16:30:15"
"Benjie Val Lumawag","Successfully Login","Login","2024-05-03 17:13:39"
"Benjie Val Lumawag","Successfully Login","Login","2024-05-03 17:16:42"
"Benjie Val Lumawag","Successfully Login","Login","2024-05-03 17:18:56"
"Benjie Val Lumawag","Successfully Login","Login","2024-05-03 17:20:21"
"Benjie Val Lumawag","Successfully Login","Login","2024-05-03 17:21:39"
"Benjie Val Lumawag","Successfully Login","Login","2024-05-03 17:25:41"
"Benjie Val Lumawag","Successfully Login","Login","2024-05-03 17:37:11"
"Benjie Val Lumawag","Successfully Login","Login","2024-05-03 17:38:05"
"Benjie Val Lumawag","Successfully Login","Login","2024-05-04 06:33:45"
"Benjie Val Lumawag","Successfully Login","Login","2024-05-04 06:43:59"
"Benjie Val Lumawag","Successfully Login","Login","2024-05-04 06:44:49"
"","Error to add new customer payment [CP-240504075629]","Customer Payment","2024-05-03 23:56:29"
"","Finished customer payment [CP-240504075629]","Customer Payment","2024-05-03 23:56:29"
"","Error to add new customer payment [CP-240504080814]","Customer Payment","2024-05-04 00:08:14"
"","Added new customer [Adra]","Customer","2024-05-04 09:09:19"
"Benjie Val Lumawag","Successfully Login","Login","2024-05-04 09:39:02"
"Benjie Val Lumawag","Successfully Login","Login","2024-05-04 10:12:01"
"Benjie Val Lumawag","Successfully Login","Login","2024-05-04 12:16:11"
"Benjie Val Lumawag","Successfully Login","Login","2024-05-04 13:16:53"
"","Added new customer [Towanda]","Customer","2024-05-04 14:29:01"
"Benjie Val Lumawag","Successfully Login","Login","2024-05-04 14:41:37"
"Benjie Val Lumawag","Updated product [alecta-gallon]","Product","2024-05-04 06:42:10"
"Benjie Val Lumawag","Successfully Login","Login","2024-05-04 14:42:42"
"Benjie Val Lumawag","Updated product [alecta-gallon]","Product","2024-05-04 14:42:58"
"Benjie Val Lumawag","Updated product [Yellow Corn # 10-Sack]","Product","2024-05-04 06:43:54"
"Benjie Val Lumawag","Updated product [White Corn-Sack]","Product","2024-05-04 06:44:09"
"Benjie Val Lumawag","Updated product [Yellow Corn#10-Sack]","Product","2024-05-04 14:44:42"
"Benjie Val Lumawag","Updated product [White Corn-Sack]","Product","2024-05-04 14:44:54"
"Benjie Val Lumawag","Successfully Login","Login","2024-05-04 14:47:57"
"Benjie Val Lumawag","Successfully Login","Login","2024-05-04 16:16:20"
"Benjie Val Lumawag","Successfully Login","Login","2024-05-04 17:08:12"
"Benjie Val Lumawag","Successfully Login","Login","2024-05-04 17:09:27"
"Benjie Val Lumawag","Successfully Login","Login","2024-05-04 17:15:12"
"Benjie Val Lumawag","Successfully Login","Login","2024-05-04 19:17:53"
"Benjie Val Lumawag","Successfully Login","Login","2024-05-04 20:09:09"
"Benjie Val Lumawag","Updated branches [Branch Main Warehouse]","Branches","2024-05-04 12:21:22"
"Benjie Val Lumawag","Updated branches [Branch Store]","Branches","2024-05-04 12:21:37"
"Benjie Val Lumawag","Updated branches [QL Main]","Branches","2024-05-04 12:23:22"
"Benjie Val Lumawag","Updated branches [QL Branch]","Branches","2024-05-04 12:23:32"
"Benjie Val Lumawag","Successfully Login","Login","2024-05-04 21:10:42"
"Benjie Val Lumawag","Updated branches [QL Main]","Branches","2024-05-04 13:10:52"
"Benjie Val Lumawag","Updated warehouses [Main Store]","Warehouses","2024-05-04 13:12:53"
"Benjie Val Lumawag","Updated warehouses [Main Warehouse-Fertilizer]","Warehouses","2024-05-04 13:12:57"
"Benjie Val Lumawag","Updated warehouses [Main-Store]","Warehouses","2024-05-04 13:15:42"
"Benjie Val Lumawag","Updated warehouses [B-Warehouse]","Warehouses","2024-05-04 13:15:56"
"Benjie Val Lumawag","Successfully Login","Login","2024-05-05 06:10:40"
"Benjie Val Lumawag","Successfully Login","Login","2024-05-05 06:10:57"
"Benjie Val Lumawag","Successfully Login","Login","2024-05-05 06:15:03"
"Benjie Val Lumawag","Successfully Login","Login","2024-05-05 06:20:08"
"Benjie Val Lumawag","Successfully Login","Login","2024-05-05 06:31:59"
"Benjie Val Lumawag","Updated product [Tahop-Mais]","Product","2024-05-04 22:36:42"
"Benjie Val Lumawag","Updated product [Tahop-Mais]","Product","2024-05-04 22:37:15"
"Benjie Val Lumawag","Updated product [Tahop-Mais]","Product","2024-05-04 22:37:37"
"Benjie Val Lumawag","Updated product [Tahop-Mais]","Product","2024-05-04 22:38:33"
"Benjie Val Lumawag","Successfully Login","Login","2024-05-05 06:57:04"
"Benjie Val Lumawag","Successfully Login","Login","2024-05-05 06:59:27"
"Benjie Val Lumawag","Successfully Login","Login","2024-05-05 07:03:37"
"Benjie Val Lumawag","Successfully Login","Login","2024-05-05 08:56:26"
"","Error to add new customer payment [CP-240505092056]","Customer Payment","2024-05-05 01:20:56"
"Benjie Val Lumawag","Successfully Login","Login","2024-05-05 09:36:02"
"","Added new customer [Kiko]","Customer","2024-05-05 09:39:48"
"","Added new customer [Rapan]","Customer","2024-05-05 09:49:47"
"Benjie Val Lumawag","Successfully Login","Login","2024-05-05 10:03:24"
"Benjie Val Lumawag","Successfully Login","Login","2024-05-05 13:35:36"
"Benjie Val Lumawag","Successfully Login","Login","2024-05-05 14:39:47"
"","Error to add new customer payment [CP-240505151557]","Customer Payment","2024-05-05 07:15:57"
"Benjie Val Lumawag","Successfully Login","Login","2024-05-05 16:03:00"
"","Error to add new customer payment [CP-240505165553]","Customer Payment","2024-05-05 08:55:53"
"","Finished customer payment [CP-240505165553]","Customer Payment","2024-05-05 08:55:53"
"Benjie Val Lumawag","Successfully Login","Login","2024-05-05 17:08:35"
"","Added new customer [Villote Romelyn]","Customer","2024-05-05 17:25:26"
"Benjie Val Lumawag","Successfully Login","Login","2024-05-06 06:00:22"
"Benjie Val Lumawag","Successfully Login","Login","2024-05-06 06:29:38"
"Benjie Val Lumawag","Successfully Login","Login","2024-05-06 08:43:41"
"Benjie Val Lumawag","Successfully Login","Login","2024-05-06 08:50:33"
"","Attempt to add existing customer [Pama]","Customer","2024-05-06 12:24:09"
"Benjie Val Lumawag","Successfully Login","Login","2024-05-06 14:00:45"
"Benjie Val Lumawag","Successfully Login","Login","2024-05-06 14:05:51"
"Benjie Val Lumawag","Successfully Login","Login","2024-05-06 14:12:06"
"Benjie Val Lumawag","Successfully Login","Login","2024-05-06 15:54:40"
"Benjie Val Lumawag","Successfully Login","Login","2024-05-06 15:57:47"
"Benjie Val Lumawag","Successfully Login","Login","2024-05-06 16:19:29"
"Benjie Val Lumawag","Successfully Login","Login","2024-05-06 16:25:59"
"Benjie Val Lumawag","Successfully Login","Login","2024-05-06 16:40:46"
"Benjie Val Lumawag","Successfully Login","Login","2024-05-07 05:59:12"
"Benjie Val Lumawag","Successfully Login","Login","2024-05-07 06:25:44"
"Benjie Val Lumawag","Successfully Login","Login","2024-05-07 07:39:41"
"Benjie Val Lumawag","Successfully Login","Login","2024-05-07 07:50:44"
"","Attempt to add existing customer [Alisasis]","Customer","2024-05-07 08:22:08"
"Benjie Val Lumawag","Successfully Login","Login","2024-05-07 08:57:26"
"Benjie Val Lumawag","Successfully Login","Login","2024-05-07 10:31:15"
"Benjie Val Lumawag","Successfully Login","Login","2024-05-07 10:57:55"
"Benjie Val Lumawag","Successfully Login","Login","2024-05-07 13:44:59"
"","Error to add new customer payment [CP-240507134633]","Customer Payment","2024-05-07 05:46:33"
"","Finished customer payment [CP-240507134633]","Customer Payment","2024-05-07 05:46:33"
"Benjie Val Lumawag","Updated product [Triple 8 - Gallon ]","Product","2024-05-07 05:59:25"
"","Added new customer [Momocaw]","Customer","2024-05-07 14:17:37"
"Benjie Val Lumawag","Updated product [141414-Amigo]","Product","2024-05-07 06:20:12"
"","Added new customer [Bounty grow Nonoy]","Customer","2024-05-07 14:36:01"
"","Attempt to add existing customer [pagurayan]","Customer","2024-05-07 14:44:50"
"","Attempt to add existing customer [pagurayan]","Customer","2024-05-07 14:44:52"
"","Error to add new customer payment [CP-240507153002]","Customer Payment","2024-05-07 07:30:02"
"","Finished customer payment [CP-240507153002]","Customer Payment","2024-05-07 07:30:03"
"","Error to add new customer payment [CP-240507153014]","Customer Payment","2024-05-07 07:30:14"
"Benjie Val Lumawag","Successfully Login","Login","2024-05-07 16:05:44"
"Benjie Val Lumawag","Successfully Login","Login","2024-05-07 16:07:28"
"Benjie Val Lumawag","Added new product [Sustan-Z]","Product","2024-05-07 09:52:11"
"Benjie Val Lumawag","Added new product [King Purga 5g]","Product","2024-05-07 10:08:03"
"Benjie Val Lumawag","Successfully Login","Login","2024-05-08 06:23:26"
"","Added new customer [Abondo]","Customer","2024-05-08 06:42:33"
"Benjie Val Lumawag","Successfully Login","Login","2024-05-08 07:02:14"
"Benjie Val Lumawag","Successfully Login","Login","2024-05-08 07:07:14"
"Benjie Val Lumawag","Successfully Login","Login","2024-05-08 07:07:46"
"Benjie Val Lumawag","Successfully Login","Login","2024-05-08 07:26:34"
"Benjie Val Lumawag","Successfully Login","Login","2024-05-08 08:22:34"
"Benjie Val Lumawag","Successfully Login","Login","2024-05-08 08:23:06"
"Benjie Val Lumawag","Successfully Login","Login","2024-05-08 10:28:01"
"Benjie Val Lumawag","Successfully Login","Login","2024-05-08 11:45:19"
"","Added new customer [Silva]","Customer","2024-05-08 12:12:39"
"","Added new customer [Habohasim]","Customer","2024-05-08 12:58:16"
"","Error to add new customer payment [CP-240508135553]","Customer Payment","2024-05-08 05:55:53"
"","Finished customer payment [CP-240508135553]","Customer Payment","2024-05-08 05:55:55"
"Benjie Val Lumawag","Successfully Login","Login","2024-05-08 13:59:28"
"","Added new customer [Cumelang]","Customer","2024-05-08 14:18:52"
"Benjie Val Lumawag","Successfully Login","Login","2024-05-08 15:09:01"
"Benjie Val Lumawag","Successfully Login","Login","2024-05-08 15:41:44"
"","Added new customer [Delosantos]","Customer","2024-05-08 16:16:09"
"Benjie Val Lumawag","Successfully Login","Login","2024-05-08 16:27:17"
"Benjie Val Lumawag","Successfully Login","Login","2024-05-08 17:22:46"
"Benjie Val Lumawag","Successfully Login","Login","2024-05-08 19:32:22"
"","Added new customer [Dejar]","Customer","2024-05-09 06:52:56"
"Benjie Val Lumawag","Successfully Login","Login","2024-05-09 06:53:12"
"Benjie Val Lumawag","Successfully Login","Login","2024-05-09 07:12:16"
"Benjie Val Lumawag","Updated product [Bioseed-9541]","Product","2024-05-08 23:13:42"
"Benjie Val Lumawag","Updated product [P 3645]","Product","2024-05-08 23:16:07"
"","Error to add new customer payment [CP-240509072916]","Customer Payment","2024-05-08 23:29:16"
"","Finished customer payment [CP-240509072916]","Customer Payment","2024-05-08 23:29:16"
"","Added new customer [Delarita]","Customer","2024-05-09 07:47:18"
"","Error to add new customer payment [CP-240509075417]","Customer Payment","2024-05-08 23:54:17"
"","Finished customer payment [CP-240509075417]","Customer Payment","2024-05-08 23:54:17"
"Benjie Val Lumawag","Successfully Login","Login","2024-05-09 07:59:57"
"","Added new customer [Camaymayan]","Customer","2024-05-09 09:34:36"
"Benjie Val Lumawag","Updated product [Akosta Gal-Cases] => [Akostar Gal-Cases]","Product","2024-05-09 02:09:02"
"Benjie Val Lumawag","Added new product [Glyphosate-Agro IgroIris]","Product","2024-05-09 02:12:12"
"Benjie Val Lumawag","Added new product [Glyphosate-AgroIris(Gal)]","Product","2024-05-09 02:13:38"
"Benjie Val Lumawag","Updated product [Glyphosate-Agro IgroIris] => [Glyphosate-Agro IgroIris-Case]","Product","2024-05-09 02:13:59"
"Benjie Val Lumawag","Added new product [24D-Amine Lit-AgroIris ( Cases)]","Product","2024-05-09 02:28:18"
"Benjie Val Lumawag","Updated product [Glyphosate-Agro IgroIris-Case] => [Glyphosate-AgroIris-Case]","Product","2024-05-09 02:33:04"
"","Added new customer [Evelyn]","Customer","2024-05-09 11:02:38"
"","Added new customer [Evelyn Sualog]","Customer","2024-05-09 11:03:26"
"","Added new customer [Ansonay]","Customer","2024-05-09 12:03:04"
"","Error to add new customer payment [CP-240509120958]","Customer Payment","2024-05-09 04:09:58"
"Benjie Val Lumawag","Successfully Login","Login","2024-05-09 12:16:27"
"Benjie Val Lumawag","Successfully Login","Login","2024-05-09 13:26:34"
"Benjie Val Lumawag","Updated product [Spitfire - Gallon]","Product","2024-05-09 05:26:48"
"","Added new customer [Madriaga Neneth (Tumbao)]","Customer","2024-05-09 13:31:41"
"Benjie Val Lumawag","Successfully Login","Login","2024-05-09 14:17:43"
"","Added new customer [Caliso]","Customer","2024-05-09 15:13:17"
"Benjie Val Lumawag","Updated product [141414-Atlas]","Product","2024-05-09 07:30:40"
"Benjie Val Lumawag","Successfully Login","Login","2024-05-09 15:32:50"
"","Attempt to add existing customer [1]","Customer","2024-05-09 15:47:00"
"","Attempt to add existing customer [1]","Customer","2024-05-09 15:47:04"
"","Added new customer [Duletin]","Customer","2024-05-09 15:56:57"
"Benjie Val Lumawag","Updated product [Lead force-Carbofuran]","Product","2024-05-09 08:13:32"
"","Error to add new customer payment [CP-240509162312]","Customer Payment","2024-05-09 08:23:12"
"","Finished customer payment [CP-240509162312]","Customer Payment","2024-05-09 08:23:12"
"Benjie Val Lumawag","Successfully Login","Login","2024-05-09 19:31:19"
"Benjie Val Lumawag","Added new supplier [M&M Bamboo Cafe & Catering Services]","Supplier","2024-05-09 11:53:47"
"Benjie Val Lumawag","Successfully Login","Login","2024-05-10 06:06:24"
"","Error to add new customer payment [CP-240510065620]","Customer Payment","2024-05-09 22:56:20"
"","Attempt to add existing customer [Guardario]","Customer","2024-05-10 07:00:35"
"Benjie Val Lumawag","Successfully Login","Login","2024-05-10 07:18:30"
"Benjie Val Lumawag","Successfully Login","Login","2024-05-10 07:21:02"
"","Added new customer [Oma bitoy]","Customer","2024-05-10 07:25:55"
"Benjie Val Lumawag","Successfully Login","Login","2024-05-10 07:26:08"
"","Added new customer [Ayong]","Customer","2024-05-10 09:12:09"
"Benjie Val Lumawag","Successfully Login","Login","2024-05-10 10:24:33"
"","Added new customer [Palconite]","Customer","2024-05-10 10:40:25"
"","Added new customer [Paclibar Rem2x]","Customer","2024-05-10 11:11:16"
"Benjie Val Lumawag","Successfully Login","Login","2024-05-10 11:12:55"
"Benjie Val Lumawag","Updated product [P 3645]","Product","2024-05-10 03:13:17"
"Benjie Val Lumawag","Updated product [P 3645]","Product","2024-05-10 03:13:54"
"Benjie Val Lumawag","Successfully Login","Login","2024-05-10 11:15:05"
"Benjie Val Lumawag","Successfully Login","Login","2024-05-10 11:15:07"
"Benjie Val Lumawag","Successfully Login","Login","2024-05-10 11:16:22"
"Benjie Val Lumawag","Successfully Login","Login","2024-05-10 11:17:29"
"","Added new customer [Mewak]","Customer","2024-05-10 11:19:19"
"Benjie Val Lumawag","Updated product [P 3645]","Product","2024-05-10 03:21:36"
"Benjie Val Lumawag","Updated product [NK 6130]","Product","2024-05-10 03:22:36"
"Benjie Val Lumawag","Successfully Login","Login","2024-05-10 11:32:33"
"","Added new customer [Bangud jovelyn]","Customer","2024-05-10 12:07:25"
"","Error to add new customer payment [CP-240510122109]","Customer Payment","2024-05-10 04:21:09"
"","Finished customer payment [CP-240510122109]","Customer Payment","2024-05-10 04:21:09"
"Benjie Val Lumawag","Updated product [P3585]","Product","2024-05-10 04:53:13"
"Benjie Val Lumawag","Successfully Login","Login","2024-05-10 12:58:10"
"","Added new customer [Pipito]","Customer","2024-05-10 14:16:33"
"","Attempt to add existing customer [Fat]","Customer","2024-05-10 14:31:18"
"","Attempt to add existing customer [Fat]","Customer","2024-05-10 14:31:20"
"","Added new customer [Tupas]","Customer","2024-05-10 14:34:57"
"Benjie Val Lumawag","Successfully Login","Login","2024-05-10 14:47:05"
"Benjie Val Lumawag","Successfully Login","Login","2024-05-10 15:15:02"
"","Added new customer [Piloden]","Customer","2024-05-10 15:42:28"
"","Added new customer [Dimacindil]","Customer","2024-05-10 16:02:15"
"","Error to add new customer payment [CP-240510160431]","Customer Payment","2024-05-10 08:04:31"
"","Finished customer payment [CP-240510160431]","Customer Payment","2024-05-10 08:04:32"
"Benjie Val Lumawag","Successfully Login","Login","2024-05-10 16:29:53"
"Benjie Val Lumawag","Successfully Login","Login","2024-05-10 16:30:35"
"Benjie Val Lumawag","Successfully Login","Login","2024-05-10 16:38:47"
"Benjie Val Lumawag","Successfully Login","Login","2024-05-10 16:39:57"
"Benjie Val Lumawag","Successfully Login","Login","2024-05-10 16:40:18"
"","Error to add new customer payment [CP-240510164630]","Customer Payment","2024-05-10 08:46:30"
"","Finished customer payment [CP-240510164630]","Customer Payment","2024-05-10 08:46:31"
"","Error to add new customer payment [CP-240510164655]","Customer Payment","2024-05-10 08:46:55"
"","Finished customer payment [CP-240510164655]","Customer Payment","2024-05-10 08:46:55"
"","Error to add new customer payment [CP-240510164803]","Customer Payment","2024-05-10 08:48:03"
"","Finished customer payment [CP-240510164803]","Customer Payment","2024-05-10 08:48:03"
"","Added new customer [Neneng]","Customer","2024-05-10 17:06:30"
"","Added new customer [Joseph]","Customer","2024-05-10 17:10:30"
"","Error to add new customer payment [CP-240510173051]","Customer Payment","2024-05-10 09:30:51"
"","Finished customer payment [CP-240510173051]","Customer Payment","2024-05-10 09:30:51"
"","Error to add new customer payment [CP-240510173615]","Customer Payment","2024-05-10 09:36:15"
"","Finished customer payment [CP-240510173615]","Customer Payment","2024-05-10 09:36:15"
"Benjie Val Lumawag","Successfully Login","Login","2024-05-10 17:37:18"
"Benjie Val Lumawag","Error to add new customer payment [CP-240510173728]","Customer Payment","2024-05-10 09:37:38"
"Benjie Val Lumawag","Finished customer payment [CP-240510173728]","Customer Payment","2024-05-10 17:40:03"
"Benjie Val Lumawag","Successfully Login","Login","2024-05-10 18:21:38"
"Benjie Val Lumawag","Updated warehouses [Branch-Store]","Warehouses","2024-05-10 10:22:52"
"Benjie Val Lumawag","Updated warehouses [Branch-Warehouse]","Warehouses","2024-05-10 10:23:05"
"Benjie Val Lumawag","Updated product [P 3645]","Product","2024-05-10 10:27:34"
"Benjie Val Lumawag","Updated product [Clear out 4L]","Product","2024-05-10 10:27:48"
"Benjie Val Lumawag","Updated product [Clear out 5L]","Product","2024-05-10 10:28:01"
"Benjie Val Lumawag","Attempt to update existing customer [Apelando, Joerey]","Customer","2024-05-10 18:28:40"
"Benjie Val Lumawag","Updated customer [Apelando] => [Apelando, Joerey]","Customer","2024-05-10 10:28:49"
"Benjie Val Lumawag","Updated product [P 3645]","Product","2024-05-10 10:34:00"
"Benjie Val Lumawag","Updated product [Clear out 4L]","Product","2024-05-10 10:34:11"
"Benjie Val Lumawag","Updated product [Clear out 5L]","Product","2024-05-10 10:34:26"
"Benjie Val Lumawag","Successfully Login","Login","2024-05-11 06:14:00"
"Benjie Val Lumawag","Successfully Login","Login","2024-05-11 06:19:05"
"Benjie Val Lumawag","Successfully Login","Login","2024-05-11 06:41:01"
"Benjie Val Lumawag","Successfully Login","Login","2024-05-11 08:11:09"
"Benjie Val Lumawag","Successfully Login","Login","2024-05-11 08:43:10"
"Benjie Val Lumawag","Successfully Login","Login","2024-05-11 08:43:35"
"","Added new customer [julius]","Customer","2024-05-11 09:22:24"
"","Added new customer [Baldelovar tyler]","Customer","2024-05-11 09:27:23"
"Benjie Val Lumawag","Successfully Login","Login","2024-05-11 10:33:13"
"Benjie Val Lumawag","Successfully Login","Login","2024-05-11 10:34:04"
"Benjie Val Lumawag","Successfully Login","Login","2024-05-11 10:34:46"
"Benjie Val Lumawag","Successfully Login","Login","2024-05-11 11:04:04"
"","Added new customer [Esteban]","Customer","2024-05-11 11:05:54"
"Benjie Val Lumawag","Successfully Login","Login","2024-05-11 11:06:56"
"","Added new customer [Topas]","Customer","2024-05-11 11:07:43"
"Benjie Val Lumawag","Successfully Login","Login","2024-05-11 11:11:26"
"Benjie Val Lumawag","Successfully Login","Login","2024-05-11 11:53:01"
"","Added new customer [bualan]","Customer","2024-05-11 11:53:16"
"","Error to add new customer payment [CP-240511120807]","Customer Payment","2024-05-11 04:08:07"
"Benjie Val Lumawag","Successfully Login","Login","2024-05-11 12:20:19"
"","Error to add new customer payment [CP-240511123541]","Customer Payment","2024-05-11 04:35:41"
"","Added new customer [Seure]","Customer","2024-05-11 13:01:02"
"Benjie Val Lumawag","Successfully Login","Login","2024-05-11 13:01:44"
"Benjie Val Lumawag","Successfully Login","Login","2024-05-11 13:42:52"
"Benjie Val Lumawag","Successfully Login","Login","2024-05-11 14:11:32"
"","Error to add new customer payment [CP-240511141840]","Customer Payment","2024-05-11 06:18:40"
"","Finished customer payment [CP-240511141840]","Customer Payment","2024-05-11 06:18:40"
"Benjie Val Lumawag","Successfully Login","Login","2024-05-11 14:24:43"
"","Added new customer [Pulido]","Customer","2024-05-11 14:29:28"
"Benjie Val Lumawag","Successfully Login","Login","2024-05-11 14:46:34"
"Benjie Val Lumawag","Successfully Login","Login","2024-05-11 15:35:13"
"Benjie Val Lumawag","Successfully Login","Login","2024-05-11 15:49:43"
"","Added new customer [Macardo]","Customer","2024-05-11 16:22:31"
"","Error to add new customer payment [CP-240511163440]","Customer Payment","2024-05-11 08:34:40"
"Benjie Val Lumawag","Successfully Login","Login","2024-05-11 16:55:34"
"Benjie Val Lumawag","Error to add new customer payment [CP-240511171531]","Customer Payment","2024-05-11 09:15:39"
"Benjie Val Lumawag","Updated customer payment [CP-240511171531]","Customer Payment","2024-05-11 09:15:56"
"Benjie Val Lumawag","Finished customer payment [CP-240511171531]","Customer Payment","2024-05-11 17:16:05"
"Benjie Val Lumawag","Successfully Login","Login","2024-05-11 17:16:12"
"Benjie Val Lumawag","Error to add new customer payment [CP-240511171614]","Customer Payment","2024-05-11 17:16:20"
"Benjie Val Lumawag","Finished customer payment [CP-240511171614]","Customer Payment","2024-05-11 17:17:45"
"Benjie Val Lumawag","Error to add new customer payment [CP-240511171748]","Customer Payment","2024-05-11 17:17:54"
"Benjie Val Lumawag","Successfully Login","Login","2024-05-11 17:40:54"
"","Error to add new customer payment [CP-240511174551]","Customer Payment","2024-05-11 09:45:51"
"","Finished customer payment [CP-240511174551]","Customer Payment","2024-05-11 09:45:51"
"Benjie Val Lumawag","Successfully Login","Login","2024-05-12 06:22:20"
"Benjie Val Lumawag","Successfully Login","Login","2024-05-12 06:55:20"
"","Added new customer [J Palmes]","Customer","2024-05-12 08:09:38"
"Benjie Val Lumawag","Updated product [16200-Atlas]","Product","2024-05-12 02:26:28"
"Benjie Val Lumawag","Updated product [4600-Atlas]","Product","2024-05-12 02:26:45"
"","Added new customer [Anpelepi]","Customer","2024-05-12 10:56:28"
"","Error to add new customer payment [CP-240512111434]","Customer Payment","2024-05-12 03:14:34"
"","Finished customer payment [CP-240512111434]","Customer Payment","2024-05-12 03:14:34"
"","Error to add new customer payment [CP-240512114246]","Customer Payment","2024-05-12 03:42:46"
"","Added new customer [Azis Silongan]","Customer","2024-05-12 12:03:56"
"Benjie Val Lumawag","Successfully Login","Login","2024-05-12 12:10:19"
"Benjie Val Lumawag","Successfully Login","Login","2024-05-12 12:15:22"
"","Added new customer [Coca J]","Customer","2024-05-12 12:22:04"
"Benjie Val Lumawag","Successfully Login","Login","2024-05-12 12:26:24"
"","Added new customer [Bastago]","Customer","2024-05-12 12:39:28"
"Benjie Val Lumawag","Successfully Login","Login","2024-05-12 13:20:02"
"Benjie Val Lumawag","Successfully Login","Login","2024-05-12 13:24:48"
"","Added new customer [Cerbo Remel]","Customer","2024-05-12 13:31:30"
"Benjie Val Lumawag","Successfully Login","Login","2024-05-12 14:02:10"
"","Error to add new customer payment [CP-240512141022]","Customer Payment","2024-05-12 06:10:22"
"","Finished customer payment [CP-240512141022]","Customer Payment","2024-05-12 06:10:23"
"Benjie Val Lumawag","Updated product [4600-Atlas]","Product","2024-05-12 06:13:25"
"","Added new customer [Calintina]","Customer","2024-05-12 14:59:31"
"","Error to add new customer payment [CP-240512151751]","Customer Payment","2024-05-12 07:17:51"
"","Finished customer payment [CP-240512151751]","Customer Payment","2024-05-12 07:17:51"
"","Added new customer [Abuno Ariel]","Customer","2024-05-12 15:26:37"
"","Error to add new customer payment [CP-240512153428]","Customer Payment","2024-05-12 07:34:28"
"","Error to add new customer payment [CP-240512154012]","Customer Payment","2024-05-12 07:40:12"
"","Finished customer payment [CP-240512154012]","Customer Payment","2024-05-12 07:40:12"
"Benjie Val Lumawag","Successfully Login","Login","2024-05-12 16:14:08"
"Benjie Val Lumawag","Successfully Login","Login","2024-05-13 06:04:01"
"Benjie Val Lumawag","Successfully Login","Login","2024-05-13 06:50:43"
"","Added new customer [Sanguines]","Customer","2024-05-13 07:18:33"
"Benjie Val Lumawag","Successfully Login","Login","2024-05-13 07:37:44"
"Benjie Val Lumawag","Successfully Login","Login","2024-05-13 07:38:11"
"","Added new customer [Sinveo]","Customer","2024-05-13 07:47:09"
"Benjie Val Lumawag","Successfully Login","Login","2024-05-13 09:24:18"
"Benjie Val Lumawag","Successfully Login","Login","2024-05-13 09:29:08"
"Benjie Val Lumawag","Successfully Login","Login","2024-05-13 10:56:26"
"Benjie Val Lumawag","Successfully Login","Login","2024-05-13 10:57:02"
"Benjie Val Lumawag","Successfully Login","Login","2024-05-13 10:58:03"
"Benjie Val Lumawag","Successfully Login","Login","2024-05-13 12:16:52"
"Benjie Val Lumawag","Successfully Login","Login","2024-05-13 12:26:42"
"Benjie Val Lumawag","Updated product [NK 6130]","Product","2024-05-13 04:27:46"
"","Added new customer [Catamin Toto]","Customer","2024-05-13 13:21:30"
"Benjie Val Lumawag","Successfully Login","Login","2024-05-13 13:48:16"
"Benjie Val Lumawag","Updated product [NK 6130]","Product","2024-05-13 05:48:57"
"","Error to add new customer payment [CP-240513135326]","Customer Payment","2024-05-13 05:53:26"
"","Finished customer payment [CP-240513135326]","Customer Payment","2024-05-13 05:53:26"
"","Added new customer [Apable]","Customer","2024-05-13 14:47:08"
"Benjie Val Lumawag","Successfully Login","Login","2024-05-13 14:50:28"
"Benjie Val Lumawag","Successfully Login","Login","2024-05-13 14:52:32"
"Benjie Val Lumawag","Successfully Login","Login","2024-05-13 15:03:27"
"","Added new customer [Delfin]","Customer","2024-05-13 15:05:08"
"Benjie Val Lumawag","Successfully Login","Login","2024-05-13 15:05:49"
"Benjie Val Lumawag","Successfully Login","Login","2024-05-13 15:09:39"
"Benjie Val Lumawag","Successfully Login","Login","2024-05-13 15:12:53"
"Benjie Val Lumawag","Successfully Login","Login","2024-05-13 15:32:03"
"","Added new customer [Duenas]","Customer","2024-05-13 15:39:15"
"","Added new customer [Meranda Boyet]","Customer","2024-05-13 16:01:32"
"","Added new customer [Caracay]","Customer","2024-05-13 16:02:14"
"","Added new customer [James Pioneer]","Customer","2024-05-13 16:48:37"
"","Error to add new customer payment [CP-240513165322]","Customer Payment","2024-05-13 08:53:22"
"Benjie Val Lumawag","Successfully Login","Login","2024-05-13 16:57:09"
"Benjie Val Lumawag","Updated product [P 3645- Kilo]","Product","2024-05-13 09:31:42"
"","Added new customer [Sola]","Customer","2024-05-13 17:34:31"
"Benjie Val Lumawag","Successfully Login","Login","2024-05-13 20:05:53"
"Benjie Val Lumawag","Successfully Login","Login","2024-05-13 21:13:02"
"Benjie Val Lumawag","Successfully Login","Login","2024-05-13 21:13:38"
"Benjie Val Lumawag","Successfully Login","Login","2024-05-14 00:01:51"
"","Added new customer [Barrion lloyd]","Customer","2024-05-14 06:27:48"
"","Error to add new customer payment [CP-240514073232]","Customer Payment","2024-05-13 23:32:32"
"","Error to add new customer payment [CP-240514073323]","Customer Payment","2024-05-13 23:33:23"
"Benjie Val Lumawag","Successfully Login","Login","2024-05-14 08:15:21"
"","Error to add new customer payment [CP-240514082851]","Customer Payment","2024-05-14 00:28:51"
"Benjie Val Lumawag","Successfully Login","Login","2024-05-14 08:31:50"
"","Error to add new customer payment [CP-240514083657]","Customer Payment","2024-05-14 00:36:57"
"","Finished customer payment [CP-240514083657]","Customer Payment","2024-05-14 00:36:57"
"Benjie Val Lumawag","Successfully Login","Login","2024-05-14 08:55:28"
"Benjie Val Lumawag","Successfully Login","Login","2024-05-14 08:57:58"
"Benjie Val Lumawag","Successfully Login","Login","2024-05-14 08:58:04"
"","Error to add new customer payment [CP-240514090112]","Customer Payment","2024-05-14 01:01:12"
"Benjie Val Lumawag","Successfully Login","Login","2024-05-14 09:13:42"
"Benjie Val Lumawag","Successfully Login","Login","2024-05-14 09:16:08"
"Benjie Val Lumawag","Successfully Login","Login","2024-05-14 09:16:27"
"Benjie Val Lumawag","Successfully Login","Login","2024-05-14 10:24:14"
"","Error to add new customer payment [CP-240514103226]","Customer Payment","2024-05-14 02:32:26"
"","Finished customer payment [CP-240514103226]","Customer Payment","2024-05-14 02:32:26"
"Benjie Val Lumawag","Updated product [Crack Corn # 5- Sack]","Product","2024-05-14 02:33:57"
"Benjie Val Lumawag","Updated product [Crack Corn # 6- Sack]","Product","2024-05-14 02:34:25"
"Benjie Val Lumawag","Updated product [Yellow Corn # 10-Sack]","Product","2024-05-14 02:34:54"
"Benjie Val Lumawag","Updated product [White Corn-Sack]","Product","2024-05-14 02:35:08"
"Benjie Val Lumawag","Updated product [Tahop-Mais-Sack] => [Tahop-Mais-Sack ( Yellow)]","Product","2024-05-14 02:36:26"
"Benjie Val Lumawag","Updated product [Tahop-Mais] => [Tahop-Mais(Yellow) kg]","Product","2024-05-14 02:36:46"
"Benjie Val Lumawag","Added new product [Tahop Mais-White(Sako)]","Product","2024-05-14 02:37:49"
"Benjie Val Lumawag","Added new product [Tahop Mais-White(Kg)]","Product","2024-05-14 02:40:46"
"Benjie Val Lumawag","Successfully Login","Login","2024-05-14 10:40:49"
"Benjie Val Lumawag","Updated product [Crack Corn # 6-1kg]","Product","2024-05-14 02:41:50"
"Benjie Val Lumawag","Updated product [Crack Corn # 5- 1kg]","Product","2024-05-14 02:42:13"
"Benjie Val Lumawag","Updated product [Yellow Corn # 10-1Kg]","Product","2024-05-14 02:45:38"
"Benjie Val Lumawag","Updated product [Crack Corn # 6-1kg]","Product","2024-05-14 02:46:47"
"","Added new customer [Amer]","Customer","2024-05-14 11:30:50"
"","Added new customer [Macalino]","Customer","2024-05-14 12:20:41"
"","Error to add new customer payment [CP-240514125630]","Customer Payment","2024-05-14 04:56:30"
"","Finished customer payment [CP-240514125630]","Customer Payment","2024-05-14 04:56:30"
"","Added new customer [Edgar]","Customer","2024-05-14 12:59:17"
"","Error to add new customer payment [CP-240514134315]","Customer Payment","2024-05-14 05:43:15"
"","Finished customer payment [CP-240514134315]","Customer Payment","2024-05-14 05:43:15"
"","Error to add new customer payment [CP-240514134407]","Customer Payment","2024-05-14 05:44:07"
"","Finished customer payment [CP-240514134407]","Customer Payment","2024-05-14 05:44:07"
"Benjie Val Lumawag","Updated product [141414-Amigo]","Product","2024-05-14 06:01:44"
"","Error to add new customer payment [CP-240514150341]","Customer Payment","2024-05-14 07:03:41"
"","Finished customer payment [CP-240514150341]","Customer Payment","2024-05-14 07:03:41"
"","Error to add new customer payment [CP-240514150352]","Customer Payment","2024-05-14 07:03:52"
"","Finished customer payment [CP-240514150352]","Customer Payment","2024-05-14 07:03:52"
"","Added new customer [Latris]","Customer","2024-05-14 15:14:01"
"Benjie Val Lumawag","Successfully Login","Login","2024-05-14 15:33:06"
"","Error to add new customer payment [CP-240514154809]","Customer Payment","2024-05-14 07:48:09"
"","Added new customer [Dandan irine]","Customer","2024-05-14 15:53:55"
"","Attempt to add existing customer [Salinas]","Customer","2024-05-14 16:11:37"
"","Added new customer [Salipada]","Customer","2024-05-14 16:26:23"
"","Error to add new customer payment [CP-240514163055]","Customer Payment","2024-05-14 08:30:55"
"","Finished customer payment [CP-240514163055]","Customer Payment","2024-05-14 08:30:55"
"Benjie Val Lumawag","Successfully Login","Login","2024-05-14 17:34:39"
"Benjie Val Lumawag","Successfully Login","Login","2024-05-15 06:16:19"
"Benjie Val Lumawag","Successfully Login","Login","2024-05-15 06:28:41"
"Benjie Val Lumawag","Successfully Login","Login","2024-05-15 06:38:22"
"","Added new customer [Bagonoc]","Customer","2024-05-15 06:57:07"
"","Added new customer [Silveryo Ephrem]","Customer","2024-05-15 07:52:36"
"Benjie Val Lumawag","Successfully Login","Login","2024-05-15 08:33:25"
"Benjie Val Lumawag","Successfully Login","Login","2024-05-15 08:34:45"
"","Added new customer [Cabilla]","Customer","2024-05-15 09:01:25"
"","Attempt to add existing customer [Ambida]","Customer","2024-05-15 10:40:06"
"Benjie Val Lumawag","Successfully Login","Login","2024-05-15 11:16:55"
"Benjie Val Lumawag","Successfully Login","Login","2024-05-15 11:38:36"
"Benjie Val Lumawag","Successfully Login","Login","2024-05-15 11:57:44"
"Benjie Val Lumawag","Successfully Login","Login","2024-05-15 11:58:40"
"","Added new customer [Malagiya]","Customer","2024-05-15 12:10:29"
"Benjie Val Lumawag","Successfully Login","Login","2024-05-15 12:11:27"
"Benjie Val Lumawag","Successfully Login","Login","2024-05-15 12:23:45"
"Benjie Val Lumawag","Added new product [O Valley Granular]","Product","2024-05-15 04:24:12"
"Benjie Val Lumawag","Updated product [25000-Shield ]","Product","2024-05-15 04:24:41"
"Benjie Val Lumawag","Successfully Login","Login","2024-05-15 12:26:17"
"","Added new customer [Tundokan]","Customer","2024-05-15 12:26:49"
"Benjie Val Lumawag","Successfully Login","Login","2024-05-15 12:27:12"
"Benjie Val Lumawag","Successfully Login","Login","2024-05-15 12:56:34"
"","Added new customer [Recote]","Customer","2024-05-15 13:24:54"
"","Added new customer [Calendario]","Customer","2024-05-15 13:37:46"
"Benjie Val Lumawag","Successfully Login","Login","2024-05-15 14:54:54"
"","Added new customer [Egoy]","Customer","2024-05-15 14:58:03"
"Benjie Val Lumawag","Successfully Login","Login","2024-05-15 15:28:08"
"","Error to add new customer payment [CP-240515153008]","Customer Payment","2024-05-15 07:30:08"
"","Finished customer payment [CP-240515153008]","Customer Payment","2024-05-15 07:30:09"
"","Error to add new customer payment [CP-240515155154]","Customer Payment","2024-05-15 07:51:54"
"","Added new customer [Balmores pinky]","Customer","2024-05-15 15:58:03"
"","Error to add new customer payment [CP-240515160551]","Customer Payment","2024-05-15 08:05:51"
"","Finished customer payment [CP-240515160551]","Customer Payment","2024-05-15 08:05:52"
"Benjie Val Lumawag","Successfully Login","Login","2024-05-15 16:15:10"
"Benjie Val Lumawag","Successfully Login","Login","2024-05-15 16:41:58"
"Benjie Val Lumawag","Successfully Login","Login","2024-05-15 17:07:13"
"Benjie Val Lumawag","Successfully Login","Login","2024-05-15 17:18:40"
"Benjie Val Lumawag","Attempt to add existing product [Salo Salo- 25kg]","Product","2024-05-15 09:55:19"
"Benjie Val Lumawag","Added new product [Salo Salo- 25kg]","Product","2024-05-15 09:55:34"
"Benjie Val Lumawag","Added new product [Salo Salo-1kg]","Product","2024-05-15 09:56:00"
"","Error to add new customer payment [CP-240515182133]","Customer Payment","2024-05-15 10:21:33"
"","Finished customer payment [CP-240515182133]","Customer Payment","2024-05-15 10:21:33"
"Benjie Val Lumawag","Successfully Login","Login","2024-05-15 19:41:23"
"Benjie Val Lumawag","Updated product [0060-Amigo]","Product","2024-05-15 11:46:50"
"Benjie Val Lumawag","Updated product [Grow More-Orange]","Product","2024-05-15 11:53:15"
"Benjie Val Lumawag","Added new product [El Grande 4L- Cases]","Product","2024-05-15 12:20:45"
"Benjie Val Lumawag","Added new product [El Grande-Gal]","Product","2024-05-15 12:21:09"
"Benjie Val Lumawag","Added new product [Sereni 4L-Cases]","Product","2024-05-15 12:22:19"
"Benjie Val Lumawag","Added new product [Sereni-Gal]","Product","2024-05-15 12:22:41"
"Benjie Val Lumawag","Successfully Login","Login","2024-05-16 06:18:55"
"Benjie Val Lumawag","Successfully Login","Login","2024-05-16 06:54:35"
"Benjie Val Lumawag","Successfully Login","Login","2024-05-16 07:25:28"
"Benjie Val Lumawag","Updated product [P 3645- Kilo]","Product","2024-05-16 00:24:40"
"Benjie Val Lumawag","Successfully Login","Login","2024-05-16 08:49:41"
"","Added new customer [Milk]","Customer","2024-05-16 08:51:25"
"","Added new customer [Malaguia]","Customer","2024-05-16 09:20:30"
"Benjie Val Lumawag","Successfully Login","Login","2024-05-16 10:05:45"
"","Error to add new customer payment [CP-240516115444]","Customer Payment","2024-05-16 03:54:44"
"","Finished customer payment [CP-240516115444]","Customer Payment","2024-05-16 03:54:44"
"Benjie Val Lumawag","Successfully Login","Login","2024-05-16 12:21:13"
"Benjie Val Lumawag","Successfully Login","Login","2024-05-16 12:21:35"
"","Added new customer [Publico James]","Customer","2024-05-16 12:56:31"
"","Added new customer [Dagulo]","Customer","2024-05-16 13:00:22"
"","Added new customer [Diding]","Customer","2024-05-16 13:45:47"
"","Added new customer [Aglosolus]","Customer","2024-05-16 13:55:26"
"","Error to add new customer payment [CP-240516140303]","Customer Payment","2024-05-16 06:03:03"
"","Finished customer payment [CP-240516140303]","Customer Payment","2024-05-16 06:03:03"
"","Error to add new customer payment [CP-240516141931]","Customer Payment","2024-05-16 06:19:31"
"","Finished customer payment [CP-240516141931]","Customer Payment","2024-05-16 06:19:32"
"Benjie Val Lumawag","Successfully Login","Login","2024-05-16 14:33:05"
"Benjie Val Lumawag","Successfully Login","Login","2024-05-16 14:35:08"
"","Error to add new customer payment [CP-240516154312]","Customer Payment","2024-05-16 07:43:12"
"","Finished customer payment [CP-240516154312]","Customer Payment","2024-05-16 07:43:12"
"Benjie Val Lumawag","Successfully Login","Login","2024-05-16 16:02:58"
"Benjie Val Lumawag","Updated product [0060-Amigo]","Product","2024-05-16 08:38:22"
"","Error to add new customer payment [CP-240516164500]","Customer Payment","2024-05-16 08:45:00"
"Benjie Val Lumawag","Successfully Login","Login","2024-05-16 16:59:48"
"","Error to add new customer payment [CP-240516175705]","Customer Payment","2024-05-16 09:57:05"
"","Finished customer payment [CP-240516175705]","Customer Payment","2024-05-16 09:57:06"
"","Error to add new customer payment [CP-240516175726]","Customer Payment","2024-05-16 09:57:26"
"","Finished customer payment [CP-240516175726]","Customer Payment","2024-05-16 09:57:27"
"","Error to add new customer payment [CP-240516175755]","Customer Payment","2024-05-16 09:57:55"
"","Finished customer payment [CP-240516175755]","Customer Payment","2024-05-16 09:57:55"
"Benjie Val Lumawag","Successfully Login","Login","2024-05-16 20:51:20"
"Benjie Val Lumawag","Successfully Login","Login","2024-05-16 21:03:36"
"Benjie Val Lumawag","Successfully Login","Login","2024-05-17 05:57:51"
"Benjie Val Lumawag","Successfully Login","Login","2024-05-17 06:15:44"
"Benjie Val Lumawag","Successfully Login","Login","2024-05-17 06:22:28"
"","Added new customer [Delacruz]","Customer","2024-05-17 06:26:52"
"","Error to add new customer payment [CP-240517062800]","Customer Payment","2024-05-16 22:28:00"
"","Finished customer payment [CP-240517062800]","Customer Payment","2024-05-16 22:28:01"
"Benjie Val Lumawag","Successfully Login","Login","2024-05-17 07:07:31"
"","Added new customer [Sarmiento]","Customer","2024-05-17 07:13:12"
"Benjie Val Lumawag","Successfully Login","Login","2024-05-17 07:14:27"
"Benjie Val Lumawag","Successfully Login","Login","2024-05-17 07:22:27"
"Benjie Val Lumawag","Successfully Login","Login","2024-05-17 07:26:48"
"Benjie Val Lumawag","Successfully Login","Login","2024-05-17 09:06:56"
"","Added new customer [Unda]","Customer","2024-05-17 09:40:25"
"","Added new customer [Barotas Merry joy]","Customer","2024-05-17 09:43:51"
"","Attempt to add existing customer [1]","Customer","2024-05-17 09:46:50"
"","Added new customer [Delatore Leta]","Customer","2024-05-17 09:47:22"
"","Added new customer [Surdilla]","Customer","2024-05-17 11:08:39"
"","Added new customer [Lonzaga tessie ]","Customer","2024-05-17 11:10:31"
"Benjie Val Lumawag","Successfully Login","Login","2024-05-17 11:10:57"
"Benjie Val Lumawag","Successfully Login","Login","2024-05-17 11:28:41"
"Benjie Val Lumawag","Successfully Login","Login","2024-05-17 11:56:20"
"Benjie Val Lumawag","Successfully Login","Login","2024-05-17 11:56:40"
"Benjie Val Lumawag","Successfully Login","Login","2024-05-17 12:08:33"
"Benjie Val Lumawag","Successfully Login","Login","2024-05-17 13:28:08"
"","Error to add new customer payment [CP-240517140522]","Customer Payment","2024-05-17 06:05:22"
"Benjie Val Lumawag","Successfully Login","Login","2024-05-17 14:51:52"
"","Added new customer [santotome]","Customer","2024-05-17 16:00:20"
"","Added new customer [Apow]","Customer","2024-05-17 16:13:59"
"","Added new customer [Tilagin babylyn]","Customer","2024-05-17 16:21:24"
"","Error to add new customer payment [CP-240517163125]","Customer Payment","2024-05-17 08:31:25"
"","Finished customer payment [CP-240517163125]","Customer Payment","2024-05-17 08:31:26"
"Benjie Val Lumawag","Successfully Login","Login","2024-05-17 16:32:48"
"","Error to add new customer payment [CP-240517164245]","Customer Payment","2024-05-17 08:42:45"
"","Finished customer payment [CP-240517164245]","Customer Payment","2024-05-17 08:42:45"
"","Added new customer [Juan Ronilo]","Customer","2024-05-17 17:26:28"
"Benjie Val Lumawag","Successfully Login","Login","2024-05-17 17:29:08"
"Benjie Val Lumawag","Successfully Login","Login","2024-05-17 17:51:06"
"Benjie Val Lumawag","Successfully Login","Login","2024-05-18 06:47:35"
"","Added new customer [Castor]","Customer","2024-05-18 07:24:14"
"","Added new customer [deceya]","Customer","2024-05-18 07:31:18"
"Benjie Val Lumawag","Successfully Login","Login","2024-05-18 07:38:06"
"Benjie Val Lumawag","Successfully Login","Login","2024-05-18 07:40:05"
"","Added new customer [Happy]","Customer","2024-05-18 07:53:11"
"Benjie Val Lumawag","Successfully Login","Login","2024-05-18 08:10:00"
"","Added new customer [Portoza En2x]","Customer","2024-05-18 08:16:51"
"","Added new customer [geliste]","Customer","2024-05-18 11:21:45"
"Benjie Val Lumawag","Successfully Login","Login","2024-05-18 12:44:10"
"Benjie Val Lumawag","Updated product [Grader- Gallon]","Product","2024-05-18 04:44:44"
"Benjie Val Lumawag","Updated product [Pacyaw Gal]","Product","2024-05-18 04:45:15"
"Benjie Val Lumawag","Successfully Login","Login","2024-05-18 14:53:14"
"Benjie Val Lumawag","Successfully Login","Login","2024-05-18 15:58:45"
"Benjie Val Lumawag","Successfully Login","Login","2024-05-18 16:45:13"
"","Error to add new customer payment [CP-240518165646]","Customer Payment","2024-05-18 08:56:46"
"","Finished customer payment [CP-240518165646]","Customer Payment","2024-05-18 08:56:46"
"Benjie Val Lumawag","Successfully Login","Login","2024-05-18 16:58:20"
"","Added new customer [Barillo celine]","Customer","2024-05-18 17:18:43"
"Benjie Val Lumawag","Successfully Login","Login","2024-05-18 17:47:12"
"","Added new customer [Beday agric supply]","Customer","2024-05-19 07:26:01"
"Benjie Val Lumawag","Updated product [Bio 480 gals-Cases]","Product","2024-05-18 23:36:44"
"Benjie Val Lumawag","Updated product [bio480-gallon] => [bio 480-gallon]","Product","2024-05-18 23:36:56"
"Benjie Val Lumawag","Updated product [bio480-liter] => [bio 480-liter]","Product","2024-05-18 23:37:06"
"Benjie Val Lumawag","Successfully Login","Login","2024-05-19 07:38:29"
"","Attempt to add existing customer [Cabilla]","Customer","2024-05-19 08:40:00"
"","Added new customer [Caingcoy]","Customer","2024-05-19 10:23:19"
"Benjie Val Lumawag","Successfully Login","Login","2024-05-19 10:51:34"
"Benjie Val Lumawag","Successfully Login","Login","2024-05-19 11:48:30"
"Benjie Val Lumawag","Successfully Login","Login","2024-05-19 11:51:11"
"Benjie Val Lumawag","Successfully Login","Login","2024-05-19 11:52:39"
"","Added new customer [Moraw]","Customer","2024-05-19 12:02:45"
"Benjie Val Lumawag","Successfully Login","Login","2024-05-19 12:15:23"
"","Attempt to add existing customer [Guardario]","Customer","2024-05-19 12:25:59"
"","Added new customer [Dalondong]","Customer","2024-05-19 13:11:47"
"","Added new customer [Aniro]","Customer","2024-05-19 13:30:23"
"Benjie Val Lumawag","Successfully Login","Login","2024-05-19 13:46:41"
"Benjie Val Lumawag","Successfully Login","Login","2024-05-19 13:56:45"
"Benjie Val Lumawag","Added new product [18460-Harvester]","Product","2024-05-19 06:10:59"
"","Error to add new customer payment [CP-240519150530]","Customer Payment","2024-05-19 07:05:30"
"","Finished customer payment [CP-240519150530]","Customer Payment","2024-05-19 07:05:30"
"","Added new customer [salinao]","Customer","2024-05-19 15:09:20"
"Benjie Val Lumawag","Added new product [Eco Bag]","Product","2024-05-19 07:55:06"
"","Added new customer [Pakagong]","Customer","2024-05-19 16:02:26"
"Benjie Val Lumawag","Successfully Login","Login","2024-05-19 16:15:09"
"Benjie Val Lumawag","Successfully Login","Login","2024-05-19 16:40:56"
"","Error to add new customer payment [CP-240519170455]","Customer Payment","2024-05-19 09:04:55"
"Benjie Val Lumawag","Successfully Login","Login","2024-05-19 17:21:42"
"Benjie Val Lumawag","Successfully Login","Login","2024-05-19 17:49:52"
"Benjie Val Lumawag","Successfully Login","Login","2024-05-19 18:09:08"
"Benjie Val Lumawag","Successfully Login","Login","2024-05-20 06:43:53"
"Benjie Val Lumawag","Successfully Login","Login","2024-05-20 06:46:10"
"Benjie Val Lumawag","Updated product [141414-Amigo]","Product","2024-05-19 23:29:36"
"Benjie Val Lumawag","Updated product [4600-Atlas]","Product","2024-05-19 23:29:47"
"Benjie Val Lumawag","Updated product [0060-Atlas]","Product","2024-05-19 23:29:54"
"Benjie Val Lumawag","Successfully Login","Login","2024-05-20 07:41:38"
"Benjie Val Lumawag","Updated product [0060-Amigo]","Product","2024-05-19 23:43:37"
"Benjie Val Lumawag","Successfully Login","Login","2024-05-20 07:49:11"
"Benjie Val Lumawag","Successfully Login","Login","2024-05-20 08:03:18"
"","Added new customer [Afable Nonoy]","Customer","2024-05-20 08:21:38"
"","Error to add new customer payment [CP-240520084251]","Customer Payment","2024-05-20 00:42:51"
"","Finished customer payment [CP-240520084251]","Customer Payment","2024-05-20 00:42:51"
"Benjie Val Lumawag","Updated product [4600-Atlas]","Product","2024-05-20 00:56:16"
"Benjie Val Lumawag","Successfully Login","Login","2024-05-20 09:05:13"
"Benjie Val Lumawag","Successfully Login","Login","2024-05-20 09:21:37"
"Benjie Val Lumawag","Updated product [0060-Amigo]","Product","2024-05-20 01:48:02"
"Benjie Val Lumawag","Updated product [141414-Amigo]","Product","2024-05-20 01:48:15"
"","Added new customer [saptula]","Customer","2024-05-20 11:22:26"
"Benjie Val Lumawag","Successfully Login","Login","2024-05-20 11:46:01"
"Benjie Val Lumawag","Successfully Login","Login","2024-05-20 12:00:23"
"Benjie Val Lumawag","Successfully Login","Login","2024-05-20 13:33:10"
"Benjie Val Lumawag","Successfully Login","Login","2024-05-20 13:37:06"
"Benjie Val Lumawag","Updated product [141414-Kilo]","Product","2024-05-20 05:37:27"
"","Error to add new customer payment [CP-240520143057]","Customer Payment","2024-05-20 06:30:57"
"","Finished customer payment [CP-240520143057]","Customer Payment","2024-05-20 06:30:57"
"","Added new customer [Barillo]","Customer","2024-05-20 14:41:23"
"","Added new customer [Cainoy rey]","Customer","2024-05-20 16:03:41"
"","Added new customer [Alemania]","Customer","2024-05-20 16:05:02"
"","Error to add new customer payment [CP-240520160719]","Customer Payment","2024-05-20 08:07:19"
"","Error to add new customer payment [CP-240520160720]","Customer Payment","2024-05-20 08:07:20"
"","Added new customer [Alcala]","Customer","2024-05-20 16:25:22"
"Benjie Val Lumawag","Successfully Login","Login","2024-05-20 16:48:02"
"","Error to add new customer payment [CP-240520170452]","Customer Payment","2024-05-20 09:04:52"
"Benjie Val Lumawag","Successfully Login","Login","2024-05-20 17:05:56"
"Benjie Val Lumawag","Successfully Login","Login","2024-05-20 17:07:05"
"Benjie Val Lumawag","Successfully Login","Login","2024-05-20 17:37:36"
"","Added new customer [EVO Roland Omallao]","Customer","2024-05-21 06:28:24"
"Benjie Val Lumawag","Successfully Login","Login","2024-05-21 06:40:15"
"Benjie Val Lumawag","Successfully Login","Login","2024-05-21 06:40:29"
"Benjie Val Lumawag","Successfully Login","Login","2024-05-21 06:54:48"
"Benjie Val Lumawag","Successfully Login","Login","2024-05-21 06:56:59"
"","Added new customer [Omac bitoy]","Customer","2024-05-21 07:10:17"
"","Added new customer [Penyas]","Customer","2024-05-21 07:22:29"
"Benjie Val Lumawag","Successfully Login","Login","2024-05-21 07:30:26"
"Benjie Val Lumawag","Successfully Login","Login","2024-05-21 07:32:01"
"Benjie Val Lumawag","Successfully Login","Login","2024-05-21 07:36:07"
"Benjie Val Lumawag","Successfully Login","Login","2024-05-21 08:47:16"
"Benjie Val Lumawag","Successfully Login","Login","2024-05-21 10:12:02"
"Benjie Val Lumawag","Successfully Login","Login","2024-05-21 10:13:18"
"Benjie Val Lumawag","Successfully Login","Login","2024-05-21 10:15:30"
"","Added new customer [Lamigan edna]","Customer","2024-05-21 10:19:07"
"","Added new customer [Serue brenda jane]","Customer","2024-05-21 11:16:12"
"","Error to add new customer payment [CP-240521111913]","Customer Payment","2024-05-21 03:19:13"
"","Finished customer payment [CP-240521111913]","Customer Payment","2024-05-21 03:19:14"
"","Error to add new customer payment [CP-240521111914]","Customer Payment","2024-05-21 03:19:14"
"","Added new customer [gonsales]","Customer","2024-05-21 12:01:08"
"","Added new customer [minar]","Customer","2024-05-21 12:40:39"
"","Added new customer [Gabayan]","Customer","2024-05-21 13:15:18"
"Benjie Val Lumawag","Updated product [Panamox Caplet]","Product","2024-05-21 05:26:21"
"","Error to add new customer payment [CP-240521135239]","Customer Payment","2024-05-21 05:52:39"
"","Finished customer payment [CP-240521135239]","Customer Payment","2024-05-21 05:52:39"
"","Added new customer [Benedicto]","Customer","2024-05-21 14:09:43"
"Benjie Val Lumawag","Added new product [Early Wean-Pack]","Product","2024-05-21 06:34:12"
"Benjie Val Lumawag","Added new product [PPC-BMeg]","Product","2024-05-21 06:35:59"
"Benjie Val Lumawag","Attempt to add existing product [PPC-BMeg-(Kg)]","Product","2024-05-21 06:36:55"
"Benjie Val Lumawag","Added new product [PPC-BMeg-(Kg)]","Product","2024-05-21 06:37:03"
"Benjie Val Lumawag","Successfully Login","Login","2024-05-21 15:10:49"
"Benjie Val Lumawag","Updated product [Suprema - kalabasa]","Product","2024-05-21 07:53:58"
"","Error to add new customer payment [CP-240521160153]","Customer Payment","2024-05-21 08:01:53"
"Benjie Val Lumawag","Successfully Login","Login","2024-05-21 16:13:57"
"Benjie Val Lumawag","Successfully Login","Login","2024-05-21 16:15:02"
"Benjie Val Lumawag","Updated product [Integra 3000-sack]","Product","2024-05-21 08:21:38"
"Benjie Val Lumawag","Updated product [Integra 3000- 1kg]","Product","2024-05-21 08:21:48"
"Benjie Val Lumawag","Successfully Login","Login","2024-05-21 16:41:58"
"","Error to add new customer payment [CP-240521164613]","Customer Payment","2024-05-21 08:46:13"
"","Error to add new customer payment [CP-240521165611]","Customer Payment","2024-05-21 08:56:11"
"","Finished customer payment [CP-240521165611]","Customer Payment","2024-05-21 08:56:12"
"Benjie Val Lumawag","Successfully Login","Login","2024-05-21 17:02:50"
"Benjie Val Lumawag","Successfully Login","Login","2024-05-21 17:03:34"
"","Added new customer [Kasuyo nur]","Customer","2024-05-21 17:10:10"
"Benjie Val Lumawag","Successfully Login","Login","2024-05-21 17:12:21"
"Benjie Val Lumawag","Successfully Login","Login","2024-05-22 06:05:32"
"Benjie Val Lumawag","Successfully Login","Login","2024-05-22 06:51:14"
"Benjie Val Lumawag","Successfully Login","Login","2024-05-22 07:54:04"
"Benjie Val Lumawag","Successfully Login","Login","2024-05-22 07:58:02"
"Benjie Val Lumawag","Successfully Login","Login","2024-05-22 10:19:39"
"Benjie Val Lumawag","Successfully Login","Login","2024-05-22 10:26:36"
"","Error to add new customer payment [CP-240522103826]","Customer Payment","2024-05-22 02:38:26"
"Benjie Val Lumawag","Successfully Login","Login","2024-05-22 10:53:11"
"","Added new customer [samar]","Customer","2024-05-22 10:56:24"
"","Attempt to add existing customer [Nonoy]","Customer","2024-05-22 11:07:38"
"","Error to add new customer payment [CP-240522111458]","Customer Payment","2024-05-22 03:14:58"
"","Finished customer payment [CP-240522111458]","Customer Payment","2024-05-22 03:14:58"
"Benjie Val Lumawag","Successfully Login","Login","2024-05-22 11:20:19"
"Benjie Val Lumawag","Successfully Login","Login","2024-05-22 11:31:01"
"","Added new customer [concepcion]","Customer","2024-05-22 12:32:13"
"","Added new customer [ching]","Customer","2024-05-22 13:20:51"
"","Added new customer [Caluyudan Tata]","Customer","2024-05-22 14:13:48"
"","Attempt to add existing customer [Coronel]","Customer","2024-05-22 14:14:40"
"","Added new customer [Andolpata]","Customer","2024-05-22 14:22:51"
"","Added new customer [Bebeng Villote]","Customer","2024-05-22 15:15:16"
"Benjie Val Lumawag","Successfully Login","Login","2024-05-22 16:00:36"
"","Added new customer [benjie alicante]","Customer","2024-05-22 16:27:22"
"","Attempt to add existing customer [benjie alicante]","Customer","2024-05-22 16:27:22"
"Benjie Val Lumawag","Successfully Login","Login","2024-05-22 16:45:24"
"","Added new customer [Jopet]","Customer","2024-05-22 16:45:35"
"","Added new customer [Bioseed]","Customer","2024-05-22 16:50:16"
"","Error to add new customer payment [CP-240522170818]","Customer Payment","2024-05-22 09:08:18"
"","Finished customer payment [CP-240522170818]","Customer Payment","2024-05-22 09:08:18"
"","Attempt to add existing customer payment [CP-240522170818]","Customer Payment","2024-05-22 09:08:18"
"","Error to add new customer payment [CP-240522175548]","Customer Payment","2024-05-22 09:55:48"
"Benjie Val Lumawag","Successfully Login","Login","2024-05-22 18:15:13"
"Benjie Val Lumawag","Successfully Login","Login","2024-05-23 05:42:39"
"Benjie Val Lumawag","Added new supplier [Bragat]","Supplier","2024-05-22 21:53:29"
"Benjie Val Lumawag","Successfully Login","Login","2024-05-23 06:30:19"
"","Added new customer [Calimlim]","Customer","2024-05-23 06:50:38"
"Benjie Val Lumawag","Updated product [16200-Atlas]","Product","2024-05-22 22:51:29"
"","Added new customer [balacasi]","Customer","2024-05-23 07:32:08"
"","Error to add new customer payment [CP-240523083842]","Customer Payment","2024-05-23 00:38:42"
"","Finished customer payment [CP-240523083842]","Customer Payment","2024-05-23 00:38:42"
"Benjie Val Lumawag","Successfully Login","Login","2024-05-23 08:53:39"
"Benjie Val Lumawag","Updated product [Suprema - kalabasa]","Product","2024-05-23 01:09:22"
"Benjie Val Lumawag","Successfully Login","Login","2024-05-23 10:09:07"
"Benjie Val Lumawag","Successfully Login","Login","2024-05-23 10:15:36"
"Benjie Val Lumawag","Successfully Login","Login","2024-05-23 10:19:50"
"Benjie Val Lumawag","Updated product [Clincher-liter]","Product","2024-05-23 02:34:52"
"","Error to add new customer payment [CP-240523104757]","Customer Payment","2024-05-23 02:47:57"
"","Finished customer payment [CP-240523104757]","Customer Payment","2024-05-23 02:47:58"
"","Error to add new customer payment [CP-240523104823]","Customer Payment","2024-05-23 02:48:23"
"","Finished customer payment [CP-240523104823]","Customer Payment","2024-05-23 02:48:23"
"","Added new customer [Apura]","Customer","2024-05-23 11:22:36"
"","Error to add new customer payment [CP-240523112309]","Customer Payment","2024-05-23 03:23:09"
"Benjie Val Lumawag","Successfully Login","Login","2024-05-23 12:46:26"
"Benjie Val Lumawag","Successfully Login","Login","2024-05-23 12:47:56"
"","Error to add new customer payment [CP-240523135645]","Customer Payment","2024-05-23 05:56:45"
"Benjie Val Lumawag","Added new supplier [Francah Cornmill]","Supplier","2024-05-23 06:02:04"
"Benjie Val Lumawag","Updated product [Hammered Sack]","Product","2024-05-23 06:03:54"
"Benjie Val Lumawag","Updated product [Hammerd-1kg]","Product","2024-05-23 06:04:24"
"Benjie Val Lumawag","Successfully Login","Login","2024-05-23 14:20:29"
"","Added new customer [supilar lorena]","Customer","2024-05-23 14:23:11"
"Benjie Val Lumawag","Successfully Login","Login","2024-05-23 14:29:17"
"","Added new customer [Soberono jerose]","Customer","2024-05-23 14:59:07"
"Benjie Val Lumawag","Updated product [Nominee one 250ml]","Product","2024-05-23 07:18:10"
"Benjie Val Lumawag","Updated product [Yara Vita 150ml]","Product","2024-05-23 07:18:33"
"Benjie Val Lumawag","Added new product [Diamond Rice- Sack]","Product","2024-05-23 07:19:34"
"Benjie Val Lumawag","Added new product [Diamond-1kg]","Product","2024-05-23 07:20:15"
"Benjie Val Lumawag","Updated product [2100-Atlas]","Product","2024-05-23 07:23:49"
"Benjie Val Lumawag","Updated product [P 3645]","Product","2024-05-23 07:28:23"
"","Attempt to add existing customer [Liza]","Customer","2024-05-23 16:06:54"
"Benjie Val Lumawag","Successfully Login","Login","2024-05-23 16:57:36"
"Benjie Val Lumawag","Successfully Login","Login","2024-05-23 17:07:56"
"Benjie Val Lumawag","Successfully Login","Login","2024-05-23 17:10:37"
"","Error to add new customer payment [CP-240523175747]","Customer Payment","2024-05-23 09:57:47"
"Benjie Val Lumawag","Successfully Login","Login","2024-05-23 18:21:09"
"Benjie Val Lumawag","Successfully Login","Login","2024-05-23 21:16:39"
"Benjie Val Lumawag","Successfully Login","Login","2024-05-24 06:45:48"
"","Added new customer [Bascargo Violita]","Customer","2024-05-24 06:55:03"
"Benjie Val Lumawag","Successfully Login","Login","2024-05-24 07:34:20"
"Benjie Val Lumawag","Updated product [16200-Atlas]","Product","2024-05-23 23:34:50"
"Benjie Val Lumawag","Successfully Login","Login","2024-05-24 07:54:31"
"Benjie Val Lumawag","Successfully Login","Login","2024-05-24 08:02:00"
"","Added new customer [Sodarya]","Customer","2024-05-24 08:09:06"
"","Error to add new customer payment [CP-240524092006]","Customer Payment","2024-05-24 01:20:06"
"","Finished customer payment [CP-240524092006]","Customer Payment","2024-05-24 01:20:06"
"Benjie Val Lumawag","Successfully Login","Login","2024-05-24 09:25:45"
"Benjie Val Lumawag","Successfully Login","Login","2024-05-24 09:26:18"
"","Added new customer [Mar Pandi]","Customer","2024-05-24 09:45:55"
"","Error to add new customer payment [CP-240524104448]","Customer Payment","2024-05-24 02:44:48"
"","Finished customer payment [CP-240524104448]","Customer Payment","2024-05-24 02:44:48"
"","Error to add new customer payment [CP-240524104507]","Customer Payment","2024-05-24 02:45:07"
"","Finished customer payment [CP-240524104507]","Customer Payment","2024-05-24 02:45:07"
"","Error to add new customer payment [CP-240524104523]","Customer Payment","2024-05-24 02:45:23"
"","Finished customer payment [CP-240524104523]","Customer Payment","2024-05-24 02:45:23"
"","Error to add new customer payment [CP-240524104543]","Customer Payment","2024-05-24 02:45:43"
"","Finished customer payment [CP-240524104543]","Customer Payment","2024-05-24 02:45:43"
"Benjie Val Lumawag","Successfully Login","Login","2024-05-24 11:39:06"
"","Error to add new customer payment [CP-240524122118]","Customer Payment","2024-05-24 04:21:18"
"","Finished customer payment [CP-240524122118]","Customer Payment","2024-05-24 04:21:18"
"","Added new customer [Renato Tubalado]","Customer","2024-05-24 12:35:48"
"","Added new customer [sait]","Customer","2024-05-24 13:24:36"
"","Error to add new customer payment [CP-240524135358]","Customer Payment","2024-05-24 05:53:58"
"","Finished customer payment [CP-240524135358]","Customer Payment","2024-05-24 05:53:58"
"","Added new customer [Rovic]","Customer","2024-05-24 14:03:38"
"Benjie Val Lumawag","Successfully Login","Login","2024-05-24 14:08:57"
"","Error to add new customer payment [CP-240524145712]","Customer Payment","2024-05-24 06:57:12"
"Benjie Val Lumawag","Successfully Login","Login","2024-05-24 15:04:54"
"Benjie Val Lumawag","Successfully Login","Login","2024-05-24 15:07:03"
"Benjie Val Lumawag","Successfully Login","Login","2024-05-24 15:25:53"
"","Added new customer [Guingba]","Customer","2024-05-24 16:13:59"
"","Added new customer [Centero]","Customer","2024-05-24 16:43:19"
"Benjie Val Lumawag","Successfully Login","Login","2024-05-24 16:48:49"
"Benjie Val Lumawag","Successfully Login","Login","2024-05-24 16:52:03"
"Benjie Val Lumawag","Successfully Login","Login","2024-05-24 17:27:45"
"Benjie Val Lumawag","Successfully Login","Login","2024-05-24 17:48:36"
"Benjie Val Lumawag","Added new product [Parapest-150ml]","Product","2024-05-24 10:49:42"
"Benjie Val Lumawag","Updated product [Glyzone-Gallon]","Product","2024-05-24 10:57:15"
"Benjie Val Lumawag","Updated product [alecta-gallon]","Product","2024-05-24 10:57:43"
"Benjie Val Lumawag","Successfully Login","Login","2024-05-25 06:13:24"
"Benjie Val Lumawag","Successfully Login","Login","2024-05-25 06:23:57"
"Benjie Val Lumawag","Successfully Login","Login","2024-05-25 06:33:40"
"","Added new customer [Balera]","Customer","2024-05-25 06:45:07"
"Benjie Val Lumawag","Successfully Login","Login","2024-05-25 07:24:15"
"Benjie Val Lumawag","Added new product [Progen Z-20g]","Product","2024-05-24 23:28:45"
"Benjie Val Lumawag","Successfully Login","Login","2024-05-25 07:33:50"
"Benjie Val Lumawag","Successfully Login","Login","2024-05-25 07:51:10"
"Benjie Val Lumawag","Successfully Login","Login","2024-05-25 07:51:55"
"Benjie Val Lumawag","Successfully Login","Login","2024-05-25 07:57:46"
"Benjie Val Lumawag","Successfully Login","Login","2024-05-25 08:27:21"
"Benjie Val Lumawag","Updated product [2100-Amigo]","Product","2024-05-25 00:28:50"
"","Added new customer [Oma]","Customer","2024-05-25 09:07:18"
"","Attempt to add existing customer [Oma]","Customer","2024-05-25 09:07:46"
"","Attempt to add existing customer [Oma]","Customer","2024-05-25 09:07:48"
"","Attempt to add existing customer [Oma]","Customer","2024-05-25 09:07:48"
"","Attempt to add existing customer [Oma]","Customer","2024-05-25 09:07:48"
"","Added new customer [Tawacal]","Customer","2024-05-25 09:39:28"
"Benjie Val Lumawag","Successfully Login","Login","2024-05-25 09:41:53"
"","Error to add new customer payment [CP-240525103824]","Customer Payment","2024-05-25 02:38:24"
"","Finished customer payment [CP-240525103824]","Customer Payment","2024-05-25 02:38:25"
"Benjie Val Lumawag","Successfully Login","Login","2024-05-25 11:14:46"
"Benjie Val Lumawag","Successfully Login","Login","2024-05-25 11:15:38"
"","Error to add new customer payment [CP-240525112946]","Customer Payment","2024-05-25 03:29:46"
"","Error to add new customer payment [CP-240525113951]","Customer Payment","2024-05-25 03:39:51"
"","Error to add new customer payment [CP-240525114250]","Customer Payment","2024-05-25 03:42:50"
"","Finished customer payment [CP-240525114250]","Customer Payment","2024-05-25 03:42:50"
"","Error to add new customer payment [CP-240525114310]","Customer Payment","2024-05-25 03:43:10"
"","Finished customer payment [CP-240525114310]","Customer Payment","2024-05-25 03:43:11"
"","Error to add new customer payment [CP-240525114626]","Customer Payment","2024-05-25 03:46:26"
"Benjie Val Lumawag","Successfully Login","Login","2024-05-25 12:46:43"
"Benjie Val Lumawag","Added new product [Agroshield-1lit]","Product","2024-05-25 05:30:17"
"","Added new customer [Onal]","Customer","2024-05-25 13:39:01"
"","Attempt to add existing customer [Onal]","Customer","2024-05-25 13:39:01"
"","Error to add new customer payment [CP-240525134329]","Customer Payment","2024-05-25 05:43:29"
"","Added new customer [Manticeya]","Customer","2024-05-25 14:07:59"
"","Added new customer [vallira]","Customer","2024-05-25 14:12:36"
"Benjie Val Lumawag","Added new product [Hitman-4L]","Product","2024-05-25 06:42:34"
"","Added new customer [betito]","Customer","2024-05-25 15:31:56"
"","Added new customer [Bantaya]","Customer","2024-05-25 15:41:53"
"","Error to add new customer payment [CP-240525155149]","Customer Payment","2024-05-25 07:51:49"
"","Finished customer payment [CP-240525155149]","Customer Payment","2024-05-25 07:51:49"
"Benjie Val Lumawag","Successfully Login","Login","2024-05-25 15:53:26"
"Benjie Val Lumawag","Successfully Login","Login","2024-05-25 15:55:33"
"Benjie Val Lumawag","Successfully Login","Login","2024-05-25 16:37:16"
"Benjie Val Lumawag","Successfully Login","Login","2024-05-25 17:16:29"
"Benjie Val Lumawag","Successfully Login","Login","2024-05-25 17:33:51"
"Benjie Val Lumawag","Successfully Login","Login","2024-05-25 17:43:10"
"Benjie Val Lumawag","Successfully Login","Login","2024-05-25 19:43:04"
"Benjie","Successfully Login","Login","2024-05-25 19:43:51"
"Benjie Val Lumawag","Successfully Login","Login","2024-05-26 14:53:07"
"Benjie Val Lumawag","Successfully Login","Login","2024-05-26 14:55:14"
"Benjie Val Lumawag","Successfully Login","Login","2024-05-26 15:14:53"
"","Added new customer [Kader Kuransang]","Customer","2024-05-26 15:21:17"
"Benjie Val Lumawag","Successfully Login","Login","2024-05-26 15:24:46"
"","Added new customer [Noro]","Customer","2024-05-26 15:41:21"
"","Added new customer [Baisalma]","Customer","2024-05-26 15:48:33"
"","Added new customer [Partillio]","Customer","2024-05-26 15:54:38"
"Benjie Val Lumawag","Successfully Login","Login","2024-05-26 15:57:46"
"","Added new customer [brillio]","Customer","2024-05-26 15:58:10"
"","Added new customer [Toryo]","Customer","2024-05-26 15:58:12"
"Benjie Val Lumawag","Successfully Login","Login","2024-05-26 16:20:32"
"","Added new customer [Pacagong recardo]","Customer","2024-05-26 16:22:14"
"","Added new customer [belgaino albert]","Customer","2024-05-26 16:26:16"
"Benjie Val Lumawag","Successfully Login","Login","2024-05-26 16:28:27"
"","Error to add new customer payment [CP-240526163936]","Customer Payment","2024-05-26 08:39:36"
"","Added new customer [banabatac]","Customer","2024-05-26 16:42:28"
"Benjie Val Lumawag","Successfully Login","Login","2024-05-26 16:48:02"
"","Added new customer [Tairos]","Customer","2024-05-26 16:55:37"
"Benjie Val Lumawag","Successfully Login","Login","2024-05-26 16:59:52"
"Benjie Val Lumawag","Successfully Login","Login","2024-05-26 17:08:49"
"Benjie Val Lumawag","Added new product [Broken Rice-Sack]","Product","2024-05-26 09:25:35"
"Benjie Val Lumawag","Added new product [Broken Rice-1Kg]","Product","2024-05-26 09:29:07"
"Benjie Val Lumawag","Added new product [Pilit-Sack]","Product","2024-05-26 09:29:39"
"Benjie Val Lumawag","Added new product [Pilit-Kg]","Product","2024-05-26 09:30:01"
"","Added new customer [Pilipi]","Customer","2024-05-26 17:41:01"
"","Added new customer [pascual]","Customer","2024-05-26 17:43:05"
"","Added new customer [Abaw]","Customer","2024-05-26 17:46:37"
"","Added new customer [Abwan]","Customer","2024-05-26 17:47:15"
"","Added new customer [Guyamano]","Customer","2024-05-26 17:55:30"
"","Added new customer [Jupeter]","Customer","2024-05-26 18:08:48"
"Benjie Val Lumawag","Successfully Login","Login","2024-05-26 18:10:24"
"Benjie Val Lumawag","Updated product [Hitman-4L]","Product","2024-05-26 10:17:33"
"Benjie Val Lumawag","Updated product [Hitman-4L] => [Hitman Gal-Cases]","Product","2024-05-26 10:25:04"
"Benjie Val Lumawag","Added new product [Hitman - Gal]","Product","2024-05-26 10:25:30"
"Benjie Val Lumawag","Updated product [O Valley Granular]","Product","2024-05-26 12:57:51"
"","Added new customer [DONYAS]","Customer","2024-05-27 05:51:08"
"Benjie Val Lumawag","Successfully Login","Login","2024-05-27 06:09:29"
"Benjie Val Lumawag","Updated product [24D-Ester -Liter ]","Product","2024-05-26 22:10:09"
"Benjie Val Lumawag","Updated product [24D-Amine -Gallon]","Product","2024-05-26 22:10:36"
"Benjie Val Lumawag","Updated product [24D-Amine -Liter]","Product","2024-05-26 22:10:59"
"Benjie Val Lumawag","Successfully Login","Login","2024-05-27 06:28:47"
"Benjie Val Lumawag","Successfully Login","Login","2024-05-27 06:29:42"
"","Error to add new customer payment [CP-240527064516]","Customer Payment","2024-05-26 22:45:16"
"","Attempt to add existing customer [pamonag]","Customer","2024-05-27 06:57:16"
"","Attempt to add existing customer [pamonag]","Customer","2024-05-27 06:57:19"
"","Attempt to add existing customer [pamonag]","Customer","2024-05-27 06:57:21"
"","Attempt to add existing customer [pamonag]","Customer","2024-05-27 06:57:27"
"","Attempt to add existing customer [pamonag]","Customer","2024-05-27 06:57:28"
"","Attempt to add existing customer [pamonag]","Customer","2024-05-27 06:57:29"
"","Attempt to add existing customer [pamonag]","Customer","2024-05-27 06:57:29"
"","Attempt to add existing customer [pamonag]","Customer","2024-05-27 06:57:35"
"","Attempt to add existing customer [pamonag]","Customer","2024-05-27 06:57:40"
"","Attempt to add existing customer [famulag]","Customer","2024-05-27 06:58:26"
"","Error to add new customer payment [CP-240527081651]","Customer Payment","2024-05-27 00:16:51"
"","Error to add new customer payment [CP-240527084331]","Customer Payment","2024-05-27 00:43:31"
"","Finished customer payment [CP-240527084331]","Customer Payment","2024-05-27 00:43:31"
"Benjie Val Lumawag","Successfully Login","Login","2024-05-27 09:27:26"
"Benjie Val Lumawag","Updated product [4600-Atlas]","Product","2024-05-27 01:27:59"
"Benjie Val Lumawag","Updated product [4600-Harvester]","Product","2024-05-27 01:28:24"
"Benjie Val Lumawag","Successfully Login","Login","2024-05-27 09:31:51"
"Benjie Val Lumawag","Successfully Login","Login","2024-05-27 10:31:05"
"Benjie Val Lumawag","Successfully Login","Login","2024-05-27 11:08:23"
"","Added new customer [Iboy Bulahan]","Customer","2024-05-27 11:28:38"
"","Added new customer [Birdaga]","Customer","2024-05-27 11:34:25"
"","Error to add new customer payment [CP-240527114741]","Customer Payment","2024-05-27 03:47:41"
"","Added new customer [pintal]","Customer","2024-05-27 12:32:50"
"Benjie Val Lumawag","Successfully Login","Login","2024-05-27 12:52:14"
"","Error to add new customer payment [CP-240527130142]","Customer Payment","2024-05-27 05:01:42"
"","Finished customer payment [CP-240527130142]","Customer Payment","2024-05-27 05:01:42"
"Benjie Val Lumawag","Successfully Login","Login","2024-05-27 13:17:23"
"Benjie Val Lumawag","Successfully Login","Login","2024-05-27 13:45:01"
"Benjie Val Lumawag","Successfully Login","Login","2024-05-27 14:05:03"
"","Added new customer [Danding]","Customer","2024-05-27 14:42:00"
"","Error to add new customer payment [CP-240527145846]","Customer Payment","2024-05-27 06:58:46"
"","Finished customer payment [CP-240527145846]","Customer Payment","2024-05-27 06:58:46"
"","Added new customer [Amado]","Customer","2024-05-27 15:27:26"
"","Error to add new customer payment [CP-240527153241]","Customer Payment","2024-05-27 07:32:41"
"Benjie Val Lumawag","Successfully Login","Login","2024-05-27 16:50:38"
"Benjie Val Lumawag","Attempt to add existing product [Evo-9815-1kg]","Product","2024-05-27 08:58:18"
"Benjie Val Lumawag","Added new product [Evo-9815-1kg]","Product","2024-05-27 08:58:32"
"Benjie Val Lumawag","Successfully Login","Login","2024-05-27 19:52:02"
"Benjie Val Lumawag","Successfully Login","Login","2024-05-28 05:52:44"
"Benjie Val Lumawag","Successfully Login","Login","2024-05-28 07:51:47"
"Benjie Val Lumawag","Successfully Login","Login","2024-05-28 07:52:19"
"","Added new customer [Lumampao danie]","Customer","2024-05-28 08:28:14"
"Benjie Val Lumawag","Successfully Login","Login","2024-05-28 11:03:51"
"","Added new customer [Butawan]","Customer","2024-05-28 11:32:45"
"","Added new customer [juntado]","Customer","2024-05-28 12:40:15"
"Benjie Val Lumawag","Successfully Login","Login","2024-05-28 12:47:37"
"","Added new customer [carlo john ]","Customer","2024-05-28 13:27:06"
"","Added new customer [castillion]","Customer","2024-05-28 13:55:34"
"","Error to add new customer payment [CP-240528140328]","Customer Payment","2024-05-28 06:03:28"
"","Finished customer payment [CP-240528140328]","Customer Payment","2024-05-28 06:03:28"
"Benjie Val Lumawag","Successfully Login","Login","2024-05-28 14:23:40"
"Benjie Val Lumawag","Successfully Login","Login","2024-05-28 14:24:44"
"Benjie Val Lumawag","Successfully Login","Login","2024-05-28 15:42:52"
"","Added new customer [banio]","Customer","2024-05-28 15:45:16"
"Benjie Val Lumawag","Successfully Login","Login","2024-05-28 16:04:08"
"Benjie Val Lumawag","Updated product [Virtako 10g]","Product","2024-05-28 08:55:16"
"Benjie Val Lumawag","Successfully Login","Login","2024-05-28 17:19:14"
"Benjie Val Lumawag","Successfully Login","Login","2024-05-28 17:32:56"
"","Error to add new customer payment [CP-240528173927]","Customer Payment","2024-05-28 09:39:27"
"","Finished customer payment [CP-240528173927]","Customer Payment","2024-05-28 09:39:27"
"Benjie Val Lumawag","Successfully Login","Login","2024-05-29 06:03:00"
"Benjie Val Lumawag","Successfully Login","Login","2024-05-29 06:38:54"
"Benjie Val Lumawag","Updated product [18460-Harvester]","Product","2024-05-28 22:39:20"
"Benjie Val Lumawag","Successfully Login","Login","2024-05-29 07:05:13"
"Benjie Val Lumawag","Successfully Login","Login","2024-05-29 07:16:58"
"Benjie Val Lumawag","Updated product [Chess-Pack] => [Chess pack-80g]","Product","2024-05-28 23:19:06"
"Benjie Val Lumawag","Added new product [Chess pack-25g]","Product","2024-05-28 23:19:36"
"","Error to add new customer payment [CP-240529074958]","Customer Payment","2024-05-28 23:49:58"
"","Error to add new customer payment [CP-240529103904]","Customer Payment","2024-05-29 02:39:04"
"","Finished customer payment [CP-240529103904]","Customer Payment","2024-05-29 02:39:05"
"Benjie Val Lumawag","Successfully Login","Login","2024-05-29 10:43:51"
"Benjie Val Lumawag","Successfully Login","Login","2024-05-29 11:03:12"
"Benjie Val Lumawag","Successfully Login","Login","2024-05-29 11:05:40"
"Benjie Val Lumawag","Successfully Login","Login","2024-05-29 11:09:58"
"","Error to add new customer payment [CP-240529144246]","Customer Payment","2024-05-29 06:42:46"
"","Finished customer payment [CP-240529144246]","Customer Payment","2024-05-29 06:42:46"
"Benjie Val Lumawag","Successfully Login","Login","2024-05-29 15:28:32"
"Benjie Val Lumawag","Added new product [Caligro Gal-Cases]","Product","2024-05-29 07:37:29"
"Benjie Val Lumawag","Successfully Login","Login","2024-05-29 15:48:12"
"Benjie Val Lumawag","Successfully Login","Login","2024-05-29 15:48:49"
"","Added new customer [agapan]","Customer","2024-05-29 15:52:30"
"Benjie Val Lumawag","Successfully Login","Login","2024-05-29 16:05:35"
"Benjie Val Lumawag","Added new product [Juron-Pack]","Product","2024-05-29 08:10:20"
"Benjie Val Lumawag","Added new product [Juron-liter]","Product","2024-05-29 08:11:20"
"Benjie Val Lumawag","Added new supplier [Ezertech Corporation]","Supplier","2024-05-29 08:23:49"
"Benjie Val Lumawag","Successfully Login","Login","2024-05-29 16:40:22"
"Benjie Val Lumawag","Successfully Login","Login","2024-05-29 16:44:28"
"Benjie Val Lumawag","Successfully Login","Login","2024-05-29 17:11:11"
"Benjie Val Lumawag","Successfully Login","Login","2024-05-29 17:21:13"
"Benjie Val Lumawag","Successfully Login","Login","2024-05-30 07:05:02"
"","Attempt to add existing customer [lustan]","Customer","2024-05-30 07:47:21"
"","Attempt to add existing customer [lustan]","Customer","2024-05-30 07:47:23"
"","Attempt to add existing customer [lustan]","Customer","2024-05-30 07:47:29"
"","Error to add new customer payment [CP-240530075320]","Customer Payment","2024-05-29 23:53:20"
"","Error to add new customer payment [CP-240530091536]","Customer Payment","2024-05-30 01:15:36"
"","Finished customer payment [CP-240530091536]","Customer Payment","2024-05-30 01:15:37"
"","Added new customer [catoray]","Customer","2024-05-30 11:09:26"
"Benjie Val Lumawag","Successfully Login","Login","2024-05-30 11:18:00"
"","Added new customer [manuelinon]","Customer","2024-05-30 11:24:35"
"Benjie Val Lumawag","Successfully Login","Login","2024-05-30 11:36:50"
"Benjie Val Lumawag","Successfully Login","Login","2024-05-30 11:37:11"
"Benjie Val Lumawag","Successfully Login","Login","2024-05-30 11:37:53"
"","Added new customer [Panduma marissa]","Customer","2024-05-30 11:39:01"
"","Attempt to add existing customer [Panduma marissa]","Customer","2024-05-30 11:39:05"
"","Attempt to add existing customer [Panduma marissa]","Customer","2024-05-30 11:39:09"
"","Attempt to add existing customer [Panduma marissa]","Customer","2024-05-30 11:39:12"
"","Attempt to add existing customer [Panduma marissa]","Customer","2024-05-30 11:39:12"
"","Attempt to add existing customer [Panduma marissa]","Customer","2024-05-30 11:39:12"
"","Attempt to add existing customer [Panduma marissa]","Customer","2024-05-30 11:39:14"
"Benjie Val Lumawag","Successfully Login","Login","2024-05-30 11:54:50"
"Benjie Val Lumawag","Updated product [4600-Atlas]","Product","2024-05-30 04:13:38"
"Benjie Val Lumawag","Updated product [4600-Harvester]","Product","2024-05-30 04:13:51"
"Benjie Val Lumawag","Updated product [16200-Atlas]","Product","2024-05-30 04:13:58"
"","Added new customer [Gequiwo]","Customer","2024-05-30 12:49:00"
"","Added new customer [Gequillo]","Customer","2024-05-30 12:49:59"
"Benjie Val Lumawag","Successfully Login","Login","2024-05-30 13:02:51"
"Benjie Val Lumawag","Updated product [4600-Amigo]","Product","2024-05-30 05:03:05"
"Benjie Val Lumawag","Successfully Login","Login","2024-05-30 13:10:14"
"Benjie Val Lumawag","Successfully Login","Login","2024-05-30 13:18:52"
"","Added new customer [serrano]","Customer","2024-05-30 13:30:35"
"Benjie Val Lumawag","Successfully Login","Login","2024-05-30 13:56:24"
"","Error to add new customer payment [CP-240530140430]","Customer Payment","2024-05-30 06:04:30"
"Benjie Val Lumawag","Successfully Login","Login","2024-05-30 15:11:10"
"","Added new customer [APOSAGA]","Customer","2024-05-30 15:40:34"
"","Error to add new customer payment [CP-240530155558]","Customer Payment","2024-05-30 07:55:58"
"","Added new customer [makadatu]","Customer","2024-05-30 15:56:50"
"","Added new customer [de Guzman]","Customer","2024-05-30 16:15:55"
"Benjie Val Lumawag","Updated product [Konyk Gal]","Product","2024-05-30 09:27:33"
"","Added new customer [Agroshield]","Customer","2024-05-30 17:31:36"
"","Error to add new customer payment [CP-240530174433]","Customer Payment","2024-05-30 09:44:33"
"","Finished customer payment [CP-240530174433]","Customer Payment","2024-05-30 09:44:33"
"","Attempt to add existing customer payment [CP-240530174433]","Customer Payment","2024-05-30 09:44:33"
"","Error to add new customer payment [CP-240530174529]","Customer Payment","2024-05-30 09:45:29"
"","Finished customer payment [CP-240530174529]","Customer Payment","2024-05-30 09:45:29"
"","Error to add new customer payment [CP-240530174548]","Customer Payment","2024-05-30 09:45:48"
"","Finished customer payment [CP-240530174548]","Customer Payment","2024-05-30 09:45:48"
"Benjie Val Lumawag","Successfully Login","Login","2024-05-30 17:46:40"
"Benjie Val Lumawag","Successfully Login","Login","2024-05-30 17:47:06"
"Benjie Val Lumawag","Successfully Login","Login","2024-05-30 17:50:02"
"Benjie Val Lumawag","Successfully Login","Login","2024-05-30 17:50:15"
"","Added new customer [Balleras rosendo]","Customer","2024-05-31 06:37:00"
"Benjie Val Lumawag","Successfully Login","Login","2024-05-31 07:05:49"
"Benjie Val Lumawag","Successfully Login","Login","2024-05-31 07:06:20"
"Benjie Val Lumawag","Successfully Login","Login","2024-05-31 08:12:50"
"Benjie Val Lumawag","Successfully Login","Login","2024-05-31 08:13:39"
"","Added new customer [Quiritan]","Customer","2024-05-31 09:03:04"
"","Added new customer [Tubat]","Customer","2024-05-31 09:36:16"
"","Added new customer [Publico]","Customer","2024-05-31 09:40:34"
"","Error to add new customer payment [CP-240531100456]","Customer Payment","2024-05-31 02:04:56"
"","Finished customer payment [CP-240531100456]","Customer Payment","2024-05-31 02:04:56"
"","Error to add new customer payment [CP-240531100940]","Customer Payment","2024-05-31 02:09:40"
"Benjie Val Lumawag","Successfully Login","Login","2024-05-31 11:48:53"
"","Added new customer [Delacruz nancy]","Customer","2024-05-31 12:31:43"
"","Attempt to add existing customer [bernabe]","Customer","2024-05-31 13:01:55"
"","Attempt to add existing customer [bernabe]","Customer","2024-05-31 13:01:57"
"","Attempt to add existing customer [bernabe]","Customer","2024-05-31 13:02:06"
"","Attempt to add existing customer [bernabe]","Customer","2024-05-31 13:02:06"
"","Attempt to add existing customer [bernabe]","Customer","2024-05-31 13:02:07"
"","Error to add new customer payment [CP-240531134502]","Customer Payment","2024-05-31 05:45:02"
"","Finished customer payment [CP-240531134502]","Customer Payment","2024-05-31 05:45:02"
"","Added new customer [pico]","Customer","2024-05-31 14:56:15"
"","Added new customer [Yec Janito]","Customer","2024-05-31 15:03:09"
"","Added new customer [hapi]","Customer","2024-05-31 15:37:44"
"Benjie Val Lumawag","Successfully Login","Login","2024-05-31 15:42:51"
"Benjie Val Lumawag","Successfully Login","Login","2024-05-31 15:43:11"
"","Added new customer [Boy2x at paseng]","Customer","2024-05-31 16:39:31"
"Benjie Val Lumawag","Successfully Login","Login","2024-05-31 17:02:19"
"Benjie Val Lumawag","Successfully Login","Login","2024-05-31 17:22:49"
"Benjie Val Lumawag","Successfully Login","Login","2024-05-31 17:23:19"
"Benjie Val Lumawag","Successfully Login","Login","2024-05-31 18:25:00"
"Benjie Val Lumawag","Successfully Login","Login","2024-05-31 21:44:58"
