"Benjie Val Lumawag","Successfully Login","Login","2024-12-01 06:59:15"
"Veryen Bajan","Successfully Login","Login","2024-12-01 07:04:33"
"Cherry Mae","Successfully Login","Login","2024-12-01 07:20:32"
"Benjie Val Lumawag","Successfully Login","Login","2024-12-01 08:42:56"
"","Added new customer [cartajena]","Customer","2024-12-01 08:45:51"
"Benjie Val Lumawag","Successfully Login","Login","2024-12-01 10:04:44"
"","Added new customer [cagang]","Customer","2024-12-01 11:56:28"
"","Error to add new customer payment [CP-241201121329]","Customer Payment","2024-12-01 04:13:29"
"","Finished customer payment [CP-241201121329]","Customer Payment","2024-12-01 04:13:30"
"","Error to add new customer payment [CP-241201121712]","Customer Payment","2024-12-01 04:17:12"
"Cherry Mae","Successfully Login","Login","2024-12-01 12:18:39"
"Veryen Bajan","Successfully Login","Login","2024-12-01 12:35:20"
"Benjie Val Lumawag","Successfully Login","Login","2024-12-01 12:36:17"
"","Error to add new customer payment [CP-241201125811]","Customer Payment","2024-12-01 04:58:11"
"","Finished customer payment [CP-241201125811]","Customer Payment","2024-12-01 04:58:12"
"","Error to add new customer payment [CP-241201125849]","Customer Payment","2024-12-01 04:58:49"
"","Finished customer payment [CP-241201125849]","Customer Payment","2024-12-01 04:58:49"
"","Error to add new customer payment [CP-241201125907]","Customer Payment","2024-12-01 04:59:07"
"","Finished customer payment [CP-241201125907]","Customer Payment","2024-12-01 04:59:08"
"","Error to add new customer payment [CP-241201130007]","Customer Payment","2024-12-01 05:00:07"
"","Finished customer payment [CP-241201130007]","Customer Payment","2024-12-01 05:00:07"
"","Error to add new customer payment [CP-241201130327]","Customer Payment","2024-12-01 05:03:27"
"","Finished customer payment [CP-241201130327]","Customer Payment","2024-12-01 05:03:27"
"","Added new customer [boscato]","Customer","2024-12-01 13:44:49"
"Veryen Bajan","Successfully Login","Login","2024-12-01 14:02:45"
"Benjie Val Lumawag","Successfully Login","Login","2024-12-01 14:04:41"
"Benjie Val Lumawag","Successfully Login","Login","2024-12-01 14:50:04"
"Benjie Val Lumawag","Successfully Login","Login","2024-12-01 15:05:46"
"","Added new customer [matala sonny]","Customer","2024-12-01 15:46:50"
"Benjie Val Lumawag","Successfully Login","Login","2024-12-01 16:36:45"
"Benjie Val Lumawag","Successfully Login","Login","2024-12-01 16:36:50"
"Benjie Val Lumawag","Successfully Login","Login","2024-12-01 16:41:38"
"Benjie Val Lumawag","Successfully Login","Login","2024-12-01 17:23:33"
"","Added new customer [Sibug]","Customer","2024-12-01 17:49:20"
"Benjie Val Lumawag","Successfully Login","Login","2024-12-01 22:45:23"
"Veryen Bajan","Successfully Login","Login","2024-12-02 06:43:13"
"","Added new customer [balleroso]","Customer","2024-12-02 07:09:55"
"","Error to add new customer payment [CP-241202085231]","Customer Payment","2024-12-02 00:52:31"
"","Finished customer payment [CP-241202085231]","Customer Payment","2024-12-02 00:52:32"
"","Error to add new customer payment [CP-241202085244]","Customer Payment","2024-12-02 00:52:44"
"","Finished customer payment [CP-241202085244]","Customer Payment","2024-12-02 00:52:44"
"Cherry Mae","Successfully Login","Login","2024-12-02 09:11:15"
"Veryen Bajan","Successfully Login","Login","2024-12-02 09:44:33"
"","Added new customer [roger]","Customer","2024-12-02 10:09:59"
"Benjie Val Lumawag","Successfully Login","Login","2024-12-02 10:44:14"
"Benjie Val Lumawag","Successfully Login","Login","2024-12-02 11:33:02"
"Benjie Val Lumawag","Successfully Login","Login","2024-12-02 11:49:04"
"Benjie Val Lumawag","Successfully Login","Login","2024-12-02 12:06:12"
"Veryen Bajan","Successfully Login","Login","2024-12-02 13:10:27"
"Benjie Val Lumawag","Successfully Login","Login","2024-12-02 13:13:55"
"Cherry Mae","Successfully Login","Login","2024-12-02 13:41:20"
"","Added new customer [jamel dalgan]","Customer","2024-12-02 14:00:47"
"","Error to add new customer payment [CP-241202140743]","Customer Payment","2024-12-02 06:07:43"
"","Finished customer payment [CP-241202140743]","Customer Payment","2024-12-02 06:07:43"
"","Error to add new customer payment [CP-241202140756]","Customer Payment","2024-12-02 06:07:56"
"","Finished customer payment [CP-241202140756]","Customer Payment","2024-12-02 06:07:57"
"Benjie Val Lumawag","Successfully Login","Login","2024-12-02 14:31:27"
"","Added new customer [sali adel]","Customer","2024-12-02 15:12:37"
"Benjie Val Lumawag","Successfully Login","Login","2024-12-02 15:35:03"
"","Added new customer [barba]","Customer","2024-12-02 16:01:52"
"","Attempt to add existing customer [barba]","Customer","2024-12-02 16:01:52"
"","Added new customer [dislate]","Customer","2024-12-02 16:05:41"
"Benjie Val Lumawag","Successfully Login","Login","2024-12-02 16:11:56"
"Benjie Val Lumawag","Successfully Login","Login","2024-12-02 17:50:25"
"","Error to add new customer payment [CP-241202180637]","Customer Payment","2024-12-02 10:06:37"
"","Finished customer payment [CP-241202180637]","Customer Payment","2024-12-02 10:06:38"
"Benjie Val Lumawag","Successfully Login","Login","2024-12-02 18:18:30"
"","Added new customer [jonas]","Customer","2024-12-03 06:18:06"
"","Added new customer [montanio]","Customer","2024-12-03 07:06:10"
"","Added new customer [jamil modag]","Customer","2024-12-03 07:19:33"
"","Added new customer [macasading noraida]","Customer","2024-12-03 10:36:17"
"Benjie Val Lumawag","Successfully Login","Login","2024-12-03 11:04:47"
"Benjie Val Lumawag","Successfully Login","Login","2024-12-03 12:07:47"
"Benjie Val Lumawag","Successfully Login","Login","2024-12-03 12:13:37"
"","Error to add new customer payment [CP-241203121633]","Customer Payment","2024-12-03 04:16:33"
"","Finished customer payment [CP-241203121633]","Customer Payment","2024-12-03 04:16:33"
"","Error to add new customer payment [CP-241203121652]","Customer Payment","2024-12-03 04:16:52"
"","Finished customer payment [CP-241203121652]","Customer Payment","2024-12-03 04:16:53"
"Benjie Val Lumawag","Successfully Login","Login","2024-12-03 13:28:18"
"Veryen Bajan","Successfully Login","Login","2024-12-03 13:57:49"
"Benjie Val Lumawag","Successfully Login","Login","2024-12-03 13:58:30"
"Benjie Val Lumawag","Updated product [2100-Atlas]","Product","2024-12-03 06:40:40"
"Benjie Val Lumawag","Updated product [2100-Harvester]","Product","2024-12-03 06:40:50"
"Benjie Val Lumawag","Updated product [Onecide- liter]","Product","2024-12-03 07:08:49"
"Benjie Val Lumawag","Successfully Login","Login","2024-12-03 15:24:54"
"","Error to add new customer payment [CP-241203153350]","Customer Payment","2024-12-03 07:33:50"
"","Finished customer payment [CP-241203153350]","Customer Payment","2024-12-03 07:33:50"
"","Error to add new customer payment [CP-241203153420]","Customer Payment","2024-12-03 07:34:20"
"","Finished customer payment [CP-241203153420]","Customer Payment","2024-12-03 07:34:20"
"Benjie Val Lumawag","Successfully Login","Login","2024-12-03 15:50:10"
"","Added new customer [pg]","Customer","2024-12-03 15:52:56"
"Benjie Val Lumawag","Updated product [2100-Atlas]","Product","2024-12-03 08:55:08"
"Benjie Val Lumawag","Updated product [2100-Harvester]","Product","2024-12-03 08:55:16"
"Benjie Val Lumawag","Successfully Login","Login","2024-12-03 17:15:07"
"Benjie Val Lumawag","Successfully Login","Login","2024-12-03 17:27:06"
"","Error to add new customer payment [CP-241203173537]","Customer Payment","2024-12-03 09:35:37"
"","Finished customer payment [CP-241203173537]","Customer Payment","2024-12-03 09:35:38"
"","Error to add new customer payment [CP-241203173641]","Customer Payment","2024-12-03 09:36:41"
"","Finished customer payment [CP-241203173641]","Customer Payment","2024-12-03 09:36:42"
"","Error to add new customer payment [CP-241203173712]","Customer Payment","2024-12-03 09:37:12"
"","Finished customer payment [CP-241203173712]","Customer Payment","2024-12-03 09:37:12"
"","Error to add new customer payment [CP-241203173746]","Customer Payment","2024-12-03 09:37:46"
"","Finished customer payment [CP-241203173746]","Customer Payment","2024-12-03 09:37:46"
"Benjie Val Lumawag","Successfully Login","Login","2024-12-03 17:39:19"
"Benjie Val Lumawag","Successfully Login","Login","2024-12-03 18:57:42"
"Benjie Val Lumawag","Successfully Login","Login","2024-12-03 21:09:16"
"Benjie Val Lumawag","Successfully Login","Login","2024-12-04 06:27:19"
"Veryen Bajan","Successfully Login","Login","2024-12-04 07:26:56"
"Benjie Val Lumawag","Successfully Login","Login","2024-12-04 08:16:19"
"","Added new customer [manglicmot]","Customer","2024-12-04 09:06:37"
"","Added new customer [paruhino]","Customer","2024-12-04 09:23:50"
"","Added new customer [carlos malino/bioseed]","Customer","2024-12-04 11:26:04"
"Benjie Val Lumawag","Successfully Login","Login","2024-12-04 11:58:37"
"","Added new customer [ongkay yosop]","Customer","2024-12-04 12:04:40"
"Benjie Val Lumawag","Successfully Login","Login","2024-12-04 12:05:43"
"","Added new customer [Laquinta]","Customer","2024-12-04 12:21:33"
"","Error to add new customer payment [CP-241204141542]","Customer Payment","2024-12-04 06:15:42"
"","Finished customer payment [CP-241204141542]","Customer Payment","2024-12-04 06:15:42"
"Veryen Bajan","Successfully Login","Login","2024-12-04 14:35:08"
"Benjie Val Lumawag","Successfully Login","Login","2024-12-04 15:05:45"
"Benjie Val Lumawag","Successfully Login","Login","2024-12-04 15:38:53"
"Benjie Val Lumawag","Successfully Login","Login","2024-12-04 15:50:49"
"","Added new customer [masicampo]","Customer","2024-12-04 15:59:53"
"","Error to add new customer payment [CP-241204162858]","Customer Payment","2024-12-04 08:28:58"
"","Finished customer payment [CP-241204162858]","Customer Payment","2024-12-04 08:28:58"
"","Added new customer [kuransa]","Customer","2024-12-04 16:36:42"
"","Added new customer [dimalipos]","Customer","2024-12-04 17:09:22"
"Benjie Val Lumawag","Successfully Login","Login","2024-12-04 17:15:19"
"Benjie Val Lumawag","Successfully Login","Login","2024-12-04 17:28:37"
"Benjie Val Lumawag","Updated product [D-8131s]","Product","2024-12-04 09:47:10"
"Benjie Val Lumawag","Successfully Login","Login","2024-12-04 17:52:58"
"Benjie Val Lumawag","Successfully Login","Login","2024-12-05 06:34:32"
"","Added new customer [giumano]","Customer","2024-12-05 08:56:59"
"Veryen Bajan","Successfully Login","Login","2024-12-05 09:51:48"
"Benjie Val Lumawag","Successfully Login","Login","2024-12-05 09:52:02"
"Benjie Val Lumawag","Successfully Login","Login","2024-12-05 10:25:06"
"","Added new customer [tato]","Customer","2024-12-05 10:32:40"
"","Added new customer [Navasquez]","Customer","2024-12-05 10:54:43"
"Veryen Bajan","Successfully Login","Login","2024-12-05 11:10:52"
"Benjie Val Lumawag","Successfully Login","Login","2024-12-05 12:35:41"
"Benjie Val Lumawag","Successfully Login","Login","2024-12-05 12:44:54"
"Benjie Val Lumawag","Successfully Login","Login","2024-12-05 13:02:13"
"Benjie Val Lumawag","Successfully Login","Login","2024-12-05 14:06:18"
"","Error to add new customer payment [CP-241205150637]","Customer Payment","2024-12-05 07:06:37"
"","Finished customer payment [CP-241205150637]","Customer Payment","2024-12-05 07:06:37"
"","Error to add new customer payment [CP-241205150705]","Customer Payment","2024-12-05 07:07:05"
"","Finished customer payment [CP-241205150705]","Customer Payment","2024-12-05 07:07:05"
"","Error to add new customer payment [CP-241205150738]","Customer Payment","2024-12-05 07:07:38"
"","Finished customer payment [CP-241205150738]","Customer Payment","2024-12-05 07:07:38"
"","Error to add new customer payment [CP-241205151038]","Customer Payment","2024-12-05 07:10:38"
"","Finished customer payment [CP-241205151038]","Customer Payment","2024-12-05 07:10:38"
"Veryen Bajan","Successfully Login","Login","2024-12-05 15:27:04"
"","Error to add new customer payment [CP-241205160520]","Customer Payment","2024-12-05 08:05:20"
"","Finished customer payment [CP-241205160520]","Customer Payment","2024-12-05 08:05:20"
"","Error to add new customer payment [CP-241205160542]","Customer Payment","2024-12-05 08:05:42"
"","Finished customer payment [CP-241205160542]","Customer Payment","2024-12-05 08:05:42"
"","Error to add new customer payment [CP-241205160604]","Customer Payment","2024-12-05 08:06:04"
"","Finished customer payment [CP-241205160604]","Customer Payment","2024-12-05 08:06:05"
"","Error to add new customer payment [CP-241205160620]","Customer Payment","2024-12-05 08:06:20"
"","Finished customer payment [CP-241205160620]","Customer Payment","2024-12-05 08:06:21"
"Benjie Val Lumawag","Successfully Login","Login","2024-12-05 17:48:53"
"Benjie Val Lumawag","Successfully Login","Login","2024-12-05 17:58:28"
"Benjie Val Lumawag","Updated product [16200-Atlas]","Product","2024-12-05 10:02:58"
"Benjie Val Lumawag","Successfully Login","Login","2024-12-06 04:48:22"
"Benjie Val Lumawag","Successfully Login","Login","2024-12-06 05:36:37"
"Benjie Val Lumawag","Successfully Login","Login","2024-12-06 06:09:49"
"Benjie Val Lumawag","Successfully Login","Login","2024-12-06 06:18:41"
"Benjie Val Lumawag","Updated product [4600-Atlas]","Product","2024-12-05 22:18:58"
"Benjie Val Lumawag","Updated product [4600-Atlas]","Product","2024-12-05 22:31:39"
"","Error to add new customer payment [CP-241206065855]","Customer Payment","2024-12-05 22:58:55"
"","Finished customer payment [CP-241206065855]","Customer Payment","2024-12-05 22:58:56"
"Benjie Val Lumawag","Successfully Login","Login","2024-12-06 07:16:58"
"Benjie Val Lumawag","Successfully Login","Login","2024-12-06 08:08:51"
"Benjie Val Lumawag","Successfully Login","Login","2024-12-06 08:55:45"
"Benjie Val Lumawag","Updated product [Suprema - kalabasa]","Product","2024-12-06 00:56:16"
"Benjie Val Lumawag","Successfully Login","Login","2024-12-06 11:10:24"
"Benjie Val Lumawag","Successfully Login","Login","2024-12-06 11:53:11"
"Benjie Val Lumawag","Updated product [4600-Amigo]","Product","2024-12-06 03:53:34"
"Benjie Val Lumawag","Updated product [141414-Atlas]","Product","2024-12-06 03:53:50"
"Benjie Val Lumawag","Updated product [4600-Atlas]","Product","2024-12-06 03:54:14"
"Benjie Val Lumawag","Updated product [4600-Harvester]","Product","2024-12-06 03:54:28"
"Benjie Val Lumawag","Updated product [2100-Harvester]","Product","2024-12-06 03:54:39"
"Benjie Val Lumawag","Successfully Login","Login","2024-12-06 12:15:48"
"","Added new customer [Besana]","Customer","2024-12-06 14:26:50"
"","Added new customer [Beladas, Renolf]","Customer","2024-12-06 14:57:16"
"","Error to add new customer payment [CP-241206160431]","Customer Payment","2024-12-06 08:04:31"
"","Finished customer payment [CP-241206160431]","Customer Payment","2024-12-06 08:04:32"
"Benjie Val Lumawag","Successfully Login","Login","2024-12-06 16:27:22"
"Veryen Bajan","Successfully Login","Login","2024-12-06 17:27:48"
"Benjie Val Lumawag","Successfully Login","Login","2024-12-06 20:27:27"
"Benjie Val Lumawag","Successfully Login","Login","2024-12-07 07:20:56"
"Benjie Val Lumawag","Successfully Login","Login","2024-12-07 08:50:53"
"Benjie Val Lumawag","Successfully Login","Login","2024-12-07 09:26:28"
"","Error to add new customer payment [CP-241207102125]","Customer Payment","2024-12-07 02:21:25"
"","Finished customer payment [CP-241207102125]","Customer Payment","2024-12-07 02:21:25"
"","Error to add new customer payment [CP-241207102216]","Customer Payment","2024-12-07 02:22:16"
"","Finished customer payment [CP-241207102216]","Customer Payment","2024-12-07 02:22:17"
"","Error to add new customer payment [CP-241207102242]","Customer Payment","2024-12-07 02:22:42"
"","Finished customer payment [CP-241207102242]","Customer Payment","2024-12-07 02:22:42"
"Benjie Val Lumawag","Successfully Login","Login","2024-12-07 11:21:12"
"","Added new customer [arciaga]","Customer","2024-12-07 11:34:37"
"","Added new customer [Estallo]","Customer","2024-12-07 13:44:55"
"Benjie Val Lumawag","Successfully Login","Login","2024-12-07 14:56:17"
"Benjie Val Lumawag","Successfully Login","Login","2024-12-07 15:06:49"
"","Added new customer [guilaran jey-are]","Customer","2024-12-07 15:19:51"
"Benjie Val Lumawag","Successfully Login","Login","2024-12-07 17:41:56"
"Benjie Val Lumawag","Successfully Login","Login","2024-12-07 17:47:44"
"Benjie Val Lumawag","Successfully Login","Login","2024-12-08 05:29:12"
"Benjie Val Lumawag","Successfully Login","Login","2024-12-08 07:31:15"
"Veryen Bajan","Successfully Login","Login","2024-12-08 08:24:01"
"","Added new customer [jarinio]","Customer","2024-12-08 09:17:54"
"","Error to add new customer payment [CP-241208102714]","Customer Payment","2024-12-08 02:27:14"
"Cherry Mae","Successfully Login","Login","2024-12-08 10:29:29"
"Benjie Val Lumawag","Successfully Login","Login","2024-12-08 12:06:22"
"Benjie Val Lumawag","Updated product [4600-Atlas]","Product","2024-12-08 04:07:23"
"Benjie Val Lumawag","Updated product [4600-Harvester]","Product","2024-12-08 04:08:01"
"","Error to add new customer payment [CP-241208132230]","Customer Payment","2024-12-08 05:22:30"
"","Finished customer payment [CP-241208132230]","Customer Payment","2024-12-08 05:22:30"
"","Added new customer [valinton]","Customer","2024-12-08 14:05:43"
"Benjie Val Lumawag","Successfully Login","Login","2024-12-08 14:19:50"
"Veryen Bajan","Successfully Login","Login","2024-12-08 14:20:31"
"Benjie Val Lumawag","Successfully Login","Login","2024-12-08 14:27:14"
"Benjie Val Lumawag","Updated product [Black Rice- sack] => [Black Rice- 50kg]","Product","2024-12-08 06:28:16"
"Benjie Val Lumawag","Updated product [Black Rice- 1kg]","Product","2024-12-08 06:28:48"
"Benjie Val Lumawag","Successfully Login","Login","2024-12-08 15:40:57"
"Veryen Bajan","Successfully Login","Login","2024-12-08 16:58:46"
"Benjie Val Lumawag","Successfully Login","Login","2024-12-08 17:22:21"
"Benjie Val Lumawag","Successfully Login","Login","2024-12-08 17:28:13"
"Benjie Val Lumawag","Successfully Login","Login","2024-12-09 06:14:34"
"Benjie Val Lumawag","Successfully Login","Login","2024-12-09 06:58:05"
"Benjie Val Lumawag","Successfully Login","Login","2024-12-09 08:49:13"
"Benjie Val Lumawag","Successfully Login","Login","2024-12-09 12:20:14"
"","Added new customer [albert paguigui]","Customer","2024-12-09 12:49:58"
"","Added new customer [De dios]","Customer","2024-12-09 13:06:45"
"Benjie Val Lumawag","Successfully Login","Login","2024-12-09 14:44:25"
"","Added new customer [Handulana]","Customer","2024-12-09 15:29:52"
"","Error to add new customer payment [CP-241209160113]","Customer Payment","2024-12-09 08:01:13"
"","Finished customer payment [CP-241209160113]","Customer Payment","2024-12-09 08:01:14"
"Veryen Bajan","Successfully Login","Login","2024-12-09 17:13:09"
"Benjie Val Lumawag","Successfully Login","Login","2024-12-09 18:28:07"
"Benjie Val Lumawag","Successfully Login","Login","2024-12-09 19:45:49"
"Benjie Val Lumawag","Successfully Login","Login","2024-12-10 06:24:39"
"","Attempt to add existing customer [Afable]","Customer","2024-12-10 06:31:41"
"","Attempt to add existing customer [cayanan]","Customer","2024-12-10 06:31:50"
"","Attempt to add existing customer [Afable]","Customer","2024-12-10 06:32:32"
"","Attempt to add existing customer [Afable ]","Customer","2024-12-10 06:33:13"
"","Attempt to add existing customer [Afable ]","Customer","2024-12-10 06:33:20"
"","Attempt to add existing customer [Afable ]","Customer","2024-12-10 06:33:23"
"","Attempt to add existing customer [Afable ]","Customer","2024-12-10 06:33:23"
"Benjie Val Lumawag","Successfully Login","Login","2024-12-10 06:33:39"
"Benjie Val Lumawag","Successfully Login","Login","2024-12-10 07:18:37"
"","Attempt to add existing customer [santiago]","Customer","2024-12-10 07:47:44"
"","Attempt to add existing customer [santiago]","Customer","2024-12-10 07:47:50"
"","Attempt to add existing customer [santiago]","Customer","2024-12-10 07:48:02"
"","Attempt to add existing customer [santiago]","Customer","2024-12-10 07:48:02"
"","Added new customer [LISAN]","Customer","2024-12-10 07:49:55"
"","Attempt to add existing customer [LISAN]","Customer","2024-12-10 07:49:59"
"","Attempt to add existing customer [LISAN]","Customer","2024-12-10 07:50:07"
"","Attempt to add existing customer [LISAN]","Customer","2024-12-10 07:50:07"
"","Added new customer [anico]","Customer","2024-12-10 11:59:28"
"Benjie Val Lumawag","Successfully Login","Login","2024-12-10 12:12:23"
"","Added new customer [Espenosa]","Customer","2024-12-10 12:13:07"
"","Added new customer [pila]","Customer","2024-12-10 12:23:18"
"Benjie Val Lumawag","Successfully Login","Login","2024-12-10 14:05:30"
"","Added new customer [Lumambas]","Customer","2024-12-10 14:14:39"
"Benjie Val Lumawag","Added new branches [QL-Feeds Main]","Branches","2024-12-10 06:15:02"
"Benjie Val Lumawag","Updated product [basagran-liter]","Product","2024-12-10 06:23:16"
"Benjie Val Lumawag","Updated product [Frontier- liter]","Product","2024-12-10 06:23:35"
"Benjie Val Lumawag","Added new price notice [PN-20241210142400]","Price Notice","2024-12-10 06:24:07"
"Benjie Val Lumawag","Added new detail of price notice [PN-20241210142400] : [4600-Atlas 1430.00 ->  1450]","Price Notice","2024-12-10 14:24:17"
"Benjie Val Lumawag","Finished price notice [PN-20241210142400]","Price Notice","2024-12-10 14:24:20"
"","Implemented price notice [PN-20241210142400]","Price Notice","2024-12-10 14:25:30"
"Benjie Val Lumawag","Updated product [Clear out -liter] => [Clear Out -1 liter]","Product","2024-12-10 06:26:41"
"Benjie Val Lumawag","Updated product [Alecta-liter] => [Alecta-1 liter]","Product","2024-12-10 06:26:55"
"Benjie Val Lumawag","Updated product [Crop Gold- Gallon] => [Crop Gold- Gallon (foliar)]","Product","2024-12-10 06:29:20"
"Benjie Val Lumawag","Updated product [Crop Gold-liter] => [Crop Gold-liter(Foliar)]","Product","2024-12-10 06:29:32"
"Benjie Val Lumawag","Updated product [Gold 500ml] => [Gold-500ml ( CB Andrew)]","Product","2024-12-10 06:29:51"
"Benjie Val Lumawag","Updated product [Gold Grow- Gallon] => [Gold Grow- Gallon (Foliar)]","Product","2024-12-10 06:30:08"
"Benjie Val Lumawag","Updated product [Gold-500ml ( CB Andrew)] => [Gold-500ml ( Insecticide)]","Product","2024-12-10 06:30:30"
"","Added new customer [amar]","Customer","2024-12-10 14:30:33"
"Benjie Val Lumawag","Updated product [Ridomil Gold - pack] => [Ridomil - Pack]","Product","2024-12-10 06:30:52"
"Benjie Val Lumawag","Updated product [Gold Grow- liter] => [Gold Grow- liter(Foliar)]","Product","2024-12-10 06:31:08"
"Benjie Val Lumawag","Updated product [Gold-liter] => [Gold-1 liter ( Insecticide)]","Product","2024-12-10 06:31:36"
"Benjie Val Lumawag","Successfully Login","Login","2024-12-10 14:42:19"
"","Error to add new customer payment [CP-241210144418]","Customer Payment","2024-12-10 06:44:18"
"","Finished customer payment [CP-241210144418]","Customer Payment","2024-12-10 06:44:19"
"Benjie Val Lumawag","Updated product [Gold-1 liter ( Insecticide)]","Product","2024-12-10 06:49:04"
"Benjie Val Lumawag","Updated product [Gold-500ml ( Insecticide)]","Product","2024-12-10 06:49:22"
"Benjie Val Lumawag","Updated product [ClearZero- liter]","Product","2024-12-10 06:50:04"
"Benjie Val Lumawag","Successfully Login","Login","2024-12-10 15:20:33"
"","Error to add new customer payment [CP-241210155305]","Customer Payment","2024-12-10 07:53:05"
"","Finished customer payment [CP-241210155305]","Customer Payment","2024-12-10 07:53:06"
"Benjie Val Lumawag","Successfully Login","Login","2024-12-10 17:06:42"
"Benjie Val Lumawag","Attempt to update existing customer [AG Planet Agri Supply]","Customer","2024-12-10 17:12:42"
"Benjie Val Lumawag","Updated customer [AG Planet Agri Supply]","Customer","2024-12-10 09:12:52"
"Benjie Val Lumawag","Added new customer [AG Planet-Banisilan]","Customer","2024-12-10 09:13:49"
"Benjie Val Lumawag","Updated customer [AG Planet Agri Supply] => [AG Planet Agri Supply-Wao]","Customer","2024-12-10 09:14:15"
"Benjie Val Lumawag","Updated customer [AG Planet-Banisilan] => [AG Planet Agri Supply-Banisilan]","Customer","2024-12-10 09:14:41"
"Benjie Val Lumawag","Updated product [2100-Harvester]","Product","2024-12-10 09:15:33"
"Benjie Val Lumawag","Successfully Login","Login","2024-12-10 17:46:08"
"Benjie Val Lumawag","Error to add new customer payment [CP-241210182012]","Customer Payment","2024-12-10 10:20:17"
"Benjie Val Lumawag","Finished customer payment [CP-241210182012]","Customer Payment","2024-12-10 18:20:25"
"Benjie Val Lumawag","Successfully Login","Login","2024-12-10 18:38:19"
"Benjie Val Lumawag","Successfully Login","Login","2024-12-10 19:09:15"
"Benjie Val Lumawag","Successfully Login","Login","2024-12-10 21:01:53"
"Benjie Val Lumawag","Successfully Login","Login","2024-12-11 06:00:29"
"Benjie Val Lumawag","Updated product [4600-Atlas]","Product","2024-12-10 22:02:19"
"Benjie Val Lumawag","Successfully Login","Login","2024-12-11 06:35:36"
"","Added new customer [leonen]","Customer","2024-12-11 07:16:32"
"","Attempt to add existing customer [leonen]","Customer","2024-12-11 07:16:37"
"","Attempt to add existing customer [leonen]","Customer","2024-12-11 07:16:50"
"","Attempt to add existing customer [leonen]","Customer","2024-12-11 07:16:50"
"","Attempt to add existing customer [leonen]","Customer","2024-12-11 07:17:42"
"","Added new customer [kemot]","Customer","2024-12-11 07:45:02"
"Benjie Val Lumawag","Successfully Login","Login","2024-12-11 09:20:04"
"","Attempt to add existing customer [estil]","Customer","2024-12-11 10:25:32"
"","Attempt to add existing customer [estil]","Customer","2024-12-11 10:25:38"
"","Attempt to add existing customer [estil]","Customer","2024-12-11 10:25:50"
"Benjie Val Lumawag","Successfully Login","Login","2024-12-11 15:37:22"
"Veryen Bajan","Successfully Login","Login","2024-12-11 15:42:17"
"Cherry Mae","Successfully Login","Login","2024-12-11 15:44:12"
"Cherry Mae","Successfully Login","Login","2024-12-11 16:29:31"
"Cherry Mae","Successfully Login","Login","2024-12-11 16:39:13"
"","Added new customer [kim]","Customer","2024-12-11 16:41:20"
"Benjie Val Lumawag","Successfully Login","Login","2024-12-11 16:43:44"
"Benjie Val Lumawag","Successfully Login","Login","2024-12-11 17:30:12"
"Benjie Val Lumawag","Updated product [4600-Atlas]","Product","2024-12-11 10:20:55"
"Benjie Val Lumawag","Successfully Login","Login","2024-12-12 06:01:15"
"Benjie Val Lumawag","Successfully Login","Login","2024-12-12 06:03:53"
"Benjie Val Lumawag","Updated product [16200-Atlas]","Product","2024-12-11 22:04:26"
"Benjie Val Lumawag","Updated product [2100-Harvester]","Product","2024-12-11 22:05:08"
"Benjie Val Lumawag","Updated product [2100-Atlas]","Product","2024-12-11 22:05:17"
"Benjie Val Lumawag","Updated product [0060-Amigo]","Product","2024-12-11 22:06:53"
"Benjie Val Lumawag","Updated product [0060-Atlas]","Product","2024-12-11 22:07:01"
"Benjie Val Lumawag","Updated product [18460-Amigo]","Product","2024-12-11 22:07:13"
"Annabel Coronado","Successfully Login","Login","2024-12-12 06:37:32"
"Veryen Bajan","Successfully Login","Login","2024-12-12 06:38:34"
"Benjie Val Lumawag","Successfully Login","Login","2024-12-12 06:44:05"
"","Added new customer [cabasaran]","Customer","2024-12-12 07:07:21"
"Benjie Val Lumawag","Successfully Login","Login","2024-12-12 08:46:29"
"Cherry Mae","Successfully Login","Login","2024-12-12 09:06:30"
"","Error to add new customer payment [CP-241212090757]","Customer Payment","2024-12-12 01:07:57"
"","Finished customer payment [CP-241212090757]","Customer Payment","2024-12-12 01:07:58"
"","Error to add new customer payment [CP-241212090826]","Customer Payment","2024-12-12 01:08:26"
"","Finished customer payment [CP-241212090826]","Customer Payment","2024-12-12 01:08:27"
"","Error to add new customer payment [CP-241212091015]","Customer Payment","2024-12-12 01:10:15"
"","Finished customer payment [CP-241212091015]","Customer Payment","2024-12-12 01:10:15"
"Benjie Val Lumawag","Successfully Login","Login","2024-12-12 09:34:52"
"","Error to add new customer payment [CP-241212124402]","Customer Payment","2024-12-12 04:44:02"
"","Finished customer payment [CP-241212124402]","Customer Payment","2024-12-12 04:44:03"
"","Error to add new customer payment [CP-241212124956]","Customer Payment","2024-12-12 04:49:56"
"","Finished customer payment [CP-241212124956]","Customer Payment","2024-12-12 04:49:56"
"","Error to add new customer payment [CP-241212125010]","Customer Payment","2024-12-12 04:50:10"
"","Finished customer payment [CP-241212125010]","Customer Payment","2024-12-12 04:50:11"
"","Added new customer [disomlon]","Customer","2024-12-12 12:51:48"
"Benjie Val Lumawag","Successfully Login","Login","2024-12-12 13:25:11"
"Benjie Val Lumawag","Successfully Login","Login","2024-12-12 13:45:42"
"Benjie Val Lumawag","Successfully Login","Login","2024-12-12 14:45:31"
"Veryen Bajan","Successfully Login","Login","2024-12-12 15:03:36"
"Benjie Val Lumawag","Successfully Login","Login","2024-12-12 15:45:02"
"Benjie Val Lumawag","Successfully Login","Login","2024-12-12 15:52:36"
"","Added new customer [Alquerto]","Customer","2024-12-12 16:04:49"
"Benjie Val Lumawag","Successfully Login","Login","2024-12-12 17:15:24"
"Benjie Val Lumawag","Successfully Login","Login","2024-12-12 19:07:30"
"Benjie Val Lumawag","Successfully Login","Login","2024-12-13 05:51:56"
"Benjie Val Lumawag","Successfully Login","Login","2024-12-13 06:58:51"
"Benjie Val Lumawag","Successfully Login","Login","2024-12-13 13:48:08"
"","Added new customer [onie]","Customer","2024-12-13 14:07:25"
"Benjie Val Lumawag","Successfully Login","Login","2024-12-13 14:39:56"
"Veryen Bajan","Successfully Login","Login","2024-12-13 15:57:52"
"","Error to add new customer payment [CP-241213171651]","Customer Payment","2024-12-13 09:16:51"
"","Finished customer payment [CP-241213171651]","Customer Payment","2024-12-13 09:16:51"
"Benjie Val Lumawag","Successfully Login","Login","2024-12-13 17:45:26"
"Benjie Val Lumawag","Successfully Login","Login","2024-12-13 19:40:25"
"Benjie Val Lumawag","Successfully Login","Login","2024-12-14 00:39:47"
"Benjie Val Lumawag","Successfully Login","Login","2024-12-14 06:00:54"
"","Added new customer [agramon]","Customer","2024-12-14 06:14:45"
"","Added new customer [galeno]","Customer","2024-12-14 06:18:33"
"","Added new customer [bairon]","Customer","2024-12-14 06:22:20"
"Benjie Val Lumawag","Successfully Login","Login","2024-12-14 06:27:04"
"","Added new customer [sultis]","Customer","2024-12-14 06:45:42"
"","Added new customer [makapagal]","Customer","2024-12-14 08:33:18"
"Benjie Val Lumawag","Successfully Login","Login","2024-12-14 08:50:59"
"Benjie Val Lumawag","Updated product [141414-Atlas]","Product","2024-12-14 00:52:45"
"Benjie Val Lumawag","Updated product [0060-Amigo]","Product","2024-12-14 01:09:12"
"Benjie Val Lumawag","Updated product [0060-Atlas]","Product","2024-12-14 01:09:24"
"Benjie Val Lumawag","Updated product [0060-Amigo]","Product","2024-12-14 01:09:33"
"Benjie Val Lumawag","Updated product [141414-Atlas]","Product","2024-12-14 01:09:41"
"","Added new customer [valinten jonel]","Customer","2024-12-14 11:44:58"
"Benjie Val Lumawag","Updated product [Hitman - Gal]","Product","2024-12-14 06:44:04"
"Benjie Val Lumawag","Updated product [Glysinate-Gallon]","Product","2024-12-14 06:44:31"
"Benjie Val Lumawag","Updated product [24D-Amine -Gallon]","Product","2024-12-14 06:45:08"
"Benjie Val Lumawag","Successfully Login","Login","2024-12-14 14:47:11"
"Benjie Val Lumawag","Successfully Login","Login","2024-12-14 15:13:48"
"","Added new customer [Lojario]","Customer","2024-12-14 15:14:17"
"Benjie Val Lumawag","Successfully Login","Login","2024-12-14 15:57:38"
"","Added new customer [larisa]","Customer","2024-12-14 16:06:28"
"","Added new customer [vergie bermejo]","Customer","2024-12-14 16:27:20"
"Veryen Bajan","Successfully Login","Login","2024-12-14 16:44:52"
"Benjie Val Lumawag","Successfully Login","Login","2024-12-15 06:07:38"
"Benjie Val Lumawag","Successfully Login","Login","2024-12-15 14:37:03"
"Benjie Val Lumawag","Successfully Login","Login","2024-12-15 23:32:10"
"Benjie Val Lumawag","Successfully Login","Login","2024-12-15 23:32:48"
"","Added new customer [Calonge, Ariel]","Customer","2024-12-16 08:53:14"
"","Added new customer [amir]","Customer","2024-12-16 09:14:51"
"","Added new customer [lued]","Customer","2024-12-16 09:24:12"
"Benjie Val Lumawag","Successfully Login","Login","2024-12-16 09:24:41"
"","Added new customer [visto]","Customer","2024-12-16 09:54:30"
"","Added new customer [bermijo]","Customer","2024-12-16 09:59:51"
"Benjie Val Lumawag","Successfully Login","Login","2024-12-16 10:05:46"
"Benjie Val Lumawag","Added new product [Pidro]","Product","2024-12-16 02:19:47"
"Benjie Val Lumawag","Updated product [Pidro]","Product","2024-12-16 02:19:59"
"Benjie Val Lumawag","Updated product [Pidro]","Product","2024-12-16 02:20:09"
"Benjie Val Lumawag","Updated product [Pidro]","Product","2024-12-16 02:20:58"
"Benjie Val Lumawag","Updated product [Pidro]","Product","2024-12-16 02:22:47"
"Benjie Val Lumawag","Added new product [Panamox Tablet]","Product","2024-12-16 02:23:43"
"Benjie Val Lumawag","Successfully Login","Login","2024-12-16 11:48:42"
"Benjie Val Lumawag","Updated product [Herbicut -liter]","Product","2024-12-16 03:49:03"
"","Added new customer [Baraokor]","Customer","2024-12-16 12:35:54"
"","Added new customer [darwin panagulon]","Customer","2024-12-16 13:49:07"
"","Added new customer [Etao]","Customer","2024-12-16 13:53:21"
"","Added new customer [cabelleure]","Customer","2024-12-16 13:55:28"
"","Error to add new customer payment [CP-241216150354]","Customer Payment","2024-12-16 07:03:54"
"","Finished customer payment [CP-241216150354]","Customer Payment","2024-12-16 07:03:55"
"","Error to add new customer payment [CP-241216152323]","Customer Payment","2024-12-16 07:23:23"
"","Finished customer payment [CP-241216152323]","Customer Payment","2024-12-16 07:23:23"
"","Added new customer [pelagio]","Customer","2024-12-16 16:19:02"
"","Added new customer [seno]","Customer","2024-12-16 16:19:31"
"","Error to add new customer payment [CP-241216162543]","Customer Payment","2024-12-16 08:25:43"
"","Finished customer payment [CP-241216162543]","Customer Payment","2024-12-16 08:25:43"
"Benjie Val Lumawag","Successfully Login","Login","2024-12-16 16:29:47"
"Benjie Val Lumawag","Successfully Login","Login","2024-12-16 16:31:14"
"Benjie Val Lumawag","Updated product [141414-Atlas]","Product","2024-12-16 08:38:27"
"","Added new customer [kadin]","Customer","2024-12-16 17:14:14"
"Benjie Val Lumawag","Successfully Login","Login","2024-12-17 06:29:14"
"Benjie Val Lumawag","Updated product [GalMax 2+ - 50kg] => [GalMax 2 plus - 50kg]","Product","2024-12-16 22:30:48"
"Benjie Val Lumawag","Updated product [GalMax 2+ - 1Kg] => [GalMax 2 plus - 1Kg]","Product","2024-12-16 22:31:02"
"Veryen Bajan","Successfully Login","Login","2024-12-17 06:49:03"
"Cherry Mae","Successfully Login","Login","2024-12-17 08:07:58"
"","Error to add new customer payment [CP-241217081805]","Customer Payment","2024-12-17 00:18:05"
"","Finished customer payment [CP-241217081805]","Customer Payment","2024-12-17 00:18:05"
"","Error to add new customer payment [CP-241217081817]","Customer Payment","2024-12-17 00:18:17"
"","Finished customer payment [CP-241217081817]","Customer Payment","2024-12-17 00:18:17"
"","Error to add new customer payment [CP-241217081825]","Customer Payment","2024-12-17 00:18:25"
"","Finished customer payment [CP-241217081825]","Customer Payment","2024-12-17 00:18:26"
"","Error to add new customer payment [CP-241217081836]","Customer Payment","2024-12-17 00:18:36"
"","Finished customer payment [CP-241217081836]","Customer Payment","2024-12-17 00:18:37"
"","Error to add new customer payment [CP-241217081845]","Customer Payment","2024-12-17 00:18:45"
"","Finished customer payment [CP-241217081845]","Customer Payment","2024-12-17 00:18:45"
"","Error to add new customer payment [CP-241217081853]","Customer Payment","2024-12-17 00:18:53"
"","Finished customer payment [CP-241217081853]","Customer Payment","2024-12-17 00:18:53"
"","Error to add new customer payment [CP-241217081900]","Customer Payment","2024-12-17 00:19:00"
"","Finished customer payment [CP-241217081900]","Customer Payment","2024-12-17 00:19:00"
"","Error to add new customer payment [CP-241217081908]","Customer Payment","2024-12-17 00:19:08"
"","Finished customer payment [CP-241217081908]","Customer Payment","2024-12-17 00:19:08"
"","Error to add new customer payment [CP-241217081919]","Customer Payment","2024-12-17 00:19:19"
"","Finished customer payment [CP-241217081919]","Customer Payment","2024-12-17 00:19:19"
"","Error to add new customer payment [CP-241217081940]","Customer Payment","2024-12-17 00:19:40"
"","Finished customer payment [CP-241217081940]","Customer Payment","2024-12-17 00:19:40"
"","Error to add new customer payment [CP-241217082128]","Customer Payment","2024-12-17 00:21:28"
"","Finished customer payment [CP-241217082128]","Customer Payment","2024-12-17 00:21:28"
"","Error to add new customer payment [CP-241217082300]","Customer Payment","2024-12-17 00:23:00"
"","Finished customer payment [CP-241217082300]","Customer Payment","2024-12-17 00:23:00"
"","Error to add new customer payment [CP-241217082512]","Customer Payment","2024-12-17 00:25:12"
"","Finished customer payment [CP-241217082512]","Customer Payment","2024-12-17 00:25:13"
"","Error to add new customer payment [CP-241217082722]","Customer Payment","2024-12-17 00:27:22"
"","Finished customer payment [CP-241217082722]","Customer Payment","2024-12-17 00:27:23"
"","Error to add new customer payment [CP-241217082810]","Customer Payment","2024-12-17 00:28:10"
"","Finished customer payment [CP-241217082810]","Customer Payment","2024-12-17 00:28:11"
"","Attempt to add existing customer [banas]","Customer","2024-12-17 08:39:14"
"","Attempt to add existing customer [banas]","Customer","2024-12-17 08:39:17"
"","Attempt to add existing customer [banas]","Customer","2024-12-17 08:39:26"
"","Attempt to add existing customer [banas]","Customer","2024-12-17 08:39:34"
"","Attempt to add existing customer [banas]","Customer","2024-12-17 08:39:50"
"","Attempt to add existing customer [banas]","Customer","2024-12-17 08:40:03"
"","Attempt to add existing customer [banas]","Customer","2024-12-17 08:40:19"
"Veryen Bajan","Successfully Login","Login","2024-12-17 08:43:18"
"Benjie Val Lumawag","Successfully Login","Login","2024-12-17 08:53:14"
"","Added new customer [almera pagurayan]","Customer","2024-12-17 09:14:36"
"","Added new customer [dairo]","Customer","2024-12-17 09:15:50"
"","Error to add new customer payment [CP-241217094956]","Customer Payment","2024-12-17 01:49:56"
"","Finished customer payment [CP-241217094956]","Customer Payment","2024-12-17 01:49:56"
"","Error to add new customer payment [CP-241217095005]","Customer Payment","2024-12-17 01:50:05"
"","Finished customer payment [CP-241217095005]","Customer Payment","2024-12-17 01:50:05"
"","Error to add new customer payment [CP-241217095011]","Customer Payment","2024-12-17 01:50:11"
"","Finished customer payment [CP-241217095011]","Customer Payment","2024-12-17 01:50:12"
"","Error to add new customer payment [CP-241217095018]","Customer Payment","2024-12-17 01:50:18"
"","Finished customer payment [CP-241217095018]","Customer Payment","2024-12-17 01:50:18"
"","Error to add new customer payment [CP-241217095027]","Customer Payment","2024-12-17 01:50:27"
"","Finished customer payment [CP-241217095027]","Customer Payment","2024-12-17 01:50:27"
"","Error to add new customer payment [CP-241217095512]","Customer Payment","2024-12-17 01:55:12"
"","Finished customer payment [CP-241217095512]","Customer Payment","2024-12-17 01:55:12"
"","Added new customer [datu]","Customer","2024-12-17 11:38:36"
"","Added new customer [gabriel]","Customer","2024-12-17 12:14:34"
"","Attempt to add existing customer [gabriel]","Customer","2024-12-17 12:14:55"
"","Attempt to add existing customer [gabriel]","Customer","2024-12-17 12:16:04"
"","Added new customer [dayo]","Customer","2024-12-17 13:49:11"
"Benjie Val Lumawag","Successfully Login","Login","2024-12-17 14:05:24"
"Benjie Val Lumawag","Successfully Login","Login","2024-12-17 15:27:47"
"","Added new customer [rommy panday]","Customer","2024-12-17 16:49:42"
"","Error to add new customer payment [CP-241217165109]","Customer Payment","2024-12-17 08:51:09"
"Veryen Bajan","Successfully Login","Login","2024-12-17 17:57:47"
"Benjie Val Lumawag","Successfully Login","Login","2024-12-18 06:28:53"
"Veryen Bajan","Successfully Login","Login","2024-12-18 06:41:34"
"","Attempt to add existing customer [bernabe]","Customer","2024-12-18 08:57:09"
"","Added new customer [merran]","Customer","2024-12-18 10:48:32"
"Benjie Val Lumawag","Successfully Login","Login","2024-12-18 13:04:13"
"Benjie Val Lumawag","Successfully Login","Login","2024-12-18 15:43:40"
"Veryen Bajan","Successfully Login","Login","2024-12-18 16:12:03"
"Mariel Alisasis","Successfully Login","Login","2024-12-18 17:12:52"
"Benjie Val Lumawag","Successfully Login","Login","2024-12-18 17:25:44"
"","Attempt to add existing customer [azagra]","Customer","2024-12-19 06:15:35"
"","Attempt to add existing customer [azagra]","Customer","2024-12-19 06:15:37"
"Veryen Bajan","Successfully Login","Login","2024-12-19 07:34:20"
"Benjie Val Lumawag","Successfully Login","Login","2024-12-19 09:30:57"
"","Error to add new customer payment [CP-241219104048]","Customer Payment","2024-12-19 02:40:48"
"","Finished customer payment [CP-241219104048]","Customer Payment","2024-12-19 02:40:48"
"Annabel Coronado","Successfully Login","Login","2024-12-19 10:47:06"
"Veryen Bajan","Successfully Login","Login","2024-12-19 10:54:12"
"Benjie Val Lumawag","Successfully Login","Login","2024-12-19 11:29:41"
"","Added new customer [demonteverde choly]","Customer","2024-12-19 12:04:58"
"Benjie Val Lumawag","Successfully Login","Login","2024-12-19 12:40:52"
"Cherry Mae","Successfully Login","Login","2024-12-19 13:45:59"
"","Attempt to add existing customer [coca]","Customer","2024-12-19 13:59:02"
"","Error to add new customer payment [CP-241219165502]","Customer Payment","2024-12-19 08:55:02"
"","Finished customer payment [CP-241219165502]","Customer Payment","2024-12-19 08:55:02"
"Benjie Val Lumawag","Successfully Login","Login","2024-12-19 16:56:14"
"Benjie Val Lumawag","Successfully Login","Login","2024-12-19 17:56:57"
"Cherry Mae","Successfully Login","Login","2024-12-20 06:12:35"
"","Added new customer [barros]","Customer","2024-12-20 07:06:30"
"Benjie Val Lumawag","Successfully Login","Login","2024-12-20 08:10:36"
"Benjie Val Lumawag","Successfully Login","Login","2024-12-20 10:12:39"
"","Attempt to add existing customer [1]","Customer","2024-12-20 10:23:26"
"Benjie Val Lumawag","Successfully Login","Login","2024-12-20 10:43:20"
"","Error to add new customer payment [CP-241220124029]","Customer Payment","2024-12-20 04:40:29"
"","Finished customer payment [CP-241220124029]","Customer Payment","2024-12-20 04:40:29"
"","Added new customer [demavibas]","Customer","2024-12-20 12:51:12"
"","Added new customer [cornetillo]","Customer","2024-12-20 13:35:14"
"","Added new customer [Emie]","Customer","2024-12-20 14:39:31"
"Mariel Alisasis","Successfully Login","Login","2024-12-20 15:03:42"
"Benjie Val Lumawag","Successfully Login","Login","2024-12-20 15:27:17"
"Benjie Val Lumawag","Successfully Login","Login","2024-12-20 16:34:34"
"","Added new customer [ote]","Customer","2024-12-20 16:42:00"
"Cherry Mae","Successfully Login","Login","2024-12-20 16:49:37"
"Cherry Mae","Successfully Login","Login","2024-12-20 17:04:17"
"Veryen Bajan","Successfully Login","Login","2024-12-21 09:08:43"
"Benjie Val Lumawag","Successfully Login","Login","2024-12-21 09:45:44"
"","Added new customer [pasu]","Customer","2024-12-21 10:04:29"
"","Added new customer [batuwa an]","Customer","2024-12-21 10:28:12"
"","Added new customer [bintora]","Customer","2024-12-21 12:10:56"
"","Attempt to add existing customer [bintora]","Customer","2024-12-21 12:10:56"
"","Added new customer [Halandoni]","Customer","2024-12-21 12:44:43"
"","Added new customer [carugmanan 2/benjie val]","Customer","2024-12-21 14:23:44"
"","Added new customer [puasa]","Customer","2024-12-21 15:58:25"
"Benjie Val Lumawag","Successfully Login","Login","2024-12-21 16:04:32"
"","Added new customer [Dela rita, Joanni]","Customer","2024-12-21 16:12:29"
"Benjie Val Lumawag","Successfully Login","Login","2024-12-21 17:34:08"
"Benjie Val Lumawag","Successfully Login","Login","2024-12-21 17:34:45"
"Veryen Bajan","Successfully Login","Login","2024-12-21 17:35:48"
"Benjie Val Lumawag","Successfully Login","Login","2024-12-22 05:55:50"
"Benjie Val Lumawag","Successfully Login","Login","2024-12-22 06:21:45"
"Veryen Bajan","Successfully Login","Login","2024-12-22 08:03:54"
"","Added new customer [Galaura]","Customer","2024-12-22 10:16:46"
"","Error to add new customer payment [CP-241222111843]","Customer Payment","2024-12-22 03:18:43"
"","Finished customer payment [CP-241222111843]","Customer Payment","2024-12-22 03:18:43"
"","Attempt to add existing customer [sara]","Customer","2024-12-22 11:25:36"
"","Attempt to add existing customer [sara]","Customer","2024-12-22 11:25:38"
"","Attempt to add existing customer [sara]","Customer","2024-12-22 11:26:13"
"","Added new customer [sara b]","Customer","2024-12-22 11:26:21"
"Benjie Val Lumawag","Successfully Login","Login","2024-12-22 12:48:14"
"","Added new customer [Fabian Emellio]","Customer","2024-12-22 13:36:04"
"","Attempt to add existing customer [dalgan]","Customer","2024-12-22 13:59:22"
"Benjie Val Lumawag","Successfully Login","Login","2024-12-22 14:43:58"
"Veryen Bajan","Successfully Login","Login","2024-12-22 15:02:16"
"Benjie Val Lumawag","Successfully Login","Login","2024-12-22 17:18:42"
"","Added new customer [dolor]","Customer","2024-12-22 17:32:40"
"","Attempt to add existing customer [dolor]","Customer","2024-12-22 17:32:40"
"Benjie Val Lumawag","Successfully Login","Login","2024-12-23 06:21:34"
"Benjie Val Lumawag","Successfully Login","Login","2024-12-23 07:27:04"
"","Attempt to add existing customer [basultin]","Customer","2024-12-23 10:51:47"
"Benjie Val Lumawag","Successfully Login","Login","2024-12-23 14:38:43"
"Veryen Bajan","Successfully Login","Login","2024-12-23 16:40:04"
"Veryen Bajan","Successfully Login","Login","2024-12-23 16:41:41"
"Benjie Val Lumawag","Successfully Login","Login","2024-12-23 16:43:53"
"Benjie Val Lumawag","Successfully Login","Login","2024-12-23 17:34:57"
"Benjie Val Lumawag","Successfully Login","Login","2024-12-23 17:48:38"
"Benjie Val Lumawag","Successfully Login","Login","2024-12-23 18:06:58"
"Veryen Bajan","Successfully Login","Login","2024-12-24 06:30:15"
"Benjie Val Lumawag","Successfully Login","Login","2024-12-24 06:52:02"
"Benjie Val Lumawag","Successfully Login","Login","2024-12-24 07:12:23"
"Benjie Val Lumawag","Successfully Login","Login","2024-12-24 08:41:03"
"Veryen Bajan","Successfully Login","Login","2024-12-24 10:38:56"
"Veryen Bajan","Successfully Login","Login","2024-12-24 15:56:00"
"","Added new customer [desales]","Customer","2024-12-24 16:23:18"
"Benjie Val Lumawag","Successfully Login","Login","2024-12-24 16:24:41"
"Mariel Alisasis","Successfully Login","Login","2024-12-25 06:23:33"
"Benjie Val Lumawag","Successfully Login","Login","2024-12-25 07:26:01"
"Benjie Val Lumawag","Successfully Login","Login","2024-12-25 10:01:22"
"Veryen Bajan","Successfully Login","Login","2024-12-25 10:15:16"
"","Error to add new customer payment [CP-241225101740]","Customer Payment","2024-12-25 02:17:40"
"","Finished customer payment [CP-241225101740]","Customer Payment","2024-12-25 02:17:40"
"","Added new customer [yob]","Customer","2024-12-25 10:34:14"
"Mariel Alisasis","Successfully Login","Login","2024-12-25 11:13:31"
"Benjie Val Lumawag","Successfully Login","Login","2024-12-25 13:31:25"
"","Error to add new customer payment [CP-241225133410]","Customer Payment","2024-12-25 05:34:10"
"","Finished customer payment [CP-241225133410]","Customer Payment","2024-12-25 05:34:10"
"Benjie Val Lumawag","Successfully Login","Login","2024-12-25 16:11:15"
"Benjie Val Lumawag","Successfully Login","Login","2024-12-26 06:32:35"
"Benjie Val Lumawag","Successfully Login","Login","2024-12-26 06:51:31"
"Benjie Val Lumawag","Successfully Login","Login","2024-12-26 11:00:24"
"","Added new customer [carbonilla]","Customer","2024-12-26 11:46:29"
"","Added new customer [auditor]","Customer","2024-12-26 12:17:04"
"Benjie Val Lumawag","Successfully Login","Login","2024-12-26 12:30:10"
"Benjie Val Lumawag","Successfully Login","Login","2024-12-26 14:25:21"
"Neza Nebla","Successfully Login","Login","2024-12-26 14:32:29"
"Benjie Val Lumawag","Successfully Login","Login","2024-12-26 14:32:45"
"Neza Nebla","Successfully Login","Login","2024-12-26 14:35:15"
"Benjie Val Lumawag","Successfully Login","Login","2024-12-26 14:36:15"
"Neza Nebla","Successfully Login","Login","2024-12-26 14:36:57"
"Veryen Bajan","Successfully Login","Login","2024-12-26 14:42:31"
"","Error to add new customer payment [CP-241226150623]","Customer Payment","2024-12-26 07:06:23"
"","Finished customer payment [CP-241226150623]","Customer Payment","2024-12-26 07:06:24"
"","Added new customer [panguntalan kawing]","Customer","2024-12-26 15:12:29"
"Benjie Val Lumawag","Successfully Login","Login","2024-12-26 15:18:16"
"","Added new customer [discotido]","Customer","2024-12-26 16:36:10"
"","Added new customer [barluado Ruby]","Customer","2024-12-26 17:13:30"
"Benjie Val Lumawag","Successfully Login","Login","2024-12-26 17:25:31"
"Benjie Val Lumawag","Successfully Login","Login","2024-12-26 17:27:47"
"Neza Nebla","Successfully Login","Login","2024-12-26 17:51:28"
"Benjie Val Lumawag","Successfully Login","Login","2024-12-27 06:49:45"
"Benjie Val Lumawag","Successfully Login","Login","2024-12-27 07:51:51"
"","Added new customer [galendes]","Customer","2024-12-27 08:17:31"
"","Attempt to add existing customer [macapantar]","Customer","2024-12-27 08:18:39"
"Cherry Mae","Successfully Login","Login","2024-12-27 08:48:12"
"","Error to add new customer payment [CP-241227092016]","Customer Payment","2024-12-27 01:20:16"
"","Finished customer payment [CP-241227092016]","Customer Payment","2024-12-27 01:20:16"
"","Error to add new customer payment [CP-241227100849]","Customer Payment","2024-12-27 02:08:49"
"","Finished customer payment [CP-241227100849]","Customer Payment","2024-12-27 02:08:50"
"","Error to add new customer payment [CP-241227100901]","Customer Payment","2024-12-27 02:09:01"
"","Finished customer payment [CP-241227100901]","Customer Payment","2024-12-27 02:09:01"
"Benjie Val Lumawag","Successfully Login","Login","2024-12-27 11:12:52"
"Benjie Val Lumawag","Updated product [Grace-Sack]","Product","2024-12-27 03:24:35"
"","Added new customer [cayugan]","Customer","2024-12-27 13:24:42"
"Benjie Val Lumawag","Added new supplier [FILIPINO HYBRID CORN SEEDS]","Supplier","2024-12-27 06:31:15"
"Benjie Val Lumawag","Added new product [FIL 757]","Product","2024-12-27 06:32:50"
"","Attempt to add existing customer [Dela Cruz]","Customer","2024-12-27 14:51:46"
"","Attempt to add existing customer [Dela Cruz]","Customer","2024-12-27 14:51:49"
"","Added new customer [tala]","Customer","2024-12-27 15:16:11"
"Benjie Val Lumawag","Successfully Login","Login","2024-12-27 16:38:55"
"Benjie Val Lumawag","Updated product [Armure 250ml]","Product","2024-12-27 08:54:43"
"Benjie Val Lumawag","Updated product [Almix-pack]","Product","2024-12-27 08:55:23"
"Benjie Val Lumawag","Updated product [Karate-liter]","Product","2024-12-27 08:56:05"
"Benjie Val Lumawag","Updated product [Cymbush- liter]","Product","2024-12-27 08:56:56"
"Benjie Val Lumawag","Updated product [Sofit - liter]","Product","2024-12-27 08:57:17"
"Benjie Val Lumawag","Updated product [Suprema - kalabasa]","Product","2024-12-27 08:57:53"
"Veryen Bajan","Successfully Login","Login","2024-12-28 06:15:25"
"Jay Ann Quitor","Successfully Login","Login","2024-12-28 07:08:08"
"Cherry Mae","Successfully Login","Login","2024-12-28 07:08:49"
"","Error to add new customer payment [CP-241228112634]","Customer Payment","2024-12-28 03:26:34"
"","Finished customer payment [CP-241228112634]","Customer Payment","2024-12-28 03:26:34"
"","Error to add new customer payment [CP-241228114144]","Customer Payment","2024-12-28 03:41:44"
"","Finished customer payment [CP-241228114144]","Customer Payment","2024-12-28 03:41:44"
"","Added new customer [munge]","Customer","2024-12-28 11:41:53"
"","Error to add new customer payment [CP-241228114154]","Customer Payment","2024-12-28 03:41:54"
"","Finished customer payment [CP-241228114154]","Customer Payment","2024-12-28 03:41:54"
"Benjie Val Lumawag","Successfully Login","Login","2024-12-28 11:51:45"
"Veryen Bajan","Successfully Login","Login","2024-12-28 12:30:53"
"Benjie Val Lumawag","Successfully Login","Login","2024-12-28 16:13:21"
"Benjie Val Lumawag","Successfully Login","Login","2024-12-29 06:05:24"
"Veryen Bajan","Successfully Login","Login","2024-12-29 06:37:34"
"","Error to add new customer payment [CP-241229105126]","Customer Payment","2024-12-29 02:51:26"
"","Finished customer payment [CP-241229105126]","Customer Payment","2024-12-29 02:51:26"
"","Error to add new customer payment [CP-241229105146]","Customer Payment","2024-12-29 02:51:46"
"","Finished customer payment [CP-241229105146]","Customer Payment","2024-12-29 02:51:46"
"","Error to add new customer payment [CP-241229105415]","Customer Payment","2024-12-29 02:54:15"
"","Finished customer payment [CP-241229105415]","Customer Payment","2024-12-29 02:54:15"
"","Added new customer [tumaken]","Customer","2024-12-29 12:48:50"
"Cherry Mae","Successfully Login","Login","2024-12-29 15:43:57"
"Veryen Bajan","Successfully Login","Login","2024-12-29 16:18:20"
"Benjie Val Lumawag","Successfully Login","Login","2024-12-29 16:32:13"
"Benjie Val Lumawag","Successfully Login","Login","2024-12-30 06:29:08"
"Veryen Bajan","Successfully Login","Login","2024-12-30 06:38:34"
"","Added new customer [delion]","Customer","2024-12-30 07:00:13"
"","Added new customer [lacanaria]","Customer","2024-12-30 09:33:41"
"Veryen Bajan","Successfully Login","Login","2024-12-30 13:18:28"
"","Added new customer [bareda]","Customer","2024-12-30 13:25:52"
"Benjie Val Lumawag","Successfully Login","Login","2024-12-30 13:50:47"
"Veryen Bajan","Successfully Login","Login","2024-12-30 13:54:34"
"Benjie Val Lumawag","Successfully Login","Login","2024-12-30 20:56:32"
"Benjie Val Lumawag","Successfully Login","Login","2024-12-31 06:57:49"
"","Added new customer [CARTEL]","Customer","2024-12-31 07:04:18"
"Veryen Bajan","Successfully Login","Login","2024-12-31 08:00:20"
"Benjie Val Lumawag","Successfully Login","Login","2024-12-31 08:26:08"
"","Added new customer [pardillo]","Customer","2024-12-31 09:27:54"
"Benjie Val Lumawag","Successfully Login","Login","2024-12-31 10:21:39"
"Veryen Bajan","Successfully Login","Login","2024-12-31 10:23:37"
"","Added new customer [gandalla]","Customer","2024-12-31 10:25:52"
"","Error to add new customer payment [CP-241231115730]","Customer Payment","2024-12-31 03:57:30"
"","Finished customer payment [CP-241231115730]","Customer Payment","2024-12-31 03:57:30"
"Benjie Val Lumawag","Successfully Login","Login","2024-12-31 12:08:09"
"","Error to add new customer payment [CP-241231121359]","Customer Payment","2024-12-31 04:13:59"
"","Finished customer payment [CP-241231121359]","Customer Payment","2024-12-31 04:14:00"
"","Error to add new customer payment [CP-241231121410]","Customer Payment","2024-12-31 04:14:10"
"","Finished customer payment [CP-241231121410]","Customer Payment","2024-12-31 04:14:10"
"Benjie Val Lumawag","Successfully Login","Login","2024-12-31 12:16:58"
"Veryen Bajan","Successfully Login","Login","2024-12-31 13:13:21"
"Benjie Val Lumawag","Added new product [Delivery Charge @10]","Product","2024-12-31 05:33:44"
"Benjie Val Lumawag","Successfully Login","Login","2024-12-31 15:53:01"
"Benjie Val Lumawag","Successfully Login","Login","2024-12-31 17:12:50"
"Benjie Val Lumawag","Successfully Login","Login","2024-12-31 20:56:25"
"Benjie Val Lumawag","Added new warehouses [Main Feeds-Warehouse]","Warehouses","2024-12-31 23:53:12"
