"","Added new customer [Ongao, Usop]","Customer","2023-02-01 07:38:07"
"Benjie Val Lumawag","Successfully Login","Login","2023-02-01 07:39:06"
"","Added new customer [Mago, Mona]","Customer","2023-02-01 08:10:04"
"","Added new customer [Horado, Botsoy]","Customer","2023-02-01 08:35:54"
"","Added new customer [Fernandez, Merlita]","Customer","2023-02-01 08:42:12"
"Benjie Val Lumawag","Error to add new customer payment [CP-230201092500]","Customer Payment","2023-02-01 09:25:12"
"Benjie Val Lumawag","Finished customer payment [CP-230201092500]","Customer Payment","2023-02-01 09:25:37"
"","Added new customer [Apelando]","Customer","2023-02-01 09:35:50"
"","Added new customer [Subaldo]","Customer","2023-02-01 09:40:43"
"","Added new customer [Navaro, J]","Customer","2023-02-01 09:42:48"
"Benjie Val Lumawag","Error to add new customer payment [CP-230201100248]","Customer Payment","2023-02-01 10:02:55"
"","Added new customer [Talib]","Customer","2023-02-01 10:41:41"
"","Added new customer [Cabangon]","Customer","2023-02-01 10:48:09"
"","Added new customer [Dagsan]","Customer","2023-02-01 10:52:08"
"Benjie Val Lumawag","Successfully Login","Login","2023-02-01 11:43:36"
"Benjie Val Lumawag","Successfully Login","Login","2023-02-01 22:59:17"
"Benjie Val Lumawag","Added new product [Sprayer- Crystal 16L]","Product","2023-02-01 23:23:38"
"Benjie Val Lumawag","Updated product [Sprayer- Calidad] => [Sprayer- Calidad 16L]","Product","2023-02-01 23:23:53"
"Benjie Val Lumawag","Updated product [Sprayer-Tungho] => [Sprayer-Tung ho Plastic 16L]","Product","2023-02-01 23:24:41"
"Benjie Val Lumawag","Attempt to add existing product [Sprayer- Golden Shield 16 L]","Product","2023-02-01 23:25:35"
"Benjie Val Lumawag","Attempt to add existing product [Sprayer- Golden Shield 16 L]","Product","2023-02-01 23:25:39"
"Benjie Val Lumawag","Attempt to add existing product [Sprayer- Tung Hu-Golden]","Product","2023-02-01 23:27:08"
"Benjie Val Lumawag","Attempt to add existing product [Sprayer- Tung Hu-Golden]","Product","2023-02-01 23:27:18"
"Benjie Val Lumawag","Added new product [Sprayer- Tung Ho- Golden]","Product","2023-02-01 23:28:15"
"Benjie Val Lumawag","Added new product [Spray- MZ 20L]","Product","2023-02-01 23:29:27"
"Benjie Val Lumawag","Added new price notice [PN-20230201232933]","Price Notice","2023-02-01 23:29:35"
"Benjie Val Lumawag","Added new detail of price notice [PN-20230201232933] : [Sprayer- Calidad 16L 2400.00 ->  2000]","Price Notice","2023-02-01 23:29:54"
"Benjie Val Lumawag","Added new detail of price notice [PN-20230201232933] : [Ground Plus- liter 470.00 ->  420]","Price Notice","2023-02-01 23:31:04"
"Benjie Val Lumawag","Added new detail of price notice [PN-20230201232933] : [Ground Plus- Gallon 1450.00 ->  1400]","Price Notice","2023-02-01 23:31:15"
"Benjie Val Lumawag","Added new detail of price notice [PN-20230201232933] : [Clear out 4L 1420.00 ->  1400]","Price Notice","2023-02-01 23:31:45"
"Benjie Val Lumawag","Added new detail of price notice [PN-20230201232933] : [P 4124 4800.00 ->  4900]","Price Notice","2023-02-01 23:32:12"
"Benjie Val Lumawag","Added new detail of price notice [PN-20230201232933] : [NK 6505 5100.00 ->  5000]","Price Notice","2023-02-01 23:35:22"
"Benjie Val Lumawag","Finished price notice [PN-20230201232933]","Price Notice","2023-02-01 23:41:52"
"Benjie Val Lumawag","Added new product [Sprayer-Shield 16L]","Product","2023-02-01 23:46:35"
"Benjie Val Lumawag","Added new product [Sack-Busco]","Product","2023-02-01 23:48:09"
"","Implemented price notice [PN-20230201232933]","Price Notice","2023-02-02 00:05:38"
"Benjie Val Lumawag","Finished customer payment [CP-230201100248]","Customer Payment","2023-02-02 00:18:24"
"Benjie Val Lumawag","Error to add new customer payment [CP-230202001827]","Customer Payment","2023-02-02 00:18:33"
"Benjie Val Lumawag","Finished customer payment [CP-230202001827]","Customer Payment","2023-02-02 00:18:42"
"","Added new customer [Alontok]","Customer","2023-02-02 01:56:33"
"","Added new customer [songcuya]","Customer","2023-02-02 02:39:04"
"","Added new customer [Macasling, Allen]","Customer","2023-02-02 02:49:15"
"","Added new customer [Soltis, Joy]","Customer","2023-02-02 02:59:24"
"","Added new customer [Kayamba]","Customer","2023-02-02 03:38:09"
"","Added new customer [Celis]","Customer","2023-02-02 04:33:07"
"Benjie Val Lumawag","Added new product [NK 6505]","Product","2023-02-02 06:58:29"
"Benjie Val Lumawag","Updated product [NK 6505] => [NK 6505-Kilo]","Product","2023-02-02 06:59:12"
"Benjie Val Lumawag","Error to add new customer payment [CP-230202070331]","Customer Payment","2023-02-02 07:03:47"
"Benjie Val Lumawag","Finished customer payment [CP-230202070331]","Customer Payment","2023-02-02 07:04:03"
"Benjie Val Lumawag","Error to add new customer payment [CP-230202070416]","Customer Payment","2023-02-02 07:04:25"
"","Added new customer [Tolentino]","Customer","2023-02-02 07:30:22"
"","Added new customer [Sarcong]","Customer","2023-02-02 08:04:48"
"Benjie Val Lumawag","Successfully Login","Login","2023-02-02 08:09:06"
"","Added new customer [Jestoni]","Customer","2023-02-02 08:19:03"
"","Added new customer [Baimona, P.]","Customer","2023-02-02 08:20:34"
"","Added new customer [Aluyudan]","Customer","2023-02-02 08:39:41"
"","Added new customer [Siranilla, Rene]","Customer","2023-02-02 09:18:59"
"","Error to add new customer payment [CP-230202092135]","Customer Payment","2023-02-02 08:21:35"
"","Error to add new customer payment [CP-230202093659]","Customer Payment","2023-02-02 08:36:59"
"Benjie Val Lumawag","Error to add new customer payment [CP-230202094042]","Customer Payment","2023-02-02 09:40:51"
"Benjie Val Lumawag","Finished customer payment [CP-230202094042]","Customer Payment","2023-02-02 09:40:59"
"Benjie Val Lumawag","Successfully Login","Login","2023-02-02 22:55:44"
"","Added new customer [Tapeseria]","Customer","2023-02-02 23:46:45"
"","Attempt to add existing customer [Juban]","Customer","2023-02-03 02:41:57"
"","Attempt to add existing customer [Juban]","Customer","2023-02-03 02:41:59"
"","Attempt to add existing customer [Juban]","Customer","2023-02-03 02:42:04"
"","Added new customer [Kg Supeña]","Customer","2023-02-03 03:52:12"
"","Added new customer [Palomar]","Customer","2023-02-03 04:05:53"
"","Added new customer [Estrelloso, Jayson]","Customer","2023-02-03 04:14:55"
"","Added new customer [Gankalao, J]","Customer","2023-02-03 04:54:48"
"Benjie Val Lumawag","Added new product [Furadan 30kg]","Product","2023-02-03 06:08:43"
"","Added new customer [Rizardo, Peter]","Customer","2023-02-03 06:44:40"
"Benjie Val Lumawag","Error to add new customer payment [CP-230203065037]","Customer Payment","2023-02-03 06:50:47"
"Benjie Val Lumawag","Finished customer payment [CP-230203065037]","Customer Payment","2023-02-03 06:50:55"
"","Added new customer [an]","Customer","2023-02-03 07:22:18"
"","Added new customer [Esmael]","Customer","2023-02-03 07:22:45"
"","Added new customer [Perez, Arnold]","Customer","2023-02-03 07:24:32"
"Benjie Val Lumawag","Added new product [NK 6410-Kilo]","Product","2023-02-03 07:54:57"
"","Added new customer [Sadam]","Customer","2023-02-03 08:04:04"
"","Added new customer [Jimmy C]","Customer","2023-02-03 08:11:57"
"","Added new customer [Libana, A]","Customer","2023-02-03 08:12:44"
"","Added new customer [Lustan]","Customer","2023-02-03 08:20:35"
"Benjie Val Lumawag","Error to add new customer payment [CP-230203082409]","Customer Payment","2023-02-03 08:24:15"
"Benjie Val Lumawag","Finished customer payment [CP-230203082409]","Customer Payment","2023-02-03 08:26:18"
"","Added new customer [Ramos, June]","Customer","2023-02-03 08:42:27"
"","Added new customer [Silongan, A]","Customer","2023-02-03 09:00:31"
"","Added new customer [Datu Manong]","Customer","2023-02-03 09:01:46"
"","Added new customer [Fernando]","Customer","2023-02-03 09:09:43"
"","Added new customer [Castor, Rey]","Customer","2023-02-03 09:21:03"
"","Added new customer [Gio, Hayde]","Customer","2023-02-03 09:29:23"
"","Added new customer [Cuares, L]","Customer","2023-02-03 09:44:16"
"","Added new customer [Caro]","Customer","2023-02-03 10:34:19"
"","Error to add new customer payment [CP-230203104256]","Customer Payment","2023-02-03 09:42:56"
"Benjie Val Lumawag","Successfully Login","Login","2023-02-03 11:34:55"
"Benjie Val Lumawag","Error to add new customer payment [CP-230203124828]","Customer Payment","2023-02-03 12:48:37"
"Benjie Val Lumawag","Error to add new customer payment [CP-230203125205]","Customer Payment","2023-02-03 12:52:12"
"Benjie Val Lumawag","Finished customer payment [CP-230203125205]","Customer Payment","2023-02-03 12:52:28"
"Benjie Val Lumawag","Error to add new customer payment [CP-230203125321]","Customer Payment","2023-02-03 12:53:29"
"Benjie Val Lumawag","Finished customer payment [CP-230203125321]","Customer Payment","2023-02-03 12:53:47"
"Benjie Val Lumawag","Added new product [Rich Vitamin -Gal]","Product","2023-02-04 01:06:02"
"Benjie Val Lumawag","Added new product [Rich Vitamin - Liter]","Product","2023-02-04 01:06:42"
"Benjie Val Lumawag","Error to add new customer payment [CP-230204011041]","Customer Payment","2023-02-04 01:10:55"
"Benjie Val Lumawag","Finished customer payment [CP-230204011041]","Customer Payment","2023-02-04 01:11:19"
"Benjie Val Lumawag","Successfully cleared bank due date [57]","Bank Due Date","2023-02-04 02:48:33"
"Benjie Val Lumawag","Successfully cleared bank due date [15]","Bank Due Date","2023-02-04 02:48:37"
"Benjie Val Lumawag","Successfully cleared bank due date [16]","Bank Due Date","2023-02-04 02:49:14"
"Benjie Val Lumawag","Successfully cleared bank due date [4]","Bank Due Date","2023-02-04 02:49:19"
"Benjie Val Lumawag","Successfully cleared bank due date [11]","Bank Due Date","2023-02-04 02:49:26"
"Benjie Val Lumawag","Successfully cleared bank due date [5]","Bank Due Date","2023-02-04 02:49:29"
"Benjie Val Lumawag","Successfully cleared bank due date [19]","Bank Due Date","2023-02-04 02:49:34"
"Benjie Val Lumawag","Successfully cleared bank due date [25]","Bank Due Date","2023-02-04 02:49:37"
"Benjie Val Lumawag","Successfully cleared bank due date [32]","Bank Due Date","2023-02-04 02:49:41"
"Benjie Val Lumawag","Successfully cleared bank due date [29]","Bank Due Date","2023-02-04 02:49:45"
"Benjie Val Lumawag","Successfully cleared bank due date [17]","Bank Due Date","2023-02-04 02:49:49"
"Benjie Val Lumawag","Successfully cleared bank due date [22]","Bank Due Date","2023-02-04 02:49:51"
"Benjie Val Lumawag","Successfully cleared bank due date [2]","Bank Due Date","2023-02-04 02:49:54"
"Benjie Val Lumawag","Successfully cleared bank due date [33]","Bank Due Date","2023-02-04 02:49:57"
"Benjie Val Lumawag","Successfully cleared bank due date [30]","Bank Due Date","2023-02-04 02:50:01"
"Benjie Val Lumawag","Successfully cleared bank due date [9]","Bank Due Date","2023-02-04 02:50:04"
"Benjie Val Lumawag","Successfully cleared bank due date [18]","Bank Due Date","2023-02-04 02:50:06"
"Benjie Val Lumawag","Successfully cleared bank due date [59]","Bank Due Date","2023-02-04 02:50:09"
"Benjie Val Lumawag","Successfully cleared bank due date [21]","Bank Due Date","2023-02-04 02:50:12"
"Benjie Val Lumawag","Added new price notice [PN-20230204040315]","Price Notice","2023-02-04 04:03:18"
"Benjie Val Lumawag","Added new detail of price notice [PN-20230204040315] : [Tripple 8 - Gallon  1420.00 ->  1400]","Price Notice","2023-02-04 04:03:27"
"Benjie Val Lumawag","Added new detail of price notice [PN-20230204040315] : [2100-Atlas 990.00 ->  970]","Price Notice","2023-02-04 04:03:34"
"Benjie Val Lumawag","Added new detail of price notice [PN-20230204040315] : [2100-Harvester 990.00 ->  970]","Price Notice","2023-02-04 04:03:41"
"Benjie Val Lumawag","Added new detail of price notice [PN-20230204040315] : [bio480-gallon 1480.00 ->  1470]","Price Notice","2023-02-04 04:04:31"
"Benjie Val Lumawag","Finished price notice [PN-20230204040315]","Price Notice","2023-02-04 04:06:16"
"Benjie Val Lumawag","Implemented price notice [PN-20230204040315]","Price Notice","2023-02-04 04:06:19"
"","Added new customer [Catamin, A]","Customer","2023-02-04 07:50:47"
"","Added new customer [Marcon]","Customer","2023-02-04 09:34:15"
"","Added new customer [Barotas, J]","Customer","2023-02-04 10:33:39"
"Benjie Val Lumawag","Successfully Login","Login","2023-02-04 10:49:26"
"Benjie Val Lumawag","Successfully Login","Login","2023-02-05 02:28:39"
"","Added new customer [Pateño]","Customer","2023-02-05 03:15:10"
"","Added new customer [Cali, Reygan]","Customer","2023-02-05 03:21:05"
"","Added new customer [Agramon, L]","Customer","2023-02-05 03:44:29"
"","Added new customer [Adapan, Guielala]","Customer","2023-02-05 04:08:06"
"","Added new customer [Mucoy]","Customer","2023-02-05 04:28:37"
"","Added new customer [Peñas, F]","Customer","2023-02-05 04:34:22"
"","Added new customer [Catiquesta, M]","Customer","2023-02-05 06:45:21"
"","Added new customer [Cordero, A]","Customer","2023-02-05 06:49:33"
"","Added new customer [Pelahiyao, D]","Customer","2023-02-05 07:19:38"
"","Added new customer [Salangan, C]","Customer","2023-02-05 07:30:48"
"","Added new customer [Naldoza, Totong]","Customer","2023-02-05 07:59:01"
"","Added new customer [Banaban, M]","Customer","2023-02-05 08:03:58"
"","Added new customer [Belbar, R]","Customer","2023-02-05 09:18:41"
"","Added new customer [Salvo]","Customer","2023-02-05 09:32:24"
"","Added new customer [Maca-ampang, L]","Customer","2023-02-05 10:33:55"
"Benjie Val Lumawag","Added new price notice [PN-20230205105434]","Price Notice","2023-02-05 10:54:38"
"Benjie Val Lumawag","Added new detail of price notice [PN-20230205105434] : [Clear out 5L 1780.00 ->  1700]","Price Notice","2023-02-05 10:54:52"
"Benjie Val Lumawag","Added new detail of price notice [PN-20230205105434] : [Spitfire - Gallon 1420.00 ->  1400]","Price Notice","2023-02-05 10:55:03"
"Benjie Val Lumawag","Updated price notice [PN-20230205105434]","Price Notice","2023-02-05 10:55:49"
"Benjie Val Lumawag","Finished price notice [PN-20230205105434]","Price Notice","2023-02-05 10:55:52"
"Benjie Val Lumawag","Implemented price notice [PN-20230205105434]","Price Notice","2023-02-05 10:55:54"
"Benjie Val Lumawag","Successfully Login","Login","2023-02-05 22:59:39"
"","Added new customer [Banaban, A]","Customer","2023-02-06 03:15:42"
"","Added new customer [Malijan, Boyet]","Customer","2023-02-06 03:32:18"
"","Attempt to add existing customer [Aldamar]","Customer","2023-02-06 03:35:58"
"","Added new customer [Aldamar, D]","Customer","2023-02-06 03:36:18"
"","Added new customer [Sultan, J]","Customer","2023-02-06 05:34:21"
"","Added new customer [Jungco, M]","Customer","2023-02-06 06:53:00"
"","Added new customer [Tapa]","Customer","2023-02-06 07:15:00"
"Benjie Val Lumawag","Successfully Login","Login","2023-02-06 07:37:50"
"Benjie Val Lumawag","Added new price notice [PN-20230206074008]","Price Notice","2023-02-06 07:40:10"
"Benjie Val Lumawag","Added new detail of price notice [PN-20230206074008] : [18460-Amigo 3450.00 ->  3300]","Price Notice","2023-02-06 07:40:17"
"Benjie Val Lumawag","Finished price notice [PN-20230206074008]","Price Notice","2023-02-06 07:40:21"
"Benjie Val Lumawag","Attempt to add existing price notice [PN-20230206074024]","Price Notice","2023-02-06 07:40:26"
"Benjie Val Lumawag","Attempt to add existing price notice [PN-20230206074024]","Price Notice","2023-02-06 07:40:29"
"Benjie Val Lumawag","Implemented price notice [PN-20230206074008]","Price Notice","2023-02-06 07:40:34"
"","Added new customer [Bumacas]","Customer","2023-02-06 07:45:22"
"Benjie Val Lumawag","Error to add new customer payment [CP-230206083832]","Customer Payment","2023-02-06 08:38:43"
"Benjie Val Lumawag","Finished customer payment [CP-230206083832]","Customer Payment","2023-02-06 08:39:04"
"Benjie Val Lumawag","Error to add new customer payment [CP-230206083906]","Customer Payment","2023-02-06 08:39:12"
"Benjie Val Lumawag","Finished customer payment [CP-230206083906]","Customer Payment","2023-02-06 08:39:21"
"","Added new customer [Maamor, A]","Customer","2023-02-06 09:03:10"
"","Added new customer [Salangan, B]","Customer","2023-02-06 09:06:04"
"Benjie Val Lumawag","Successfully Login","Login","2023-02-06 23:06:22"
"","Added new customer [Valencia, Amado]","Customer","2023-02-06 23:51:09"
"","Error to add new customer payment [CP-230206235144]","Customer Payment","2023-02-06 22:51:44"
"","Added new customer [Macasadi]","Customer","2023-02-07 00:29:27"
"","Added new customer [Pangandaman]","Customer","2023-02-07 00:52:36"
"","Added new customer [Miran]","Customer","2023-02-07 01:09:53"
"","Added new customer [Ermina, Miraflor]","Customer","2023-02-07 02:49:27"
"","Added new customer [Pagado]","Customer","2023-02-07 03:03:36"
"","Added new customer [Bayo]","Customer","2023-02-07 03:14:50"
"","Added new customer [Basbaño]","Customer","2023-02-07 03:19:33"
"Benjie Val Lumawag","Added new bank [EastWest]","Bank","2023-02-07 04:04:58"
"","Added new customer [Licaña]","Customer","2023-02-07 04:13:50"
"","Added new customer [Bagnes, Marlon]","Customer","2023-02-07 04:32:58"
"","Added new customer [Macasulay]","Customer","2023-02-07 04:41:55"
"","Added new customer [Salangan, J]","Customer","2023-02-07 04:51:18"
"","Attempt to add existing customer [aldamar]","Customer","2023-02-07 05:20:13"
"","Attempt to add existing customer [aldamar]","Customer","2023-02-07 05:20:15"
"","Attempt to add existing customer [aldamar]","Customer","2023-02-07 05:20:16"
"Benjie Val Lumawag","Added new price notice [PN-20230207055137]","Price Notice","2023-02-07 05:51:39"
"Benjie Val Lumawag","Added new detail of price notice [PN-20230207055137] : [Glyzone-Gallon 1520.00 ->  1450]","Price Notice","2023-02-07 05:52:13"
"Benjie Val Lumawag","Finished price notice [PN-20230207055137]","Price Notice","2023-02-07 05:52:16"
"","Added new customer [Sandahan]","Customer","2023-02-07 05:58:23"
"","Added new customer [Manuel, J]","Customer","2023-02-07 06:05:47"
"Benjie Val Lumawag","Implemented price notice [PN-20230207055137]","Price Notice","2023-02-07 06:53:18"
"Benjie Val Lumawag","Added new product [Delivery Charge]","Product","2023-02-07 06:54:05"
"Benjie Val Lumawag","Added new beginning balance [273]","Beginning Balance","2023-02-07 06:55:16"
"","Added new customer [Hallado, I]","Customer","2023-02-07 08:40:05"
"","Added new customer [Manungkara]","Customer","2023-02-07 08:45:26"
"","Added new customer [Salinao]","Customer","2023-02-07 09:14:17"
"","Error to add new customer payment [CP-230207102110]","Customer Payment","2023-02-07 09:21:10"
"Benjie Val Lumawag","Successfully Login","Login","2023-02-07 22:47:18"
"","Added new customer [Bayangan, Mike]","Customer","2023-02-08 00:07:45"
"","Error to add new customer payment [CP-230208000758]","Customer Payment","2023-02-07 23:07:58"
"","Added new customer [Batukan, J]","Customer","2023-02-08 03:10:47"
"","Added new customer [Ebrona, Inday]","Customer","2023-02-08 03:43:16"
"Benjie Val Lumawag","Successfully Login","Login","2023-02-08 05:06:35"
"Benjie Val Lumawag","Error to add new customer payment [CP-230208050637]","Customer Payment","2023-02-08 05:06:43"
"Benjie Val Lumawag","Added new price notice [PN-20230208051344]","Price Notice","2023-02-08 05:13:46"
"Benjie Val Lumawag","Added new detail of price notice [PN-20230208051344] : [Suprema - kalabasa 2800.00 ->  2780]","Price Notice","2023-02-08 05:13:58"
"Benjie Val Lumawag","Finished price notice [PN-20230208051344]","Price Notice","2023-02-08 05:14:00"
"Benjie Val Lumawag","Implemented price notice [PN-20230208051344]","Price Notice","2023-02-08 05:14:08"
"","Added new customer [Alao]","Customer","2023-02-08 05:37:48"
"","Added new customer [Pedro]","Customer","2023-02-08 05:47:34"
"Benjie Val Lumawag","Added new product [Stand-Liter]","Product","2023-02-08 06:03:38"
"","Added new customer [Lomahan, Charlene]","Customer","2023-02-08 08:38:15"
"Benjie Val Lumawag","Successfully Login","Login","2023-02-08 09:06:29"
"Benjie Val Lumawag","Added new product [P 3645- Kilo]","Product","2023-02-08 10:34:57"
"Benjie Val Lumawag","Added new product [P 4124- Kilo]","Product","2023-02-08 10:35:23"
"Benjie Val Lumawag","Added new product [P 3530- Kilo]","Product","2023-02-08 10:35:54"
"Benjie Val Lumawag","Added new product [D 8899- Kilo]","Product","2023-02-08 10:37:07"
"Benjie Val Lumawag","Error to add new customer payment [CP-230208105621]","Customer Payment","2023-02-08 10:56:27"
"Benjie Val Lumawag","Successfully Login","Login","2023-02-08 10:57:07"
"Benjie Val Lumawag","Successfully Login","Login","2023-02-08 23:44:49"
"Benjie Val Lumawag","Added new price notice [PN-20230209001056]","Price Notice","2023-02-09 00:10:58"
"Benjie Val Lumawag","Added new detail of price notice [PN-20230209001056] : [16200-Atlas 1890.00 ->  1880]","Price Notice","2023-02-09 00:11:11"
"Benjie Val Lumawag","Added new detail of price notice [PN-20230209001056] : [4600-Atlas 1990.00 ->  1980]","Price Notice","2023-02-09 00:11:19"
"Benjie Val Lumawag","Added new detail of price notice [PN-20230209001056] : [141414-Atlas 2050.00 ->  2030]","Price Notice","2023-02-09 00:11:38"
"Benjie Val Lumawag","Finished price notice [PN-20230209001056]","Price Notice","2023-02-09 00:12:27"
"Benjie Val Lumawag","Implemented price notice [PN-20230209001056]","Price Notice","2023-02-09 00:12:30"
"","Added new customer [Lariga]","Customer","2023-02-09 00:14:49"
"","Added new customer [Depositario]","Customer","2023-02-09 00:47:18"
"","Added new customer [Agtarap]","Customer","2023-02-09 02:05:51"
"","Added new customer [Talib, Micheal]","Customer","2023-02-09 02:17:05"
"","Added new customer [Yambing, B]","Customer","2023-02-09 02:27:39"
"","Added new customer [Bago]","Customer","2023-02-09 02:56:34"
"","Added new customer [Monegro]","Customer","2023-02-09 03:06:46"
"Benjie Val Lumawag","Attempt to add existing price notice [PN-20230209032637]","Price Notice","2023-02-09 03:26:39"
"Benjie Val Lumawag","Updated product [2100-Atlas]","Product","2023-02-09 03:27:05"
"Benjie Val Lumawag","Updated product [2100-Harvester]","Product","2023-02-09 03:27:17"
"Benjie Val Lumawag","Updated product [Suprema - kalabasa]","Product","2023-02-09 03:27:45"
"","Error to add new customer payment [CP-230209035147]","Customer Payment","2023-02-09 02:51:47"
"","Added new customer [Tedios]","Customer","2023-02-09 04:13:23"
"","Added new customer [Diego]","Customer","2023-02-09 05:25:09"
"","Added new customer [Sumagina, Rosbil]","Customer","2023-02-09 07:20:16"
"","Added new customer [wali]","Customer","2023-02-09 07:25:34"
"","Added new customer [Buenaflor]","Customer","2023-02-09 08:29:28"
"","Added new customer [Sandigan, B]","Customer","2023-02-09 08:58:27"
"","Added new customer [Ripag, Bryan]","Customer","2023-02-09 09:08:07"
"","Added new customer [Villote]","Customer","2023-02-09 09:09:15"
"","Added new customer [Bofitiado]","Customer","2023-02-09 09:11:18"
"","Added new customer [Namoc]","Customer","2023-02-09 09:32:00"
"","Added new customer [Maamor]","Customer","2023-02-09 09:35:07"
"","Added new customer [Borro]","Customer","2023-02-09 09:37:53"
"","Added new customer [Aluyodan]","Customer","2023-02-09 09:52:44"
"","Added new customer [Mamao, A]","Customer","2023-02-09 09:58:54"
"Benjie Val Lumawag","Successfully Login","Login","2023-02-09 23:01:30"
"","Added new customer [Solis, Theresa]","Customer","2023-02-10 00:02:36"
"","Error to add new customer payment [CP-230210000248]","Customer Payment","2023-02-09 23:02:48"
"Benjie Val Lumawag","Successfully Login","Login","2023-02-10 00:06:55"
"Benjie Val Lumawag","Updated customer [Solis, Theresa] => [Quizon, Theresa]","Customer","2023-02-09 23:07:11"
"","Added new customer [Albay, J]","Customer","2023-02-10 00:25:03"
"Benjie Val Lumawag","Error to add new customer payment [CP-230210002541]","Customer Payment","2023-02-10 00:25:48"
"Benjie Val Lumawag","Finished customer payment [CP-230210002541]","Customer Payment","2023-02-10 00:25:58"
"","Added new customer [Oding, Abdul]","Customer","2023-02-10 00:41:41"
"","Added new customer [Kawaling, L]","Customer","2023-02-10 00:47:01"
"Benjie Val Lumawag","Successfully Login","Login","2023-02-10 00:55:47"
"Benjie Val Lumawag","Added new price notice [PN-20230210005640]","Price Notice","2023-02-10 00:56:42"
"Benjie Val Lumawag","Added new detail of price notice [PN-20230210005640] : [Spitfire - Gallon 1400.00 ->  1370]","Price Notice","2023-02-10 00:57:02"
"Benjie Val Lumawag","Added new detail of price notice [PN-20230210005640] : [Todo Max - Gallon  1300.00 ->  1270]","Price Notice","2023-02-10 00:57:09"
"Benjie Val Lumawag","Added new detail of price notice [PN-20230210005640] : [Ground Plus- Gallon 1400.00 ->  1370]","Price Notice","2023-02-10 00:57:19"
"Benjie Val Lumawag","Added new detail of price notice [PN-20230210005640] : [alecta-gallon 1420.00 ->  1400]","Price Notice","2023-02-10 00:58:47"
"Benjie Val Lumawag","Added new detail of price notice [PN-20230210005640] : [Grader- Gallon 1400.00 ->  1380]","Price Notice","2023-02-10 00:59:46"
"Benjie Val Lumawag","Added new detail of price notice [PN-20230210005640] : [Glyner-Gallon 1470.00 ->  1420]","Price Notice","2023-02-10 01:01:34"
"Benjie Val Lumawag","Finished price notice [PN-20230210005640]","Price Notice","2023-02-10 01:01:36"
"Benjie Val Lumawag","Implemented price notice [PN-20230210005640]","Price Notice","2023-02-10 02:09:15"
"","Error to add new customer payment [CP-230210021602]","Customer Payment","2023-02-10 01:16:02"
"","Added new customer [Gantalao, Love2x]","Customer","2023-02-10 02:43:22"
"Benjie Val Lumawag","Added new product [Top Ace]","Product","2023-02-10 03:12:38"
"Benjie Val Lumawag","Updated product [Top Ace]","Product","2023-02-10 03:13:19"
"","Attempt to add existing customer [Salangan, S]","Customer","2023-02-10 03:21:02"
"","Attempt to add existing customer [Salangan, S]","Customer","2023-02-10 03:21:05"
"","Added new customer [Padernal, Henry]","Customer","2023-02-10 03:47:29"
"","Added new customer [Sumbal, K]","Customer","2023-02-10 03:58:40"
"","Added new customer [Narag]","Customer","2023-02-10 04:02:16"
"","Added new customer [Peñas, Roger]","Customer","2023-02-10 04:22:00"
"","Added new customer [Manglicmot, T]","Customer","2023-02-10 06:06:12"
"","Added new customer [Barsenas]","Customer","2023-02-10 06:38:50"
"","Added new customer [Acuzar, Bernadette]","Customer","2023-02-10 07:31:40"
"","Added new customer [Batiller, Roseman]","Customer","2023-02-10 07:52:27"
"Benjie Val Lumawag","Successfully Login","Login","2023-02-10 08:33:17"
"","Added new customer [Pacardo, Wilson]","Customer","2023-02-10 10:08:03"
"Benjie Val Lumawag","Error to add new customer payment [CP-230210105627]","Customer Payment","2023-02-10 10:56:33"
"Benjie Val Lumawag","Finished customer payment [CP-230210105627]","Customer Payment","2023-02-10 10:56:54"
"Benjie Val Lumawag","Successfully Login","Login","2023-02-10 23:39:09"
"","Added new customer [Panggaga, Danding]","Customer","2023-02-11 02:44:17"
"","Added new customer [Calambro]","Customer","2023-02-11 03:03:13"
"","Added new customer [Suyo]","Customer","2023-02-11 03:09:47"
"","Added new customer [Gumban]","Customer","2023-02-11 04:04:49"
"","Added new customer [Ellorin, J]","Customer","2023-02-11 04:30:59"
"Benjie Val Lumawag","Updated customer [Talib, Micheal]","Customer","2023-02-11 03:34:07"
"Benjie Val Lumawag","Added new product [Delivery Charge-30]","Product","2023-02-11 07:06:56"
"Benjie Val Lumawag","Updated product [Delivery Charge-30]","Product","2023-02-11 07:07:34"
"Benjie Val Lumawag","Added new beginning balance [280]","Beginning Balance","2023-02-11 07:07:56"
"","Added new customer [Bainor]","Customer","2023-02-11 07:13:24"
"","Added new customer [Ignacio, J]","Customer","2023-02-11 07:27:01"
"","Attempt to add existing customer [Lumingkit, Lorna]","Customer","2023-02-11 07:37:34"
"","Added new customer [Barcas, Gemma]","Customer","2023-02-11 08:09:25"
"","Added new customer [Muslimin]","Customer","2023-02-11 08:23:13"
"Benjie Val Lumawag","Successfully Login","Login","2023-02-11 23:16:53"
"Benjie Val Lumawag","Updated product [G-Cash Out]","Product","2023-02-12 00:21:44"
"Benjie Val Lumawag","Updated product [G-Cash Out]","Product","2023-02-12 00:23:28"
"","Added new customer [Cayetano, Mark]","Customer","2023-02-12 00:29:41"
"Benjie Val Lumawag","Added new price notice [PN-20230212010127]","Price Notice","2023-02-12 01:01:28"
"Benjie Val Lumawag","Added new detail of price notice [PN-20230212010127] : [4600-Harvester 1980.00 ->  1970]","Price Notice","2023-02-12 01:01:36"
"Benjie Val Lumawag","Added new detail of price notice [PN-20230212010127] : [4600-Amigo 2220.00 ->  1920]","Price Notice","2023-02-12 01:01:59"
"Benjie Val Lumawag","Added new detail of price notice [PN-20230212010127] : [24D-Amine -Liter 290.00 ->  280]","Price Notice","2023-02-12 01:02:47"
"Benjie Val Lumawag","Deleted detail of price notice [24D-Amine -Liter @ 280.00]","Price Notice","2023-02-12 01:03:32"
"Benjie Val Lumawag","Added new detail of price notice [PN-20230212010127] : [24D-Amine -Liter 290.00 ->  270]","Price Notice","2023-02-12 01:03:43"
"Benjie Val Lumawag","Finished price notice [PN-20230212010127]","Price Notice","2023-02-12 01:03:46"
"Benjie Val Lumawag","Implemented price notice [PN-20230212010127]","Price Notice","2023-02-12 01:03:48"
"","Added new customer [Celeste, J]","Customer","2023-02-12 02:53:38"
"Benjie Val Lumawag","Attempt to add existing price notice [PN-20230212033719]","Price Notice","2023-02-12 03:37:20"
"","Added new customer [Balila, Dante]","Customer","2023-02-12 03:43:29"
"","Added new customer [Azagra, Renante]","Customer","2023-02-12 04:01:49"
"","Added new customer [Delos Santos]","Customer","2023-02-12 04:20:58"
"Benjie Val Lumawag","Successfully Login","Login","2023-02-12 06:57:36"
"Benjie Val Lumawag","Finished customer payment [CP-230208105621]","Customer Payment","2023-02-12 06:58:53"
"","Added new customer [Balolong]","Customer","2023-02-12 07:49:31"
"","Error to add new customer payment [CP-230212080903]","Customer Payment","2023-02-12 07:09:03"
"Benjie Val Lumawag","Successfully Login","Login","2023-02-12 08:09:42"
"","Added new customer [Catamin, Helen]","Customer","2023-02-13 00:11:22"
"","Added new customer [Barrion, Jimmy]","Customer","2023-02-13 01:15:44"
"","Added new customer [Osman, Abdullah]","Customer","2023-02-13 03:29:36"
"Benjie Val Lumawag","Successfully Login","Login","2023-02-13 04:19:42"
"Benjie Val Lumawag","Added new price notice [PN-20230213042001]","Price Notice","2023-02-13 04:20:02"
"Benjie Val Lumawag","Added new detail of price notice [PN-20230213042001] : [16200-Atlas 1880.00 ->  1850]","Price Notice","2023-02-13 04:20:44"
"Benjie Val Lumawag","Added new detail of price notice [PN-20230213042001] : [4600-Atlas 1980.00 ->  1950]","Price Notice","2023-02-13 04:20:55"
"Benjie Val Lumawag","Attempt to add existing detail of price notice [PN-20230213042001] : [16200-Atlas 1880.00 ->  1860]","Price Notice","2023-02-13 04:21:02"
"Benjie Val Lumawag","Deleted detail of price notice [16200-Atlas @ 1850.00]","Price Notice","2023-02-13 04:21:06"
"Benjie Val Lumawag","Added new detail of price notice [PN-20230213042001] : [16200-Atlas 1880.00 ->  1860]","Price Notice","2023-02-13 04:21:08"
"Benjie Val Lumawag","Finished price notice [PN-20230213042001]","Price Notice","2023-02-13 04:21:10"
"Benjie Val Lumawag","Implemented price notice [PN-20230213042001]","Price Notice","2023-02-13 04:21:12"
"","Added new customer [Soqueña, J]","Customer","2023-02-13 04:22:45"
"Benjie Val Lumawag","Added new product [Sincera]","Product","2023-02-13 04:25:58"
"Benjie Val Lumawag","Added new product [Magnum 250ml]","Product","2023-02-13 04:26:19"
"","Added new customer [Montales]","Customer","2023-02-13 04:41:14"
"","Added new customer [Balmores, N]","Customer","2023-02-13 07:49:32"
"","Added new customer [Alimodin]","Customer","2023-02-13 08:08:14"
"","Added new customer [Callao]","Customer","2023-02-13 08:26:03"
"","Added new customer [Angatong]","Customer","2023-02-13 09:12:51"
"Benjie Val Lumawag","Successfully Login","Login","2023-02-13 23:54:51"
"","Added new customer [Alsoza]","Customer","2023-02-14 01:44:01"
"","Added new customer [Calantina, Merlie]","Customer","2023-02-14 02:48:11"
"","Added new customer [Mating]","Customer","2023-02-14 03:11:32"
"","Added new customer [Calantina]","Customer","2023-02-14 03:51:06"
"","Added new customer [Naki, Salaman]","Customer","2023-02-14 04:14:07"
"","Added new customer [Matala, Ostad]","Customer","2023-02-14 05:04:29"
"","Added new customer [Pandoma, Marisa]","Customer","2023-02-14 05:38:46"
"","Added new customer [Manditayan]","Customer","2023-02-14 05:42:14"
"","Added new customer [Paisal]","Customer","2023-02-14 05:48:46"
"","Error to add new customer payment [CP-230214082656]","Customer Payment","2023-02-14 07:26:56"
"","Added new customer [Cader]","Customer","2023-02-14 09:20:20"
"","Added new customer [Sultan, Saipoden]","Customer","2023-02-14 09:29:25"
"","Added new customer [Barrion, B]","Customer","2023-02-14 23:22:41"
"","Added new customer [Benbadz]","Customer","2023-02-15 00:18:58"
"","Error to add new customer payment [CP-230215012645]","Customer Payment","2023-02-15 00:26:45"
"","Added new customer [Matala, Thoma]","Customer","2023-02-15 01:34:17"
"","Added new customer [Alsosa, Allonie]","Customer","2023-02-15 01:42:21"
"","Added new customer [Panes]","Customer","2023-02-15 01:45:28"
"","Error to add new customer payment [CP-230215030950]","Customer Payment","2023-02-15 02:09:50"
"Benjie Val Lumawag","Updated customer [Pamulag, Lorito] => [Pamunag, Lorito]","Customer","2023-02-15 02:12:59"
"","Added new customer [Bacus]","Customer","2023-02-15 03:16:52"
"","Added new customer [Pacardo, J]","Customer","2023-02-15 05:05:47"
"","Added new customer [Cayetano]","Customer","2023-02-15 05:19:16"
"","Added new customer [Asong, Jimmy]","Customer","2023-02-15 06:27:26"
"","Added new customer [Hermoso, Evelyn]","Customer","2023-02-15 06:28:20"
"","Added new customer [Sandaja]","Customer","2023-02-15 06:41:26"
"Benjie Val Lumawag","Successfully Login","Login","2023-02-15 07:00:09"
"","Added new customer [Pagumpatin, N]","Customer","2023-02-15 08:06:30"
"Benjie Val Lumawag","Successfully Login","Login","2023-02-15 22:57:38"
"","Added new customer [Maygay, Gerry]","Customer","2023-02-16 00:53:55"
"","Added new customer [Salangan, Basari]","Customer","2023-02-16 01:46:03"
"Benjie Val Lumawag","Successfully Login","Login","2023-02-16 06:38:42"
"","Added new customer [Toma]","Customer","2023-02-16 06:45:35"
"Benjie Val Lumawag","Added new product [APSA 250ml]","Product","2023-02-16 06:47:06"
"Benjie Val Lumawag","Updated product [Guarante]","Product","2023-02-16 06:51:20"
"Benjie Val Lumawag","Added new product [Delivery Charge-20]","Product","2023-02-16 07:54:36"
"","Added new customer [Sahagon]","Customer","2023-02-16 07:56:06"
"","Error to add new customer payment [CP-230216075727]","Customer Payment","2023-02-16 06:57:27"
"","Added new customer [Castor, Tanlok]","Customer","2023-02-16 08:01:26"
"","Added new customer [Sanguines, N]","Customer","2023-02-16 09:48:23"
"","Added new customer [Calogne, Evelyn]","Customer","2023-02-16 09:54:37"
"","Added new customer [Tambog, Kader]","Customer","2023-02-16 09:55:41"
"Benjie Val Lumawag","Successfully Login","Login","2023-02-16 10:01:07"
"","Added new customer [Castor, Elsa]","Customer","2023-02-16 10:19:25"
"","Error to add new customer payment [CP-230216101937]","Customer Payment","2023-02-16 09:19:37"
"Benjie Val Lumawag","Error to add new customer payment [CP-230216104641]","Customer Payment","2023-02-16 10:46:49"
"Benjie Val Lumawag","Finished customer payment [CP-230216104641]","Customer Payment","2023-02-16 10:47:05"
"Benjie Val Lumawag","Error to add new customer payment [CP-230216105741]","Customer Payment","2023-02-16 10:57:48"
"Benjie Val Lumawag","Finished customer payment [CP-230216105741]","Customer Payment","2023-02-16 10:58:27"
"Benjie Val Lumawag","Error to add new customer payment [CP-230216105932]","Customer Payment","2023-02-16 10:59:40"
"Benjie Val Lumawag","Finished customer payment [CP-230216105932]","Customer Payment","2023-02-16 10:59:49"
"","Added new customer [Fernandez, J]","Customer","2023-02-16 23:26:49"
"Benjie Val Lumawag","Successfully Login","Login","2023-02-16 23:44:34"
"Benjie Val Lumawag","Error to add new customer payment [CP-230217012910]","Customer Payment","2023-02-17 01:29:17"
"Benjie Val Lumawag","Finished customer payment [CP-230217012910]","Customer Payment","2023-02-17 01:30:53"
"Benjie Val Lumawag","Added new price notice [PN-20230217015440]","Price Notice","2023-02-17 01:54:42"
"Benjie Val Lumawag","Added new detail of price notice [PN-20230217015440] : [16200-Atlas 1860.00 ->  1850]","Price Notice","2023-02-17 01:54:55"
"Benjie Val Lumawag","Added new detail of price notice [PN-20230217015440] : [alecta-gallon 1400.00 ->  1420]","Price Notice","2023-02-17 01:55:12"
"Benjie Val Lumawag","Added new detail of price notice [PN-20230217015440] : [Cymbosh- liter 920.00 ->  500]","Price Notice","2023-02-17 01:55:47"
"Benjie Val Lumawag","Added new detail of price notice [PN-20230217015440] : [Round up - Gallon 2100.00 ->  2000]","Price Notice","2023-02-17 01:57:21"
"Benjie Val Lumawag","Added new detail of price notice [PN-20230217015440] : [Todo Max - Gallon  1270.00 ->  1250]","Price Notice","2023-02-17 01:58:02"
"Benjie Val Lumawag","Added new detail of price notice [PN-20230217015440] : [D-8899s 5200.00 ->  5300]","Price Notice","2023-02-17 01:58:37"
"Benjie Val Lumawag","Finished price notice [PN-20230217015440]","Price Notice","2023-02-17 02:11:39"
"Benjie Val Lumawag","Implemented price notice [PN-20230217015440]","Price Notice","2023-02-17 02:11:42"
"Benjie Val Lumawag","Added new product [Qaudro 8]","Product","2023-02-17 02:17:28"
"","Added new customer [Lumambas, B]","Customer","2023-02-17 02:49:24"
"","Added new customer [Cerbo, Rolando]","Customer","2023-02-17 03:05:16"
"Benjie Val Lumawag","Error to add new customer payment [CP-230217030658]","Customer Payment","2023-02-17 03:07:04"
"Benjie Val Lumawag","Finished customer payment [CP-230217030658]","Customer Payment","2023-02-17 03:10:02"
"Benjie Val Lumawag","Error to add new customer payment [CP-230217031741]","Customer Payment","2023-02-17 03:17:47"
"Benjie Val Lumawag","Finished customer payment [CP-230217031741]","Customer Payment","2023-02-17 03:18:23"
"","Added new customer [Molina]","Customer","2023-02-17 04:01:04"
"","Added new customer [Yolanda, Munda]","Customer","2023-02-17 05:03:42"
"","Added new customer [Balacasi, N]","Customer","2023-02-17 05:58:59"
"","Added new customer [Vallespin, Gilbert]","Customer","2023-02-17 06:38:18"
"Benjie Val Lumawag","Added new product [Acid]","Product","2023-02-17 07:27:42"
"","Added new customer [Teko]","Customer","2023-02-17 07:40:14"
"Benjie Val Lumawag","Updated product [Acid]","Product","2023-02-17 07:45:20"
"Benjie Val Lumawag","Updated customer [Evo Gene-Rex] => [Borja, Rex]","Customer","2023-02-17 06:54:45"
"","Added new customer [Mantitayan]","Customer","2023-02-17 08:20:39"
"","Added new customer [Garbino, Mary]","Customer","2023-02-17 09:47:19"
"","Added new customer [Diocares]","Customer","2023-02-17 10:16:23"
"Benjie Val Lumawag","Successfully Login","Login","2023-02-17 23:45:59"
"Benjie Val Lumawag","Error to add new customer payment [CP-230218013650]","Customer Payment","2023-02-18 01:37:08"
"Benjie Val Lumawag","Finished customer payment [CP-230218013650]","Customer Payment","2023-02-18 01:37:45"
"","Added new customer [Aposaga, John]","Customer","2023-02-18 03:11:00"
"","Added new customer [Llorici, Joven]","Customer","2023-02-18 03:14:06"
"Benjie Val Lumawag","Error to add new customer payment [CP-230218032720]","Customer Payment","2023-02-18 03:27:26"
"Benjie Val Lumawag","Finished customer payment [CP-230218032720]","Customer Payment","2023-02-18 03:27:37"
"","Added new customer [Ventura, Sally]","Customer","2023-02-18 03:29:39"
"","Error to add new customer payment [CP-230218033209]","Customer Payment","2023-02-18 02:32:09"
"","Added new customer [Caturay, L]","Customer","2023-02-18 03:44:20"
"Benjie Val Lumawag","Error to add new customer payment [CP-230218034903]","Customer Payment","2023-02-18 03:49:11"
"Benjie Val Lumawag","Finished customer payment [CP-230218034903]","Customer Payment","2023-02-18 03:49:26"
"Benjie Val Lumawag","Error to add new customer payment [CP-230218053604]","Customer Payment","2023-02-18 05:36:12"
"Benjie Val Lumawag","Attempt to add existing product [Maharlika-1400]","Product","2023-02-18 06:05:40"
"Benjie Val Lumawag","Attempt to add existing product [Maharlika-1400]","Product","2023-02-18 06:05:49"
"Benjie Val Lumawag","Attempt to add existing product [Maharlika-1400]","Product","2023-02-18 06:05:56"
"Benjie Val Lumawag","Added new product [Maharlika- 1400]","Product","2023-02-18 06:06:26"
"","Added new customer [Onie, R]","Customer","2023-02-18 07:17:40"
"Benjie Val Lumawag","Successfully Login","Login","2023-02-18 07:29:09"
"","Added new customer [Lacaran]","Customer","2023-02-18 08:55:41"
"Benjie Val Lumawag","Error to add new customer payment [CP-230218092549]","Customer Payment","2023-02-18 09:26:07"
"Benjie Val Lumawag","Finished customer payment [CP-230218092549]","Customer Payment","2023-02-18 09:26:23"
"Benjie Val Lumawag","Added new supplier [PMC Enterprises]","Supplier","2023-02-18 09:32:42"
"","Added new customer [Macasarte]","Customer","2023-02-18 09:42:41"
"","Added new customer [Lumabao]","Customer","2023-02-18 10:08:44"
"Benjie Val Lumawag","Successfully Login","Login","2023-02-18 23:22:25"
"","Added new customer [Molina, R]","Customer","2023-02-18 23:36:21"
"Benjie Val Lumawag","Added new price notice [PN-20230219003252]","Price Notice","2023-02-19 00:32:53"
"Benjie Val Lumawag","Added new detail of price notice [PN-20230219003252] : [P 4124 4900.00 ->  4800]","Price Notice","2023-02-19 00:33:03"
"Benjie Val Lumawag","Updated product [P 4124]","Product","2023-02-19 00:34:57"
"","Added new customer [Barong, Jomar]","Customer","2023-02-19 01:13:31"
"","Added new customer [Tatsado, Jake]","Customer","2023-02-19 01:46:37"
"","Added new customer [Mucalam, Backs]","Customer","2023-02-19 02:11:56"
"","Added new customer [Barion, Evangeline]","Customer","2023-02-19 02:37:58"
"Benjie Val Lumawag","Error to add new customer payment [CP-230219024116]","Customer Payment","2023-02-19 02:41:47"
"Benjie Val Lumawag","Finished customer payment [CP-230219024116]","Customer Payment","2023-02-19 02:41:58"
"","Added new customer [Ferolino, J]","Customer","2023-02-19 02:56:31"
"","Added new customer [Capanang]","Customer","2023-02-19 03:08:20"
"","Added new customer [Pagmanua]","Customer","2023-02-19 03:37:32"
"","Added new customer [Ruyana, Richard]","Customer","2023-02-19 04:02:41"
"","Added new customer [Delaraga, Roy]","Customer","2023-02-19 04:08:41"
"Benjie Val Lumawag","Attempt to add existing price notice [PN-20230219043643]","Price Notice","2023-02-19 04:36:44"
"Benjie Val Lumawag","Attempt to add existing price notice [PN-20230219043643]","Price Notice","2023-02-19 04:36:46"
"Benjie Val Lumawag","Attempt to add existing price notice [PN-20230219043703]","Price Notice","2023-02-19 04:37:04"
"Benjie Val Lumawag","Updated product [4600-Harvester]","Product","2023-02-19 04:37:19"
"Benjie Val Lumawag","Updated product [Crop Giant (Orange)]","Product","2023-02-19 04:37:31"
"Benjie Val Lumawag","Updated product [Crop Giant (Yellow)]","Product","2023-02-19 04:37:40"
"","Added new customer [Caranay]","Customer","2023-02-19 04:51:15"
"","Added new customer [Penaso, Nerio]","Customer","2023-02-19 05:23:37"
"","Added new customer [Silva, Silver]","Customer","2023-02-19 05:43:22"
"","Added new customer [Lucero, Jose]","Customer","2023-02-19 07:44:21"
"","Added new customer [Deslate]","Customer","2023-02-19 08:16:14"
"","Added new customer [Bofitiado, Dandy]","Customer","2023-02-19 08:36:59"
"","Added new customer [Pagurayan]","Customer","2023-02-19 08:40:02"
"","Added new customer [Belonio]","Customer","2023-02-19 08:55:15"
"","Added new customer [Pinamulaan High School]","Customer","2023-02-19 08:58:42"
"","Added new customer [Buado]","Customer","2023-02-19 10:28:01"
"","Added new customer [Jempoy, B]","Customer","2023-02-20 03:18:31"
"Benjie Val Lumawag","Successfully Login","Login","2023-02-20 05:27:38"
"","Added new customer [Amiler, Evelyn]","Customer","2023-02-20 05:33:02"
"","Added new customer [Lantib]","Customer","2023-02-20 08:16:34"
"","Added new customer [Vertillo]","Customer","2023-02-20 08:34:10"
"Benjie Val Lumawag","Added new supplier [NAC ENTERPRISES]","Supplier","2023-02-20 09:16:32"
"Benjie Val Lumawag","Added new product [Rocket- Lit]","Product","2023-02-20 09:19:13"
"Benjie Val Lumawag","Attempt to add existing product [Ariba-Lit]","Product","2023-02-20 09:19:38"
"Benjie Val Lumawag","Added new product [Ariba-Lit]","Product","2023-02-20 09:19:48"
"","Added new customer [Makasulay]","Customer","2023-02-20 09:21:48"
"Benjie Val Lumawag","Added new product [Glyphotex-Lit]","Product","2023-02-20 09:24:25"
"Benjie Val Lumawag","Added new product [Diutex Diuron- Lit]","Product","2023-02-20 09:28:31"
"Benjie Val Lumawag","Attempt to add existing product [Diutex Diuron-Kg]","Product","2023-02-20 09:30:36"
"Benjie Val Lumawag","Added new product [Diutex Diuron-Kg]","Product","2023-02-20 09:30:45"
"Benjie Val Lumawag","Error to add new customer payment [CP-230220095901]","Customer Payment","2023-02-20 09:59:09"
"Benjie Val Lumawag","Finished customer payment [CP-230220095901]","Customer Payment","2023-02-20 09:59:20"
"","Error to add new customer payment [CP-230220100259]","Customer Payment","2023-02-20 09:02:59"
"Benjie Val Lumawag","Successfully Login","Login","2023-02-20 23:01:07"
"Benjie Val Lumawag","Added new price notice [PN-20230220230112]","Price Notice","2023-02-20 23:01:13"
"Benjie Val Lumawag","Added new detail of price notice [PN-20230220230112] : [2100-Harvester 950.00 ->  900]","Price Notice","2023-02-20 23:01:30"
"","Added new customer [Colonghe, Jonar]","Customer","2023-02-20 23:09:34"
"Benjie Val Lumawag","Error to add new customer payment [CP-230220235311]","Customer Payment","2023-02-20 23:53:19"
"Benjie Val Lumawag","Finished customer payment [CP-230220235311]","Customer Payment","2023-02-20 23:53:28"
"","Added new customer [Ponsalan, Arnel]","Customer","2023-02-21 00:18:44"
"Benjie Val Lumawag","Successfully Login","Login","2023-02-21 00:23:43"
"Benjie Val Lumawag","Added new beginning balance [4]","Beginning Balance","2023-02-21 01:38:03"
"Benjie Val Lumawag","Attempt to update existing beginning balance [4]","Beginning Balance","2023-02-21 01:39:01"
"Benjie Val Lumawag","Attempt to update existing beginning balance [4]","Beginning Balance","2023-02-21 01:39:05"
"Benjie Val Lumawag","Attempt to add existing beginning balance [4]","Beginning Balance","2023-02-21 01:41:45"
"Benjie Val Lumawag","Deleted beginning balance [4]","Beginning Balance","2023-02-21 01:42:23"
"Benjie Val Lumawag","Added new beginning balance [4]","Beginning Balance","2023-02-21 01:42:54"
"Benjie Val Lumawag","Added new beginning balance [2]","Beginning Balance","2023-02-21 01:43:40"
"Benjie Val Lumawag","Added new beginning balance [1]","Beginning Balance","2023-02-21 01:44:23"
"","Added new customer [Espirito]","Customer","2023-02-21 01:55:26"
"","Added new customer [Bertillo, M]","Customer","2023-02-21 03:08:39"
"","Added new customer [Tangunan]","Customer","2023-02-21 03:25:38"
"","Error to add new customer payment [CP-230221032629]","Customer Payment","2023-02-21 02:26:29"
"","Added new customer [Jeongco]","Customer","2023-02-21 03:30:26"
"Benjie Val Lumawag","Attempt to add existing price notice [PN-20230221040232]","Price Notice","2023-02-21 04:02:33"
"Benjie Val Lumawag","Updated product [0060-Amigo]","Product","2023-02-21 04:02:49"
"","Added new customer [Dela Cruz, Ernesto]","Customer","2023-02-21 04:20:34"
"","Added new customer [Abuan, M]","Customer","2023-02-21 04:26:14"
"Benjie Val Lumawag","Error to add new customer payment [CP-230221050131]","Customer Payment","2023-02-21 05:01:36"
"Benjie Val Lumawag","Finished customer payment [CP-230221050131]","Customer Payment","2023-02-21 05:01:52"
"Benjie Val Lumawag","Added new product [18 46 -Kilo]","Product","2023-02-21 05:13:53"
"Benjie Val Lumawag","Updated product [18 46 -Kilo] => [1846 -Kilo]","Product","2023-02-21 05:14:59"
"","Added new customer [Hornada, L]","Customer","2023-02-21 06:44:08"
"","Error to add new customer payment [CP-230221070922]","Customer Payment","2023-02-21 06:09:22"
"Benjie Val Lumawag","Successfully Login","Login","2023-02-21 08:25:57"
"Benjie Val Lumawag","Error to add new customer payment [CP-230221082559]","Customer Payment","2023-02-21 08:26:29"
"Benjie Val Lumawag","Error to add new customer payment [CP-230221082642]","Customer Payment","2023-02-21 08:26:50"
"Benjie Val Lumawag","Finished customer payment [CP-230221082642]","Customer Payment","2023-02-21 08:26:58"
"","Added new customer [Jordan]","Customer","2023-02-21 09:48:03"
"Benjie Val Lumawag","Successfully Login","Login","2023-02-21 10:37:14"
"","Error to add new customer payment [CP-230221225052]","Customer Payment","2023-02-21 21:50:52"
"Benjie Val Lumawag","Successfully Login","Login","2023-02-21 22:54:41"
"","Added new customer [Paclibar, Remrem]","Customer","2023-02-22 01:34:24"
"","Added new customer [Gumban, Joel]","Customer","2023-02-22 02:02:49"
"","Added new customer [Panggaga]","Customer","2023-02-22 02:32:27"
"Benjie Val Lumawag","Successfully Login","Login","2023-02-22 02:52:19"
"Benjie Val Lumawag","Added new price notice [PN-20230222025220]","Price Notice","2023-02-22 02:52:22"
"","Added new customer [Balacanta, Ruben]","Customer","2023-02-22 03:01:41"
"Benjie Val Lumawag","Successfully Login","Login","2023-02-22 03:38:17"
"Benjie Val Lumawag","Attempt to add existing price notice [PN-20230222041836]","Price Notice","2023-02-22 04:18:37"
"Benjie Val Lumawag","Attempt to add existing price notice [PN-20230222041836]","Price Notice","2023-02-22 04:18:40"
"Benjie Val Lumawag","Attempt to add existing price notice [PN-20230222041847]","Price Notice","2023-02-22 04:18:48"
"Benjie Val Lumawag","Updated product [2100-Atlas]","Product","2023-02-22 04:18:59"
"Benjie Val Lumawag","Updated product [2100-Harvester]","Product","2023-02-22 04:19:13"
"Benjie Val Lumawag","Updated product [P 3645- Kilo]","Product","2023-02-22 04:19:33"
"Benjie Val Lumawag","Updated product [Evo-709]","Product","2023-02-22 04:19:54"
"Benjie Val Lumawag","Error to add new customer payment [CP-230222044106]","Customer Payment","2023-02-22 04:41:12"
"Benjie Val Lumawag","Finished customer payment [CP-230222044106]","Customer Payment","2023-02-22 04:42:04"
"","Error to add new customer payment [CP-230222044350]","Customer Payment","2023-02-22 03:43:50"
"Benjie Val Lumawag","Successfully Login","Login","2023-02-22 06:01:36"
"","Added new customer [Robles, Jomar]","Customer","2023-02-22 06:05:34"
"","Added new customer [Recado]","Customer","2023-02-22 06:44:27"
"","Added new customer [Aramba, Aba]","Customer","2023-02-22 08:25:25"
"Benjie Val Lumawag","Successfully Login","Login","2023-02-22 09:57:36"
"","Added new customer [Alen, C]","Customer","2023-02-22 10:38:43"
"","Added new customer [Calonghe]","Customer","2023-02-22 10:51:20"
"Benjie Val Lumawag","Successfully Login","Login","2023-02-22 22:01:56"
"","Added new customer [Dindo]","Customer","2023-02-22 23:03:11"
"","Added new customer [Caparan]","Customer","2023-02-22 23:45:51"
"","Added new customer [Cepida]","Customer","2023-02-23 00:55:17"
"","Added new customer [Poras, Romeo]","Customer","2023-02-23 01:14:49"
"","Added new customer [Cerbo, Norlan]","Customer","2023-02-23 01:23:01"
"","Added new customer [Sindingan, Paul]","Customer","2023-02-23 02:15:06"
"","Added new customer [Casimero]","Customer","2023-02-23 02:19:43"
"","Added new customer [Ambida]","Customer","2023-02-23 02:52:35"
"Benjie Val Lumawag","Successfully Login","Login","2023-02-23 03:53:11"
"","Added new customer [Subayda]","Customer","2023-02-23 03:57:04"
"","Added new customer [Publico, Jerry]","Customer","2023-02-23 04:09:56"
"","Added new customer [Apinat]","Customer","2023-02-23 04:58:46"
"","Added new customer [Parcon, Ariel]","Customer","2023-02-23 06:29:12"
"","Error to add new customer payment [CP-230223063941]","Customer Payment","2023-02-23 05:39:41"
"","Added new customer [Adapan, Loverny]","Customer","2023-02-23 06:42:39"
"Benjie Val Lumawag","Error to add new customer payment [CP-230223071209]","Customer Payment","2023-02-23 07:12:15"
"","Added new customer [Bañas]","Customer","2023-02-23 08:42:04"
"","Added new customer [Opiana]","Customer","2023-02-23 10:19:56"
"Benjie Val Lumawag","Successfully Login","Login","2023-02-23 10:54:20"
"Benjie Val Lumawag","Error to add new customer payment [CP-230223105812]","Customer Payment","2023-02-23 10:58:18"
"Benjie Val Lumawag","Finished customer payment [CP-230223105812]","Customer Payment","2023-02-23 10:58:49"
"Benjie Val Lumawag","Successfully Login","Login","2023-02-23 22:56:42"
"","Added new customer [Peralde]","Customer","2023-02-23 23:04:32"
"","Added new customer [Cardiño, Z]","Customer","2023-02-23 23:10:29"
"","Added new customer [Miralyn]","Customer","2023-02-23 23:51:01"
"","Added new customer [Barreto]","Customer","2023-02-23 23:59:27"
"Benjie Val Lumawag","Error to add new customer payment [CP-230224002938]","Customer Payment","2023-02-24 00:29:44"
"Benjie Val Lumawag","Successfully Login","Login","2023-02-24 01:33:25"
"","Added new customer [Leona, Jerome]","Customer","2023-02-24 02:17:04"
"Benjie Val Lumawag","Added new product [Better-Seeds]","Product","2023-02-24 03:08:01"
"","Added new customer [Ilisan]","Customer","2023-02-24 03:37:28"
"","Added new customer [Lumawag, Rodolfo]","Customer","2023-02-24 04:14:13"
"","Added new customer [Cabardo]","Customer","2023-02-24 04:17:58"
"","Added new customer [Diane, Sally]","Customer","2023-02-24 04:39:26"
"","Added new customer [Cabilla, N]","Customer","2023-02-24 05:21:04"
"","Added new customer [Embudo]","Customer","2023-02-24 07:50:23"
"","Added new customer [Lingo]","Customer","2023-02-24 08:25:42"
"Benjie Val Lumawag","Error to add new customer payment [CP-230224085427]","Customer Payment","2023-02-24 08:54:34"
"Benjie Val Lumawag","Finished customer payment [CP-230224085427]","Customer Payment","2023-02-24 08:54:59"
"","Added new customer [Lumawag, Meldie]","Customer","2023-02-24 09:12:12"
"","Error to add new customer payment [CP-230224091402]","Customer Payment","2023-02-24 08:14:02"
"Benjie Val Lumawag","Error to add new customer payment [CP-230224101936]","Customer Payment","2023-02-24 10:19:49"
"Benjie Val Lumawag","Finished customer payment [CP-230224101936]","Customer Payment","2023-02-24 10:20:06"
"Benjie Val Lumawag","Error to add new customer payment [CP-230224102035]","Customer Payment","2023-02-24 10:20:42"
"Benjie Val Lumawag","Error to add new customer payment [CP-230224102106]","Customer Payment","2023-02-24 10:21:12"
"Benjie Val Lumawag","Error to add new customer payment [CP-230224102131]","Customer Payment","2023-02-24 10:21:39"
"Benjie Val Lumawag","Finished customer payment [CP-230224102131]","Customer Payment","2023-02-24 10:21:48"
"Benjie Val Lumawag","Error to add new customer payment [CP-230224102157]","Customer Payment","2023-02-24 10:22:25"
"Benjie Val Lumawag","Finished customer payment [CP-230224102157]","Customer Payment","2023-02-24 10:22:33"
"Benjie Val Lumawag","Error to add new customer payment [CP-230224102242]","Customer Payment","2023-02-24 10:22:50"
"Benjie Val Lumawag","Error to add new customer payment [CP-230224102303]","Customer Payment","2023-02-24 10:23:15"
"Benjie Val Lumawag","Error to add new customer payment [CP-230224102324]","Customer Payment","2023-02-24 10:23:34"
"Benjie Val Lumawag","Added new product [Devast-Gal]","Product","2023-02-24 10:35:26"
"Benjie Val Lumawag","Successfully Login","Login","2023-02-25 00:20:43"
"","Added new customer [Paragas, Teody]","Customer","2023-02-25 01:48:49"
"","Added new customer [Dador]","Customer","2023-02-25 02:50:20"
"","Added new customer [Caballo]","Customer","2023-02-25 03:02:30"
"","Added new customer [Soltis, J]","Customer","2023-02-25 03:07:21"
"","Added new customer [Carredo, R]","Customer","2023-02-25 03:45:58"
"","Added new customer [Tamayo, G]","Customer","2023-02-25 04:03:57"
"","Added new customer [Daliva]","Customer","2023-02-25 05:00:50"
"","Error to add new customer payment [CP-230225052545]","Customer Payment","2023-02-25 04:25:45"
"","Added new customer [Ramba, G]","Customer","2023-02-25 05:27:42"
"","Added new customer [Comendador]","Customer","2023-02-25 06:34:23"
"","Added new customer [Sanguines, Miram]","Customer","2023-02-25 06:49:34"
"Benjie Val Lumawag","Successfully Login","Login","2023-02-25 07:14:02"
"Benjie Val Lumawag","Error to add new customer payment [CP-230225074333]","Customer Payment","2023-02-25 07:43:52"
"Benjie Val Lumawag","Finished customer payment [CP-230225074333]","Customer Payment","2023-02-25 07:44:16"
"","Added new customer [Mortes]","Customer","2023-02-25 07:50:28"
"","Added new customer [Llano]","Customer","2023-02-25 08:07:44"
"Benjie Val Lumawag","Error to add new customer payment [CP-230225084313]","Customer Payment","2023-02-25 08:43:21"
"Benjie Val Lumawag","Updated customer payment [CP-230225084313]","Customer Payment","2023-02-25 08:43:47"
"Benjie Val Lumawag","Error to add new customer payment [CP-230225084644]","Customer Payment","2023-02-25 08:46:57"
"Benjie Val Lumawag","Finished customer payment [CP-230225084644]","Customer Payment","2023-02-25 08:47:05"
"Benjie Val Lumawag","Error to add new customer payment [CP-230225084707]","Customer Payment","2023-02-25 08:47:14"
"Benjie Val Lumawag","Finished customer payment [CP-230225084707]","Customer Payment","2023-02-25 08:47:21"
"Benjie Val Lumawag","Successfully Login","Login","2023-02-25 11:03:46"
"Benjie Val Lumawag","Error to add new customer payment [CP-230225110351]","Customer Payment","2023-02-25 11:03:59"
"Benjie Val Lumawag","Finished customer payment [CP-230225110351]","Customer Payment","2023-02-25 11:04:09"
"Benjie Val Lumawag","Successfully Login","Login","2023-02-25 23:05:15"
"","Added new customer [Palomar, Teodoro]","Customer","2023-02-26 02:10:02"
"","Added new customer [Soriano]","Customer","2023-02-26 02:32:20"
"","Added new customer [Palomado]","Customer","2023-02-26 02:34:24"
"","Added new customer [Mosakato, Jomas]","Customer","2023-02-26 02:46:52"
"","Added new customer [Angumbaw, Esmael]","Customer","2023-02-26 02:53:48"
"Benjie Val Lumawag","Successfully Login","Login","2023-02-26 03:55:03"
"","Added new customer [Espacio, Renante]","Customer","2023-02-26 04:32:07"
"","Added new customer [Azagra ]","Customer","2023-02-26 05:04:23"
"","Added new customer [Panesarez, Adonis]","Customer","2023-02-26 06:18:57"
"","Added new customer [Hernandez]","Customer","2023-02-26 06:26:54"
"Benjie Val Lumawag","Error to add new customer payment [CP-230226064247]","Customer Payment","2023-02-26 06:42:55"
"","Added new customer [Balmores, Rose]","Customer","2023-02-26 07:13:47"
"Benjie Val Lumawag","Successfully Login","Login","2023-02-26 10:39:31"
"Benjie Val Lumawag","Successfully Login","Login","2023-02-27 00:10:04"
"","Added new customer [Maningga]","Customer","2023-02-27 01:38:21"
"","Added new customer [Salvacion]","Customer","2023-02-27 01:41:55"
"","Added new customer [Queda]","Customer","2023-02-27 02:10:39"
"Benjie Val Lumawag","Successfully Login","Login","2023-02-27 07:14:05"
"","Added new customer [Aguirre]","Customer","2023-02-27 07:19:18"
"Benjie Val Lumawag","Error to add new customer payment [CP-230227074257]","Customer Payment","2023-02-27 07:43:06"
"Benjie Val Lumawag","Finished customer payment [CP-230227074257]","Customer Payment","2023-02-27 07:45:51"
"","Added new customer [Demonteverde]","Customer","2023-02-27 08:24:18"
"","Added new customer [Tilagen]","Customer","2023-02-27 10:13:18"
"Benjie Val Lumawag","Successfully Login","Login","2023-02-27 15:39:44"
"Benjie Val Lumawag","Successfully Login","Login","2023-02-27 16:04:00"
"Benjie Val Lumawag","Successfully Login","Login","2023-02-27 23:59:54"
"Benjie Val Lumawag","Added new product [Todomax-5L]","Product","2023-02-28 00:12:14"
"Benjie Val Lumawag","Added new product [Bugati]","Product","2023-02-28 00:12:50"
"Benjie Val Lumawag","Added new supplier [Norther Prime Trading Corporation]","Supplier","2023-02-28 00:13:16"
"","Attempt to add existing customer [Matulac]","Customer","2023-02-28 02:21:03"
"","Added new customer [Laraga]","Customer","2023-02-28 03:21:41"
"","Added new customer [Espinosa, John]","Customer","2023-02-28 03:28:49"
"Benjie Val Lumawag","Successfully Login","Login","2023-02-28 03:46:49"
"Benjie Val Lumawag","Added new price notice [PN-20230228065620]","Price Notice","2023-02-28 06:56:21"
"Benjie Val Lumawag","Added new detail of price notice [PN-20230228065620] : [D-8131s 5650.00 ->  5800]","Price Notice","2023-02-28 06:56:30"
"Benjie Val Lumawag","Added new detail of price notice [PN-20230228065620] : [4600-Amigo 1920.00 ->  1930]","Price Notice","2023-02-28 06:56:43"
"Benjie Val Lumawag","Finished price notice [PN-20230228065620]","Price Notice","2023-02-28 06:56:56"
"Benjie Val Lumawag","Implemented price notice [PN-20230228065620]","Price Notice","2023-02-28 06:56:58"
"","Added new customer [Sobredo]","Customer","2023-02-28 07:09:53"
"Benjie Val Lumawag","Successfully Login","Login","2023-02-28 07:37:54"
"","Error to add new customer payment [CP-230228075718]","Customer Payment","2023-02-28 06:57:18"
"Benjie Val Lumawag","Error to add new customer payment [CP-230228083634]","Customer Payment","2023-02-28 08:36:41"
"Benjie Val Lumawag","Finished customer payment [CP-230228083634]","Customer Payment","2023-02-28 08:37:49"
"Benjie Val Lumawag","Error to add new customer payment [CP-230228092920]","Customer Payment","2023-02-28 09:29:28"
"Benjie Val Lumawag","Finished customer payment [CP-230228092920]","Customer Payment","2023-02-28 09:30:04"
"","Error to add new customer payment [CP-230228093101]","Customer Payment","2023-02-28 08:31:01"
"Benjie Val Lumawag","Successfully Login","Login","2023-02-28 23:11:30"
