"Benjie Val Lumawag","Successfully Login","Login","2023-07-01 06:37:03"
"Benjie Val Lumawag","Successfully Login","Login","2023-07-01 06:39:19"
"","Added new customer [Stefanio,Jocelyn ]","Customer","2023-07-01 08:45:51"
"","Added new customer [Macasling, Rolly]","Customer","2023-07-01 09:30:12"
"Benjie Val Lumawag","Added new product [GalMax-1]","Product","2023-07-01 10:13:33"
"Benjie Val Lumawag","Added new product [GalMax-2]","Product","2023-07-01 10:13:55"
"Benjie Val Lumawag","Attempt to add existing product [GalMax-2]","Product","2023-07-01 10:14:19"
"Benjie Val Lumawag","Attempt to add existing product [GalMax-2+]","Product","2023-07-01 10:14:51"
"Benjie Val Lumawag","Attempt to add existing product [GalMax-2plus]","Product","2023-07-01 10:14:57"
"Benjie Val Lumawag","Attempt to add existing product [GalMax-2 plus]","Product","2023-07-01 10:15:17"
"Benjie Val Lumawag","Attempt to add existing product [GalMax-2+]","Product","2023-07-01 10:16:17"
"Benjie Val Lumawag","Attempt to add existing product [GalMax-2+]","Product","2023-07-01 10:16:38"
"Benjie Val Lumawag","Added new product [GalMax- 2 plus]","Product","2023-07-01 10:18:00"
"Benjie Val Lumawag","Added new product [Floaters-Pre Starter]","Product","2023-07-01 10:30:17"
"Benjie Val Lumawag","Added new product [Floaters-Starter]","Product","2023-07-01 10:30:47"
"Benjie Val Lumawag","Added new product category [Medicine]","Product Category","2023-07-01 10:39:37"
"Benjie Val Lumawag","Attempt to add existing product [Vetracin-Gold]","Product","2023-07-01 10:41:46"
"Benjie Val Lumawag","Added new product [Vetracin-Gold]","Product","2023-07-01 10:42:32"
"Benjie Val Lumawag","Added new product [Vetracin-Prem]","Product","2023-07-01 10:44:29"
"Benjie Val Lumawag","Added new product [Vetracin-Classic]","Product","2023-07-01 10:44:55"
"","Added new customer [macaalang]","Customer","2023-07-01 11:14:33"
"Benjie Val Lumawag","Successfully Login","Login","2023-07-01 11:16:16"
"Benjie Val Lumawag","Successfully Login","Login","2023-07-01 11:17:57"
"Benjie Val Lumawag","Added new product [Elec-V]","Product","2023-07-01 11:31:48"
"Benjie Val Lumawag","Added new product [Multi-V]","Product","2023-07-01 11:33:49"
"Benjie Val Lumawag","Added new product [Para-V]","Product","2023-07-01 11:40:45"
"Benjie Val Lumawag","Added new product [Amox-V]","Product","2023-07-01 11:42:54"
"Benjie Val Lumawag","Updated product [Multi-V] => [Multi-V- sachet]","Product","2023-07-01 11:47:36"
"Benjie Val Lumawag","Added new product [Calcium-bot]","Product","2023-07-01 11:48:34"
"Benjie Val Lumawag","Added new product [Multi V-Bot]","Product","2023-07-01 12:07:02"
"Benjie Val Lumawag","Added new product [B12-Tablet]","Product","2023-07-01 12:07:35"
"Benjie Val Lumawag","Added new product [Premoxil-Tablet]","Product","2023-07-01 12:09:20"
"Benjie Val Lumawag","Added new product [Amtyl-Tablet]","Product","2023-07-01 12:16:22"
"Benjie Val Lumawag","Added new product [Hummer]","Product","2023-07-01 12:17:10"
"Benjie Val Lumawag","Added new product [B-50]","Product","2023-07-01 12:17:34"
"Benjie Val Lumawag","Updated product [Hummer] => [Hammer]","Product","2023-07-01 12:24:21"
"","Added new customer [Tumawan, Kent]","Customer","2023-07-01 12:30:10"
"","Added new customer [chavez b.]","Customer","2023-07-01 12:33:47"
"","Error to add new customer payment [CP-230701123730]","Customer Payment","2023-07-01 04:37:30"
"Benjie Val Lumawag","Successfully Login","Login","2023-07-01 12:44:31"
"","Added new customer [magbanwa]","Customer","2023-07-01 12:45:35"
"","Error to add new customer payment [CP-230701125032]","Customer Payment","2023-07-01 04:50:32"
"Benjie Val Lumawag","Added new product [Enerton]","Product","2023-07-01 12:55:41"
"Benjie Val Lumawag","Added new product [Plantinum]","Product","2023-07-01 12:56:18"
"Benjie Val Lumawag","Added new product [Stag Developer]","Product","2023-07-01 12:57:39"
"Benjie Val Lumawag","Added new product [Stag developer 4+]","Product","2023-07-01 12:58:10"
"","Error to add new customer payment [CP-230701134018]","Customer Payment","2023-07-01 05:40:18"
"","Finished customer payment [CP-230701134018]","Customer Payment","2023-07-01 05:40:18"
"Benjie Val Lumawag","Successfully Login","Login","2023-07-01 14:00:04"
"Benjie Val Lumawag","Updated product [Plantinum] => [Platinum]","Product","2023-07-01 14:11:17"
"Benjie Val Lumawag","Added new product [Galmax-1kg]","Product","2023-07-01 14:24:33"
"Benjie Val Lumawag","Added new product [GalMax 2- 1kg]","Product","2023-07-01 14:26:53"
"Benjie Val Lumawag","Updated product [Galmax-1kg] => [Galmax 1-1kg]","Product","2023-07-01 14:27:13"
"Benjie Val Lumawag","Added new product [GalMax 2plus- 1Kg]","Product","2023-07-01 14:30:07"
"","Added new customer [Rivera]","Customer","2023-07-01 14:40:35"
"Benjie Val Lumawag","Added new product [Integra 1000- 1Kg]","Product","2023-07-01 14:43:43"
"Benjie Val Lumawag","Added new product [Intergra 2000-1kg]","Product","2023-07-01 14:48:48"
"Benjie Val Lumawag","Attempt to add existing product [Integra 2000- 1kg]","Product","2023-07-01 14:50:57"
"Benjie Val Lumawag","Attempt to add existing product [Integra 2000- 1kg]","Product","2023-07-01 14:51:30"
"Benjie Val Lumawag","Updated product [Intergra 2000-1kg] => [Integra 2000-1kg]","Product","2023-07-01 14:52:19"
"Benjie Val Lumawag","Added new product [Integra 3000- 1kg]","Product","2023-07-01 14:53:48"
"","Error to add new customer payment [CP-230701150346]","Customer Payment","2023-07-01 07:03:46"
"","Finished customer payment [CP-230701150346]","Customer Payment","2023-07-01 07:03:46"
"Benjie Val Lumawag","Added new product [Integra 3000 plus- 1kg]","Product","2023-07-01 15:22:51"
"Benjie Val Lumawag","Updated product [Rice- Toner 25kg] => [Rice- Tonner 25kg]","Product","2023-07-01 15:25:43"
"Benjie Val Lumawag","Updated product [Rice-Toner 20 kg] => [Rice-Tonner 20 kg]","Product","2023-07-01 15:25:57"
"Benjie Val Lumawag","Updated product [Rice-Toner 1k] => [Rice-Tonner 1k]","Product","2023-07-01 15:26:11"
"Benjie Val Lumawag","Added new product [Rice-Red Rice 25kg]","Product","2023-07-01 15:29:00"
"Benjie Val Lumawag","Successfully Login","Login","2023-07-01 15:51:37"
"Benjie Val Lumawag","Successfully Login","Login","2023-07-01 16:15:14"
"Benjie Val Lumawag","Added new product [Rice-Azuzena 25 kg]","Product","2023-07-01 16:16:52"
"Benjie Val Lumawag","Updated product [BMeg-Integra 1000] => [Integra 1000]","Product","2023-07-01 16:33:48"
"Benjie Val Lumawag","Updated product [BMeg-Integra 2000] => [Integra 2000-sack]","Product","2023-07-01 16:34:09"
"Benjie Val Lumawag","Updated product [Integra 1000] => [Integra 1000-sack]","Product","2023-07-01 16:34:25"
"Benjie Val Lumawag","Updated product [BMeg- Integra 3000] => [Integra 3000]","Product","2023-07-01 16:34:40"
"Benjie Val Lumawag","Updated product [BMeg-Integra 3000 plus] => [Integra 3000 plus]","Product","2023-07-01 16:35:03"
"","Added new customer [Estiva]","Customer","2023-07-01 16:35:36"
"Benjie Val Lumawag","Added new product [BSC-1kg]","Product","2023-07-01 16:44:26"
"Benjie Val Lumawag","Added new product [CGC-1Kg]","Product","2023-07-01 16:45:05"
"Benjie Val Lumawag","Added new product [Ultrapack- Starter 1kg]","Product","2023-07-01 17:01:48"
"Benjie Val Lumawag","Added new product [Ultrapack-Grower 1kg]","Product","2023-07-01 17:03:40"
"Benjie Val Lumawag","Added new product [Ultrapack- Pre started- 1kg]","Product","2023-07-01 17:05:47"
"Benjie Val Lumawag","Updated product [Ultrapack- Pre started- 1kg] => [Ultrapack- Pre starter- 1kg]","Product","2023-07-01 17:07:16"
"Benjie Val Lumawag","Added new product [Ultrapack-Finisher 1kg]","Product","2023-07-01 17:08:47"
"Benjie Val Lumawag","Successfully Login","Login","2023-07-01 17:14:26"
"Benjie Val Lumawag","Successfully Login","Login","2023-07-01 17:19:24"
"","Error to add new customer payment [CP-230701172617]","Customer Payment","2023-07-01 09:26:18"
"Benjie Val Lumawag","Added new product [Pre-starter exper- 1kg]","Product","2023-07-01 17:32:01"
"Benjie Val Lumawag","Updated product [Pre-starter exper- 1kg] => [Pre-starter expert- 1kg]","Product","2023-07-01 17:34:02"
"Benjie Val Lumawag","Added new product [BNZ- Starter 1kg]","Product","2023-07-01 17:35:42"
"Benjie Val Lumawag","Added new product [BNZ-Grower]","Product","2023-07-01 17:36:21"
"Benjie Val Lumawag","Added new product [BNZ-Finisher 1kg]","Product","2023-07-01 17:36:59"
"Benjie Val Lumawag","Added new product [BNZ-Gestating 1kg]","Product","2023-07-01 17:37:38"
"Benjie Val Lumawag","Added new product [BNZ-Lactating 1kg]","Product","2023-07-01 17:38:10"
"Benjie Val Lumawag","Updated product [BNZ-Grower] => [BNZ-Grower 1kg]","Product","2023-07-01 17:59:18"
"Benjie Val Lumawag","Updated product [Hog Pre-Starter Expert]","Product","2023-07-01 18:01:12"
"Benjie Val Lumawag","Successfully Login","Login","2023-07-01 21:26:39"
"Benjie Val Lumawag","Successfully Login","Login","2023-07-02 07:03:34"
"","Added new customer [salbo]","Customer","2023-07-02 07:34:02"
"","Added new customer [Sagan]","Customer","2023-07-02 07:52:15"
"Benjie Val Lumawag","Successfully Login","Login","2023-07-02 08:25:47"
"Benjie Val Lumawag","Updated product [Torpedo]","Product","2023-07-02 08:33:36"
"Benjie Val Lumawag","Updated product [Grader- Gallon]","Product","2023-07-02 08:33:49"
"","Error to add new customer payment [CP-230702084118]","Customer Payment","2023-07-02 00:41:19"
"","Finished customer payment [CP-230702084118]","Customer Payment","2023-07-02 00:41:19"
"","Added new customer [pojas]","Customer","2023-07-02 08:53:14"
"","Added new customer [Panang Gulong]","Customer","2023-07-02 09:11:03"
"Benjie Val Lumawag","Updated product [Spitfire - Gallon]","Product","2023-07-02 09:12:37"
"Benjie Val Lumawag","Added new product [Sprayer-Tonbo]","Product","2023-07-02 09:14:34"
"Benjie Val Lumawag","Added new product [Acanto 500ml]","Product","2023-07-02 09:28:56"
"","Added new customer [Dagandal]","Customer","2023-07-02 09:30:52"
"","Added new customer [nabajo]","Customer","2023-07-02 10:14:23"
"","Added new customer [Flores]","Customer","2023-07-02 10:49:48"
"","Added new customer [Libonan]","Customer","2023-07-02 11:40:17"
"","Added new customer [Alpuerto]","Customer","2023-07-02 11:46:18"
"Benjie Val Lumawag","Successfully Login","Login","2023-07-02 12:13:55"
"Benjie Val Lumawag","Successfully Login","Login","2023-07-02 12:17:59"
"","Added new customer [Galaw, Marites]","Customer","2023-07-02 12:37:33"
"","Added new customer [Salama]","Customer","2023-07-02 12:56:22"
"","Added new customer [cadioberan]","Customer","2023-07-02 13:13:54"
"Benjie Val Lumawag","Added new product [Floaters Starter- 1kg]","Product","2023-07-02 13:30:44"
"Benjie Val Lumawag","Updated product [Ultrapack- Pre starter- 1kg]","Product","2023-07-02 13:30:55"
"Benjie Val Lumawag","Updated product [Ground Plus- Gallon]","Product","2023-07-02 13:56:05"
"Benjie Val Lumawag","Updated product [Tripple 8 - Gallon ]","Product","2023-07-02 13:56:18"
"","Added new customer [saiden, Labuan]","Customer","2023-07-02 14:35:31"
"","Added new customer [Enting]","Customer","2023-07-02 14:56:38"
"","Added new customer [Lasic]","Customer","2023-07-02 15:17:49"
"","Added new customer [De  Ototy]","Customer","2023-07-02 15:55:33"
"","Added new customer [De otoy]","Customer","2023-07-02 15:55:57"
"","Error to add new customer payment [CP-230702162437]","Customer Payment","2023-07-02 08:24:37"
"","Finished customer payment [CP-230702162437]","Customer Payment","2023-07-02 08:24:37"
"","Added new customer [Bansalo]","Customer","2023-07-02 16:51:52"
"Benjie Val Lumawag","Successfully Login","Login","2023-07-02 17:19:57"
"","Added new customer [Legaray]","Customer","2023-07-02 17:44:47"
"Benjie Val Lumawag","Successfully Login","Login","2023-07-03 10:36:02"
"","Error to add new customer payment [CP-230703105027]","Customer Payment","2023-07-03 02:50:27"
"Benjie Val Lumawag","Successfully Login","Login","2023-07-03 12:19:14"
"","Added new customer [Umbar]","Customer","2023-07-03 15:15:21"
"","Error to add new customer payment [CP-230703155121]","Customer Payment","2023-07-03 07:51:21"
"","Finished customer payment [CP-230703155121]","Customer Payment","2023-07-03 07:51:21"
"Benjie Val Lumawag","Successfully Login","Login","2023-07-03 15:57:34"
"Benjie Val Lumawag","Updated product [Firestorm- Gallon]","Product","2023-07-03 15:57:56"
"Benjie Val Lumawag","Updated product [Glysinate 15sl Gallon]","Product","2023-07-03 15:58:09"
"","Error to add new customer payment [CP-230703171335]","Customer Payment","2023-07-03 09:13:35"
"","Finished customer payment [CP-230703171335]","Customer Payment","2023-07-03 09:13:35"
"","Error to add new customer payment [CP-230703171412]","Customer Payment","2023-07-03 09:14:12"
"","Finished customer payment [CP-230703171412]","Customer Payment","2023-07-03 09:14:12"
"","Error to add new customer payment [CP-230703171434]","Customer Payment","2023-07-03 09:14:34"
"","Finished customer payment [CP-230703171434]","Customer Payment","2023-07-03 09:14:34"
"","Error to add new customer payment [CP-230703171458]","Customer Payment","2023-07-03 09:14:58"
"","Finished customer payment [CP-230703171458]","Customer Payment","2023-07-03 09:14:58"
"Benjie Val Lumawag","Successfully Login","Login","2023-07-03 18:03:38"
"Benjie Val Lumawag","Successfully Login","Login","2023-07-04 06:10:34"
"Benjie Val Lumawag","Updated product [16200-Atlas]","Product","2023-07-04 06:29:57"
"","Added new customer [Jose, E]","Customer","2023-07-04 08:36:06"
"","Added new customer [pamunag]","Customer","2023-07-04 10:09:25"
"","Added new customer [dal]","Customer","2023-07-04 16:49:26"
"Benjie Val Lumawag","Successfully Login","Login","2023-07-04 17:53:30"
"Benjie Val Lumawag","Updated product [Sack-Lopez]","Product","2023-07-04 18:01:03"
"Benjie Val Lumawag","Updated product [4600-Harvester]","Product","2023-07-04 19:48:16"
"","Added new customer [Laos]","Customer","2023-07-05 06:23:46"
"Benjie Val Lumawag","Successfully Login","Login","2023-07-05 06:30:32"
"Benjie Val Lumawag","Updated product [Square off - Gallon]","Product","2023-07-05 06:56:35"
"Benjie Val Lumawag","Updated product [Ground Plus- Gallon]","Product","2023-07-05 06:57:35"
"Benjie Val Lumawag","Updated product [Ultrapack-Pre Starter]","Product","2023-07-05 07:02:08"
"Benjie Val Lumawag","Added new product [Red Pellets-sack]","Product","2023-07-05 07:07:14"
"Benjie Val Lumawag","Added new product [Red Pellets- 1 kg]","Product","2023-07-05 07:08:06"
"Benjie Val Lumawag","Successfully Login","Login","2023-07-05 08:37:49"
"","Added new customer [Tatao]","Customer","2023-07-05 10:28:17"
"","Error to add new customer payment [CP-230705110423]","Customer Payment","2023-07-05 03:04:23"
"","Finished customer payment [CP-230705110423]","Customer Payment","2023-07-05 03:04:23"
"","Added new customer [Degrasya]","Customer","2023-07-05 11:10:34"
"Benjie Val Lumawag","Successfully Login","Login","2023-07-05 12:05:41"
"","Added new customer [Dimakuta]","Customer","2023-07-05 13:15:18"
"Benjie Val Lumawag","Successfully Login","Login","2023-07-05 13:21:07"
"","Added new customer [Tungkago]","Customer","2023-07-05 13:22:11"
"","Added new customer [Punzalan]","Customer","2023-07-05 13:28:19"
"Benjie Val Lumawag","Successfully Login","Login","2023-07-05 13:39:58"
"Benjie Val Lumawag","Added new product [Rice-Red Rice 1kg]","Product","2023-07-05 13:44:28"
"","Error to add new customer payment [CP-230705135424]","Customer Payment","2023-07-05 05:54:24"
"","Finished customer payment [CP-230705135424]","Customer Payment","2023-07-05 05:54:24"
"","Error to add new customer payment [CP-230705141501]","Customer Payment","2023-07-05 06:15:01"
"","Finished customer payment [CP-230705141501]","Customer Payment","2023-07-05 06:15:01"
"Benjie Val Lumawag","Error to add new customer payment [CP-230705141946]","Customer Payment","2023-07-05 14:19:57"
"Benjie Val Lumawag","Finished customer payment [CP-230705141946]","Customer Payment","2023-07-05 14:20:07"
"","Error to add new customer payment [CP-230705142504]","Customer Payment","2023-07-05 06:25:04"
"","Error to add new customer payment [CP-230705145506]","Customer Payment","2023-07-05 06:55:06"
"","Finished customer payment [CP-230705145506]","Customer Payment","2023-07-05 06:55:06"
"","Added new customer [makasling]","Customer","2023-07-05 15:18:05"
"","Added new customer [Donque]","Customer","2023-07-05 15:30:12"
"","Added new customer [Allosa]","Customer","2023-07-05 15:45:46"
"Benjie Val Lumawag","Successfully Login","Login","2023-07-05 16:29:10"
"","Added new customer [Guindulungan]","Customer","2023-07-05 17:25:39"
"Benjie Val Lumawag","Successfully Login","Login","2023-07-05 18:31:02"
"Benjie Val Lumawag","Updated product [Clear out 5L]","Product","2023-07-05 18:31:19"
"Benjie Val Lumawag","Successfully Login","Login","2023-07-05 19:24:07"
"Benjie Val Lumawag","Added new supplier [Macaya Hardware]","Supplier","2023-07-05 19:54:46"
"Benjie Val Lumawag","Added new supplier [Wao Hardware]","Supplier","2023-07-05 19:54:59"
"Benjie Val Lumawag","Attempt to add existing supplier [Christine Jane Quiamco]","Supplier","2023-07-05 20:14:37"
"Benjie Val Lumawag","Attempt to add existing supplier [Christine Jane Quiamco]","Supplier","2023-07-05 20:14:39"
"Benjie Val Lumawag","Successfully Login","Login","2023-07-05 20:37:14"
"Benjie Val Lumawag","Successfully Login","Login","2023-07-06 05:54:34"
"","Added new customer [Enoc]","Customer","2023-07-06 06:01:37"
"","Added new customer [Suataron]","Customer","2023-07-06 06:18:39"
"Benjie Val Lumawag","Successfully Login","Login","2023-07-06 07:42:02"
"Benjie Val Lumawag","Successfully Login","Login","2023-07-06 08:37:49"
"","Added new customer [Caparas]","Customer","2023-07-06 09:21:06"
"","Added new customer [Manuel, glenard]","Customer","2023-07-06 09:31:17"
"","Added new customer [Berdadero]","Customer","2023-07-06 10:09:06"
"Benjie Val Lumawag","Successfully Login","Login","2023-07-06 10:27:52"
"","Added new customer [Baldevia]","Customer","2023-07-06 10:58:06"
"Benjie Val Lumawag","Added new product [Pacyaw]","Product","2023-07-06 11:11:11"
"Benjie Val Lumawag","Added new supplier [Great Harvest Gen Merchandis]","Supplier","2023-07-06 11:11:58"
"","Added new customer [Tamay, Allan]","Customer","2023-07-06 11:14:45"
"","Added new customer [plabiner]","Customer","2023-07-06 11:18:51"
"Benjie Val Lumawag","Successfully Login","Login","2023-07-06 11:33:45"
"","Added new customer [Parcon, Gorio]","Customer","2023-07-06 11:35:16"
"","Added new customer [Pinuella]","Customer","2023-07-06 12:12:09"
"","Added new customer [Moreno]","Customer","2023-07-06 12:18:38"
"","Error to add new customer payment [CP-230706125559]","Customer Payment","2023-07-06 04:55:59"
"","Finished customer payment [CP-230706125559]","Customer Payment","2023-07-06 04:55:59"
"","Added new customer [Camino]","Customer","2023-07-06 13:08:09"
"","Added new customer [Arcite]","Customer","2023-07-06 13:14:48"
"Benjie Val Lumawag","Successfully Login","Login","2023-07-06 16:22:24"
"","Added new customer [Disomimba]","Customer","2023-07-06 16:26:20"
"Benjie Val Lumawag","Successfully Login","Login","2023-07-06 17:11:20"
"Benjie Val Lumawag","Updated product [4600-Amigo]","Product","2023-07-06 17:11:31"
"Benjie Val Lumawag","Updated product [16200-Atlas]","Product","2023-07-06 17:11:44"
"Benjie Val Lumawag","Successfully Login","Login","2023-07-06 17:27:26"
"Benjie Val Lumawag","Added new price notice [PN-20230706175313]","Price Notice","2023-07-06 17:53:18"
"Benjie Val Lumawag","Added new detail of price notice [PN-20230706175313] : [141414-Atlas 1780.00 ->  1740]","Price Notice","2023-07-06 17:54:18"
"Benjie Val Lumawag","Added new detail of price notice [PN-20230706175313] : [16200-Atlas 1600.00 ->  1550]","Price Notice","2023-07-06 17:55:08"
"Benjie Val Lumawag","Added new detail of price notice [PN-20230706175313] : [2100-Harvester 680.00 ->  650]","Price Notice","2023-07-06 17:56:14"
"Benjie Val Lumawag","Added new detail of price notice [PN-20230706175313] : [2100-Atlas 680.00 ->  660]","Price Notice","2023-07-06 17:56:33"
"Benjie Val Lumawag","Added new detail of price notice [PN-20230706175313] : [2100-Agro Planters 650.00 ->  640]","Price Notice","2023-07-06 17:56:41"
"Benjie Val Lumawag","Added new detail of price notice [PN-20230706175313] : [2100-Swire 650.00 ->  640]","Price Notice","2023-07-06 17:57:13"
"Benjie Val Lumawag","Finished price notice [PN-20230706175313]","Price Notice","2023-07-06 17:57:55"
"Benjie Val Lumawag","Updated product [0060-Agro Planters]","Product","2023-07-06 18:00:30"
"Benjie Val Lumawag","Successfully Login","Login","2023-07-06 18:05:55"
"","Implemented price notice [PN-20230706175313]","Price Notice","2023-07-07 05:46:53"
"Benjie Val Lumawag","Successfully Login","Login","2023-07-07 06:03:45"
"Benjie Val Lumawag","Updated product [16200-Atlas]","Product","2023-07-07 06:28:13"
"","Added new customer [Luro]","Customer","2023-07-07 07:37:50"
"","Added new customer [Mercado]","Customer","2023-07-07 07:41:25"
"","Added new customer [Tidong]","Customer","2023-07-07 07:46:19"
"Benjie Val Lumawag","Attempt to add existing product [Rice-Red Rice 20kg]","Product","2023-07-07 07:53:40"
"Benjie Val Lumawag","Added new product [Rice-Red Rice 20kg]","Product","2023-07-07 07:56:06"
"Benjie Val Lumawag","Added new product [Rice-Azuzena 20 kg]","Product","2023-07-07 08:02:03"
"Benjie Val Lumawag","Updated product [Ultrapack- Starter]","Product","2023-07-07 08:37:30"
"Benjie Val Lumawag","Updated product [Ultrapack-Pre Starter]","Product","2023-07-07 08:40:37"
"Benjie Val Lumawag","Updated product [Ultrapack-Grower]","Product","2023-07-07 08:41:32"
"Benjie Val Lumawag","Updated product [Ultrapack-Pre Starter] => [Ultrapack-Pre Starter 25kg]","Product","2023-07-07 08:42:01"
"Benjie Val Lumawag","Updated product [Ultrapack-Finisher]","Product","2023-07-07 09:02:29"
"","Error to add new customer payment [CP-230707095104]","Customer Payment","2023-07-07 01:51:04"
"","Added new customer [Laungayan, Aristotle]","Customer","2023-07-07 10:21:56"
"Benjie Val Lumawag","Successfully Login","Login","2023-07-07 12:09:12"
"Benjie Val Lumawag","Successfully Login","Login","2023-07-07 13:05:01"
"Benjie Val Lumawag","Added new product [Sper Biik-]","Product","2023-07-07 13:09:08"
"Benjie Val Lumawag","Added new product [Slasher]","Product","2023-07-07 13:09:56"
"Benjie Val Lumawag","Added new product [7-Kinds]","Product","2023-07-07 13:10:34"
"","Error to add new customer payment [CP-230707152551]","Customer Payment","2023-07-07 07:25:51"
"","Finished customer payment [CP-230707152551]","Customer Payment","2023-07-07 07:25:51"
"Benjie Val Lumawag","Successfully Login","Login","2023-07-07 15:42:58"
"Benjie Val Lumawag","Updated product [16200-Amigo]","Product","2023-07-07 15:43:12"
"Benjie Val Lumawag","Updated product [16200-Agro Planters]","Product","2023-07-07 15:43:32"
"Benjie Val Lumawag","Successfully Login","Login","2023-07-07 18:19:20"
"","Error to add new customer payment [CP-230707183658]","Customer Payment","2023-07-07 10:36:58"
"Benjie Val Lumawag","Successfully Login","Login","2023-07-07 22:36:43"
"Benjie Val Lumawag","Successfully Login","Login","2023-07-07 22:39:49"
"","Added new customer [Varcas]","Customer","2023-07-08 06:34:29"
"Benjie Val Lumawag","Successfully Login","Login","2023-07-08 07:23:33"
"","Added new customer [Andang]","Customer","2023-07-08 08:49:22"
"","Error to add new customer payment [CP-230708092555]","Customer Payment","2023-07-08 01:25:55"
"","Error to add new customer payment [CP-230708092655]","Customer Payment","2023-07-08 01:26:55"
"","Error to add new customer payment [CP-230708102201]","Customer Payment","2023-07-08 02:22:01"
"","Finished customer payment [CP-230708102201]","Customer Payment","2023-07-08 02:22:01"
"Benjie Val Lumawag","Successfully Login","Login","2023-07-08 10:27:03"
"","Added new customer [Ventura]","Customer","2023-07-08 12:12:35"
"Benjie Val Lumawag","Added new product [Rice-#36-50 kg]","Product","2023-07-08 13:32:36"
"","Added new customer [Asagra]","Customer","2023-07-08 13:49:04"
"","Added new customer [Salik]","Customer","2023-07-08 14:11:36"
"Benjie Val Lumawag","Successfully Login","Login","2023-07-08 14:47:01"
"Benjie Val Lumawag","Updated product [alecta-gallon]","Product","2023-07-08 14:47:10"
"","Added new customer [kadtogan]","Customer","2023-07-08 15:55:13"
"Benjie Val Lumawag","Successfully Login","Login","2023-07-08 17:32:42"
"","Added new customer [Calva]","Customer","2023-07-09 08:05:04"
"Benjie Val Lumawag","Successfully Login","Login","2023-07-09 08:10:15"
"","Added new customer [Pamabusao]","Customer","2023-07-09 08:26:21"
"","Error to add new customer payment [CP-230709094636]","Customer Payment","2023-07-09 01:46:36"
"","Error to add new customer payment [CP-230709095554]","Customer Payment","2023-07-09 01:55:54"
"","Added new customer [Inega]","Customer","2023-07-09 10:23:39"
"","Added new customer [Estefanio]","Customer","2023-07-09 11:21:43"
"","Added new customer [Ofiana]","Customer","2023-07-09 12:11:48"
"Benjie Val Lumawag","Successfully Login","Login","2023-07-09 13:26:26"
"Benjie Val Lumawag","Successfully Login","Login","2023-07-09 16:49:18"
"","Error to add new customer payment [CP-230709171852]","Customer Payment","2023-07-09 09:18:52"
"","Added new customer [Maygay]","Customer","2023-07-09 17:20:23"
"","Added new customer [Gumaga]","Customer","2023-07-09 17:28:13"
"","Error to add new customer payment [CP-230709173158]","Customer Payment","2023-07-09 09:31:58"
"Benjie Val Lumawag","Updated product [25000-Shield ]","Product","2023-07-09 17:57:14"
"Benjie Val Lumawag","Successfully Login","Login","2023-07-10 06:38:46"
"Benjie Val Lumawag","Successfully Login","Login","2023-07-10 07:50:19"
"Benjie Val Lumawag","Successfully Login","Login","2023-07-10 08:31:29"
"","Added new customer [Jumao-as]","Customer","2023-07-10 08:39:34"
"","Added new customer [Quiapo, Erasto]","Customer","2023-07-10 08:51:09"
"","Error to add new customer payment [CP-230710090137]","Customer Payment","2023-07-10 01:01:37"
"Benjie Val Lumawag","Successfully Login","Login","2023-07-10 09:01:46"
"","Added new customer [Angala]","Customer","2023-07-10 09:05:48"
"Benjie Val Lumawag","Successfully Login","Login","2023-07-10 09:09:17"
"Benjie Val Lumawag","Successfully Login","Login","2023-07-10 10:02:03"
"Benjie Val Lumawag","Updated product [alecta-gallon]","Product","2023-07-10 10:03:06"
"Benjie Val Lumawag","Updated product [Clear out 4L]","Product","2023-07-10 10:03:16"
"","Added new customer [Santiago]","Customer","2023-07-10 10:55:31"
"","Added new customer [Alfaras]","Customer","2023-07-10 11:24:18"
"Benjie Val Lumawag","Successfully Login","Login","2023-07-10 11:30:37"
"Benjie Val Lumawag","Added new supplier [RJR Agro Industrial Enterprises]","Supplier","2023-07-10 11:39:16"
"Benjie Val Lumawag","Updated product [alecta-gallon]","Product","2023-07-10 11:40:24"
"Benjie Val Lumawag","Updated product [Maharlika- 1400]","Product","2023-07-10 11:40:33"
"","Added new customer [Apolinario]","Customer","2023-07-10 11:47:23"
"Benjie Val Lumawag","Successfully Login","Login","2023-07-10 11:51:56"
"Benjie Val Lumawag","Added new supplier [HBO Ventures, Inc]","Supplier","2023-07-10 12:15:19"
"","Added new customer [Torregoza]","Customer","2023-07-10 12:33:14"
"","Error to add new customer payment [CP-230710133026]","Customer Payment","2023-07-10 05:30:26"
"","Finished customer payment [CP-230710133026]","Customer Payment","2023-07-10 05:30:26"
"Benjie Val Lumawag","Successfully Login","Login","2023-07-10 17:25:13"
"","Added new customer [Daradza]","Customer","2023-07-10 17:38:57"
"Benjie Val Lumawag","Successfully Login","Login","2023-07-10 17:39:30"
"Benjie Val Lumawag","Updated product [Padan 500g] => [Padan 100g]","Product","2023-07-10 18:23:49"
"Benjie Val Lumawag","Updated product [Padan 300g] => [Padan 30g]","Product","2023-07-10 18:24:06"
"Benjie Val Lumawag","Updated product [Karate 250ml]","Product","2023-07-10 18:24:18"
"Benjie Val Lumawag","Successfully Login","Login","2023-07-11 05:57:43"
"Benjie Val Lumawag","Added new product [Atrazine kilo]","Product","2023-07-11 06:01:01"
"Benjie Val Lumawag","Added new product [Prevathon 250]","Product","2023-07-11 06:02:47"
"Benjie Val Lumawag","Successfully Login","Login","2023-07-11 06:12:39"
"Benjie Val Lumawag","Updated product [Klear weed- Gallon]","Product","2023-07-11 06:19:34"
"","Added new customer [paldon]","Customer","2023-07-11 06:24:42"
"Benjie Val Lumawag","Successfully Login","Login","2023-07-11 06:58:52"
"","Added new customer [Ballen]","Customer","2023-07-11 07:07:19"
"Benjie Val Lumawag","Successfully Login","Login","2023-07-11 07:10:06"
"","Added new customer [Jonas, Clemente]","Customer","2023-07-11 07:12:58"
"","Added new customer [Magbanua]","Customer","2023-07-11 08:05:47"
"","Attempt to add existing customer [suataron]","Customer","2023-07-11 08:20:00"
"","Attempt to add existing customer [suataron]","Customer","2023-07-11 08:20:03"
"","Attempt to add existing customer [suataron]","Customer","2023-07-11 08:20:07"
"","Added new customer [Mucoy, Jolito]","Customer","2023-07-11 09:28:32"
"","Error to add new customer payment [CP-230711092902]","Customer Payment","2023-07-11 01:29:02"
"","Error to add new customer payment [CP-230711093252]","Customer Payment","2023-07-11 01:32:52"
"Benjie Val Lumawag","Successfully Login","Login","2023-07-11 09:41:31"
"","Added new customer [Peneda]","Customer","2023-07-11 09:56:42"
"","Error to add new customer payment [CP-230711100355]","Customer Payment","2023-07-11 02:03:55"
"Benjie Val Lumawag","Successfully Login","Login","2023-07-11 10:26:36"
"","Error to add new customer payment [CP-230711113002]","Customer Payment","2023-07-11 03:30:02"
"","Finished customer payment [CP-230711113002]","Customer Payment","2023-07-11 03:30:02"
"Benjie Val Lumawag","Successfully Login","Login","2023-07-11 11:41:33"
"","Added new customer [entatano]","Customer","2023-07-11 12:07:59"
"Benjie Val Lumawag","Successfully Login","Login","2023-07-11 12:23:18"
"Benjie Val Lumawag","Added new product [GalMax-3]","Product","2023-07-11 12:27:33"
"Benjie Val Lumawag","Added new product [GalMax 3- 1KG]","Product","2023-07-11 12:28:19"
"Benjie Val Lumawag","Added new product [Megatonic Twin pack lit]","Product","2023-07-11 13:06:55"
"Benjie Val Lumawag","Added new product [Megatonic Twin pack 500ml]","Product","2023-07-11 13:07:29"
"Benjie Val Lumawag","Added new product [Megatonic Twin 250ml]","Product","2023-07-11 13:08:06"
"Benjie Val Lumawag","Successfully Login","Login","2023-07-11 14:09:00"
"","Added new customer [Bureongan, Sainor]","Customer","2023-07-11 14:55:44"
"Benjie Val Lumawag","Successfully Login","Login","2023-07-11 14:57:29"
"","Added new customer [Pido]","Customer","2023-07-11 16:06:04"
"Benjie Val Lumawag","Successfully Login","Login","2023-07-11 16:33:17"
"","Added new customer [Egal]","Customer","2023-07-11 17:05:56"
"Benjie Val Lumawag","Successfully Login","Login","2023-07-11 19:30:02"
"Benjie Val Lumawag","Error to add new customer payment [CP-230711195152]","Customer Payment","2023-07-11 19:51:59"
"Benjie Val Lumawag","Finished customer payment [CP-230711195152]","Customer Payment","2023-07-11 19:53:04"
"Benjie Val Lumawag","Error to add new customer payment [CP-230711195355]","Customer Payment","2023-07-11 19:54:01"
"Benjie Val Lumawag","Finished customer payment [CP-230711195355]","Customer Payment","2023-07-11 19:54:35"
"","Added new customer [Dejaro]","Customer","2023-07-11 20:01:39"
"Benjie Val Lumawag","Successfully Login","Login","2023-07-12 09:59:12"
"Benjie Val Lumawag","Successfully Login","Login","2023-07-12 10:04:02"
"","Added new customer [Maravillosa]","Customer","2023-07-12 10:38:13"
"Benjie Val Lumawag","Successfully Login","Login","2023-07-12 11:22:33"
"Benjie Val Lumawag","Updated product [Rice- Tonner 25kg] => [Valencia Rice-25kg]","Product","2023-07-12 12:12:39"
"Benjie Val Lumawag","Updated product [Rice-Tonner 20 kg] => [Valencia Rice-20 kg]","Product","2023-07-12 12:13:08"
"Benjie Val Lumawag","Updated product [Rice-Tonner 1k] => [Valencia Rice- 1k]","Product","2023-07-12 12:13:32"
"Benjie Val Lumawag","Updated product [Spitfire - Gallon]","Product","2023-07-12 12:26:29"
"","Error to add new customer payment [CP-230712123859]","Customer Payment","2023-07-12 04:38:59"
"","Finished customer payment [CP-230712123859]","Customer Payment","2023-07-12 04:38:59"
"","Error to add new customer payment [CP-230712130127]","Customer Payment","2023-07-12 05:01:27"
"","Error to add new customer payment [CP-230712130656]","Customer Payment","2023-07-12 05:06:56"
"Benjie Val Lumawag","Successfully Login","Login","2023-07-12 13:10:40"
"","Added new customer [Gatsalian]","Customer","2023-07-12 13:51:29"
"","Added new customer [Kevin-c/o Aljay]","Customer","2023-07-12 13:56:42"
"Benjie Val Lumawag","Successfully Login","Login","2023-07-12 14:22:07"
"Benjie Val Lumawag","Successfully Login","Login","2023-07-12 14:38:12"
"Benjie Val Lumawag","Successfully Login","Login","2023-07-12 15:28:15"
"Benjie Val Lumawag","Updated product [141414-Atlas]","Product","2023-07-12 15:28:26"
"","Error to add new customer payment [CP-230712154142]","Customer Payment","2023-07-12 07:41:42"
"Benjie Val Lumawag","Successfully Login","Login","2023-07-12 15:59:45"
"Benjie Val Lumawag","Successfully Login","Login","2023-07-12 17:23:28"
"Benjie Val Lumawag","Updated product [Glyzone-Gallon]","Product","2023-07-12 17:23:41"
"","Error to add new customer payment [CP-230712174855]","Customer Payment","2023-07-12 09:48:55"
"Benjie Val Lumawag","Successfully Login","Login","2023-07-12 17:52:22"
"Benjie Val Lumawag","Successfully Login","Login","2023-07-13 06:04:41"
"Benjie Val Lumawag","Successfully Login","Login","2023-07-13 08:18:42"
"Benjie Val Lumawag","Successfully Login","Login","2023-07-13 09:20:25"
"","Added new customer [Samoy]","Customer","2023-07-13 11:02:34"
"","Added new customer [Tabares]","Customer","2023-07-13 11:55:45"
"","Added new customer [Uyanggorine]","Customer","2023-07-13 12:09:41"
"","Added new customer [Emmanuel Lacuesta]","Customer","2023-07-13 12:29:35"
"Benjie Val Lumawag","Successfully Login","Login","2023-07-13 12:31:05"
"Benjie Val Lumawag","Updated product [Evo-9989]","Product","2023-07-13 12:31:18"
"Benjie Val Lumawag","Successfully Login","Login","2023-07-13 12:34:25"
"","Error to add new customer payment [CP-230713131820]","Customer Payment","2023-07-13 05:18:20"
"","Added new customer [binasing]","Customer","2023-07-13 13:22:52"
"Benjie Val Lumawag","Successfully Login","Login","2023-07-13 13:39:44"
"Benjie Val Lumawag","Added new product [APSA 1000ml]","Product","2023-07-13 13:42:41"
"Benjie Val Lumawag","Added new product [Nutriplant-150g]","Product","2023-07-13 13:43:35"
"","Added new customer [Villaran]","Customer","2023-07-13 14:08:20"
"Benjie Val Lumawag","Successfully Login","Login","2023-07-13 14:16:11"
"Benjie Val Lumawag","Successfully Login","Login","2023-07-13 14:32:33"
"","Error to add new customer payment [CP-230713153413]","Customer Payment","2023-07-13 07:34:13"
"","Finished customer payment [CP-230713153413]","Customer Payment","2023-07-13 07:34:13"
"Benjie Val Lumawag","Updated product [Todo Max - Gallon ]","Product","2023-07-13 15:38:10"
"Benjie Val Lumawag","Successfully Login","Login","2023-07-13 16:35:23"
"Benjie Val Lumawag","Updated product [BNZ-Grower 1kg]","Product","2023-07-13 16:35:58"
"Benjie Val Lumawag","Successfully Login","Login","2023-07-13 17:25:45"
"Benjie Val Lumawag","Successfully Login","Login","2023-07-13 17:26:27"
"Benjie Val Lumawag","Added new product [Rice-#36-25kg]","Product","2023-07-13 17:41:16"
"Benjie Val Lumawag","Added new product [Rice-#36-20 kg]","Product","2023-07-13 17:42:15"
"","Error to add new customer payment [CP-230713174258]","Customer Payment","2023-07-13 09:42:58"
"Benjie Val Lumawag","Added new product [Rice-#36-1kg	]","Product","2023-07-13 17:44:17"
"","Error to add new customer payment [CP-230714063831]","Customer Payment","2023-07-13 22:38:31"
"","Error to add new customer payment [CP-230714073628]","Customer Payment","2023-07-13 23:36:28"
"","Attempt to add existing customer [Mayor]","Customer","2023-07-14 08:02:22"
"","Attempt to add existing customer [Mayor]","Customer","2023-07-14 08:02:22"
"","Attempt to add existing customer [Mayor]","Customer","2023-07-14 08:02:22"
"Benjie Val Lumawag","Successfully Login","Login","2023-07-14 08:18:53"
"Benjie Val Lumawag","Successfully Login","Login","2023-07-14 08:50:50"
"Benjie Val Lumawag","Updated customer [Pagurayan] => [Pagurayan, Meriza]","Customer","2023-07-14 00:55:17"
"","Added new customer [Palatulon, Jear]","Customer","2023-07-14 09:13:54"
"Benjie Val Lumawag","Successfully Login","Login","2023-07-14 09:19:15"
"","Added new customer [Ice Latris]","Customer","2023-07-14 09:30:17"
"","Error to add new customer payment [CP-230714094402]","Customer Payment","2023-07-14 01:44:02"
"Benjie Val Lumawag","Successfully Login","Login","2023-07-14 10:25:05"
"","Added new customer [Pagurayan]","Customer","2023-07-14 10:26:01"
"","Error to add new customer payment [CP-230714113823]","Customer Payment","2023-07-14 03:38:23"
"Benjie Val Lumawag","Updated product [141414-Amigo]","Product","2023-07-14 11:52:50"
"Benjie Val Lumawag","Updated product [141414-Atlas]","Product","2023-07-14 11:53:05"
"Benjie Val Lumawag","Updated product [Rice-#36-20 kg]","Product","2023-07-14 12:51:29"
"Benjie Val Lumawag","Added new product [Rice- Idol 25kg]","Product","2023-07-14 13:01:37"
"Benjie Val Lumawag","Added new product [Rice- Idol 20kg]","Product","2023-07-14 13:02:16"
"Benjie Val Lumawag","Updated product [Sper Biik-] => [Super Biik-]","Product","2023-07-14 13:03:54"
"Benjie Val Lumawag","Attempt to add existing product [Slasher- 1kg]","Product","2023-07-14 13:08:07"
"Benjie Val Lumawag","Attempt to add existing product [Slasher- 1kg]","Product","2023-07-14 13:08:16"
"Benjie Val Lumawag","Added new product [Slasher- 1kg]","Product","2023-07-14 13:08:27"
"Benjie Val Lumawag","Updated product [Slasher] => [Slasher 25kg]","Product","2023-07-14 13:09:16"
"Benjie Val Lumawag","Updated product [Super Biik-] => [Super Biik 25kg]","Product","2023-07-14 13:09:50"
"Benjie Val Lumawag","Added new product [Super Biik 1kg]","Product","2023-07-14 13:11:38"
"Benjie Val Lumawag","Updated product [7-Kinds] => [7-Kinds 25kg]","Product","2023-07-14 13:15:00"
"Benjie Val Lumawag","Added new product [7-Kinds 1 kg]","Product","2023-07-14 13:15:46"
"Benjie Val Lumawag","Added new supplier [Ana Victoria Baral]","Supplier","2023-07-14 13:27:20"
"","Updated product [141414-Atlas]","Product","2023-07-14 14:26:38"
"","Added new customer [muylo]","Customer","2023-07-14 14:34:50"
"Benjie Val Lumawag","Successfully Login","Login","2023-07-14 14:44:54"
"","Added new customer [Erocido]","Customer","2023-07-14 15:03:17"
"","Added new customer [gonina]","Customer","2023-07-14 15:37:21"
"","Added new customer [Serano, Angel]","Customer","2023-07-14 15:37:42"
"","Error to add new customer payment [CP-230714160715]","Customer Payment","2023-07-14 08:07:15"
"","Added new customer [Quintua, Allan]","Customer","2023-07-14 16:42:00"
"","Added new customer [Neates]","Customer","2023-07-14 17:24:47"
"Benjie Val Lumawag","Successfully Login","Login","2023-07-14 17:35:13"
"Benjie Val Lumawag","Updated customer [Lumawag, Arlie]","Customer","2023-07-14 09:35:39"
"Benjie Val Lumawag","Successfully Login","Login","2023-07-14 18:27:30"
"Benjie Val Lumawag","Updated customer [Parcon Trading]","Customer","2023-07-14 11:15:19"
"Benjie Val Lumawag","Updated customer [Lumawag, Arlie]","Customer","2023-07-14 12:16:22"
