"","Added new customer [Parcon, Felix]","Customer","2023-04-01 00:01:19"
"","Added new customer [Basaltan]","Customer","2023-04-01 00:15:41"
"Benjie Val Lumawag","Successfully Login","Login","2023-04-01 10:54:45"
"Benjie Val Lumawag","Added new supplier [Jomar Malijana]","Supplier","2023-04-01 11:01:52"
"Benjie Val Lumawag","Added new price notice [PN-20230401110356]","Price Notice","2023-04-01 11:03:58"
"","Error to add new customer payment [CP-230401110925]","Customer Payment","2023-04-01 09:09:25"
"","Added new customer [Galdo]","Customer","2023-04-01 11:10:07"
"Benjie Val Lumawag","Attempt to add existing price notice [PN-20230401115631]","Price Notice","2023-04-01 11:56:33"
"Benjie Val Lumawag","Added new price notice [PN-20230401115631]","Price Notice","2023-04-01 11:56:39"
"Benjie Val Lumawag","Added new detail of price notice [PN-20230401115631] : [4600-Amigo 1680.00 ->  1650]","Price Notice","2023-04-01 11:56:52"
"Benjie Val Lumawag","Added new detail of price notice [PN-20230401115631] : [4600-Harvester 1780.00 ->  1750]","Price Notice","2023-04-01 11:57:27"
"Benjie Val Lumawag","Added new detail of price notice [PN-20230401115631] : [Grader- Gallon 1350.00 ->  1300]","Price Notice","2023-04-01 12:02:14"
"Benjie Val Lumawag","Added new detail of price notice [PN-20230401115631] : [Mower Ultra - Gallon 1950.00 ->  1900]","Price Notice","2023-04-01 12:03:11"
"Benjie Val Lumawag","Added new detail of price notice [PN-20230401115631] : [Round up - Gallon 2000.00 ->  1950]","Price Notice","2023-04-01 12:03:26"
"Benjie Val Lumawag","Finished price notice [PN-20230401115631]","Price Notice","2023-04-01 12:13:27"
"Benjie Val Lumawag","Successfully Login","Login","2023-04-01 23:54:43"
"Benjie Val Lumawag","Implemented price notice [PN-20230401115631]","Price Notice","2023-04-02 00:00:43"
"Benjie Val Lumawag","Added new product [24D-Amine Gal - Delubyo]","Product","2023-04-02 00:14:26"
"Benjie Val Lumawag","Added new product [24D-Amine Lit ( Delubyo)]","Product","2023-04-02 00:15:00"
"","Added new customer [Gigan, Rex]","Customer","2023-04-02 00:33:42"
"Benjie Val Lumawag","Error to add new customer payment [CP-230402010410]","Customer Payment","2023-04-02 01:04:16"
"Benjie Val Lumawag","Finished customer payment [CP-230402010410]","Customer Payment","2023-04-02 01:04:25"
"Benjie Val Lumawag","Successfully Login","Login","2023-04-02 02:46:38"
"","Added new customer [midag]","Customer","2023-04-02 04:01:08"
"Benjie Val Lumawag","Error to add new customer payment [CP-230402051930]","Customer Payment","2023-04-02 05:19:35"
"Benjie Val Lumawag","Finished customer payment [CP-230402051930]","Customer Payment","2023-04-02 05:19:45"
"","Added new customer [Galecto]","Customer","2023-04-02 05:52:05"
"Benjie Val Lumawag","Error to add new customer payment [CP-230402074640]","Customer Payment","2023-04-02 07:46:55"
"Benjie Val Lumawag","Finished customer payment [CP-230402074640]","Customer Payment","2023-04-02 07:47:16"
"Benjie Val Lumawag","Error to add new customer payment [CP-230402090328]","Customer Payment","2023-04-02 09:03:36"
"Benjie Val Lumawag","Finished customer payment [CP-230402090328]","Customer Payment","2023-04-02 09:03:43"
"Benjie Val Lumawag","Successfully Login","Login","2023-04-02 10:50:00"
"Benjie Val Lumawag","Added new supplier [Felina Apura]","Supplier","2023-04-02 11:30:54"
"","Error to add new customer payment [CP-230402113908]","Customer Payment","2023-04-02 09:39:08"
"","Error to add new customer payment [CP-230402121715]","Customer Payment","2023-04-02 10:17:15"
"","Error to add new customer payment [CP-230402122815]","Customer Payment","2023-04-02 10:28:15"
"Benjie Val Lumawag","Successfully Login","Login","2023-04-02 12:28:37"
"","Error to add new customer payment [CP-230402123542]","Customer Payment","2023-04-02 10:35:42"
"Benjie Val Lumawag","Successfully Login","Login","2023-04-03 00:46:07"
"Benjie Val Lumawag","Added new price notice [PN-20230403030714]","Price Notice","2023-04-03 03:07:15"
"Benjie Val Lumawag","Added new detail of price notice [PN-20230403030714] : [Suprema - kalabasa 2800.00 ->  2750]","Price Notice","2023-04-03 03:07:48"
"Benjie Val Lumawag","Finished price notice [PN-20230403030714]","Price Notice","2023-04-03 03:07:50"
"","Implemented price notice [PN-20230403030714]","Price Notice","2023-04-03 04:48:59"
"","Added new customer [Tarutawan]","Customer","2023-04-03 05:14:24"
"Benjie Val Lumawag","Successfully Login","Login","2023-04-03 08:01:16"
"Benjie Val Lumawag","Updated product [agrowell- liter]","Product","2023-04-03 08:04:43"
"Benjie Val Lumawag","Updated product [Dithane-250g.]","Product","2023-04-03 08:05:04"
"Benjie Val Lumawag","Updated product [Pennant 500ml]","Product","2023-04-03 08:05:46"
"Benjie Val Lumawag","Updated product [Round up - Gallon]","Product","2023-04-03 08:06:01"
"Benjie Val Lumawag","Added new product [Bridge 500ml]","Product","2023-04-03 08:08:16"
"Benjie Val Lumawag","Added new product [Hoestick liter]","Product","2023-04-03 08:09:37"
"","Added new customer [Ampatua, Cairodin]","Customer","2023-04-03 08:47:05"
"Benjie Val Lumawag","Error to add new customer payment [CP-230403085212]","Customer Payment","2023-04-03 08:52:35"
"Benjie Val Lumawag","Finished customer payment [CP-230403085212]","Customer Payment","2023-04-03 08:53:14"
"","Added new customer [Gicole, Elgin]","Customer","2023-04-03 09:36:25"
"","Error to add new customer payment [CP-230403094449]","Customer Payment","2023-04-03 07:44:49"
"","Attempt to add existing customer [Tolentino]","Customer","2023-04-03 09:59:04"
"","Attempt to add existing customer [Tolentino]","Customer","2023-04-03 09:59:06"
"","Attempt to add existing customer [Tolentino]","Customer","2023-04-03 09:59:06"
"","Attempt to add existing customer [Tolentino]","Customer","2023-04-03 09:59:07"
"","Attempt to add existing customer [Tolentino]","Customer","2023-04-03 09:59:07"
"","Attempt to add existing customer [Tolentino]","Customer","2023-04-03 09:59:07"
"Benjie Val Lumawag","Successfully Login","Login","2023-04-04 00:59:29"
"Benjie Val Lumawag","Added new price notice [PN-20230404031429]","Price Notice","2023-04-04 03:14:31"
"Benjie Val Lumawag","Added new detail of price notice [PN-20230404031429] : [4600-Amigo 1650.00 ->  1620]","Price Notice","2023-04-04 03:14:49"
"Benjie Val Lumawag","Added new detail of price notice [PN-20230404031429] : [4600-Harvester 1750.00 ->  1720]","Price Notice","2023-04-04 03:15:02"
"Benjie Val Lumawag","Finished price notice [PN-20230404031429]","Price Notice","2023-04-04 03:15:04"
"","Implemented price notice [PN-20230404031429]","Price Notice","2023-04-04 03:16:11"
"Benjie Val Lumawag","Updated product [4600-Harvester]","Product","2023-04-04 03:32:53"
"Benjie Val Lumawag","Updated product [4600-Amigo]","Product","2023-04-04 03:33:14"
"Benjie Val Lumawag","Updated product [4600-Harvester]","Product","2023-04-04 03:34:46"
"Benjie Val Lumawag","Updated product [4600-Amigo]","Product","2023-04-04 03:34:57"
"","Added new customer [polinas]","Customer","2023-04-04 04:00:57"
"","Added new customer [Almenares]","Customer","2023-04-04 06:30:21"
"Benjie Val Lumawag","Error to add new customer payment [CP-230404064812]","Customer Payment","2023-04-04 06:48:19"
"Benjie Val Lumawag","Finished customer payment [CP-230404064812]","Customer Payment","2023-04-04 06:49:47"
"Benjie Val Lumawag","Added new product [Tremor-Liter]","Product","2023-04-04 09:44:35"
"Benjie Val Lumawag","Added new price notice [PN-20230404094617]","Price Notice","2023-04-04 09:46:20"
"Benjie Val Lumawag","Added new detail of price notice [PN-20230404094617] : [Mower Ultra - Gallon 1900.00 ->  1800]","Price Notice","2023-04-04 09:46:29"
"Benjie Val Lumawag","Added new detail of price notice [PN-20230404094617] : [Canon- Pack 65.00 ->  80]","Price Notice","2023-04-04 09:46:36"
"Benjie Val Lumawag","Finished price notice [PN-20230404094617]","Price Notice","2023-04-04 09:46:38"
"Benjie Val Lumawag","Attempt to add existing price notice [PN-20230404095051]","Price Notice","2023-04-04 09:50:53"
"Benjie Val Lumawag","Attempt to add existing price notice [PN-20230404095108]","Price Notice","2023-04-04 09:51:09"
"Benjie Val Lumawag","Error to add new customer payment [CP-230404113047]","Customer Payment","2023-04-04 11:30:53"
"Benjie Val Lumawag","Finished customer payment [CP-230404113047]","Customer Payment","2023-04-04 11:31:00"
"","Added new customer [Eclipse]","Customer","2023-04-05 01:59:43"
"Benjie Val Lumawag","Successfully Login","Login","2023-04-05 02:04:49"
"Benjie Val Lumawag","Implemented price notice [PN-20230404094617]","Price Notice","2023-04-05 02:04:51"
"","Added new customer [Salangan, Rasmiyah]","Customer","2023-04-05 02:52:05"
"","Added new customer [Salveron]","Customer","2023-04-05 07:29:42"
"Benjie Val Lumawag","Error to add new customer payment [CP-230405084015]","Customer Payment","2023-04-05 08:40:31"
"Benjie Val Lumawag","Finished customer payment [CP-230405084015]","Customer Payment","2023-04-05 08:40:55"
"","Error to add new customer payment [CP-230405091334]","Customer Payment","2023-04-05 07:13:34"
"Benjie Val Lumawag","Successfully Login","Login","2023-04-05 10:05:21"
"Benjie Val Lumawag","Error to add new customer payment [CP-230405111213]","Customer Payment","2023-04-05 11:12:22"
"Benjie Val Lumawag","Finished customer payment [CP-230405111213]","Customer Payment","2023-04-05 11:12:28"
"Benjie Val Lumawag","Successfully Login","Login","2023-04-07 23:49:16"
"","Added new customer [Rapista]","Customer","2023-04-08 00:05:46"
"Benjie Val Lumawag","Added new price notice [PN-20230408010128]","Price Notice","2023-04-08 01:01:30"
"Benjie Val Lumawag","Added new detail of price notice [PN-20230408010128] : [4600-Harvester 1700.00 ->  1680]","Price Notice","2023-04-08 01:01:37"
"Benjie Val Lumawag","Updated product [4600-Harvester]","Product","2023-04-08 01:06:39"
"","Error to add new customer payment [CP-230408012854]","Customer Payment","2023-04-07 23:28:54"
"Benjie Val Lumawag","Updated product [4600-Harvester]","Product","2023-04-08 02:07:10"
"","Added new customer [Balacasi, Alex]","Customer","2023-04-08 03:16:53"
"","Error to add new customer payment [CP-230408034102]","Customer Payment","2023-04-08 01:41:02"
"Benjie Val Lumawag","Successfully Login","Login","2023-04-08 03:48:15"
"Benjie Val Lumawag","Error to add new customer payment [CP-230408034818]","Customer Payment","2023-04-08 03:48:28"
"Benjie Val Lumawag","Finished customer payment [CP-230408034818]","Customer Payment","2023-04-08 03:48:41"
"","Added new customer [Espinosa, Lily]","Customer","2023-04-08 04:22:21"
"Benjie Val Lumawag","Added new price notice [PN-20230408052818]","Price Notice","2023-04-08 05:28:23"
"Benjie Val Lumawag","Added new detail of price notice [PN-20230408052818] : [141414-Atlas 1920.00 ->  1900]","Price Notice","2023-04-08 05:28:33"
"Benjie Val Lumawag","Added new detail of price notice [PN-20230408052818] : [16200-Atlas 1820.00 ->  1800]","Price Notice","2023-04-08 05:28:39"
"Benjie Val Lumawag","Added new detail of price notice [PN-20230408052818] : [4600-Harvester 1650.00 ->  1620]","Price Notice","2023-04-08 05:31:23"
"Benjie Val Lumawag","Finished price notice [PN-20230408052818]","Price Notice","2023-04-08 05:31:26"
"","Added new customer [Villarmosa]","Customer","2023-04-08 06:08:58"
"Benjie Val Lumawag","Attempt to add existing price notice [PN-20230408073619]","Price Notice","2023-04-08 07:36:23"
"Benjie Val Lumawag","Attempt to add existing price notice [PN-20230408080511]","Price Notice","2023-04-08 08:05:15"
"Benjie Val Lumawag","Added new price notice [PN-20230408080511]","Price Notice","2023-04-08 08:05:19"
"Benjie Val Lumawag","Added new detail of price notice [PN-20230408080511] : [4600-Harvester 1650.00 ->  1550]","Price Notice","2023-04-08 08:05:29"
"Benjie Val Lumawag","Added new detail of price notice [PN-20230408080511] : [4600-Amigo 1600.00 ->  1520]","Price Notice","2023-04-08 08:05:40"
"Benjie Val Lumawag","Finished price notice [PN-20230408080511]","Price Notice","2023-04-08 08:05:49"
"","Added new customer [Palmaira]","Customer","2023-04-08 08:51:42"
"Benjie Val Lumawag","Error to add new customer payment [CP-230408085602]","Customer Payment","2023-04-08 08:56:08"
"Benjie Val Lumawag","Finished customer payment [CP-230408085602]","Customer Payment","2023-04-08 08:56:15"
"","Implemented price notice [PN-20230408052818]","Price Notice","2023-04-09 00:13:06"
"","Added new customer [Gregorio]","Customer","2023-04-09 01:25:50"
"Benjie Val Lumawag","Successfully Login","Login","2023-04-09 02:46:58"
"","Added new customer [Saricaya]","Customer","2023-04-09 03:21:47"
"","Added new customer [Monigro]","Customer","2023-04-09 04:19:17"
"","Added new customer [Gicole]","Customer","2023-04-09 04:29:29"
"Benjie Val Lumawag","Error to add new customer payment [CP-230409052246]","Customer Payment","2023-04-09 05:22:52"
"","Error to add new customer payment [CP-230409052724]","Customer Payment","2023-04-09 03:27:24"
"","Added new customer [Pagador]","Customer","2023-04-09 05:41:55"
"Benjie Val Lumawag","Added new product [2100-Agro Planters]","Product","2023-04-09 05:52:00"
"Benjie Val Lumawag","Attempt to add existing price notice [PN-20230409055341]","Price Notice","2023-04-09 05:54:11"
"Benjie Val Lumawag","Updated product [4600-Amigo]","Product","2023-04-09 09:05:08"
"Benjie Val Lumawag","Successfully Login","Login","2023-04-09 10:41:19"
"","Implemented price notice [PN-20230408080511]","Price Notice","2023-04-10 00:02:28"
"Benjie Val Lumawag","Successfully Login","Login","2023-04-10 00:32:04"
"Benjie Val Lumawag","Error to add new customer payment [CP-230410003229]","Customer Payment","2023-04-10 00:32:50"
"Benjie Val Lumawag","Finished customer payment [CP-230410003229]","Customer Payment","2023-04-10 00:33:04"
"Benjie Val Lumawag","Error to add new customer payment [CP-230410004445]","Customer Payment","2023-04-10 00:44:53"
"Benjie Val Lumawag","Successfully Login","Login","2023-04-10 02:12:18"
"Benjie Val Lumawag","Attempt to add existing price notice [PN-20230410021259]","Price Notice","2023-04-10 02:13:00"
"Benjie Val Lumawag","Updated product [4600-Harvester]","Product","2023-04-10 02:14:29"
"Benjie Val Lumawag","Updated product [4600-Amigo]","Product","2023-04-10 02:14:42"
"Benjie Val Lumawag","Updated product [21000-Amigo] => [2100-Amigo]","Product","2023-04-10 02:15:39"
"Benjie Val Lumawag","Updated product [2100-Atlas]","Product","2023-04-10 02:15:51"
"","Added new customer [Calonge]","Customer","2023-04-10 02:20:28"
"","Error to add new customer payment [CP-230410022103]","Customer Payment","2023-04-10 00:21:03"
"Benjie Val Lumawag","Updated product [4600-Harvester]","Product","2023-04-10 03:52:27"
"Benjie Val Lumawag","Successfully Login","Login","2023-04-10 05:56:50"
"Benjie Val Lumawag","Error to add new customer payment [CP-230410082911]","Customer Payment","2023-04-10 08:29:33"
"Benjie Val Lumawag","Finished customer payment [CP-230410082911]","Customer Payment","2023-04-10 08:29:47"
"","Error to add new customer payment [CP-230410091541]","Customer Payment","2023-04-10 07:15:41"
"","Added new customer [Java, Jorelyn]","Customer","2023-04-10 11:36:14"
"","Error to add new customer payment [CP-230410113659]","Customer Payment","2023-04-10 09:36:59"
"Benjie Val Lumawag","Successfully Login","Login","2023-04-10 23:59:34"
"Benjie Val Lumawag","Error to add new customer payment [CP-230410235943]","Customer Payment","2023-04-10 23:59:57"
"Benjie Val Lumawag","Finished customer payment [CP-230410235943]","Customer Payment","2023-04-11 00:00:19"
"","Error to add new customer payment [CP-230411015441]","Customer Payment","2023-04-11 01:55:00"
"","Finished customer payment [CP-230411015441]","Customer Payment","2023-04-11 01:55:15"
"Benjie Val Lumawag","Successfully Login","Login","2023-04-11 06:54:02"
"","Added new customer [Cosain]","Customer","2023-04-11 09:46:32"
"Benjie Val Lumawag","Successfully Login","Login","2023-04-11 10:45:13"
"Benjie Val Lumawag","Error to add new customer payment [CP-230411104516]","Customer Payment","2023-04-11 10:45:35"
"Benjie Val Lumawag","Error to add new customer payment [CP-230411110520]","Customer Payment","2023-04-11 11:05:32"
"Benjie Val Lumawag","Finished customer payment [CP-230411110520]","Customer Payment","2023-04-11 11:05:45"
"Benjie Val Lumawag","Error to add new customer payment [CP-230411110548]","Customer Payment","2023-04-11 11:06:01"
"Benjie Val Lumawag","Error to add new customer payment [CP-230411113035]","Customer Payment","2023-04-11 11:30:55"
"Benjie Val Lumawag","Finished customer payment [CP-230411113035]","Customer Payment","2023-04-11 11:31:41"
"Benjie Val Lumawag","Successfully Login","Login","2023-04-12 05:11:53"
"Benjie Val Lumawag","Error to add new customer payment [CP-230412060541]","Customer Payment","2023-04-12 06:05:57"
"Benjie Val Lumawag","Finished customer payment [CP-230412060541]","Customer Payment","2023-04-12 06:12:36"
"","Error to add new customer payment [CP-230412062003]","Customer Payment","2023-04-12 04:20:03"
"","Added new customer [dabalus]","Customer","2023-04-12 06:22:59"
"","Added new customer [Tags Tapa]","Customer","2023-04-12 07:09:34"
"Benjie Val Lumawag","Successfully Login","Login","2023-04-12 23:58:36"
"","Added new customer [Paredes]","Customer","2023-04-13 02:58:00"
"Benjie Val Lumawag","Added new price notice [PN-20230413030116]","Price Notice","2023-04-13 03:01:18"
"Benjie Val Lumawag","Added new detail of price notice [PN-20230413030116] : [141414-Atlas 1900.00 ->  1860]","Price Notice","2023-04-13 03:01:38"
"Benjie Val Lumawag","Added new detail of price notice [PN-20230413030116] : [16200-Atlas 1800.00 ->  1770]","Price Notice","2023-04-13 03:01:53"
"Benjie Val Lumawag","Finished price notice [PN-20230413030116]","Price Notice","2023-04-13 03:01:58"
"","Implemented price notice [PN-20230413030116]","Price Notice","2023-04-13 03:02:06"
"Benjie Val Lumawag","Error to add new customer payment [CP-230413072832]","Customer Payment","2023-04-13 07:28:51"
"Benjie Val Lumawag","Error to add new customer payment [CP-230413075759]","Customer Payment","2023-04-13 07:58:25"
"Benjie Val Lumawag","Finished customer payment [CP-230413075759]","Customer Payment","2023-04-13 07:58:55"
"","Added new customer [Patano]","Customer","2023-04-13 09:49:46"
"Benjie Val Lumawag","Successfully Login","Login","2023-04-14 01:39:27"
"","Added new customer [Majan]","Customer","2023-04-15 00:04:43"
"Benjie Val Lumawag","Successfully Login","Login","2023-04-15 08:10:10"
"Benjie Val Lumawag","Successfully Login","Login","2023-04-15 10:59:26"
"Benjie Val Lumawag","Successfully Login","Login","2023-04-15 23:48:11"
"Benjie Val Lumawag","Successfully Login","Login","2023-04-16 01:37:37"
"Benjie Val Lumawag","Added new price notice [PN-20230416013739]","Price Notice","2023-04-16 01:37:42"
"Benjie Val Lumawag","Added new detail of price notice [PN-20230416013739] : [4600-Amigo 1550.00 ->  1480]","Price Notice","2023-04-16 01:37:49"
"Benjie Val Lumawag","Added new detail of price notice [PN-20230416013739] : [4600-Harvester 1580.00 ->  1500]","Price Notice","2023-04-16 01:38:06"
"Benjie Val Lumawag","Added new detail of price notice [PN-20230416013739] : [2100-Atlas 820.00 ->  800]","Price Notice","2023-04-16 01:40:29"
"Benjie Val Lumawag","Finished price notice [PN-20230416013739]","Price Notice","2023-04-16 01:40:32"
"Benjie Val Lumawag","Implemented price notice [PN-20230416013739]","Price Notice","2023-04-16 01:40:34"
"Benjie Val Lumawag","Updated product [Tekweed Gallon]","Product","2023-04-16 02:46:45"
"","Error to add new customer payment [CP-230416025647]","Customer Payment","2023-04-16 00:56:47"
"","Error to add new customer payment [CP-230416030325]","Customer Payment","2023-04-16 01:03:25"
"Benjie Val Lumawag","Updated product [0060-Amigo]","Product","2023-04-16 03:28:03"
"","Added new customer [Miranda]","Customer","2023-04-16 04:41:31"
"Benjie Val Lumawag","Successfully Login","Login","2023-04-16 05:01:52"
"Benjie Val Lumawag","Updated product [P 3645]","Product","2023-04-16 05:02:02"
"Benjie Val Lumawag","Updated product [2100-Harvester]","Product","2023-04-16 05:02:15"
"","Error to add new customer payment [CP-230416064308]","Customer Payment","2023-04-16 04:43:08"
"Benjie Val Lumawag","Successfully Login","Login","2023-04-16 07:17:59"
"","Error to add new customer payment [CP-230416073612]","Customer Payment","2023-04-16 05:36:12"
"","Added new customer [Gutsirez]","Customer","2023-04-16 08:50:16"
"Benjie Val Lumawag","Successfully Login","Login","2023-04-16 08:57:18"
"","Error to add new customer payment [CP-230416115411]","Customer Payment","2023-04-16 09:54:11"
"Benjie Val Lumawag","Successfully Login","Login","2023-04-16 23:44:22"
"Benjie Val Lumawag","Error to add new customer payment [CP-230417030229]","Customer Payment","2023-04-17 03:02:47"
"Benjie Val Lumawag","Successfully Login","Login","2023-04-17 06:35:33"
"Benjie Val Lumawag","Added new price notice [PN-20230417064558]","Price Notice","2023-04-17 06:45:59"
"Benjie Val Lumawag","Added new detail of price notice [PN-20230417064558] : [16200-Amigo 1780.00 ->  1760]","Price Notice","2023-04-17 06:47:54"
"","Added new customer [Caro, Diday]","Customer","2023-04-17 08:42:33"
"Benjie Val Lumawag","Successfully Login","Login","2023-04-17 09:29:37"
"Benjie Val Lumawag","Successfully Login","Login","2023-04-17 23:42:10"
"","Error to add new customer payment [CP-230417234808]","Customer Payment","2023-04-17 21:48:08"
"Benjie Val Lumawag","Added new price notice [PN-20230418022053]","Price Notice","2023-04-18 02:20:54"
"Benjie Val Lumawag","Added new detail of price notice [PN-20230418022053] : [16200-Amigo 1780.00 ->  1760]","Price Notice","2023-04-18 02:21:10"
"Benjie Val Lumawag","Added new detail of price notice [PN-20230418022053] : [Mower Ultra-Liter 680.00 ->  650]","Price Notice","2023-04-18 02:26:28"
"Benjie Val Lumawag","Finished price notice [PN-20230418022053]","Price Notice","2023-04-18 02:26:32"
"Benjie Val Lumawag","Implemented price notice [PN-20230418022053]","Price Notice","2023-04-18 02:26:34"
"","Error to add new customer payment [CP-230418032556]","Customer Payment","2023-04-18 01:25:56"
"Benjie Val Lumawag","Updated product [P 4124]","Product","2023-04-18 04:59:56"
"Benjie Val Lumawag","Updated product [141414-Atlas]","Product","2023-04-18 05:20:12"
"","Added new customer [Garcia]","Customer","2023-04-18 06:03:29"
"","Added new customer [Tiko]","Customer","2023-04-18 06:09:32"
"Benjie Val Lumawag","Error to add new customer payment [CP-230418085931]","Customer Payment","2023-04-18 08:59:38"
"Benjie Val Lumawag","Finished customer payment [CP-230418085931]","Customer Payment","2023-04-18 09:02:08"
"Benjie Val Lumawag","Error to add new customer payment [CP-230418091331]","Customer Payment","2023-04-18 09:13:37"
"Benjie Val Lumawag","Finished customer payment [CP-230418091331]","Customer Payment","2023-04-18 09:14:26"
"","Error to add new customer payment [CP-230418092827]","Customer Payment","2023-04-18 07:28:27"
"","Added new customer [Engr]","Customer","2023-04-18 09:58:29"
"","Added new customer [Dulangon]","Customer","2023-04-18 10:18:11"
"","Error to add new customer payment [CP-230418103220]","Customer Payment","2023-04-18 08:32:20"
"","Error to add new customer payment [CP-230418112045]","Customer Payment","2023-04-18 09:20:45"
"Benjie Val Lumawag","Successfully Login","Login","2023-04-19 00:12:22"
"Benjie Val Lumawag","Added new price notice [PN-20230419001249]","Price Notice","2023-04-19 00:12:52"
"Benjie Val Lumawag","Added new detail of price notice [PN-20230419001249] : [4600-Amigo 1480.00 ->  1500]","Price Notice","2023-04-19 00:13:05"
"Benjie Val Lumawag","Finished price notice [PN-20230419001249]","Price Notice","2023-04-19 00:13:09"
"","Implemented price notice [PN-20230419001249]","Price Notice","2023-04-19 00:13:17"
"","Added new customer [Palmes, T]","Customer","2023-04-19 04:19:14"
"Benjie Val Lumawag","Successfully Login","Login","2023-04-19 04:51:04"
"Benjie Val Lumawag","Error to add new customer payment [CP-230419075307]","Customer Payment","2023-04-19 07:53:15"
"Benjie Val Lumawag","Finished customer payment [CP-230419075307]","Customer Payment","2023-04-19 07:53:27"
"","Added new customer [Salahudin]","Customer","2023-04-19 10:22:12"
"Benjie Val Lumawag","Updated product [Grow More ( red)] => [Grow More ( red)-4-0-48]","Product","2023-04-19 11:28:44"
"Benjie Val Lumawag","Updated product [Grow more (yellow)] => [Grow more (yellow) 20 20 20]","Product","2023-04-19 11:29:10"
"Benjie Val Lumawag","Successfully Login","Login","2023-04-19 23:44:48"
"Benjie Val Lumawag","Added new customer [Belonio, Ronald]","Customer","2023-04-20 01:19:21"
"","Error to add new customer payment [CP-230420012017]","Customer Payment","2023-04-19 23:20:17"
"Benjie Val Lumawag","Successfully Login","Login","2023-04-20 03:44:46"
"","Added new customer [Salangan, A]","Customer","2023-04-20 05:26:54"
"Benjie Val Lumawag","Added new product [Herbadox lit]","Product","2023-04-20 05:49:54"
"Benjie Val Lumawag","Added new product [Selecron]","Product","2023-04-20 05:50:32"
"Benjie Val Lumawag","Updated product [Bullseye-500ml]","Product","2023-04-20 05:50:43"
"Benjie Val Lumawag","Updated product [Klear weed- Gallon]","Product","2023-04-20 05:50:57"
"Benjie Val Lumawag","Updated product [4600-Amigo]","Product","2023-04-20 06:05:19"
"","Added new customer [Palma]","Customer","2023-04-20 07:43:11"
"","Error to add new customer payment [CP-230420082859]","Customer Payment","2023-04-20 06:28:59"
"Benjie Val Lumawag","Successfully Login","Login","2023-04-20 09:29:54"
"","Added new customer [Yudo]","Customer","2023-04-20 09:48:22"
"Benjie Val Lumawag","Successfully Login","Login","2023-04-21 01:26:06"
"Benjie Val Lumawag","Updated product [Round up - Gallon]","Product","2023-04-21 02:00:22"
"","Added new customer [Jebulan]","Customer","2023-04-21 03:30:11"
"","Added new customer [Butig]","Customer","2023-04-21 04:02:19"
"Benjie Val Lumawag","Updated product [Manzate DF--250 grams] => [Manzate DF-250 grams]","Product","2023-04-21 04:17:02"
"Benjie Val Lumawag","Added new supplier [Michael Jay Gresones]","Supplier","2023-04-21 05:20:02"
"Benjie Val Lumawag","Successfully Login","Login","2023-04-21 11:00:07"
"Benjie Val Lumawag","Added new price notice [PN-20230421110859]","Price Notice","2023-04-21 11:09:00"
"Benjie Val Lumawag","Added new detail of price notice [PN-20230421110859] : [141414-Amigo 2220.00 ->  1820]","Price Notice","2023-04-21 11:09:10"
"Benjie Val Lumawag","Added new detail of price notice [PN-20230421110859] : [2100-Atlas 800.00 ->  820]","Price Notice","2023-04-21 11:09:17"
"Benjie Val Lumawag","Added new detail of price notice [PN-20230421110859] : [D-8131s 5800.00 ->  5750]","Price Notice","2023-04-21 11:10:10"
"Benjie Val Lumawag","Finished price notice [PN-20230421110859]","Price Notice","2023-04-21 11:10:13"
"Benjie Val Lumawag","Implemented price notice [PN-20230421110859]","Price Notice","2023-04-21 11:10:15"
"Benjie Val Lumawag","Successfully Login","Login","2023-04-21 23:38:42"
"","Added new customer [Gonzales]","Customer","2023-04-21 23:40:40"
"","Added new customer [Capuyan, Leo]","Customer","2023-04-21 23:57:40"
"","Error to add new customer payment [CP-230422000958]","Customer Payment","2023-04-21 22:09:58"
"","Error to add new customer payment [CP-230422002559]","Customer Payment","2023-04-21 22:25:59"
"Benjie Val Lumawag","Successfully Login","Login","2023-04-22 01:56:24"
"Benjie Val Lumawag","Error to add new customer payment [CP-230422015632]","Customer Payment","2023-04-22 01:56:39"
"Benjie Val Lumawag","Finished customer payment [CP-230422015632]","Customer Payment","2023-04-22 01:56:52"
"Benjie Val Lumawag","Error to add new customer payment [CP-230422025856]","Customer Payment","2023-04-22 02:59:01"
"Benjie Val Lumawag","Finished customer payment [CP-230422025856]","Customer Payment","2023-04-22 02:59:17"
"","Added new customer [Paquingan, L]","Customer","2023-04-22 03:22:51"
"","Added new customer [Altimo, Joseph]","Customer","2023-04-22 03:36:47"
"","Added new customer [Guilaran,Edie]","Customer","2023-04-22 04:05:36"
"","Added new customer [Pomado, A]","Customer","2023-04-22 05:42:23"
"","Added new customer [Villareal, Richard]","Customer","2023-04-22 05:44:10"
"Benjie Val Lumawag","Added new product [24D-Amine-Gallon- Vast]","Product","2023-04-22 06:37:48"
"","Error to add new customer payment [CP-230422065749]","Customer Payment","2023-04-22 04:57:49"
"Benjie Val Lumawag","Error to add new customer payment [CP-230422075913]","Customer Payment","2023-04-22 07:59:28"
"Benjie Val Lumawag","Error to add new customer payment [CP-230422091104]","Customer Payment","2023-04-22 09:11:14"
"Benjie Val Lumawag","Finished customer payment [CP-230422091104]","Customer Payment","2023-04-22 09:11:26"
"Benjie Val Lumawag","Successfully Login","Login","2023-04-22 11:21:33"
"","Added new customer [Aguilar, Roy]","Customer","2023-04-22 11:26:11"
"","Error to add new customer payment [CP-230422112731]","Customer Payment","2023-04-22 09:27:31"
"Benjie Val Lumawag","Successfully Login","Login","2023-04-22 23:20:20"
"","Added new customer [Pedredo]","Customer","2023-04-23 02:13:16"
"Benjie Val Lumawag","Error to add new customer payment [CP-230423021548]","Customer Payment","2023-04-23 02:16:00"
"Benjie Val Lumawag","Finished customer payment [CP-230423021548]","Customer Payment","2023-04-23 02:16:24"
"","Added new customer [Sobretodo]","Customer","2023-04-23 02:54:45"
"Benjie Val Lumawag","Error to add new customer payment [CP-230423071714]","Customer Payment","2023-04-23 07:17:20"
"Benjie Val Lumawag","Finished customer payment [CP-230423071714]","Customer Payment","2023-04-23 07:17:37"
"Benjie Val Lumawag","Added new product [2100-Sunrise]","Product","2023-04-23 07:48:32"
"Benjie Val Lumawag","Updated product [2100-Sunrise]","Product","2023-04-23 07:49:12"
"Benjie Val Lumawag","Successfully Login","Login","2023-04-24 04:46:28"
"","Added new customer [Hongko, J]","Customer","2023-04-24 06:11:55"
"","Added new customer [Tucod]","Customer","2023-04-24 06:43:39"
"Benjie Val Lumawag","Successfully Login","Login","2023-04-24 23:40:09"
"Benjie Val Lumawag","Error to add new customer payment [CP-230424234014]","Customer Payment","2023-04-24 23:40:22"
"Benjie Val Lumawag","Successfully Login","Login","2023-04-25 00:00:18"
"","Error to add new customer payment [CP-230425001515]","Customer Payment","2023-04-24 22:15:15"
"Benjie Val Lumawag","Successfully Login","Login","2023-04-25 00:57:52"
"","Added new customer [Lumambas, Norma]","Customer","2023-04-25 02:07:42"
"Benjie Val Lumawag","Updated product [Mower Ultra - Gallon]","Product","2023-04-25 02:50:17"
"Benjie Val Lumawag","Updated product [Clear out 4L]","Product","2023-04-25 02:51:07"
"Benjie Val Lumawag","Error to add new customer payment [CP-230425031933]","Customer Payment","2023-04-25 03:19:40"
"Benjie Val Lumawag","Successfully Login","Login","2023-04-25 05:33:25"
"","Added new customer [Berna]","Customer","2023-04-25 05:34:12"
"","Added new customer [Beladas]","Customer","2023-04-25 06:13:04"
"Benjie Val Lumawag","Updated product [Yara Vita 150ml]","Product","2023-04-25 06:16:10"
"","Added new customer [Garcia, Ivy]","Customer","2023-04-25 07:54:53"
"","Added new customer [Milan, Altimo]","Customer","2023-04-25 08:00:46"
"","Added new customer [Maamor, R]","Customer","2023-04-25 08:18:42"
"","Attempt to add existing customer [Ripag, Bryan]","Customer","2023-04-25 08:43:08"
"","Attempt to add existing customer [Ripag, Bryan]","Customer","2023-04-25 08:43:09"
"","Attempt to add existing customer [Ripag, Bryan]","Customer","2023-04-25 08:43:11"
"","Added new customer [Maamor, Fatima]","Customer","2023-04-25 08:51:28"
"","Added new customer [Camarista, Marisa]","Customer","2023-04-25 09:05:06"
"","Added new customer [Gregorio, Armando]","Customer","2023-04-25 10:13:08"
"Benjie Val Lumawag","Successfully Login","Login","2023-04-26 00:47:13"
"Benjie Val Lumawag","Error to add new customer payment [CP-230426004720]","Customer Payment","2023-04-26 00:47:26"
"Benjie Val Lumawag","Finished customer payment [CP-230426004720]","Customer Payment","2023-04-26 00:47:34"
"Benjie Val Lumawag","Successfully Login","Login","2023-04-26 03:29:32"
"","Error to add new customer payment [CP-230426033501]","Customer Payment","2023-04-26 01:35:01"
"Benjie Val Lumawag","Updated product [Sprayer- Rod 5ft] => [Parts- Rod 5ft]","Product","2023-04-26 05:17:17"
"Benjie Val Lumawag","Updated product [Parts- Rod 5ft]","Product","2023-04-26 05:17:31"
"Benjie Val Lumawag","Updated product [Sprayer- Rod 4ft] => [Parts- Rod 4ft]","Product","2023-04-26 05:17:46"
"Benjie Val Lumawag","Updated product [Sprayer- Rod Plastic] => [Parts- Rod Plastic]","Product","2023-04-26 05:18:05"
"Benjie Val Lumawag","Added new product [Parts- Single Nozzle]","Product","2023-04-26 05:18:45"
"Benjie Val Lumawag","Added new product [Parts- 2- Holes- Silver]","Product","2023-04-26 05:19:26"
"Benjie Val Lumawag","Added new product [Parts- 3 Holes Nozzle]","Product","2023-04-26 05:19:48"
"Benjie Val Lumawag","Added new product [Parts- Plastic Handle]","Product","2023-04-26 05:20:25"
"Benjie Val Lumawag","Added new product [Parts- Plastic Gasket]","Product","2023-04-26 05:21:03"
"Benjie Val Lumawag","Added new product [Parts- Plastic Noozle]","Product","2023-04-26 05:21:40"
"Benjie Val Lumawag","Added new product [Parts- Rod ( Extension)]","Product","2023-04-26 05:22:39"
"Benjie Val Lumawag","Added new product [Parts- Handle ( red)]","Product","2023-04-26 05:26:37"
"Benjie Val Lumawag","Finished customer payment [CP-230425031933]","Customer Payment","2023-04-26 06:21:29"
"Benjie Val Lumawag","Added new product [4600- Sunrise]","Product","2023-04-26 09:57:56"
"Benjie Val Lumawag","Successfully Login","Login","2023-04-27 00:05:50"
"Benjie Val Lumawag","Updated product [16200-Amigo]","Product","2023-04-27 04:38:16"
"","Added new customer [Kalik]","Customer","2023-04-27 04:43:14"
"","Attempt to add existing customer [Wali]","Customer","2023-04-27 04:44:36"
"Benjie Val Lumawag","Error to add new customer payment [CP-230427070247]","Customer Payment","2023-04-27 07:03:02"
"Benjie Val Lumawag","Finished customer payment [CP-230427070247]","Customer Payment","2023-04-27 07:03:17"
"","Added new customer [Saic, K]","Customer","2023-04-27 09:02:55"
"Benjie Val Lumawag","Successfully Login","Login","2023-04-28 01:54:28"
"Benjie Val Lumawag","Added new price notice [PN-20230428022659]","Price Notice","2023-04-28 02:27:01"
"Benjie Val Lumawag","Added new detail of price notice [PN-20230428022659] : [Dragon Humus-pack 180.00 ->  200]","Price Notice","2023-04-28 02:27:08"
"","Added new customer [Bayarin]","Customer","2023-04-28 02:57:44"
"Benjie Val Lumawag","Updated product [Stand Out - liter]","Product","2023-04-28 03:42:37"
"","Added new customer [Cabilo]","Customer","2023-04-28 03:57:16"
"","Error to add new customer payment [CP-230428042038]","Customer Payment","2023-04-28 02:20:38"
"","Error to add new customer payment [CP-230428042225]","Customer Payment","2023-04-28 02:22:25"
"Benjie Val Lumawag","Successfully Login","Login","2023-04-28 11:02:44"
"Benjie Val Lumawag","Successfully Login","Login","2023-04-28 23:50:47"
"Benjie Val Lumawag","Error to add new customer payment [CP-230429031155]","Customer Payment","2023-04-29 03:12:04"
"Benjie Val Lumawag","Finished customer payment [CP-230429031155]","Customer Payment","2023-04-29 03:12:17"
"Benjie Val Lumawag","Successfully Login","Login","2023-04-29 08:05:04"
"Benjie Val Lumawag","Error to add new customer payment [CP-230429101739]","Customer Payment","2023-04-29 10:17:52"
"Benjie Val Lumawag","Finished customer payment [CP-230429101739]","Customer Payment","2023-04-29 10:18:24"
"Benjie Val Lumawag","Successfully Login","Login","2023-04-30 03:44:52"
"Benjie Val Lumawag","Successfully Login","Login","2023-04-30 08:16:54"
"Benjie Val Lumawag","Updated product [Square off - liter]","Product","2023-04-30 08:17:11"
"Benjie Val Lumawag","Updated product [Sprayer- Crystal 16L]","Product","2023-04-30 08:54:58"
