"Benjie Val Lumawag","Successfully Login","Login","2024-11-01 05:59:18"
"QL Branch","Successfully Login","Login","2024-11-01 06:58:12"
"","Added new customer [dino]","Customer","2024-11-01 07:06:49"
"","Added new customer [maigue]","Customer","2024-11-01 07:12:02"
"QL Branch","Successfully Login","Login","2024-11-01 08:07:31"
"","Error to add new customer payment [CP-241101082053]","Customer Payment","2024-11-01 00:20:53"
"","Finished customer payment [CP-241101082053]","Customer Payment","2024-11-01 00:20:54"
"","Added new customer [baldivieso ta2x]","Customer","2024-11-01 08:47:46"
"Benjie Val Lumawag","Successfully Login","Login","2024-11-01 09:31:42"
"Benjie Val Lumawag","Updated product [Idol 25kg]","Product","2024-11-01 01:32:01"
"","Added new customer [gulangan]","Customer","2024-11-01 10:26:34"
"","Attempt to add existing customer [gulangan]","Customer","2024-11-01 10:26:34"
"Benjie Val Lumawag","Successfully Login","Login","2024-11-01 12:07:20"
"QL Branch","Successfully Login","Login","2024-11-01 12:20:05"
"","Added new customer [domengges]","Customer","2024-11-01 12:35:18"
"Benjie Val Lumawag","Successfully Login","Login","2024-11-01 13:31:30"
"Benjie Val Lumawag","Updated product [Idol 25kg]","Product","2024-11-01 05:41:47"
"Benjie Val Lumawag","Successfully Login","Login","2024-11-01 14:02:10"
"","Added new customer [sara]","Customer","2024-11-01 14:56:37"
"","Added new customer [pakinggan]","Customer","2024-11-01 15:04:35"
"","Error to add new customer payment [CP-241101151817]","Customer Payment","2024-11-01 07:18:17"
"","Finished customer payment [CP-241101151817]","Customer Payment","2024-11-01 07:18:17"
"","Error to add new customer payment [CP-241101153056]","Customer Payment","2024-11-01 07:30:56"
"","Finished customer payment [CP-241101153056]","Customer Payment","2024-11-01 07:30:56"
"Benjie Val Lumawag","Successfully Login","Login","2024-11-01 15:46:41"
"Cherry Mae","Successfully Login","Login","2024-11-01 15:48:37"
"Benjie Val Lumawag","Successfully Login","Login","2024-11-01 16:05:17"
"","Error to add new customer payment [CP-241101161647]","Customer Payment","2024-11-01 08:16:47"
"","Finished customer payment [CP-241101161647]","Customer Payment","2024-11-01 08:16:48"
"Benjie Val Lumawag","Successfully Login","Login","2024-11-01 17:47:47"
"","Added new customer [abao mark]","Customer","2024-11-02 13:44:52"
"","Added new customer [pamino]","Customer","2024-11-02 13:55:54"
"","Added new customer [nuñez]","Customer","2024-11-02 13:57:13"
"","Added new customer [pagtulon-an]","Customer","2024-11-02 14:01:45"
"","Added new customer [prosia]","Customer","2024-11-02 14:08:28"
"Benjie Val Lumawag","Successfully Login","Login","2024-11-02 14:24:03"
"","Added new customer [Alsola]","Customer","2024-11-02 14:24:06"
"Benjie Val Lumawag","Successfully Login","Login","2024-11-02 14:57:33"
"Veryen Bajan","Successfully Login","Login","2024-11-02 15:02:49"
"","Added new customer [daileg]","Customer","2024-11-02 15:04:51"
"Veryen Bajan","Successfully Login","Login","2024-11-02 16:33:28"
"","Error to add new customer payment [CP-241102163718]","Customer Payment","2024-11-02 08:37:18"
"","Error to add new customer payment [CP-241102165145]","Customer Payment","2024-11-02 08:51:45"
"","Finished customer payment [CP-241102165145]","Customer Payment","2024-11-02 08:51:45"
"Benjie Val Lumawag","Successfully Login","Login","2024-11-02 17:03:29"
"Benjie Val Lumawag","Successfully Login","Login","2024-11-02 19:12:33"
"Benjie Val Lumawag","Successfully Login","Login","2024-11-03 06:24:24"
"Cherry Mae","Successfully Login","Login","2024-11-03 06:45:53"
"","Error to add new customer payment [CP-241103064924]","Customer Payment","2024-11-02 22:49:24"
"","Finished customer payment [CP-241103064924]","Customer Payment","2024-11-02 22:49:24"
"Benjie Val Lumawag","Successfully Login","Login","2024-11-03 06:54:07"
"Benjie Val Lumawag","Updated product [Idol 25kg]","Product","2024-11-02 23:06:23"
"Benjie Val Lumawag","Updated product [Grace-Sack]","Product","2024-11-02 23:06:48"
"Benjie Val Lumawag","Updated product [Stag Developer]","Product","2024-11-02 23:09:03"
"Veryen Bajan","Successfully Login","Login","2024-11-03 07:21:05"
"","Attempt to add existing customer [acabo]","Customer","2024-11-03 08:35:29"
"Benjie Val Lumawag","Successfully Login","Login","2024-11-03 09:23:00"
"Cherry Mae","Successfully Login","Login","2024-11-03 10:52:24"
"","Error to add new customer payment [CP-241103110835]","Customer Payment","2024-11-03 03:08:35"
"","Finished customer payment [CP-241103110835]","Customer Payment","2024-11-03 03:08:35"
"","Error to add new customer payment [CP-241103112859]","Customer Payment","2024-11-03 03:28:59"
"","Finished customer payment [CP-241103112859]","Customer Payment","2024-11-03 03:29:00"
"","Added new customer [antoque]","Customer","2024-11-03 11:43:15"
"","Added new customer [caterinin goerg]","Customer","2024-11-03 11:47:14"
"","Added new customer [ballentos]","Customer","2024-11-03 12:03:53"
"","Added new customer [Gulilaw]","Customer","2024-11-03 13:36:26"
"Veryen Bajan","Successfully Login","Login","2024-11-03 16:08:08"
"Benjie Val Lumawag","Successfully Login","Login","2024-11-03 16:44:36"
"Benjie Val Lumawag","Successfully Login","Login","2024-11-03 19:15:51"
"Benjie Val Lumawag","Successfully Login","Login","2024-11-03 23:11:47"
"Benjie Val Lumawag","Successfully Login","Login","2024-11-04 07:21:03"
"Benjie Val Lumawag","Successfully Login","Login","2024-11-04 07:50:24"
"Benjie Val Lumawag","Successfully Login","Login","2024-11-04 14:48:52"
"Benjie Val Lumawag","Successfully Login","Login","2024-11-04 14:58:03"
"","Added new customer [Palconete]","Customer","2024-11-04 15:05:17"
"","Added new customer [barotas orly]","Customer","2024-11-04 15:48:18"
"","Added new customer [bertillo]","Customer","2024-11-04 15:55:15"
"","Error to add new customer payment [CP-241104161809]","Customer Payment","2024-11-04 08:18:09"
"","Finished customer payment [CP-241104161809]","Customer Payment","2024-11-04 08:18:10"
"","Added new customer [dela torre]","Customer","2024-11-04 16:19:23"
"Benjie Val Lumawag","Successfully Login","Login","2024-11-04 16:33:47"
"Benjie Val Lumawag","Updated product [D-8131s]","Product","2024-11-04 08:40:12"
"","Added new customer [madayag]","Customer","2024-11-04 16:54:53"
"Benjie Val Lumawag","Successfully Login","Login","2024-11-04 17:18:48"
"Benjie Val Lumawag","Successfully Login","Login","2024-11-05 06:01:02"
"","Error to add new customer payment [CP-241105061719]","Customer Payment","2024-11-04 22:17:19"
"","Finished customer payment [CP-241105061719]","Customer Payment","2024-11-04 22:17:19"
"Benjie Val Lumawag","Successfully Login","Login","2024-11-05 06:33:59"
"","Added new customer [guimano]","Customer","2024-11-05 08:33:00"
"Cherry Mae","Successfully Login","Login","2024-11-05 10:08:08"
"Veryen Bajan","Successfully Login","Login","2024-11-05 10:10:23"
"","Added new customer [roseno]","Customer","2024-11-05 10:47:57"
"","Added new customer [beboso]","Customer","2024-11-05 11:13:48"
"","Added new customer [medalla]","Customer","2024-11-05 11:39:44"
"","Added new customer [capillo arnel]","Customer","2024-11-05 13:03:57"
"Benjie Val Lumawag","Successfully Login","Login","2024-11-05 14:00:20"
"Veryen Bajan","Successfully Login","Login","2024-11-05 14:27:52"
"Benjie Val Lumawag","Successfully Login","Login","2024-11-05 14:36:10"
"Benjie Val Lumawag","Updated product [24D-Amine Complete-Case] => [24D-Amine Lit-Agribase-Case]","Product","2024-11-05 07:00:52"
"","Added new customer [motalid]","Customer","2024-11-05 15:14:04"
"Benjie Val Lumawag","Successfully Login","Login","2024-11-05 15:35:09"
"Benjie Val Lumawag","Successfully Login","Login","2024-11-05 15:38:46"
"Cherry Mae","Successfully Login","Login","2024-11-05 16:31:18"
"","Error to add new customer payment [CP-241105163423]","Customer Payment","2024-11-05 08:34:23"
"","Finished customer payment [CP-241105163423]","Customer Payment","2024-11-05 08:34:23"
"Benjie Val Lumawag","Successfully Login","Login","2024-11-05 17:11:34"
"Benjie Val Lumawag","Successfully Login","Login","2024-11-05 17:45:12"
"Benjie Val Lumawag","Successfully Login","Login","2024-11-05 18:06:35"
"Benjie Val Lumawag","Successfully Login","Login","2024-11-05 18:08:34"
"Benjie Val Lumawag","Updated product [Idol 25kg]","Product","2024-11-05 10:08:48"
"Benjie Val Lumawag","Updated product [16200-Atlas]","Product","2024-11-05 10:09:14"
"Benjie Val Lumawag","Updated product [16200-Harvester]","Product","2024-11-05 10:09:33"
"Benjie Val Lumawag","Successfully Login","Login","2024-11-06 06:21:59"
"Cherry Mae","Successfully Login","Login","2024-11-06 06:58:44"
"Russia","Successfully Login","Login","2024-11-06 06:59:24"
"Benjie Val Lumawag","Successfully Login","Login","2024-11-06 07:33:25"
"","Error to add new customer payment [CP-241106084743]","Customer Payment","2024-11-06 00:47:43"
"","Finished customer payment [CP-241106084743]","Customer Payment","2024-11-06 00:47:44"
"Cherry Mae","Successfully Login","Login","2024-11-06 10:05:13"
"","Added new customer [sarol]","Customer","2024-11-06 10:16:13"
"Cherry Mae","Successfully Login","Login","2024-11-06 11:14:02"
"","Error to add new customer payment [CP-241106111840]","Customer Payment","2024-11-06 03:18:40"
"","Finished customer payment [CP-241106111840]","Customer Payment","2024-11-06 03:18:40"
"","Error to add new customer payment [CP-241106111859]","Customer Payment","2024-11-06 03:18:59"
"","Finished customer payment [CP-241106111859]","Customer Payment","2024-11-06 03:18:59"
"","Added new customer [Obsioma]","Customer","2024-11-06 11:44:27"
"Benjie Val Lumawag","Successfully Login","Login","2024-11-06 12:07:56"
"","Added new customer [patoc]","Customer","2024-11-06 13:09:55"
"","Added new customer [diane marylen]","Customer","2024-11-06 13:14:33"
"Benjie Val Lumawag","Successfully Login","Login","2024-11-06 14:00:51"
"Benjie Val Lumawag","Successfully Login","Login","2024-11-06 14:28:02"
"Benjie Val Lumawag","Successfully Login","Login","2024-11-06 14:46:14"
"Benjie Val Lumawag","Successfully Login","Login","2024-11-06 16:31:52"
"Benjie Val Lumawag","Successfully Login","Login","2024-11-06 17:02:45"
"","Attempt to add existing customer [paje]","Customer","2024-11-06 17:39:08"
"","Added new customer [paje1]","Customer","2024-11-06 17:39:14"
"Benjie Val Lumawag","Successfully Login","Login","2024-11-07 06:03:36"
"Benjie Val Lumawag","Successfully Login","Login","2024-11-07 06:23:19"
"","Added new customer [santicedad]","Customer","2024-11-07 06:38:54"
"Benjie Val Lumawag","Updated product [Chess pack-80g]","Product","2024-11-06 22:46:18"
"Benjie Val Lumawag","Added new product [Match 250ml]","Product","2024-11-06 22:48:44"
"","Error to add new customer payment [CP-241107070534]","Customer Payment","2024-11-06 23:05:34"
"Benjie Val Lumawag","Updated product [4600-Harvester]","Product","2024-11-06 23:06:15"
"Benjie Val Lumawag","Updated product [2100-Atlas]","Product","2024-11-06 23:06:39"
"Benjie Val Lumawag","Updated product [2100-Harvester]","Product","2024-11-06 23:06:48"
"Benjie Val Lumawag","Updated product [4600-Harvester]","Product","2024-11-06 23:12:50"
"Benjie Val Lumawag","Updated product [Sofit 500ml]","Product","2024-11-06 23:33:04"
"","Added new customer [java indang]","Customer","2024-11-07 08:23:07"
"Cherry Mae","Successfully Login","Login","2024-11-07 08:27:05"
"","Added new customer [quitalla]","Customer","2024-11-07 08:42:48"
"","Added new customer [madriga]","Customer","2024-11-07 08:51:00"
"","Error to add new customer payment [CP-241107085153]","Customer Payment","2024-11-07 00:51:53"
"","Finished customer payment [CP-241107085153]","Customer Payment","2024-11-07 00:51:53"
"Veryen Bajan","Successfully Login","Login","2024-11-07 08:59:33"
"Cherry Mae","Successfully Login","Login","2024-11-07 09:10:22"
"","Added new customer [herrada]","Customer","2024-11-07 09:25:23"
"Benjie Val Lumawag","Successfully Login","Login","2024-11-07 09:45:24"
"","Added new customer [nantib]","Customer","2024-11-07 11:38:46"
"","Error to add new customer payment [CP-241107121230]","Customer Payment","2024-11-07 04:12:30"
"","Finished customer payment [CP-241107121230]","Customer Payment","2024-11-07 04:12:31"
"","Added new customer [Albana]","Customer","2024-11-07 12:30:52"
"Cherry Mae","Successfully Login","Login","2024-11-07 12:37:06"
"Benjie Val Lumawag","Successfully Login","Login","2024-11-07 14:26:23"
"Benjie Val Lumawag","Successfully Login","Login","2024-11-07 15:47:35"
"QL Branch","Successfully Login","Login","2024-11-07 15:54:37"
"","Attempt to add existing customer [cervas]","Customer","2024-11-07 16:24:22"
"","Error to add new customer payment [CP-241107172127]","Customer Payment","2024-11-07 09:21:27"
"","Finished customer payment [CP-241107172127]","Customer Payment","2024-11-07 09:21:28"
"Benjie Val Lumawag","Successfully Login","Login","2024-11-08 06:01:44"
"Benjie Val Lumawag","Successfully Login","Login","2024-11-08 06:19:06"
"Benjie Val Lumawag","Added new product [O Valley-Smashed 50kg]","Product","2024-11-07 22:50:43"
"Benjie Val Lumawag","Successfully Login","Login","2024-11-08 06:53:25"
"","Error to add new customer payment [CP-241108074530]","Customer Payment","2024-11-07 23:45:30"
"","Added new customer [omblero]","Customer","2024-11-08 07:49:39"
"Benjie Val Lumawag","Successfully Login","Login","2024-11-08 08:11:36"
"Benjie Val Lumawag","Updated product [7-Kinds 25kg] => [7-Kinds 25kg- Premium]","Product","2024-11-08 00:16:32"
"Benjie Val Lumawag","Updated product [7-Kinds 1 kg] => [7 Kinds 1 kg- Premium]","Product","2024-11-08 00:17:03"
"Benjie Val Lumawag","Updated product [7-Kinds 25kg- Premium] => [7 Kinds 25kg- Premium]","Product","2024-11-08 00:17:16"
"Benjie Val Lumawag","Updated product [PowerGrains 7 kinds-25kg] => [7 kinds-25kg ( Power Grains)]","Product","2024-11-08 00:17:52"
"Benjie Val Lumawag","Updated product [PowerGrains 7 kinds-1kg] => [7 kinds-1kg (Power Grains)]","Product","2024-11-08 00:18:28"
"Benjie Val Lumawag","Updated product [PowerGrains Maintenance-1kg] => [Maintenance-1kg (power Grains)]","Product","2024-11-08 00:18:51"
"Benjie Val Lumawag","Updated product [PowerGrains Concentrate-25kg] => [Concentrate-25kg (power Grains)]","Product","2024-11-08 00:19:17"
"Benjie Val Lumawag","Updated product [PowerGrains Maintenance-25kg] => [Maintenance-25kg ( PowerGrains)]","Product","2024-11-08 00:19:45"
"Benjie Val Lumawag","Updated product [7 kinds-25kg ( Power Grains)] => [7 kinds-25kg ( PowerGrains)]","Product","2024-11-08 00:20:03"
"Benjie Val Lumawag","Updated product [7 kinds-1kg (Power Grains)] => [7 kinds-1kg (PowerGrains)]","Product","2024-11-08 00:20:25"
"Benjie Val Lumawag","Updated product [PowerGrains Slasher-25kg] => [Slasher-25kg (PowerGrains)]","Product","2024-11-08 00:20:52"
"Benjie Val Lumawag","Updated product [PowerGrains Slasher-1kg] => [Slasher-1kg (powerGrains)]","Product","2024-11-08 00:21:13"
"Benjie Val Lumawag","Updated product [Slasher 25kg] => [Slasher 25kg-Premium]","Product","2024-11-08 00:21:30"
"Benjie Val Lumawag","Updated product [Slasher- 1kg] => [Slasher 1kg-Premium]","Product","2024-11-08 00:21:44"
"Benjie Val Lumawag","Added new product [Enerton 25kg-Sack]","Product","2024-11-08 00:23:42"
"Benjie Val Lumawag","Added new product [Enerton pack- Sack ( 24 packs)]","Product","2024-11-08 00:24:35"
"","Added new customer [ampandi]","Customer","2024-11-08 08:40:04"
"Benjie Val Lumawag","Updated product [Glyzone-Gallon]","Product","2024-11-08 01:48:45"
"Benjie Val Lumawag","Updated product [Glyphotex Gal]","Product","2024-11-08 01:48:57"
"","Error to add new customer payment [CP-241108095533]","Customer Payment","2024-11-08 01:55:33"
"","Error to add new customer payment [CP-241108095544]","Customer Payment","2024-11-08 01:55:44"
"","Error to add new customer payment [CP-241108101607]","Customer Payment","2024-11-08 02:16:07"
"","Finished customer payment [CP-241108101607]","Customer Payment","2024-11-08 02:16:08"
"","Error to add new customer payment [CP-241108102504]","Customer Payment","2024-11-08 02:25:04"
"","Finished customer payment [CP-241108102504]","Customer Payment","2024-11-08 02:25:04"
"QL Branch","Successfully Login","Login","2024-11-08 10:46:49"
"Cherry Mae","Successfully Login","Login","2024-11-08 13:17:48"
"","Error to add new customer payment [CP-241108132528]","Customer Payment","2024-11-08 05:25:28"
"","Finished customer payment [CP-241108132528]","Customer Payment","2024-11-08 05:25:29"
"","Error to add new customer payment [CP-241108133712]","Customer Payment","2024-11-08 05:37:12"
"","Finished customer payment [CP-241108133712]","Customer Payment","2024-11-08 05:37:12"
"","Error to add new customer payment [CP-241108133739]","Customer Payment","2024-11-08 05:37:39"
"","Finished customer payment [CP-241108133739]","Customer Payment","2024-11-08 05:37:39"
"","Error to add new customer payment [CP-241108133759]","Customer Payment","2024-11-08 05:37:59"
"","Finished customer payment [CP-241108133759]","Customer Payment","2024-11-08 05:37:59"
"","Error to add new customer payment [CP-241108133831]","Customer Payment","2024-11-08 05:38:31"
"","Finished customer payment [CP-241108133831]","Customer Payment","2024-11-08 05:38:31"
"","Added new customer [micais]","Customer","2024-11-08 13:50:21"
"Benjie Val Lumawag","Successfully Login","Login","2024-11-08 14:37:32"
"","Attempt to add existing customer [chavez]","Customer","2024-11-08 14:54:33"
"Benjie Val Lumawag","Successfully Login","Login","2024-11-08 16:04:16"
"","Error to add new customer payment [CP-241108181654]","Customer Payment","2024-11-08 10:16:54"
"Benjie Val Lumawag","Successfully Login","Login","2024-11-09 06:18:36"
"Benjie Val Lumawag","Successfully Login","Login","2024-11-09 06:37:24"
"Benjie Val Lumawag","Successfully Login","Login","2024-11-09 07:35:50"
"Benjie Val Lumawag","Successfully Login","Login","2024-11-09 07:42:32"
"","Added new customer [Baleroso]","Customer","2024-11-09 07:47:43"
"Cherry Mae","Successfully Login","Login","2024-11-09 08:00:54"
"","Error to add new customer payment [CP-241109081722]","Customer Payment","2024-11-09 00:17:22"
"","Finished customer payment [CP-241109081722]","Customer Payment","2024-11-09 00:17:22"
"Benjie Val Lumawag","Successfully Login","Login","2024-11-09 08:18:43"
"Benjie Val Lumawag","Successfully Login","Login","2024-11-09 11:46:51"
"","Error to add new customer payment [CP-241109130237]","Customer Payment","2024-11-09 05:02:37"
"","Finished customer payment [CP-241109130237]","Customer Payment","2024-11-09 05:02:37"
"Benjie Val Lumawag","Added new product [Tekburn 4L-Case ( 1x4)]","Product","2024-11-09 05:05:13"
"Benjie Val Lumawag","Added new product [Tekburn 4L-Gallon]","Product","2024-11-09 05:05:45"
"Benjie Val Lumawag","Added new product [Mower Ultra Gallon- Case (1x6)]","Product","2024-11-09 05:08:37"
"Benjie Val Lumawag","Updated product [Glysinate 15sl- liter] => [Glysinate - liter]","Product","2024-11-09 05:10:58"
"Benjie Val Lumawag","Updated product [Glysinate 15sl Gallon] => [Glysinate-Gallon]","Product","2024-11-09 05:11:11"
"Benjie Val Lumawag","Updated product [Glysinate Gal-Cases] => [Glysinate Gal-Cases ( 1x4)]","Product","2024-11-09 05:11:29"
"Benjie Val Lumawag","Updated product [Spitfire Gallon- Cases] => [Spitfire Gallon- Cases (1x4)]","Product","2024-11-09 05:12:17"
"Benjie Val Lumawag","Added new product [Spitfire Lit-Case ( 1x12)]","Product","2024-11-09 05:13:28"
"Benjie Val Lumawag","Added new product [Banguard 500g-Case(1x24)]","Product","2024-11-09 05:16:05"
"Benjie Val Lumawag","Added new product [Banguard 500ML-Pack]","Product","2024-11-09 05:16:41"
"Benjie Val Lumawag","Added new product [Akasa 250ml-Case ( 1x36)]","Product","2024-11-09 05:18:20"
"Benjie Val Lumawag","Added new product [Akasa 250ml-bot]","Product","2024-11-09 05:19:45"
"Benjie Val Lumawag","Added new product [Pro star Lit-Case ( 1x12)]","Product","2024-11-09 05:23:04"
"Benjie Val Lumawag","Added new product [Pro-Star-Lit]","Product","2024-11-09 05:24:50"
"Benjie Val Lumawag","Added new product [SC Dolomite Lit-Case(1x12)]","Product","2024-11-09 05:29:32"
"Benjie Val Lumawag","Added new product [SC Dolomite Lit-Bot]","Product","2024-11-09 05:30:30"
"Benjie Val Lumawag","Updated product [Tekweed Gallon- Cases] => [Tekweed Gallon- Cases ( 1x4)]","Product","2024-11-09 05:30:48"
"QL Branch","Successfully Login","Login","2024-11-09 13:49:51"
"","Error to add new customer payment [CP-241109141348]","Customer Payment","2024-11-09 06:13:48"
"","Finished customer payment [CP-241109141348]","Customer Payment","2024-11-09 06:13:49"
"","Added new customer [debora]","Customer","2024-11-09 14:26:27"
"","Added new customer [meran]","Customer","2024-11-09 14:27:58"
"Benjie Val Lumawag","Added new product [Tekweed lit-Case ( 1x12)]","Product","2024-11-09 06:38:33"
"Benjie Val Lumawag","Attempt to add existing product [Tekweed Lit-Bot]","Product","2024-11-09 06:39:25"
"Benjie Val Lumawag","Attempt to add existing product [Tekweed Lit-Bot]","Product","2024-11-09 06:39:40"
"Benjie Val Lumawag","Attempt to add existing product [Tekweed Lit-Bot]","Product","2024-11-09 06:39:49"
"Benjie Val Lumawag","Added new product [Tekweed Lit-Bot]","Product","2024-11-09 06:40:41"
"Benjie Val Lumawag","Successfully Login","Login","2024-11-09 15:41:35"
"Benjie Val Lumawag","Successfully Login","Login","2024-11-09 16:29:18"
"","Added new customer [madin]","Customer","2024-11-10 06:00:31"
"","Attempt to add existing customer [marcon]","Customer","2024-11-10 06:05:02"
"","Added new customer [lagora]","Customer","2024-11-10 06:06:28"
"","Attempt to add existing customer [Banas]","Customer","2024-11-10 06:07:22"
"","Added new customer [Banas1]","Customer","2024-11-10 06:07:24"
"","Attempt to add existing customer [Banas]","Customer","2024-11-10 06:07:52"
"","Attempt to add existing customer [Banas]","Customer","2024-11-10 06:07:54"
"","Attempt to add existing customer [Banas]","Customer","2024-11-10 06:07:57"
"","Attempt to add existing customer [Banas]","Customer","2024-11-10 06:08:01"
"","Attempt to add existing customer [banas]","Customer","2024-11-10 06:08:49"
"","Added new customer [Banas toto]","Customer","2024-11-10 06:09:31"
"Benjie Val Lumawag","Successfully Login","Login","2024-11-10 06:18:05"
"","Added new customer [Rebica soberano]","Customer","2024-11-10 06:42:51"
"Benjie Val Lumawag","Successfully Login","Login","2024-11-10 06:48:29"
"","Added new customer [Ebrona]","Customer","2024-11-10 07:52:47"
"QL Branch","Successfully Login","Login","2024-11-10 08:12:21"
"","Added new customer [pagdato]","Customer","2024-11-10 08:52:41"
"Benjie Val Lumawag","Successfully Login","Login","2024-11-10 09:15:02"
"Benjie Val Lumawag","Updated product [4600-Harvester]","Product","2024-11-10 01:15:46"
"","Added new customer [tijamo]","Customer","2024-11-10 11:00:32"
"","Added new customer [delarita, arnolfu]","Customer","2024-11-10 11:10:54"
"","Added new customer [cabilla rebin]","Customer","2024-11-10 11:51:52"
"","Attempt to add existing customer [1]","Customer","2024-11-10 11:54:58"
"","Added new customer [INDAY C.]","Customer","2024-11-10 11:55:08"
"","Added new customer [jina afable]","Customer","2024-11-10 12:27:06"
"Benjie Val Lumawag","Successfully Login","Login","2024-11-10 12:57:47"
"Benjie Val Lumawag","Successfully Login","Login","2024-11-10 13:00:11"
"","Added new customer [patches]","Customer","2024-11-10 13:20:56"
"","Added new customer [mariel miran]","Customer","2024-11-10 14:11:05"
"Joshua Delos Reyes","Successfully Login","Login","2024-11-10 14:34:45"
"Benjie Val Lumawag","Successfully Login","Login","2024-11-10 14:49:27"
"","Added new customer [lingo bebot]","Customer","2024-11-10 14:53:28"
"Benjie Val Lumawag","Successfully Login","Login","2024-11-10 15:08:04"
"Veryen Bajan","Successfully Login","Login","2024-11-10 15:32:36"
"Benjie Val Lumawag","Successfully Login","Login","2024-11-10 16:12:03"
"","Added new customer [dominez]","Customer","2024-11-10 16:19:17"
"","Attempt to add existing customer [dominez]","Customer","2024-11-10 16:19:17"
"","Added new customer [Banas, Rogie]","Customer","2024-11-10 16:52:10"
"","Error to add new customer payment [CP-241110165534]","Customer Payment","2024-11-10 08:55:34"
"","Finished customer payment [CP-241110165534]","Customer Payment","2024-11-10 08:55:35"
"","Error to add new customer payment [CP-241110165535]","Customer Payment","2024-11-10 08:55:35"
"","Error to add new customer payment [CP-241110165616]","Customer Payment","2024-11-10 08:56:16"
"","Finished customer payment [CP-241110165616]","Customer Payment","2024-11-10 08:56:16"
"","Error to add new customer payment [CP-241110174930]","Customer Payment","2024-11-10 09:49:30"
"","Finished customer payment [CP-241110174930]","Customer Payment","2024-11-10 09:49:30"
"Benjie Val Lumawag","Successfully Login","Login","2024-11-10 17:49:54"
"Benjie Val Lumawag","Successfully Login","Login","2024-11-10 20:08:53"
"Benjie Val Lumawag","Successfully Login","Login","2024-11-11 05:53:55"
"Benjie Val Lumawag","Successfully Login","Login","2024-11-11 06:47:44"
"","Added new customer [Bleganio]","Customer","2024-11-11 07:19:10"
"Benjie Val Lumawag","Successfully Login","Login","2024-11-11 07:28:40"
"Benjie Val Lumawag","Successfully Login","Login","2024-11-11 08:13:34"
"Veryen Bajan","Successfully Login","Login","2024-11-11 08:53:34"
"","Error to add new customer payment [CP-241111090303]","Customer Payment","2024-11-11 01:03:03"
"","Finished customer payment [CP-241111090303]","Customer Payment","2024-11-11 01:03:04"
"Benjie Val Lumawag","Successfully Login","Login","2024-11-11 09:11:57"
"","Added new customer [valera]","Customer","2024-11-11 10:00:55"
"","Added new customer [richee]","Customer","2024-11-11 10:20:48"
"Benjie Val Lumawag","Successfully Login","Login","2024-11-11 10:42:11"
"Benjie Val Lumawag","Updated product [4600-Harvester]","Product","2024-11-11 02:49:10"
"Benjie Val Lumawag","Updated product [2100-Harvester]","Product","2024-11-11 02:49:57"
"","Added new customer [Dela cruz]","Customer","2024-11-11 13:54:16"
"Veryen Bajan","Successfully Login","Login","2024-11-11 14:48:28"
"Benjie Val Lumawag","Successfully Login","Login","2024-11-11 15:11:24"
"Benjie Val Lumawag","Successfully Login","Login","2024-11-11 15:13:05"
"","Added new customer [ma]","Customer","2024-11-11 16:25:12"
"","Added new customer [vicente junico]","Customer","2024-11-11 16:51:38"
"","Added new customer [luztan]","Customer","2024-11-11 17:12:28"
"Benjie Val Lumawag","Successfully Login","Login","2024-11-11 17:28:43"
"Benjie Val Lumawag","Successfully Login","Login","2024-11-11 17:35:32"
"Benjie Val Lumawag","Successfully Login","Login","2024-11-11 18:53:31"
"Benjie Val Lumawag","Successfully Login","Login","2024-11-11 22:47:21"
"Benjie Val Lumawag","Successfully Login","Login","2024-11-12 06:10:45"
"Benjie Val Lumawag","Successfully Login","Login","2024-11-12 06:15:06"
"Veryen Bajan","Successfully Login","Login","2024-11-12 06:42:55"
"Benjie Val Lumawag","Successfully Login","Login","2024-11-12 07:43:36"
"","Added new customer [albios]","Customer","2024-11-12 08:03:33"
"","Added new customer [pamulad aroroos]","Customer","2024-11-12 09:43:58"
"Benjie Val Lumawag","Successfully Login","Login","2024-11-12 10:14:44"
"Cherry Mae","Successfully Login","Login","2024-11-12 10:18:21"
"Cherry Mae","Successfully Login","Login","2024-11-12 10:33:11"
"QL Branch","Successfully Login","Login","2024-11-12 10:41:03"
"","Added new customer [casiple]","Customer","2024-11-12 11:21:17"
"","Error to add new customer payment [CP-241112113125]","Customer Payment","2024-11-12 03:31:25"
"","Finished customer payment [CP-241112113125]","Customer Payment","2024-11-12 03:31:25"
"Cherry Mae","Successfully Login","Login","2024-11-12 11:43:45"
"Cherry Mae","Successfully Login","Login","2024-11-12 11:45:33"
"Benjie Val Lumawag","Successfully Login","Login","2024-11-12 11:54:56"
"Veryen Bajan","Successfully Login","Login","2024-11-12 12:08:44"
"","Added new customer [tabanaw]","Customer","2024-11-12 13:01:06"
"","Added new customer [abarolio]","Customer","2024-11-12 13:23:38"
"Benjie Val Lumawag","Successfully Login","Login","2024-11-12 15:28:38"
"","Added new customer [balagno]","Customer","2024-11-12 16:06:13"
"Cherry Mae","Successfully Login","Login","2024-11-12 16:18:54"
"Benjie Val Lumawag","Successfully Login","Login","2024-11-12 18:00:30"
"Veryen Bajan","Successfully Login","Login","2024-11-13 07:20:28"
"Benjie Val Lumawag","Successfully Login","Login","2024-11-13 07:23:59"
"","Error to add new customer payment [CP-241113073308]","Customer Payment","2024-11-12 23:33:08"
"","Finished customer payment [CP-241113073308]","Customer Payment","2024-11-12 23:33:09"
"","Added new customer [delarosa]","Customer","2024-11-13 08:00:05"
"Benjie Val Lumawag","Successfully Login","Login","2024-11-13 08:48:18"
"Veryen Bajan","Successfully Login","Login","2024-11-13 10:20:28"
"","Error to add new customer payment [CP-241113112059]","Customer Payment","2024-11-13 03:20:59"
"","Finished customer payment [CP-241113112059]","Customer Payment","2024-11-13 03:20:59"
"","Added new customer [pabiliar]","Customer","2024-11-13 11:30:25"
"","Error to add new customer payment [CP-241113120338]","Customer Payment","2024-11-13 04:03:38"
"","Finished customer payment [CP-241113120338]","Customer Payment","2024-11-13 04:03:39"
"","Error to add new customer payment [CP-241113120446]","Customer Payment","2024-11-13 04:04:46"
"","Finished customer payment [CP-241113120446]","Customer Payment","2024-11-13 04:04:46"
"","Error to add new customer payment [CP-241113120505]","Customer Payment","2024-11-13 04:05:05"
"","Finished customer payment [CP-241113120505]","Customer Payment","2024-11-13 04:05:06"
"","Error to add new customer payment [CP-241113120751]","Customer Payment","2024-11-13 04:07:51"
"","Finished customer payment [CP-241113120751]","Customer Payment","2024-11-13 04:07:52"
"","Added new customer [AG Planet Agri Supply]","Customer","2024-11-13 13:09:09"
"Cherry Mae","Successfully Login","Login","2024-11-13 13:33:04"
"","Added new customer [marivel banaban]","Customer","2024-11-13 14:52:51"
"QL Branch","Successfully Login","Login","2024-11-13 15:45:22"
"Cherry Mae","Successfully Login","Login","2024-11-13 15:51:28"
"Cherry Mae","Successfully Login","Login","2024-11-13 16:05:42"
"Veryen Bajan","Successfully Login","Login","2024-11-13 16:12:04"
"Veryen Bajan","Successfully Login","Login","2024-11-13 16:43:24"
"Benjie Val Lumawag","Successfully Login","Login","2024-11-13 16:59:09"
"Benjie Val Lumawag","Updated product [4600-Harvester]","Product","2024-11-13 10:15:34"
"Benjie Val Lumawag","Successfully Login","Login","2024-11-14 05:47:38"
"Shena Mae Pabale","Successfully Login","Login","2024-11-14 06:27:38"
"Benjie Val Lumawag","Successfully Login","Login","2024-11-14 06:29:29"
"Benjie Val Lumawag","Successfully Login","Login","2024-11-14 06:37:21"
"Benjie Val Lumawag","Successfully Login","Login","2024-11-14 06:39:55"
"Benjie Val Lumawag","Successfully Login","Login","2024-11-14 07:02:29"
"Shena Mae Pabale","Successfully Login","Login","2024-11-14 07:15:37"
"","Added new customer [benjie val/aroroos]","Customer","2024-11-14 08:24:21"
"","Added new customer [habil jay]","Customer","2024-11-14 09:09:24"
"","Attempt to add existing customer [Penas]","Customer","2024-11-14 09:40:37"
"","Added new customer [Penas,  Roger]","Customer","2024-11-14 09:40:58"
"","Error to add new customer payment [CP-241114101732]","Customer Payment","2024-11-14 02:17:32"
"","Finished customer payment [CP-241114101732]","Customer Payment","2024-11-14 02:17:33"
"Benjie Val Lumawag","Successfully Login","Login","2024-11-14 10:56:26"
"Veryen Bajan","Successfully Login","Login","2024-11-14 11:06:53"
"Benjie Val Lumawag","Successfully Login","Login","2024-11-14 11:30:57"
"Benjie Val Lumawag","Successfully Login","Login","2024-11-14 11:32:18"
"","Added new customer [jariño]","Customer","2024-11-14 11:49:20"
"Cherry Mae","Successfully Login","Login","2024-11-14 11:56:21"
"Veryen Bajan","Successfully Login","Login","2024-11-14 11:57:38"
"Benjie Val Lumawag","Successfully Login","Login","2024-11-14 12:02:16"
"Cherry Mae","Successfully Login","Login","2024-11-14 12:22:06"
"","Attempt to add existing customer [gicole]","Customer","2024-11-14 12:34:05"
"","Attempt to add existing customer [gicole]","Customer","2024-11-14 12:34:05"
"","Attempt to add existing customer [gicole]","Customer","2024-11-14 12:34:08"
"","Attempt to add existing customer [gicole]","Customer","2024-11-14 12:34:09"
"","Added new customer [ducares]","Customer","2024-11-14 12:53:05"
"Veryen Bajan","Successfully Login","Login","2024-11-14 13:19:09"
"","Added new customer [cb andrew vince marlon]","Customer","2024-11-14 13:52:14"
"Benjie Val Lumawag","Successfully Login","Login","2024-11-14 14:33:04"
"","Added new customer [GUIAMAN]","Customer","2024-11-14 15:14:02"
"","Error to add new customer payment [CP-241114152403]","Customer Payment","2024-11-14 07:24:03"
"","Finished customer payment [CP-241114152403]","Customer Payment","2024-11-14 07:24:04"
"","Added new customer [Carding]","Customer","2024-11-14 16:14:01"
"Shena Mae Pabale","Successfully Login","Login","2024-11-14 16:35:23"
"Benjie Val Lumawag","Successfully Login","Login","2024-11-14 17:28:56"
"Benjie Val Lumawag","Successfully Login","Login","2024-11-15 06:31:30"
"Benjie Val Lumawag","Successfully Login","Login","2024-11-15 06:46:07"
"Benjie Val Lumawag","Successfully Login","Login","2024-11-15 07:01:16"
"","Error to add new customer payment [CP-241115084832]","Customer Payment","2024-11-15 00:48:32"
"","Finished customer payment [CP-241115084832]","Customer Payment","2024-11-15 00:48:32"
"Benjie Val Lumawag","Successfully Login","Login","2024-11-15 10:02:17"
"Cherry Mae","Successfully Login","Login","2024-11-15 10:53:32"
"","Added new customer [latibidad]","Customer","2024-11-15 11:02:43"
"","Added new customer [amerodin]","Customer","2024-11-15 11:28:16"
"Cherry Mae","Successfully Login","Login","2024-11-15 11:53:55"
"Benjie Val Lumawag","Successfully Login","Login","2024-11-15 12:03:08"
"Cherry Mae","Successfully Login","Login","2024-11-15 12:13:33"
"QL Branch","Successfully Login","Login","2024-11-15 13:22:09"
"Cherry Mae","Successfully Login","Login","2024-11-15 13:49:13"
"","Added new customer [toto villote]","Customer","2024-11-15 13:52:34"
"Benjie Val Lumawag","Successfully Login","Login","2024-11-15 14:59:26"
"Benjie Val Lumawag","Successfully Login","Login","2024-11-15 16:18:18"
"Benjie Val Lumawag","Updated product [141414-Amigo]","Product","2024-11-15 08:19:10"
"","Error to add new customer payment [CP-241115163724]","Customer Payment","2024-11-15 08:37:24"
"Benjie Val Lumawag","Successfully Login","Login","2024-11-15 16:45:55"
"QL Branch","Successfully Login","Login","2024-11-15 16:47:50"
"Benjie Val Lumawag","Successfully Login","Login","2024-11-15 17:00:22"
"Benjie Val Lumawag","Successfully Login","Login","2024-11-15 17:47:00"
"Benjie Val Lumawag","Successfully Login","Login","2024-11-15 18:13:42"
"Benjie Val Lumawag","Successfully Login","Login","2024-11-16 05:39:51"
"Benjie Val Lumawag","Successfully Login","Login","2024-11-16 06:05:39"
"Benjie Val Lumawag","Successfully Login","Login","2024-11-16 06:41:00"
"Benjie Val Lumawag","Successfully Login","Login","2024-11-16 06:49:57"
"Cherry Mae","Successfully Login","Login","2024-11-16 07:22:43"
"Veryen Bajan","Successfully Login","Login","2024-11-16 07:23:11"
"Benjie Val Lumawag","Successfully Login","Login","2024-11-16 08:26:51"
"Benjie Val Lumawag","Updated product [Calcium-bot]","Product","2024-11-16 00:27:48"
"Benjie Val Lumawag","Updated product [Tahop-Humay]","Product","2024-11-16 00:28:07"
"Benjie Val Lumawag","Updated product [Tahop-Humay] => [Tahop Humay-1Kg]","Product","2024-11-16 00:29:09"
"Veryen Bajan","Successfully Login","Login","2024-11-16 08:51:41"
"Benjie Val Lumawag","Successfully Login","Login","2024-11-16 08:58:36"
"Benjie Val Lumawag","Updated product [4600-Atlas]","Product","2024-11-16 00:59:28"
"Cherry Mae","Successfully Login","Login","2024-11-16 10:05:40"
"Benjie Val Lumawag","Successfully Login","Login","2024-11-16 11:00:11"
"","Added new customer [calunod]","Customer","2024-11-16 11:58:11"
"Benjie Val Lumawag","Successfully Login","Login","2024-11-16 12:16:53"
"Benjie Val Lumawag","Updated product [16200-Atlas]","Product","2024-11-16 04:33:49"
"","Error to add new customer payment [CP-241116124320]","Customer Payment","2024-11-16 04:43:20"
"","Finished customer payment [CP-241116124320]","Customer Payment","2024-11-16 04:43:20"
"","Added new customer [omar]","Customer","2024-11-16 13:02:18"
"Benjie Val Lumawag","Successfully Login","Login","2024-11-16 13:47:28"
"","Error to add new customer payment [CP-241116135713]","Customer Payment","2024-11-16 05:57:13"
"","Finished customer payment [CP-241116135713]","Customer Payment","2024-11-16 05:57:13"
"Veryen Bajan","Successfully Login","Login","2024-11-16 14:00:05"
"Benjie Val Lumawag","Successfully Login","Login","2024-11-16 14:08:15"
"Benjie Val Lumawag","Successfully Login","Login","2024-11-16 16:48:17"
"QL Branch","Successfully Login","Login","2024-11-16 17:18:56"
"Benjie Val Lumawag","Successfully Login","Login","2024-11-16 20:33:17"
"Benjie Val Lumawag","Successfully Login","Login","2024-11-17 06:20:38"
"Feeds","Successfully Login","Login","2024-11-17 06:21:23"
"Benjie Val Lumawag","Successfully Login","Login","2024-11-17 06:22:54"
"Benjie Val Lumawag","Updated product [Agmectin 5g]","Product","2024-11-16 22:23:16"
"","Error to add new customer payment [CP-241117062356]","Customer Payment","2024-11-16 22:23:56"
"","Finished customer payment [CP-241117062356]","Customer Payment","2024-11-16 22:23:56"
"Benjie Val Lumawag","Successfully Login","Login","2024-11-17 06:37:13"
"Benjie Val Lumawag","Successfully Login","Login","2024-11-17 06:50:40"
"Veryen Bajan","Successfully Login","Login","2024-11-17 07:08:31"
"Benjie Val Lumawag","Successfully Login","Login","2024-11-17 07:13:03"
"Benjie Val Lumawag","Added new product [Pig Drinker]","Product","2024-11-16 23:17:52"
"Benjie Val Lumawag","Added new product [Stag developer-Sack (1x24)]","Product","2024-11-16 23:18:50"
"Benjie Val Lumawag","Added new product [Platinum-Sack (1x24)]","Product","2024-11-16 23:19:46"
"Benjie Val Lumawag","Added new product [Baby Stag-Sack ( 1x24)]","Product","2024-11-16 23:20:33"
"Benjie Val Lumawag","Added new product [Piggy Bloom-Sack ( 1x24)]","Product","2024-11-16 23:21:31"
"Benjie Val Lumawag","Added new product [Piglet Booster-Sack ( 1x24)]","Product","2024-11-16 23:22:08"
"Benjie Val Lumawag","Successfully Login","Login","2024-11-17 07:24:59"
"Benjie Val Lumawag","Successfully Login","Login","2024-11-17 11:54:23"
"Benjie Val Lumawag","Successfully Login","Login","2024-11-17 13:22:23"
"","Added new customer [darwin]","Customer","2024-11-17 13:37:14"
"Benjie Val Lumawag","Successfully Login","Login","2024-11-17 14:07:57"
"","Added new customer [jon2x plabimer]","Customer","2024-11-17 14:10:58"
"","Added new customer [ogalingan]","Customer","2024-11-17 14:27:27"
"","Error to add new customer payment [CP-241117150031]","Customer Payment","2024-11-17 07:00:31"
"","Finished customer payment [CP-241117150031]","Customer Payment","2024-11-17 07:00:32"
"Veryen Bajan","Successfully Login","Login","2024-11-17 16:03:48"
"","Added new customer [subiaga]","Customer","2024-11-17 17:01:53"
"Benjie Val Lumawag","Successfully Login","Login","2024-11-17 18:07:58"
"Benjie Val Lumawag","Successfully Login","Login","2024-11-17 18:21:03"
"Benjie Val Lumawag","Successfully Login","Login","2024-11-17 22:16:10"
"Benjie Val Lumawag","Successfully Login","Login","2024-11-18 05:42:06"
"Benjie Val Lumawag","Successfully Login","Login","2024-11-18 05:43:22"
"Benjie Val Lumawag","Successfully Login","Login","2024-11-18 08:31:20"
"","Added new customer [cabaling]","Customer","2024-11-18 09:32:55"
"","Added new customer [Umpig]","Customer","2024-11-18 09:42:40"
"Cherry Mae","Successfully Login","Login","2024-11-18 09:46:44"
"","Added new customer [laguiab]","Customer","2024-11-18 11:49:07"
"","Added new customer [tameno]","Customer","2024-11-18 11:59:46"
"","Attempt to add existing customer [1]","Customer","2024-11-18 12:57:20"
"","Added new customer [duran]","Customer","2024-11-18 12:57:33"
"","Added new customer [malang saidi]","Customer","2024-11-18 13:19:15"
"Veryen Bajan","Successfully Login","Login","2024-11-18 13:23:24"
"","Added new customer [Casas]","Customer","2024-11-18 13:48:31"
"Benjie Val Lumawag","Successfully Login","Login","2024-11-18 15:42:00"
"Benjie Val Lumawag","Updated product [2100-Harvester]","Product","2024-11-18 07:51:34"
"","Attempt to add existing customer [banyo]","Customer","2024-11-18 17:08:27"
"","Attempt to add existing customer [banyo]","Customer","2024-11-18 17:08:27"
"Benjie Val Lumawag","Successfully Login","Login","2024-11-18 17:42:06"
"Benjie Val Lumawag","Added new product category [G Cash]","Product Category","2024-11-18 10:29:44"
"Benjie Val Lumawag","Added new product category [Palm Oil]","Product Category","2024-11-18 10:29:50"
"Benjie Val Lumawag","Updated product [G-Cash In ( Service Charge)]","Product","2024-11-18 10:30:08"
"Benjie Val Lumawag","Updated product [G-Cash Out ( Service Charge)]","Product","2024-11-18 10:30:20"
"Benjie Val Lumawag","Updated product [Palm Oil Charge-P10]","Product","2024-11-18 10:30:39"
"Benjie Val Lumawag","Updated product [Palm Oil Charge-P20]","Product","2024-11-18 10:30:58"
"Benjie Val Lumawag","Updated product [Palm Oil  Charge-P30]","Product","2024-11-18 10:31:09"
"Benjie Val Lumawag","Successfully Login","Login","2024-11-19 06:28:17"
"Benjie Val Lumawag","Successfully Login","Login","2024-11-19 06:35:24"
"Benjie Val Lumawag","Successfully Login","Login","2024-11-19 06:41:58"
"","Added new customer [neza nebla]","Customer","2024-11-19 07:07:37"
"Benjie Val Lumawag","Successfully Login","Login","2024-11-19 07:53:00"
"","Added new customer [adel]","Customer","2024-11-19 08:05:53"
"","Added new customer [taboy soberano]","Customer","2024-11-19 08:09:27"
"","Error to add new customer payment [CP-241119081547]","Customer Payment","2024-11-19 00:15:47"
"Benjie Val Lumawag","Successfully Login","Login","2024-11-19 10:40:00"
"Cherry Mae","Successfully Login","Login","2024-11-19 12:13:23"
"","Error to add new customer payment [CP-241119121900]","Customer Payment","2024-11-19 04:19:00"
"","Finished customer payment [CP-241119121900]","Customer Payment","2024-11-19 04:19:01"
"Veryen Bajan","Successfully Login","Login","2024-11-19 12:29:03"
"","Error to add new customer payment [CP-241119135018]","Customer Payment","2024-11-19 05:50:18"
"","Finished customer payment [CP-241119135018]","Customer Payment","2024-11-19 05:50:18"
"Benjie Val Lumawag","Successfully Login","Login","2024-11-19 14:01:16"
"","Added new customer [cabinan]","Customer","2024-11-19 14:02:43"
"","Attempt to add existing customer [caparan]","Customer","2024-11-19 14:05:49"
"","Attempt to add existing customer [caparan]","Customer","2024-11-19 14:05:52"
"","Error to add new customer payment [CP-241119141145]","Customer Payment","2024-11-19 06:11:45"
"","Finished customer payment [CP-241119141145]","Customer Payment","2024-11-19 06:11:45"
"Benjie Val Lumawag","Successfully Login","Login","2024-11-19 22:55:47"
"Benjie Val Lumawag","Successfully Login","Login","2024-11-20 05:02:02"
"Benjie Val Lumawag","Successfully Login","Login","2024-11-20 06:36:08"
"","Added new customer [nene]","Customer","2024-11-20 06:44:57"
"Veryen Bajan","Successfully Login","Login","2024-11-20 07:11:44"
"","Error to add new customer payment [CP-241120083505]","Customer Payment","2024-11-20 00:35:05"
"","Finished customer payment [CP-241120083505]","Customer Payment","2024-11-20 00:35:06"
"","Added new customer [tejada]","Customer","2024-11-20 09:24:48"
"Benjie Val Lumawag","Successfully Login","Login","2024-11-20 11:00:09"
"Benjie Val Lumawag","Successfully Login","Login","2024-11-20 11:04:25"
"","Error to add new customer payment [CP-241120121933]","Customer Payment","2024-11-20 04:19:34"
"","Finished customer payment [CP-241120121933]","Customer Payment","2024-11-20 04:19:34"
"Benjie Val Lumawag","Updated product [Glyzone-Gallon]","Product","2024-11-20 04:26:47"
"Benjie Val Lumawag","Updated product [Glysinate-Gallon]","Product","2024-11-20 04:27:08"
"Benjie Val Lumawag","Successfully Login","Login","2024-11-20 12:36:55"
"","Added new customer [pansacala]","Customer","2024-11-20 12:41:25"
"Benjie Val Lumawag","Successfully Login","Login","2024-11-20 13:06:14"
"","Added new customer [saruay]","Customer","2024-11-20 13:27:59"
"","Error to add new customer payment [CP-241120141453]","Customer Payment","2024-11-20 06:14:53"
"","Finished customer payment [CP-241120141453]","Customer Payment","2024-11-20 06:14:53"
"","Added new customer [aserda]","Customer","2024-11-20 14:15:12"
"","Added new customer [pinto]","Customer","2024-11-20 15:07:49"
"Benjie Val Lumawag","Successfully Login","Login","2024-11-21 05:49:35"
"Benjie Val Lumawag","Successfully Login","Login","2024-11-21 05:58:46"
"Benjie Val Lumawag","Updated product [Tahop Mais-White(Sako)]","Product","2024-11-20 22:24:23"
"","Added new customer [Canoy, Michael]","Customer","2024-11-21 06:35:15"
"","Added new customer [Rodregues]","Customer","2024-11-21 06:57:17"
"Benjie Val Lumawag","Successfully Login","Login","2024-11-21 07:05:12"
"Veryen Bajan","Successfully Login","Login","2024-11-21 07:19:09"
"Benjie Val Lumawag","Successfully Login","Login","2024-11-21 07:35:01"
"Benjie Val Lumawag","Updated product [Tahop Mais-White(Kg)]","Product","2024-11-20 23:36:05"
"Benjie Val Lumawag","Updated product [White Corn # 12-1kg]","Product","2024-11-20 23:38:17"
"Cherry Mae","Successfully Login","Login","2024-11-21 07:43:43"
"","Added new customer [valles]]","Customer","2024-11-21 07:45:16"
"Benjie Val Lumawag","Successfully Login","Login","2024-11-21 14:03:48"
"","Added new customer [niton]","Customer","2024-11-21 14:04:30"
"","Added new customer [bernesa]","Customer","2024-11-21 14:57:41"
"Veryen Bajan","Successfully Login","Login","2024-11-21 15:18:12"
"Benjie Val Lumawag","Successfully Login","Login","2024-11-21 15:21:15"
"","Error to add new customer payment [CP-241121155032]","Customer Payment","2024-11-21 07:50:32"
"","Finished customer payment [CP-241121155032]","Customer Payment","2024-11-21 07:50:32"
"Benjie Val Lumawag","Successfully Login","Login","2024-11-21 16:06:34"
"","Added new customer [Deluna]","Customer","2024-11-21 16:58:27"
"Benjie Val Lumawag","Successfully Login","Login","2024-11-21 17:59:17"
"","Added new customer [dumaraya]","Customer","2024-11-21 18:01:47"
"Benjie Val Lumawag","Successfully Login","Login","2024-11-21 18:03:08"
"Benjie Val Lumawag","Successfully Login","Login","2024-11-22 05:48:23"
"Benjie Val Lumawag","Successfully Login","Login","2024-11-22 06:52:55"
"","Added new customer [jovelyn]","Customer","2024-11-22 07:09:12"
"","Added new customer [ballao]","Customer","2024-11-22 08:20:54"
"Cherry Mae","Successfully Login","Login","2024-11-22 08:24:27"
"Benjie Val Lumawag","Successfully Login","Login","2024-11-22 11:05:38"
"Benjie Val Lumawag","Successfully Login","Login","2024-11-22 11:42:42"
"Benjie Val Lumawag","Successfully Login","Login","2024-11-22 12:09:48"
"Benjie Val Lumawag","Successfully Login","Login","2024-11-22 14:00:54"
"","Error to add new customer payment [CP-241122140822]","Customer Payment","2024-11-22 06:08:22"
"","Finished customer payment [CP-241122140822]","Customer Payment","2024-11-22 06:08:22"
"","Error to add new customer payment [CP-241122140856]","Customer Payment","2024-11-22 06:08:56"
"","Finished customer payment [CP-241122140856]","Customer Payment","2024-11-22 06:08:56"
"","Added new customer [ponsalan]","Customer","2024-11-22 14:14:42"
"","Error to add new customer payment [CP-241122143530]","Customer Payment","2024-11-22 06:35:30"
"","Finished customer payment [CP-241122143530]","Customer Payment","2024-11-22 06:35:30"
"","Added new customer [aliman wali]","Customer","2024-11-22 14:43:08"
"Benjie Val Lumawag","Successfully Login","Login","2024-11-22 15:57:57"
"Benjie Val Lumawag","Successfully Login","Login","2024-11-22 16:11:29"
"","Error to add new customer payment [CP-241122161806]","Customer Payment","2024-11-22 08:18:06"
"Cherry Mae","Successfully Login","Login","2024-11-22 16:34:29"
"Cherry Mae","Successfully Login","Login","2024-11-22 16:35:44"
"Benjie Val Lumawag","Successfully Login","Login","2024-11-22 17:38:31"
"Benjie Val Lumawag","Successfully Login","Login","2024-11-22 22:48:17"
"Benjie Val Lumawag","Successfully Login","Login","2024-11-23 06:49:02"
"","Added new customer [clambro]","Customer","2024-11-23 07:47:02"
"Veryen Bajan","Successfully Login","Login","2024-11-23 08:14:53"
"","Added new customer [co]","Customer","2024-11-23 09:47:46"
"Veryen Bajan","Successfully Login","Login","2024-11-23 11:12:54"
"Benjie Val Lumawag","Successfully Login","Login","2024-11-23 11:42:23"
"Benjie Val Lumawag","Successfully Login","Login","2024-11-23 12:10:42"
"Benjie Val Lumawag","Successfully Login","Login","2024-11-23 12:49:54"
"","Added new customer [meranda]","Customer","2024-11-23 13:00:08"
"Cherry Mae","Successfully Login","Login","2024-11-23 14:52:20"
"Benjie Val Lumawag","Successfully Login","Login","2024-11-23 15:01:09"
"","Error to add new customer payment [CP-241123154205]","Customer Payment","2024-11-23 07:42:05"
"","Finished customer payment [CP-241123154205]","Customer Payment","2024-11-23 07:42:06"
"","Error to add new customer payment [CP-241123154236]","Customer Payment","2024-11-23 07:42:36"
"","Finished customer payment [CP-241123154236]","Customer Payment","2024-11-23 07:42:36"
"","Error to add new customer payment [CP-241123165512]","Customer Payment","2024-11-23 08:55:12"
"","Finished customer payment [CP-241123165512]","Customer Payment","2024-11-23 08:55:13"
"","Error to add new customer payment [CP-241123165513]","Customer Payment","2024-11-23 08:55:13"
"","Error to add new customer payment [CP-241123165525]","Customer Payment","2024-11-23 08:55:25"
"","Finished customer payment [CP-241123165525]","Customer Payment","2024-11-23 08:55:25"
"Veryen Bajan","Successfully Login","Login","2024-11-23 17:15:15"
"Benjie Val Lumawag","Successfully Login","Login","2024-11-23 17:25:38"
"","Attempt to add existing customer [nunez]","Customer","2024-11-24 06:21:59"
"","Attempt to add existing customer [nunez]","Customer","2024-11-24 06:22:04"
"","Attempt to add existing customer [nunez]","Customer","2024-11-24 06:22:41"
"","Attempt to add existing customer [nunez]","Customer","2024-11-24 06:22:52"
"","Added new customer [oblima]","Customer","2024-11-24 06:31:27"
"Benjie Val Lumawag","Successfully Login","Login","2024-11-24 06:37:25"
"","Attempt to add existing customer [nunez]","Customer","2024-11-24 06:38:04"
"Benjie Val Lumawag","Successfully Login","Login","2024-11-24 06:45:54"
"Benjie Val Lumawag","Successfully Login","Login","2024-11-24 06:57:11"
"Benjie Val Lumawag","Successfully Login","Login","2024-11-24 07:00:07"
"Veryen Bajan","Successfully Login","Login","2024-11-24 07:32:14"
"","Error to add new customer payment [CP-241124084738]","Customer Payment","2024-11-24 00:47:38"
"","Finished customer payment [CP-241124084738]","Customer Payment","2024-11-24 00:47:39"
"","Added new customer [toledtod]","Customer","2024-11-24 09:41:01"
"Cherry Mae","Successfully Login","Login","2024-11-24 10:02:28"
"","Added new customer [gliceria CABILLA]","Customer","2024-11-24 11:53:16"
"Benjie Val Lumawag","Successfully Login","Login","2024-11-24 12:33:07"
"","Added new customer [niel ian italia]","Customer","2024-11-24 13:05:34"
"Veryen Bajan","Successfully Login","Login","2024-11-24 14:04:26"
"Benjie Val Lumawag","Successfully Login","Login","2024-11-24 14:05:18"
"Benjie Val Lumawag","Successfully Login","Login","2024-11-24 15:06:19"
"Cherry Mae","Successfully Login","Login","2024-11-24 17:53:56"
"Veryen Bajan","Successfully Login","Login","2024-11-24 18:08:13"
"Benjie Val Lumawag","Successfully Login","Login","2024-11-25 06:10:10"
"Benjie Val Lumawag","Successfully Login","Login","2024-11-25 06:16:46"
"Veryen Bajan","Successfully Login","Login","2024-11-25 07:14:45"
"","Added new customer [Nilda Bofitiado]","Customer","2024-11-25 07:54:58"
"Cherry Mae","Successfully Login","Login","2024-11-25 07:56:34"
"Benjie Val Lumawag","Successfully Login","Login","2024-11-25 09:27:01"
"Cherry Mae","Successfully Login","Login","2024-11-25 11:28:23"
"Benjie Val Lumawag","Successfully Login","Login","2024-11-25 13:55:13"
"","Added new customer [Mutoc]","Customer","2024-11-25 14:12:18"
"","Added new customer [Muntoc Melvin]","Customer","2024-11-25 14:16:12"
"","Added new customer [Sampolna]","Customer","2024-11-25 14:26:28"
"","Error to add new customer payment [CP-241125143656]","Customer Payment","2024-11-25 06:36:56"
"","Finished customer payment [CP-241125143656]","Customer Payment","2024-11-25 06:36:57"
"","Error to add new customer payment [CP-241125144101]","Customer Payment","2024-11-25 06:41:01"
"","Finished customer payment [CP-241125144101]","Customer Payment","2024-11-25 06:41:01"
"","Added new customer [tamayo]","Customer","2024-11-25 15:32:48"
"","Error to add new customer payment [CP-241125153838]","Customer Payment","2024-11-25 07:38:38"
"","Finished customer payment [CP-241125153838]","Customer Payment","2024-11-25 07:38:39"
"","Error to add new customer payment [CP-241125153853]","Customer Payment","2024-11-25 07:38:53"
"","Finished customer payment [CP-241125153853]","Customer Payment","2024-11-25 07:38:53"
"","Error to add new customer payment [CP-241125154709]","Customer Payment","2024-11-25 07:47:10"
"","Finished customer payment [CP-241125154709]","Customer Payment","2024-11-25 07:47:15"
"Veryen Bajan","Successfully Login","Login","2024-11-25 15:48:32"
"Cherry Mae","Successfully Login","Login","2024-11-25 15:49:18"
"Veryen Bajan","Successfully Login","Login","2024-11-25 16:12:46"
"","Added new customer [cabasaran saida]","Customer","2024-11-25 17:13:06"
"","Error to add new customer payment [CP-241125172338]","Customer Payment","2024-11-25 09:23:38"
"","Finished customer payment [CP-241125172338]","Customer Payment","2024-11-25 09:23:38"
"","Added new customer [gagula]","Customer","2024-11-26 06:57:44"
"Benjie Val Lumawag","Successfully Login","Login","2024-11-26 07:38:32"
"","Added new customer [gentaos]","Customer","2024-11-26 08:07:02"
"Veryen Bajan","Successfully Login","Login","2024-11-26 08:11:27"
"","Added new customer [malang]","Customer","2024-11-26 10:38:24"
"","Added new customer [ruben martinez]","Customer","2024-11-26 11:00:49"
"","Added new customer [madrigal]","Customer","2024-11-26 11:23:07"
"","Added new customer [bengkas]","Customer","2024-11-26 12:12:11"
"Cherry Mae","Successfully Login","Login","2024-11-26 15:00:20"
"Veryen Bajan","Successfully Login","Login","2024-11-26 15:02:06"
"Benjie Val Lumawag","Successfully Login","Login","2024-11-26 17:50:45"
"Benjie Val Lumawag","Successfully Login","Login","2024-11-27 06:17:04"
"Benjie Val Lumawag","Successfully Login","Login","2024-11-27 06:33:00"
"","Added new customer [juliano]","Customer","2024-11-27 12:01:36"
"Veryen Bajan","Successfully Login","Login","2024-11-27 12:10:43"
"","Added new customer [ureco]","Customer","2024-11-27 15:52:36"
"","Added new customer [Villanueva]","Customer","2024-11-27 16:46:47"
"Benjie Val Lumawag","Successfully Login","Login","2024-11-27 17:24:07"
"Benjie Val Lumawag","Successfully Login","Login","2024-11-28 06:57:54"
"Veryen Bajan","Successfully Login","Login","2024-11-28 07:01:52"
"Veryen Bajan","Successfully Login","Login","2024-11-28 07:10:10"
"","Added new customer [Inglesia]","Customer","2024-11-28 07:16:55"
"Benjie Val Lumawag","Successfully Login","Login","2024-11-28 10:35:24"
"Benjie Val Lumawag","Successfully Login","Login","2024-11-28 14:26:58"
"Benjie Val Lumawag","Successfully Login","Login","2024-11-28 15:49:22"
"Benjie Val Lumawag","Successfully Login","Login","2024-11-28 20:54:57"
"Veryen Bajan","Successfully Login","Login","2024-11-29 07:08:22"
"Benjie Val Lumawag","Successfully Login","Login","2024-11-29 07:31:44"
"Mariel Alisasis","Successfully Login","Login","2024-11-29 08:58:40"
"","Added new customer [Caberoy]","Customer","2024-11-29 09:49:56"
"Benjie Val Lumawag","Successfully Login","Login","2024-11-29 11:38:49"
"","Error to add new customer payment [CP-241129135838]","Customer Payment","2024-11-29 05:58:38"
"","Finished customer payment [CP-241129135838]","Customer Payment","2024-11-29 05:58:38"
"Veryen Bajan","Successfully Login","Login","2024-11-29 14:20:56"
"Cherry Mae","Successfully Login","Login","2024-11-29 15:26:08"
"Benjie Val Lumawag","Successfully Login","Login","2024-11-29 15:50:26"
"","Added new customer [sulta]","Customer","2024-11-29 16:08:18"
"Benjie Val Lumawag","Successfully Login","Login","2024-11-29 16:08:35"
"Benjie Val Lumawag","Successfully Login","Login","2024-11-29 17:01:43"
"Benjie Val Lumawag","Successfully Login","Login","2024-11-29 17:23:05"
"Benjie Val Lumawag","Successfully Login","Login","2024-11-30 06:09:13"
"","Added new customer [edong]","Customer","2024-11-30 06:21:51"
"","Added new customer [dagoplo]","Customer","2024-11-30 06:30:48"
"Benjie Val Lumawag","Successfully Login","Login","2024-11-30 06:51:46"
"Benjie Val Lumawag","Successfully Login","Login","2024-11-30 07:09:09"
"","Error to add new customer payment [CP-241130073417]","Customer Payment","2024-11-29 23:34:17"
"","Finished customer payment [CP-241130073417]","Customer Payment","2024-11-29 23:34:17"
"Veryen Bajan","Successfully Login","Login","2024-11-30 09:47:10"
"","Added new customer [biluria]","Customer","2024-11-30 09:59:42"
"","Added new customer [baldieviso]","Customer","2024-11-30 10:08:37"
"","Error to add new customer payment [CP-241130101151]","Customer Payment","2024-11-30 02:11:51"
"","Finished customer payment [CP-241130101151]","Customer Payment","2024-11-30 02:11:51"
"Mariel Alisasis","Successfully Login","Login","2024-11-30 10:55:28"
"Mariel Alisasis","Successfully Login","Login","2024-11-30 10:57:38"
"","Added new customer [jontado]","Customer","2024-11-30 10:59:20"
"Mariel Alisasis","Successfully Login","Login","2024-11-30 10:59:30"
"Veryen Bajan","Successfully Login","Login","2024-11-30 11:44:44"
"Benjie Val Lumawag","Successfully Login","Login","2024-11-30 13:10:29"
"Benjie Val Lumawag","Successfully Login","Login","2024-11-30 13:37:59"
"Benjie Val Lumawag","Successfully Login","Login","2024-11-30 14:18:33"
"Benjie Val Lumawag","Successfully Login","Login","2024-11-30 14:21:22"
"","Added new customer [monhe]","Customer","2024-11-30 15:11:44"
"Benjie Val Lumawag","Successfully Login","Login","2024-11-30 15:13:11"
"Benjie Val Lumawag","Successfully Login","Login","2024-11-30 15:38:13"
"Benjie Val Lumawag","Successfully Login","Login","2024-11-30 15:53:14"
"Veryen Bajan","Successfully Login","Login","2024-11-30 15:54:04"
"Benjie Val Lumawag","Successfully Login","Login","2024-11-30 16:04:29"
"Benjie Val Lumawag","Successfully Login","Login","2024-11-30 16:23:58"
"","Attempt to add existing customer [bacan]","Customer","2024-11-30 16:47:01"
"Benjie Val Lumawag","Successfully Login","Login","2024-11-30 18:58:25"
"Benjie Val Lumawag","Successfully Login","Login","2024-11-30 19:04:15"
"Benjie Val Lumawag","Successfully Login","Login","2024-11-30 20:55:11"
"Benjie Val Lumawag","Updated product [Idol 25kg]","Product","2024-11-30 23:20:11"
