"Benjie Val Lumawag","Successfully Login","Login","2024-03-22 07:39:54"
"Benjie Val Lumawag","Successfully Login","Login","2024-03-22 11:35:14"
"Benjie Val Lumawag","Successfully Login","Login","2024-03-22 11:36:54"
"Benjie Val Lumawag","Updated product [D-8131s]","Product","2024-03-22 11:40:33"
"Benjie Val Lumawag","Successfully Login","Login","2024-03-22 12:17:03"
"Benjie Val Lumawag","Successfully Login","Login","2024-03-22 12:17:05"
"Benjie Val Lumawag","Successfully Login","Login","2024-03-22 12:32:32"
"Benjie Val Lumawag","Successfully Login","Login","2024-03-22 12:53:50"
"","Error to add new customer payment [CP-240322165229]","Customer Payment","2024-03-22 08:52:29"
"","Finished customer payment [CP-240322165229]","Customer Payment","2024-03-22 08:52:29"
"Benjie Val Lumawag","Successfully Login","Login","2024-03-23 07:11:32"
"Benjie Val Lumawag","Successfully Login","Login","2024-03-23 07:16:39"
"Benjie Val Lumawag","Successfully Login","Login","2024-03-23 07:56:10"
"Benjie Val Lumawag","Added new product [Success 250ml]","Product","2024-03-23 07:59:56"
"Benjie Val Lumawag","Updated product [Success 250ml]","Product","2024-03-23 08:02:58"
"Benjie Val Lumawag","Successfully Login","Login","2024-03-23 09:19:00"
"","Added new customer [Amban]","Customer","2024-03-23 11:12:39"
"Benjie Val Lumawag","Successfully Login","Login","2024-03-23 11:33:10"
"Benjie Val Lumawag","Successfully Login","Login","2024-03-23 12:13:23"
"Benjie Val Lumawag","Successfully Login","Login","2024-03-23 14:58:39"
"","Added new customer [bargola]","Customer","2024-03-23 15:50:12"
"Benjie Val Lumawag","Successfully Login","Login","2024-03-23 18:31:14"
"Benjie Val Lumawag","Successfully Login","Login","2024-03-24 07:10:37"
"Benjie Val Lumawag","Successfully Login","Login","2024-03-24 07:55:06"
"","Added new customer [Rebokas,Jessa]","Customer","2024-03-24 16:09:46"
"Benjie Val Lumawag","Successfully Login","Login","2024-03-25 06:12:14"
"Benjie Val Lumawag","Successfully Login","Login","2024-03-25 06:35:37"
"Benjie Val Lumawag","Successfully Login","Login","2024-03-25 08:19:14"
"","Error to add new customer payment [CP-240325095725]","Customer Payment","2024-03-25 01:57:25"
"","Finished customer payment [CP-240325095725]","Customer Payment","2024-03-25 01:57:25"
"Benjie Val Lumawag","Successfully Login","Login","2024-03-25 11:05:33"
"Benjie Val Lumawag","Successfully Login","Login","2024-03-25 11:18:29"
"Benjie Val Lumawag","Updated product [Trapal-12ft]","Product","2024-03-25 11:58:25"
"Benjie Val Lumawag","Updated product [Ultrapack-Finisher 50kg]","Product","2024-03-25 12:06:20"
"","Error to add new customer payment [CP-240325130213]","Customer Payment","2024-03-25 05:02:13"
"","Finished customer payment [CP-240325130213]","Customer Payment","2024-03-25 05:02:13"
"","Added new customer [Nasruden Bidal]","Customer","2024-03-25 14:28:23"
"Benjie Val Lumawag","Successfully Login","Login","2024-03-25 16:27:21"
"Benjie Val Lumawag","Successfully Login","Login","2024-03-25 20:57:11"
"Benjie Val Lumawag","Successfully Login","Login","2024-03-26 07:21:31"
"","Error to add new customer payment [CP-240326084457]","Customer Payment","2024-03-26 00:44:57"
"","Finished customer payment [CP-240326084457]","Customer Payment","2024-03-26 00:44:57"
"","Added new customer [Adapan Egay]","Customer","2024-03-26 13:12:55"
"Benjie Val Lumawag","Successfully Login","Login","2024-03-26 14:10:37"
"","Added new customer [Agbon]","Customer","2024-03-26 14:48:36"
"Benjie Val Lumawag","Successfully Login","Login","2024-03-26 15:01:36"
"Benjie Val Lumawag","Successfully Login","Login","2024-03-26 16:46:45"
"Benjie Val Lumawag","Successfully Login","Login","2024-03-26 16:47:00"
"Benjie Val Lumawag","Successfully Login","Login","2024-03-26 16:50:10"
"Benjie Val Lumawag","Successfully Login","Login","2024-03-26 16:50:56"
"Benjie Val Lumawag","Successfully Login","Login","2024-03-26 16:51:30"
"Benjie Val Lumawag","Successfully Login","Login","2024-03-26 16:52:19"
"Benjie Val Lumawag","Updated product [Galmax 1-1kg]","Product","2024-03-26 17:11:45"
"Benjie Val Lumawag","Successfully Login","Login","2024-03-26 17:27:35"
"Benjie Val Lumawag","Successfully Login","Login","2024-03-26 17:31:03"
"Benjie Val Lumawag","Successfully Login","Login","2024-03-26 17:48:30"
"Benjie Val Lumawag","Successfully Login","Login","2024-03-26 17:52:41"
"","Added new customer [Parbaquil apa]","Customer","2024-03-26 18:08:11"
"","Error to add new customer payment [CP-240327072643]","Customer Payment","2024-03-26 23:26:43"
"","Finished customer payment [CP-240327072643]","Customer Payment","2024-03-26 23:26:43"
"Benjie Val Lumawag","Successfully Login","Login","2024-03-27 07:55:27"
"Benjie Val Lumawag","Successfully Login","Login","2024-03-27 07:55:50"
"Benjie Val Lumawag","Successfully Login","Login","2024-03-27 09:07:51"
"Benjie Val Lumawag","Successfully Login","Login","2024-03-27 09:12:50"
"Benjie Val Lumawag","Successfully Login","Login","2024-03-27 15:05:14"
"","Added new customer [amban]","Customer","2024-03-27 15:34:32"
"Benjie Val Lumawag","Successfully Login","Login","2024-03-27 16:01:28"
"Benjie Val Lumawag","Successfully Login","Login","2024-03-27 16:48:19"
"Benjie Val Lumawag","Successfully Login","Login","2024-03-27 17:46:07"
"Benjie Val Lumawag","Successfully Login","Login","2024-03-27 17:56:14"
"Benjie Val Lumawag","Successfully Login","Login","2024-03-27 19:51:17"
"Benjie Val Lumawag","Updated product [Feederer]","Product","2024-03-27 20:01:41"
"Benjie Val Lumawag","Updated product [Tube Feeder 3kg]","Product","2024-03-27 20:01:54"
"Benjie Val Lumawag","Updated product [Tube Feeder 5kg]","Product","2024-03-27 20:02:18"
"Benjie Val Lumawag","Updated product [Rubber]","Product","2024-03-27 20:44:55"
"Benjie Val Lumawag","Updated product [Higot sa manok]","Product","2024-03-27 20:46:12"
"Benjie Val Lumawag","Updated product [NK 6410- Refund]","Product","2024-03-27 20:47:03"
"Benjie Val Lumawag","Updated product [Waterer 1Gal]","Product","2024-03-27 20:47:25"
"Benjie Val Lumawag","Updated product [Waterer 1/2 gal]","Product","2024-03-27 20:47:37"
"Benjie Val Lumawag","Updated product [Upa/Tahop]","Product","2024-03-27 20:48:04"
"Benjie Val Lumawag","Successfully Login","Login","2024-03-27 22:18:08"
"Benjie Val Lumawag","Successfully Login","Login","2024-03-27 22:36:08"
"Benjie Val Lumawag","Successfully Login","Login","2024-03-28 06:58:40"
"","Added new customer [balusada]","Customer","2024-03-28 07:14:00"
"Benjie Val Lumawag","Successfully Login","Login","2024-03-28 10:27:17"
"Benjie Val Lumawag","Successfully Login","Login","2024-03-28 11:04:14"
"Benjie Val Lumawag","Updated product [Rice- Dinorado 50kg] => [Dinorado 50kg]","Product","2024-03-28 11:04:28"
"Benjie Val Lumawag","Updated product [Rice-Dinorado 25kg] => [Dinorado 25kg]","Product","2024-03-28 11:04:39"
"Benjie Val Lumawag","Updated product [Rice-Dinorado 1kg] => [Dinorado 1kg]","Product","2024-03-28 11:05:08"
"Benjie Val Lumawag","Updated product [Rice-Alas 25kg] => [Alas 25kg]","Product","2024-03-28 11:05:21"
"Benjie Val Lumawag","Updated product [Rice-Alas 1kg] => [Alas 1kg]","Product","2024-03-28 11:05:33"
"Benjie Val Lumawag","Updated product [Rice-Young Chow 25kg] => [Young Chow 25kg]","Product","2024-03-28 11:06:14"
"Benjie Val Lumawag","Updated product [Rice-Young Chow 1kg] => [Young Chow 1kg]","Product","2024-03-28 11:06:25"
"Benjie Val Lumawag","Updated product [Rice-Dinorado 20kg] => [Dinorado 20kg]","Product","2024-03-28 11:06:42"
"Benjie Val Lumawag","Updated product [Rice-Red Rice 25kg] => [Red Rice 25kg]","Product","2024-03-28 11:06:54"
"Benjie Val Lumawag","Updated product [Rice-Red Rice 1kg] => [Red Rice 1kg]","Product","2024-03-28 11:07:07"
"Benjie Val Lumawag","Updated product [Rice-Red Rice 20kg] => [Red Rice 20kg]","Product","2024-03-28 11:07:21"
"Benjie Val Lumawag","Updated product [Rice-Azuzena 20 kg] => [Azuzena 20 kg]","Product","2024-03-28 11:07:36"
"Benjie Val Lumawag","Updated product [Rice- Idol 25kg] => [Idol 25kg]","Product","2024-03-28 11:08:08"
"Benjie Val Lumawag","Updated product [Rice- Idol 18kg] => [Idol 18kg]","Product","2024-03-28 11:08:26"
"Benjie Val Lumawag","Updated product [Rice-Idol 1kg] => [Idol 1kg]","Product","2024-03-28 11:08:36"
"Benjie Val Lumawag","Updated product [Rice-idol 15 kg] => [idol 15 kg]","Product","2024-03-28 11:08:47"
"Benjie Val Lumawag","Updated product [Rice- Special 18 kg] => [Special Rice-18kg]","Product","2024-03-28 11:10:41"
"Benjie Val Lumawag","Updated product [Rice-Special 1kg] => [Special Rice-1kg]","Product","2024-03-28 11:10:58"
"Benjie Val Lumawag","Updated product [Rice- Special 25kg ( Blue)] => [Special Rice-25kg (Blue)]","Product","2024-03-28 11:11:51"
"Benjie Val Lumawag","Updated product [Rice- Special 25kg ( Yellow)] => [Special Rice-25kg (Yellow)]","Product","2024-03-28 11:12:17"
"Benjie Val Lumawag","Updated product [Rice-Special 15kg] => [Special Rice-15kg]","Product","2024-03-28 11:12:36"
"Benjie Val Lumawag","Added new product [Idol Rice- Ordinary 25kg]","Product","2024-03-28 11:16:33"
"Benjie Val Lumawag","Added new product [Ordinary Rice-25kg (Yellow)]","Product","2024-03-28 11:17:29"
"Benjie Val Lumawag","Updated product [Idol Rice- Ordinary 25kg] => [Idol-Ordinary 25kg]","Product","2024-03-28 11:18:17"
"","Attempt to add existing customer [Shaik]","Customer","2024-03-28 11:28:33"
"","Attempt to add existing customer [Shaik]","Customer","2024-03-28 11:28:42"
"","Error to add new customer payment [CP-240328113203]","Customer Payment","2024-03-28 03:32:03"
"Benjie Val Lumawag","Added new product [Idol-Ordinary 18 kg( ]","Product","2024-03-28 11:35:08"
"Benjie Val Lumawag","Added new product [Ordinary Rice-1kg]","Product","2024-03-28 11:38:59"
"Benjie Val Lumawag","Updated product [Special Rice-18kg] => [Special Rice-18kg (Yellow)]","Product","2024-03-28 11:41:51"
"Benjie Val Lumawag","Added new product [Special Rice-15kg( Blue)]","Product","2024-03-28 11:43:30"
"Benjie Val Lumawag","Added new product [Special Rice-18kg ( Blue)]","Product","2024-03-28 11:44:28"
"Benjie Val Lumawag","Updated product [Special Rice-15kg] => [Special Rice-15kg (Yellow)]","Product","2024-03-28 11:45:47"
"","Added new product [24D-Amine Lit-Cases ( Double Kill)]","Product","2024-03-28 13:19:56"
"","Added new product [Diuron Case-Tag Chem]","Product","2024-03-28 13:21:22"
"","Added new product [Akosta Gal-Cases]","Product","2024-03-28 13:22:30"
"","Added new product [Bridge 500ml-Cases]","Product","2024-03-28 13:24:27"
"","Added new product [Diuron kg-Cases]","Product","2024-03-28 13:25:38"
"","Added new product [Bio 480 gals-Cases]","Product","2024-03-28 13:26:37"
"","Added new product [Firestorm Gal-Cases]","Product","2024-03-28 13:27:24"
"","Added new product [Fascinate Lit-Cases]","Product","2024-03-28 13:28:46"
"","Added new product [Furion 1kg-Case]","Product","2024-03-28 13:30:33"
"Benjie Val Lumawag","Successfully Login","Login","2024-03-28 14:13:57"
"","Added new customer [conde]","Customer","2024-03-28 16:35:33"
"Benjie Val Lumawag","Successfully Login","Login","2024-03-28 16:40:05"
"Benjie Val Lumawag","Successfully Login","Login","2024-03-28 16:43:34"
"Benjie Val Lumawag","Successfully Login","Login","2024-03-29 06:27:27"
"Benjie Val Lumawag","Updated product [4600-Atlas]","Product","2024-03-29 06:27:48"
"Benjie Val Lumawag","Updated product [16200-Atlas]","Product","2024-03-29 06:28:15"
"Benjie Val Lumawag","Updated product [Calcium Boron] => [Calcium Boron-Agway]","Product","2024-03-29 06:35:49"
"Benjie Val Lumawag","Updated product [Diuron kg-Cases] => [Diuron kg-Cases (Best Season) ]","Product","2024-03-29 06:36:51"
"Benjie Val Lumawag","Updated product [Tag Chem Diuron Kg] => [Diuron 1Kg-Tag Chem]","Product","2024-03-29 06:37:29"
"Benjie Val Lumawag","Added new product [Diuron 1kg-Best Season]","Product","2024-03-29 06:38:38"
"Benjie Val Lumawag","Successfully Login","Login","2024-03-29 06:39:13"
"Benjie Val Lumawag","Updated product [4600-Atlas]","Product","2024-03-29 06:39:31"
"Benjie Val Lumawag","Updated product [16200-Atlas]","Product","2024-03-29 06:39:40"
"Benjie Val Lumawag","Updated product [Diuron Liter- Cases] => [Diuron Liter- Cases ( Agway)]","Product","2024-03-29 06:41:00"
"Benjie Val Lumawag","Updated product [Furion] => [Furion 1kg]","Product","2024-03-29 06:41:12"
"Benjie Val Lumawag","Updated product [Pacyaw] => [Pacyaw Gal]","Product","2024-03-29 06:41:23"
"Benjie Val Lumawag","Updated product [Zebra] => [Zebra Blue]","Product","2024-03-29 06:42:20"
"Benjie Val Lumawag","Successfully Login","Login","2024-03-29 06:48:02"
"","Added new customer [Kagawa Dama]","Customer","2024-03-29 06:53:15"
"Benjie Val Lumawag","Updated product [Fascinate Lit-Cases]","Product","2024-03-29 07:03:28"
"Benjie Val Lumawag","Successfully Login","Login","2024-03-29 07:55:34"
"Benjie Val Lumawag","Added new product [Glysinate Gal-Cases]","Product","2024-03-29 08:25:51"
"Benjie Val Lumawag","Added new product [Diuron 1Kg- Best Season]","Product","2024-03-29 08:26:26"
"Benjie Val Lumawag","Deleted product [Diuron 1Kg- Best Season]","Product","2024-03-29 08:30:32"
"Benjie Val Lumawag","Deleted product [.]","Product","2024-03-29 08:35:23"
"Benjie Val Lumawag","Successfully Login","Login","2024-03-29 18:21:03"
"Benjie Val Lumawag","Successfully Login","Login","2024-03-29 18:21:52"
"Benjie Val Lumawag","Updated product [Gold-1000ml]","Product","2024-03-29 19:40:14"
"Benjie Val Lumawag","Updated product [Glyphotex] => [Glyphotex Gal]","Product","2024-03-29 19:40:31"
"Benjie Val Lumawag","Successfully cleared bank due date [24]","Bank Due Date","2024-03-29 20:00:34"
"Benjie Val Lumawag","Successfully cleared bank due date [56]","Bank Due Date","2024-03-29 20:00:40"
"Benjie Val Lumawag","Successfully cleared bank due date [35]","Bank Due Date","2024-03-29 20:00:42"
"Benjie Val Lumawag","Successfully cleared bank due date [36]","Bank Due Date","2024-03-29 20:00:44"
"Benjie Val Lumawag","Successfully cleared bank due date [3]","Bank Due Date","2024-03-29 20:00:46"
"Benjie Val Lumawag","Successfully cleared bank due date [51]","Bank Due Date","2024-03-29 20:00:48"
"Benjie Val Lumawag","Successfully cleared bank due date [112]","Bank Due Date","2024-03-29 20:00:50"
"Benjie Val Lumawag","Successfully cleared bank due date [8]","Bank Due Date","2024-03-29 20:00:52"
"Benjie Val Lumawag","Successfully cleared bank due date [58]","Bank Due Date","2024-03-29 20:00:57"
"Benjie Val Lumawag","Successfully cleared bank due date [14]","Bank Due Date","2024-03-29 20:01:07"
"Benjie Val Lumawag","Successfully cleared bank due date [123]","Bank Due Date","2024-03-29 20:01:09"
"Benjie Val Lumawag","Successfully cleared bank due date [64]","Bank Due Date","2024-03-29 20:01:14"
"Benjie Val Lumawag","Successfully cleared bank due date [134]","Bank Due Date","2024-03-29 20:01:16"
"Benjie Val Lumawag","Successfully cleared bank due date [137]","Bank Due Date","2024-03-29 20:01:19"
"Benjie Val Lumawag","Successfully cleared bank due date [164]","Bank Due Date","2024-03-29 20:01:22"
"Benjie Val Lumawag","Successfully cleared bank due date [153]","Bank Due Date","2024-03-29 20:01:24"
"Benjie Val Lumawag","Successfully cleared bank due date [151]","Bank Due Date","2024-03-29 20:01:26"
"Benjie Val Lumawag","Successfully cleared bank due date [160]","Bank Due Date","2024-03-29 20:01:35"
"Benjie Val Lumawag","Updated product [Malathion- liter] => [Malathion Plastic- liter]","Product","2024-03-29 20:21:11"
"Benjie Val Lumawag","Updated product [Malathion-Bot-500ml] => [Malathion-Bottle-500ml]","Product","2024-03-29 20:21:26"
"Benjie Val Lumawag","Updated product [Malathion-Bot-liter] => [Malathion-Bottle-liter]","Product","2024-03-29 20:21:38"
"Benjie Val Lumawag","Updated product [Malathion 100ml] => [Malathion Bottle-100ml]","Product","2024-03-29 20:21:56"
"Benjie Val Lumawag","Successfully Login","Login","2024-03-30 06:50:41"
"Benjie Val Lumawag","Successfully Login","Login","2024-03-30 07:06:39"
"","Attempt to add existing customer [villote]","Customer","2024-03-30 07:17:12"
"Benjie Val Lumawag","Successfully Login","Login","2024-03-30 08:03:42"
"Benjie Val Lumawag","Successfully Login","Login","2024-03-30 09:28:21"
"Benjie Val Lumawag","Updated product [4600-Atlas]","Product","2024-03-30 09:28:33"
"Benjie Val Lumawag","Updated product [16200-Atlas]","Product","2024-03-30 09:28:50"
"Benjie Val Lumawag","Updated product [4600-Atlas]","Product","2024-03-30 09:29:14"
"Benjie Val Lumawag","Updated product [16200-Atlas]","Product","2024-03-30 09:29:24"
"Benjie Val Lumawag","Successfully Login","Login","2024-03-30 10:13:45"
"Benjie Val Lumawag","Successfully Login","Login","2024-03-30 10:14:13"
"Benjie Val Lumawag","Successfully Login","Login","2024-03-30 10:43:39"
"Benjie Val Lumawag","Successfully Login","Login","2024-03-30 11:37:23"
"Benjie Val Lumawag","Successfully Login","Login","2024-03-30 12:09:50"
"Benjie Val Lumawag","Successfully Login","Login","2024-03-30 13:32:29"
"Benjie Val Lumawag","Successfully Login","Login","2024-03-30 14:04:20"
"Benjie Val Lumawag","Updated product [Evo 9307]","Product","2024-03-30 14:08:21"
"Benjie Val Lumawag","Successfully Login","Login","2024-03-30 14:10:33"
"Benjie Val Lumawag","Successfully Login","Login","2024-03-30 14:15:26"
"Benjie Val Lumawag","Successfully Login","Login","2024-03-30 14:20:53"
"Benjie Val Lumawag","Successfully Login","Login","2024-03-30 14:21:55"
"Benjie Val Lumawag","Successfully Login","Login","2024-03-30 14:27:55"
"","Added new customer [Maka Adap]","Customer","2024-03-30 14:32:49"
"Benjie Val Lumawag","Successfully Login","Login","2024-03-30 14:35:25"
"Benjie Val Lumawag","Deleted product [B 50]","Product","2024-03-30 15:01:49"
"Benjie Val Lumawag","Successfully Login","Login","2024-03-30 15:52:30"
"Benjie Val Lumawag","Successfully Login","Login","2024-03-30 15:57:27"
"Benjie Val Lumawag","Successfully Login","Login","2024-03-30 16:00:43"
"","Added new customer [Pabilona Terresita]","Customer","2024-03-30 16:10:23"
"","Added new customer [tacuyan]","Customer","2024-03-30 16:30:47"
"Benjie Val Lumawag","Successfully Login","Login","2024-03-30 16:57:58"
"Benjie Val Lumawag","Successfully Login","Login","2024-03-30 17:08:54"
"Benjie Val Lumawag","Successfully Login","Login","2024-03-30 17:28:00"
"Benjie Val Lumawag","Updated product [Ultrapack-Finisher 50kg]","Product","2024-03-30 17:29:42"
"Benjie Val Lumawag","Successfully Login","Login","2024-03-30 17:51:08"
"Benjie Val Lumawag","Successfully Login","Login","2024-03-30 20:51:54"
"Benjie Val Lumawag","Successfully Login","Login","2024-03-31 06:29:15"
"","Added new customer [Acabo]","Customer","2024-03-31 07:49:19"
"Benjie Val Lumawag","Successfully Login","Login","2024-03-31 08:19:18"
"Benjie Val Lumawag","Successfully Login","Login","2024-03-31 08:31:32"
"Benjie Val Lumawag","Successfully Login","Login","2024-03-31 09:19:15"
"Benjie Val Lumawag","Updated product [Galmax 3 - sack] => [Galmax 3 Red- sack]","Product","2024-03-31 09:25:17"
"Benjie Val Lumawag","Successfully Login","Login","2024-03-31 09:43:47"
"Benjie Val Lumawag","Successfully Login","Login","2024-03-31 09:44:01"
"Benjie Val Lumawag","Updated product [Rice- Idol 25kg] => [Idol 25kg]","Product","2024-03-31 09:46:13"
"Benjie Val Lumawag","Updated product [Rice- Idol 18kg] => [dol 18kg]","Product","2024-03-31 09:46:22"
"Benjie Val Lumawag","Updated product [dol 18kg] => [Idol 18kg]","Product","2024-03-31 09:46:32"
"Benjie Val Lumawag","Updated product [Rice-Idol 1kg] => [Idol 1kg]","Product","2024-03-31 09:46:42"
"Benjie Val Lumawag","Updated product [Rice-idol 15 kg] => [Idol 15 kg]","Product","2024-03-31 09:46:53"
"Benjie Val Lumawag","Added new product [Idol-Ordinary 25kg]","Product","2024-03-31 10:14:56"
"Benjie Val Lumawag","Added new product [Ordinary Rice-25kg (Yellow)]","Product","2024-03-31 10:15:26"
"Benjie Val Lumawag","Added new product [Idol-Ordinary 18kg]","Product","2024-03-31 10:15:52"
"Benjie Val Lumawag","Added new product [Ordinary Rice-1kg]","Product","2024-03-31 10:17:48"
"Benjie Val Lumawag","Added new product [Special Rice-15kg ( Blue)]","Product","2024-03-31 10:18:21"
"Benjie Val Lumawag","Added new product [Special Rice-18kg (Blue)]","Product","2024-03-31 10:19:16"
"Benjie Val Lumawag","Updated product [Rice- Special 18 kg] => [Special Rice -18 kg (Yellow)]","Product","2024-03-31 10:33:02"
"Benjie Val Lumawag","Updated product [Rice-Special 1kg] => [Special 1kg]","Product","2024-03-31 10:33:17"
"Benjie Val Lumawag","Updated product [Rice- Special 25kg ( Blue)] => [Special 25kg ( Blue)]","Product","2024-03-31 10:33:31"
"Benjie Val Lumawag","Updated product [Rice- Special 25kg ( Yellow)] => [Special 25kg ( Yellow)]","Product","2024-03-31 10:33:42"
"Benjie Val Lumawag","Updated product [Special Rice-15kg ( Blue)]","Product","2024-03-31 10:33:56"
"","Added new customer [Masado]","Customer","2024-03-31 11:02:03"
"","Added new customer [jimenez]","Customer","2024-03-31 11:47:26"
"Benjie Val Lumawag","Successfully Login","Login","2024-03-31 12:07:30"
"","Error to add new customer payment [CP-240331121728]","Customer Payment","2024-03-31 04:17:28"
"","Finished customer payment [CP-240331121728]","Customer Payment","2024-03-31 04:17:28"
"","Error to add new customer payment [CP-240331121751]","Customer Payment","2024-03-31 04:17:51"
"","Finished customer payment [CP-240331121751]","Customer Payment","2024-03-31 04:17:51"
"","Error to add new customer payment [CP-240331144031]","Customer Payment","2024-03-31 06:40:31"
"","Finished customer payment [CP-240331144031]","Customer Payment","2024-03-31 06:40:31"
"Benjie Val Lumawag","Successfully Login","Login","2024-03-31 15:31:05"
"Benjie Val Lumawag","Successfully Login","Login","2024-03-31 15:33:03"
"Benjie Val Lumawag","Successfully Login","Login","2024-03-31 16:16:13"
"","Added new customer [Tachado]","Customer","2024-03-31 16:39:19"
"","Error to add new customer payment [CP-240331165544]","Customer Payment","2024-03-31 08:55:44"
"","Finished customer payment [CP-240331165544]","Customer Payment","2024-03-31 08:55:44"
"Benjie Val Lumawag","Successfully Login","Login","2024-03-31 17:53:11"
"Benjie Val Lumawag","Successfully Login","Login","2024-03-31 19:34:38"
"Benjie Val Lumawag","Successfully Login","Login","2024-03-31 20:23:00"
"Benjie Val Lumawag","Successfully Login","Login","2024-03-31 20:28:50"
"Benjie Val Lumawag","Successfully Login","Login","2024-03-31 20:33:22"
"Benjie Val Lumawag","Successfully Login","Login","2024-03-31 22:26:25"
