"","Error to add new customer payment [CP-230901091859]","Customer Payment","2023-09-01 01:18:59"
"Benjie Val Lumawag","Successfully Login","Login","2023-09-01 09:22:01"
"","Added new customer [Morales]","Customer","2023-09-01 09:41:13"
"Benjie Val Lumawag","Successfully Login","Login","2023-09-01 12:07:18"
"Benjie Val Lumawag","Successfully Login","Login","2023-09-01 13:56:45"
"Benjie Val Lumawag","Successfully Login","Login","2023-09-01 17:44:08"
"","Added new customer [Pofitiado]","Customer","2023-09-02 07:34:09"
"Benjie Val Lumawag","Successfully Login","Login","2023-09-02 08:52:03"
"Benjie Val Lumawag","Updated product [16200-Atlas]","Product","2023-09-02 08:54:19"
"Benjie Val Lumawag","Updated product [141414-Atlas]","Product","2023-09-02 08:57:50"
"","Added new customer [Pagulong]","Customer","2023-09-02 09:22:33"
"Benjie Val Lumawag","Successfully Login","Login","2023-09-02 10:36:57"
"","Added new customer [Batua]","Customer","2023-09-02 16:11:50"
"","Error to add new customer payment [CP-230902161249]","Customer Payment","2023-09-02 08:12:49"
"","Finished customer payment [CP-230902161249]","Customer Payment","2023-09-02 08:12:49"
"Benjie Val Lumawag","Successfully Login","Login","2023-09-03 05:50:26"
"Benjie Val Lumawag","Updated product [4600-Atlas]","Product","2023-09-03 05:51:33"
"Benjie Val Lumawag","Updated product [4600-Harvester]","Product","2023-09-03 05:51:55"
"Benjie Val Lumawag","Added new price notice [PN-20230903055619]","Price Notice","2023-09-03 05:56:21"
"Benjie Val Lumawag","Successfully Login","Login","2023-09-03 07:51:13"
"Benjie Val Lumawag","Updated product [16200-Atlas]","Product","2023-09-03 07:51:37"
"Benjie Val Lumawag","Updated product [141414-Atlas]","Product","2023-09-03 07:54:37"
"Benjie Val Lumawag","Updated product [16200-Atlas]","Product","2023-09-03 07:55:42"
"Benjie Val Lumawag","Updated product [141414-Atlas]","Product","2023-09-03 07:55:54"
"Benjie Val Lumawag","Successfully Login","Login","2023-09-03 09:13:20"
"Benjie Val Lumawag","Updated product [2100-Atlas]","Product","2023-09-03 09:13:34"
"Benjie Val Lumawag","Updated product [2100-Harvester]","Product","2023-09-03 09:14:04"
"Benjie Val Lumawag","Updated product [2100-Agro Planters]","Product","2023-09-03 09:14:26"
"Benjie Val Lumawag","Updated product [4600-Atlas]","Product","2023-09-03 09:14:44"
"Benjie Val Lumawag","Successfully Login","Login","2023-09-03 15:52:30"
"Benjie Val Lumawag","Successfully Login","Login","2023-09-04 08:28:03"
"","Error to add new customer payment [CP-230904130408]","Customer Payment","2023-09-04 05:04:08"
"","Finished customer payment [CP-230904130408]","Customer Payment","2023-09-04 05:04:08"
"Benjie Val Lumawag","Successfully Login","Login","2023-09-04 14:49:31"
"Benjie Val Lumawag","Added new price notice [PN-20230904144947]","Price Notice","2023-09-04 14:49:49"
"Benjie Val Lumawag","Updated product [Gaucho 100ml]","Product","2023-09-04 15:00:04"
"","Error to add new customer payment [CP-230904153054]","Customer Payment","2023-09-04 07:30:54"
"","Finished customer payment [CP-230904153054]","Customer Payment","2023-09-04 07:30:54"
"","Error to add new customer payment [CP-230904154651]","Customer Payment","2023-09-04 07:46:51"
"","Finished customer payment [CP-230904154651]","Customer Payment","2023-09-04 07:46:51"
"Benjie Val Lumawag","Updated product [16200-Amigo]","Product","2023-09-04 16:17:41"
"Benjie Val Lumawag","Updated product [16200-Amigo]","Product","2023-09-04 16:22:03"
"","Error to add new customer payment [CP-230905055935]","Customer Payment","2023-09-04 21:59:35"
"Benjie Val Lumawag","Successfully Login","Login","2023-09-05 06:13:48"
"","Added new customer [Langcuas]","Customer","2023-09-05 07:01:43"
"","Error to add new customer payment [CP-230905122538]","Customer Payment","2023-09-05 04:25:38"
"","Finished customer payment [CP-230905122538]","Customer Payment","2023-09-05 04:25:38"
"","Added new customer [Pagayon]","Customer","2023-09-05 12:56:52"
"","Added new customer [Porras]","Customer","2023-09-06 05:52:27"
"Benjie Val Lumawag","Successfully Login","Login","2023-09-06 05:54:28"
"Benjie Val Lumawag","Updated product [4600-Atlas]","Product","2023-09-06 05:55:15"
"Benjie Val Lumawag","Successfully Login","Login","2023-09-06 06:05:23"
"Benjie Val Lumawag","Updated product [4600-Harvester]","Product","2023-09-06 06:05:39"
"Benjie Val Lumawag","Successfully Login","Login","2023-09-06 06:32:01"
"Benjie Val Lumawag","Successfully Login","Login","2023-09-06 07:31:00"
"Benjie Val Lumawag","Updated product [Clear out 4L]","Product","2023-09-06 07:32:01"
"Benjie Val Lumawag","Updated product [Clear Max-3L]","Product","2023-09-06 07:32:35"
"Benjie Val Lumawag","Updated product [Sincera]","Product","2023-09-06 07:33:09"
"Benjie Val Lumawag","Updated product [Bridge 1000ml]","Product","2023-09-06 07:37:41"
"Benjie Val Lumawag","Updated product [Bridge 500ml]","Product","2023-09-06 07:37:50"
"","Added new customer [Belonio]","Customer","2023-09-06 09:37:42"
"Benjie Val Lumawag","Successfully Login","Login","2023-09-06 10:30:51"
"Benjie Val Lumawag","Updated product [141414-Atlas]","Product","2023-09-06 10:31:03"
"Benjie Val Lumawag","Updated product [16200-Atlas]","Product","2023-09-06 10:31:18"
"","Added new customer [Ventura, Rudy]","Customer","2023-09-06 12:58:32"
"Benjie Val Lumawag","Successfully Login","Login","2023-09-06 13:56:29"
"","Error to add new customer payment [CP-230906145729]","Customer Payment","2023-09-06 06:57:29"
"Benjie Val Lumawag","Updated product [4600-Harvester]","Product","2023-09-06 15:12:22"
"","Added new customer [De Pedro]","Customer","2023-09-06 15:23:04"
"","Added new customer [Romeo]","Customer","2023-09-06 15:25:57"
"Benjie Val Lumawag","Successfully Login","Login","2023-09-06 16:24:11"
"Benjie Val Lumawag","Added new product [Konyk Gal]","Product","2023-09-06 16:25:55"
"","Error to add new customer payment [CP-230906163344]","Customer Payment","2023-09-06 08:33:44"
"Benjie Val Lumawag","Added new supplier [CGA Farm Products]","Supplier","2023-09-06 17:32:20"
"","Added new customer [Latriz Jeje]","Customer","2023-09-07 06:41:07"
"","Added new customer [Loquiro]","Customer","2023-09-07 06:59:50"
"","Attempt to add existing customer [Loquiro]","Customer","2023-09-07 06:59:50"
"","Attempt to add existing customer [Loquiro]","Customer","2023-09-07 06:59:50"
"","Attempt to add existing customer [Loquiro]","Customer","2023-09-07 06:59:50"
"","Attempt to add existing customer [Loquiro]","Customer","2023-09-07 06:59:52"
"","Attempt to add existing customer [Loquiro]","Customer","2023-09-07 06:59:55"
"Benjie Val Lumawag","Successfully Login","Login","2023-09-07 07:52:11"
"","Added new customer [Coronel]","Customer","2023-09-07 09:14:37"
"Benjie Val Lumawag","Successfully Login","Login","2023-09-07 09:56:31"
"Benjie Val Lumawag","Successfully Login","Login","2023-09-07 10:08:58"
"","Error to add new customer payment [CP-230907103505]","Customer Payment","2023-09-07 02:35:05"
"","Finished customer payment [CP-230907103505]","Customer Payment","2023-09-07 02:35:05"
"","Error to add new customer payment [CP-230907103531]","Customer Payment","2023-09-07 02:35:31"
"","Finished customer payment [CP-230907103531]","Customer Payment","2023-09-07 02:35:31"
"","Error to add new customer payment [CP-230907103555]","Customer Payment","2023-09-07 02:35:56"
"","Finished customer payment [CP-230907103555]","Customer Payment","2023-09-07 02:35:56"
"Benjie Val Lumawag","Successfully Login","Login","2023-09-07 11:03:40"
"Benjie Val Lumawag","Updated product [Klear weed- Gallon]","Product","2023-09-07 11:04:22"
"","Added new customer [Bautista]","Customer","2023-09-07 12:25:24"
"Benjie Val Lumawag","Successfully Login","Login","2023-09-07 12:33:48"
"Benjie Val Lumawag","Added new product [Glyner lit]","Product","2023-09-07 12:40:23"
"Benjie Val Lumawag","Successfully Login","Login","2023-09-07 12:43:18"
"Benjie Val Lumawag","Updated product [P 4124]","Product","2023-09-07 12:48:55"
"","Added new customer [Rosaldo]","Customer","2023-09-07 12:55:12"
"","Added new customer [Cristy Barrion]","Customer","2023-09-07 13:24:08"
"","Error to add new customer payment [CP-230907132437]","Customer Payment","2023-09-07 05:24:37"
"Benjie Val Lumawag","Successfully Login","Login","2023-09-07 14:13:57"
"Benjie Val Lumawag","Successfully Login","Login","2023-09-07 14:58:38"
"","Added new customer [Bacus Rebicca]","Customer","2023-09-07 15:01:45"
"Benjie Val Lumawag","Successfully Login","Login","2023-09-08 05:46:08"
"","Added new customer [Cayanan]","Customer","2023-09-08 06:48:31"
"Benjie Val Lumawag","Successfully Login","Login","2023-09-08 07:07:36"
"Benjie Val Lumawag","Successfully Login","Login","2023-09-08 08:09:53"
"Benjie Val Lumawag","Successfully Login","Login","2023-09-08 08:16:03"
"Benjie Val Lumawag","Added new supplier [Charina Adame]","Supplier","2023-09-08 09:59:25"
"Benjie Val Lumawag","Updated product [4600-Harvester]","Product","2023-09-08 10:09:37"
"","Added new customer [Gayo lyn]","Customer","2023-09-08 11:55:03"
"Benjie Val Lumawag","Successfully Login","Login","2023-09-08 12:28:29"
"Benjie Val Lumawag","Successfully Login","Login","2023-09-08 13:23:42"
"","Added new customer [Marquez]","Customer","2023-09-08 13:27:55"
"","Added new customer [Macararap]","Customer","2023-09-08 13:44:05"
"Benjie Val Lumawag","Successfully Login","Login","2023-09-08 14:18:38"
"Benjie Val Lumawag","Updated product [2100-Amigo]","Product","2023-09-08 14:19:42"
"","Error to add new customer payment [CP-230908150600]","Customer Payment","2023-09-08 07:06:00"
"","Finished customer payment [CP-230908150600]","Customer Payment","2023-09-08 07:06:00"
"Benjie Val Lumawag","Successfully Login","Login","2023-09-08 15:10:46"
"","Error to add new customer payment [CP-230908152319]","Customer Payment","2023-09-08 07:23:19"
"","Finished customer payment [CP-230908152319]","Customer Payment","2023-09-08 07:23:19"
"","Added new customer [Carrido]","Customer","2023-09-08 15:45:44"
"","Added new customer [Loyola]","Customer","2023-09-08 16:01:42"
"Benjie Val Lumawag","Successfully Login","Login","2023-09-08 17:16:36"
"Benjie Val Lumawag","Successfully Login","Login","2023-09-09 05:47:46"
"Benjie Val Lumawag","Updated product [4600-Amigo]","Product","2023-09-09 05:48:04"
"Benjie Val Lumawag","Successfully Login","Login","2023-09-09 07:53:05"
"Benjie Val Lumawag","Successfully Login","Login","2023-09-09 08:01:52"
"","Added new customer [Kadil]","Customer","2023-09-09 10:47:48"
"","Added new customer [ Artazona]","Customer","2023-09-09 10:59:17"
"Benjie Val Lumawag","Successfully Login","Login","2023-09-09 11:51:05"
"Benjie Val Lumawag","Updated product [Alika 250ml]","Product","2023-09-09 11:57:47"
"Benjie Val Lumawag","Successfully Login","Login","2023-09-09 13:23:25"
"Benjie Val Lumawag","Updated product [141414-Atlas]","Product","2023-09-09 13:23:49"
"Benjie Val Lumawag","Successfully Login","Login","2023-09-09 13:46:38"
"","Error to add new customer payment [CP-230909150925]","Customer Payment","2023-09-09 07:09:25"
"","Finished customer payment [CP-230909150925]","Customer Payment","2023-09-09 07:09:25"
"","Added new customer [Tahunyo]","Customer","2023-09-09 15:18:35"
"","Added new customer [Macalanggan]","Customer","2023-09-09 15:24:37"
"","Added new customer [Dequiña]","Customer","2023-09-09 16:28:00"
"Benjie Val Lumawag","Successfully Login","Login","2023-09-09 16:56:18"
"","Added new customer [Agustin]","Customer","2023-09-10 06:04:09"
"Benjie Val Lumawag","Successfully Login","Login","2023-09-10 06:12:16"
"Benjie Val Lumawag","Successfully Login","Login","2023-09-10 07:24:34"
"Benjie Val Lumawag","Added new supplier [Christie Milan  Chavez]","Supplier","2023-09-10 07:25:09"
"Benjie Val Lumawag","Successfully Login","Login","2023-09-10 07:27:16"
"Benjie Val Lumawag","Successfully Login","Login","2023-09-10 09:09:52"
"","Error to add new customer payment [CP-230910095900]","Customer Payment","2023-09-10 01:59:00"
"Benjie Val Lumawag","Successfully Login","Login","2023-09-10 09:59:51"
"","Error to add new customer payment [CP-230910101513]","Customer Payment","2023-09-10 02:15:13"
"","Finished customer payment [CP-230910101513]","Customer Payment","2023-09-10 02:15:13"
"Benjie Val Lumawag","Successfully Login","Login","2023-09-10 10:37:41"
"","Added new customer [Ilagan]","Customer","2023-09-10 11:09:32"
"Benjie Val Lumawag","Successfully Login","Login","2023-09-10 11:26:19"
"","Added new customer [Lanestosa]","Customer","2023-09-10 13:18:14"
"","Added new customer [Tobalado]","Customer","2023-09-10 15:07:46"
"","Added new customer [Ballentes Darwin]","Customer","2023-09-10 15:36:24"
"Benjie Val Lumawag","Successfully Login","Login","2023-09-11 06:04:07"
"","Error to add new customer payment [CP-230911062741]","Customer Payment","2023-09-10 22:27:41"
"","Added new customer [Balabagan]","Customer","2023-09-11 08:47:47"
"Benjie Val Lumawag","Successfully Login","Login","2023-09-11 10:06:47"
"Benjie Val Lumawag","Successfully Login","Login","2023-09-11 10:28:21"
"Benjie Val Lumawag","Added new product [Tayop-Mais]","Product","2023-09-11 10:33:24"
"Benjie Val Lumawag","Added new product [Crack Corn- 1kg]","Product","2023-09-11 10:34:28"
"","Added new customer [Pabilona, Jhon2]","Customer","2023-09-11 13:20:28"
"Benjie Val Lumawag","Successfully Login","Login","2023-09-11 15:55:50"
"Benjie Val Lumawag","Updated product [advance-liter]","Product","2023-09-11 16:00:24"
"Benjie Val Lumawag","Updated product [advance-500ml]","Product","2023-09-11 16:00:55"
"Benjie Val Lumawag","Updated product [Parapest- liter]","Product","2023-09-11 16:01:16"
"Benjie Val Lumawag","Added new product [Sweep- Gal]","Product","2023-09-11 16:05:06"
"Benjie Val Lumawag","Successfully Login","Login","2023-09-11 16:57:36"
"Benjie Val Lumawag","Successfully Login","Login","2023-09-11 17:15:12"
"","Added new customer [Elhig, Miller]","Customer","2023-09-11 17:37:20"
"","Error to add new customer payment [CP-230911173820]","Customer Payment","2023-09-11 09:38:20"
"Benjie Val Lumawag","Successfully Login","Login","2023-09-12 07:36:29"
"Benjie Val Lumawag","Successfully Login","Login","2023-09-12 08:00:26"
"Benjie Val Lumawag","Successfully Login","Login","2023-09-12 09:35:24"
"Benjie Val Lumawag","Successfully Login","Login","2023-09-12 10:26:19"
"Benjie Val Lumawag","Updated product [Tekweed Gallon]","Product","2023-09-12 10:28:55"
"Benjie Val Lumawag","Added new product [Fluazifop lit]","Product","2023-09-12 10:30:06"
"Benjie Val Lumawag","Updated product [Calcium Boron]","Product","2023-09-12 10:30:50"
"Benjie Val Lumawag","Added new product [Tekburn Lit]","Product","2023-09-12 10:31:31"
"Benjie Val Lumawag","Updated product [Triple 8 - liter] => [Tripple 8 - liter]","Product","2023-09-12 10:32:08"
"Benjie Val Lumawag","Added new product [Thripshield-pack]","Product","2023-09-12 10:37:24"
"Benjie Val Lumawag","Successfully Login","Login","2023-09-12 12:17:09"
"Benjie Val Lumawag","Added new product [Agroconazole]","Product","2023-09-12 12:18:05"
"","Added new customer [Balairos]","Customer","2023-09-12 12:59:03"
"Benjie Val Lumawag","Successfully Login","Login","2023-09-12 13:03:41"
"","Added new customer [Genodia]","Customer","2023-09-12 13:22:43"
"Benjie Val Lumawag","Successfully Login","Login","2023-09-12 14:10:07"
"","Error to add new customer payment [CP-230912142528]","Customer Payment","2023-09-12 06:25:28"
"","Finished customer payment [CP-230912142528]","Customer Payment","2023-09-12 06:25:28"
"Benjie Val Lumawag","Updated product [Sweep- Gal]","Product","2023-09-12 14:33:06"
"Benjie Val Lumawag","Successfully Login","Login","2023-09-13 05:44:19"
"Benjie Val Lumawag","Updated product [Sweep- Gal]","Product","2023-09-13 05:44:33"
"Benjie Val Lumawag","Successfully Login","Login","2023-09-13 07:16:51"
"Benjie Val Lumawag","Updated product [141414-Atlas]","Product","2023-09-13 07:21:01"
"Benjie Val Lumawag","Successfully Login","Login","2023-09-13 07:22:49"
"Benjie Val Lumawag","Successfully Login","Login","2023-09-13 08:49:37"
"","Error to add new customer payment [CP-230913090428]","Customer Payment","2023-09-13 01:04:28"
"","Finished customer payment [CP-230913090428]","Customer Payment","2023-09-13 01:04:28"
"","Error to add new customer payment [CP-230913093107]","Customer Payment","2023-09-13 01:31:07"
"","Error to add new customer payment [CP-230913093255]","Customer Payment","2023-09-13 01:32:55"
"","Finished customer payment [CP-230913093255]","Customer Payment","2023-09-13 01:32:55"
"Benjie Val Lumawag","Successfully Login","Login","2023-09-13 09:41:29"
"Benjie Val Lumawag","Updated product [Bridge 500ml]","Product","2023-09-13 11:32:03"
"","Added new customer [Costodio]","Customer","2023-09-13 13:31:03"
"","Added new customer [Dueñas]","Customer","2023-09-13 14:12:52"
"Benjie Val Lumawag","Successfully Login","Login","2023-09-13 14:24:32"
"Benjie Val Lumawag","Updated product [Vetracin-Prem]","Product","2023-09-13 14:24:45"
"Benjie Val Lumawag","Successfully Login","Login","2023-09-13 15:16:43"
"","Added new customer [Vedra]","Customer","2023-09-13 16:10:35"
"Benjie Val Lumawag","Successfully Login","Login","2023-09-14 06:10:22"
"","Added new customer [Macasaet]","Customer","2023-09-14 06:16:20"
"","Error to add new customer payment [CP-230914084636]","Customer Payment","2023-09-14 00:46:36"
"Benjie Val Lumawag","Successfully Login","Login","2023-09-14 08:54:52"
"","Added new customer [Catasio]","Customer","2023-09-14 09:04:07"
"Benjie Val Lumawag","Successfully Login","Login","2023-09-14 09:17:10"
"Benjie Val Lumawag","Updated product [16200-Agro Planters]","Product","2023-09-14 09:31:28"
"Benjie Val Lumawag","Updated product [16200-Amigo]","Product","2023-09-14 09:31:38"
"","Added new customer [Yudela]","Customer","2023-09-14 09:33:02"
"Benjie Val Lumawag","Successfully Login","Login","2023-09-14 10:35:36"
"","Error to add new customer payment [CP-230914105115]","Customer Payment","2023-09-14 02:51:15"
"Benjie Val Lumawag","Successfully Login","Login","2023-09-14 13:24:30"
"Benjie Val Lumawag","Added new product [7 Kinds]","Product","2023-09-14 13:26:28"
"","Error to add new customer payment [CP-230914133549]","Customer Payment","2023-09-14 05:35:49"
"","Finished customer payment [CP-230914133549]","Customer Payment","2023-09-14 05:35:49"
"Benjie Val Lumawag","Successfully Login","Login","2023-09-14 13:50:46"
"","Added new customer [Cabillo]","Customer","2023-09-14 13:57:38"
"Benjie Val Lumawag","Successfully Login","Login","2023-09-14 14:36:44"
"Benjie Val Lumawag","Updated product [16200-Amigo]","Product","2023-09-14 14:36:56"
"Benjie Val Lumawag","Updated product [16200-Agro Planters]","Product","2023-09-14 14:37:07"
"Benjie Val Lumawag","Updated product [16200-Amigo]","Product","2023-09-14 14:37:28"
"Benjie Val Lumawag","Updated product [16200-Agro Planters]","Product","2023-09-14 14:38:02"
"Benjie Val Lumawag","Successfully Login","Login","2023-09-14 14:53:30"
"Benjie Val Lumawag","Successfully Login","Login","2023-09-15 06:06:20"
"Benjie Val Lumawag","Successfully Login","Login","2023-09-15 08:54:41"
"","Added new customer [Balacase Carla]","Customer","2023-09-15 09:22:50"
"","Added new customer [Esperito]","Customer","2023-09-15 09:43:19"
"Benjie Val Lumawag","Successfully Login","Login","2023-09-15 10:57:46"
"Benjie Val Lumawag","Successfully Login","Login","2023-09-15 12:07:21"
"Benjie Val Lumawag","Updated product [Demolation- Gallon]","Product","2023-09-15 12:07:31"
"Benjie Val Lumawag","Successfully Login","Login","2023-09-15 12:49:30"
"Benjie Val Lumawag","Updated product [Tripple 8 - Gallon ]","Product","2023-09-15 12:49:45"
"","Added new customer [Arong Jerald]","Customer","2023-09-15 12:58:39"
"","Error to add new customer payment [CP-230915151652]","Customer Payment","2023-09-15 07:16:52"
"","Finished customer payment [CP-230915151652]","Customer Payment","2023-09-15 07:16:52"
"Benjie Val Lumawag","Successfully Login","Login","2023-09-15 15:38:50"
"Benjie Val Lumawag","Successfully Login","Login","2023-09-15 16:00:23"
"Benjie Val Lumawag","Added new product [Rice- Special Rice Sack]","Product","2023-09-15 16:09:46"
"Benjie Val Lumawag","Added new product [Rice-Special 1kg]","Product","2023-09-15 16:11:15"
"Benjie Val Lumawag","Successfully Login","Login","2023-09-16 06:22:25"
"Benjie Val Lumawag","Successfully Login","Login","2023-09-16 06:31:11"
"Benjie Val Lumawag","Successfully Login","Login","2023-09-16 08:36:36"
"Benjie Val Lumawag","Successfully Login","Login","2023-09-16 08:45:01"
"Benjie Val Lumawag","Successfully Login","Login","2023-09-16 09:56:19"
"","Error to add new customer payment [CP-230916104639]","Customer Payment","2023-09-16 02:46:39"
"","Finished customer payment [CP-230916104639]","Customer Payment","2023-09-16 02:46:39"
"Benjie Val Lumawag","Successfully Login","Login","2023-09-16 11:21:11"
"Benjie Val Lumawag","Successfully Login","Login","2023-09-16 13:08:42"
"Benjie Val Lumawag","Successfully Login","Login","2023-09-16 13:22:12"
"Benjie Val Lumawag","Successfully Login","Login","2023-09-16 14:05:33"
"Benjie Val Lumawag","Successfully Login","Login","2023-09-16 14:35:12"
