"Benjie Val Lumawag","Successfully Login","Login","2025-03-01 04:37:07"
"Benjie Val Lumawag","Successfully Login","Login","2025-03-01 06:16:12"
"Veryen Bajan","Successfully Login","Login","2025-03-01 06:16:45"
"Benjie Val Lumawag","Successfully Login","Login","2025-03-01 07:02:44"
"","Added new customer [abalo]","Customer","2025-03-01 08:20:48"
"","Added new customer [Acob]","Customer","2025-03-01 08:50:53"
"Benjie Val Lumawag","Added new product [Sando bag Large]","Product","2025-03-01 02:54:36"
"Benjie Val Lumawag","Added new product [Sando Bag Medium]","Product","2025-03-01 02:55:00"
"Benjie Val Lumawag","Successfully Login","Login","2025-03-01 11:00:25"
"Benjie Val Lumawag","Updated product [Rexidol]","Product","2025-03-01 03:15:32"
"Benjie Val Lumawag","Updated product [Paracetamol]","Product","2025-03-01 03:15:52"
"Benjie Val Lumawag","Updated product [Ceterizine]","Product","2025-03-01 03:16:12"
"Benjie Val Lumawag","Updated product [Sando Bag Medium]","Product","2025-03-01 03:16:31"
"Benjie Val Lumawag","Updated product [Sando bag Large]","Product","2025-03-01 03:16:59"
"Benjie Val Lumawag","Updated product [Sando bag Large] => [Sando Bag (EGA)-Large]","Product","2025-03-01 03:17:46"
"Benjie Val Lumawag","Updated product [Sando Bag Medium] => [Sando Bag (Golden Bee)-Medium]","Product","2025-03-01 03:18:22"
"Benjie Val Lumawag","Updated product [Sando Bag (Golden Bee)-Medium]","Product","2025-03-01 03:18:54"
"Benjie Val Lumawag","Updated product [Sando Bag (EGA)-Large]","Product","2025-03-01 03:19:12"
"Benjie Val Lumawag","Added new product [Sando Bag (Ordinary)-Medium]","Product","2025-03-01 03:28:13"
"Benjie Val Lumawag","Updated product [Sando Bag (EGA)-Large] => [Sando Bag (Special)-Large]","Product","2025-03-01 03:28:32"
"Benjie Val Lumawag","Updated product [Sando Bag (Golden Bee)-Medium] => [Sando Bag (Special)-Medium]","Product","2025-03-01 03:28:53"
"Benjie Val Lumawag","Added new product [Sando Bag (Ordinary)-Medium]","Product","2025-03-01 03:30:05"
"Benjie Val Lumawag","Updated product [Sando Bag (Ordinary)-Medium]","Product","2025-03-01 03:30:24"
"Benjie Val Lumawag","Added new product [Sando Bag (Ordinary)-Tiny]","Product","2025-03-01 03:31:24"
"Benjie Val Lumawag","Added new product [Sando Bag (Special)-Tiny]","Product","2025-03-01 03:40:09"
"Benjie Val Lumawag","Added new product [Sando Bag (Special)-Mini]","Product","2025-03-01 03:40:47"
"Benjie Val Lumawag","Added new product [Smoke Cellophane]","Product","2025-03-01 03:41:16"
"Benjie Val Lumawag","Updated product [Sando Bag (Special)-Tiny]","Product","2025-03-01 03:43:23"
"Benjie Val Lumawag","Updated product [Sando Bag (Ordinary)-Medium]","Product","2025-03-01 03:55:18"
"Benjie Val Lumawag","Updated product [Sando Bag (Ordinary)-Medium] => [Sando Bag (Ordinary)-Large]","Product","2025-03-01 03:56:07"
"Benjie Val Lumawag","Updated product [Sando Bag (Special)-Tiny]","Product","2025-03-01 03:56:51"
"Benjie Val Lumawag","Updated product [Sando Bag (Special)-Mini]","Product","2025-03-01 03:57:05"
"Benjie Val Lumawag","Updated product [Sando Bag (Special)-Tiny]","Product","2025-03-01 03:59:36"
"Benjie Val Lumawag","Updated product [Sando Bag (Special)-Mini]","Product","2025-03-01 04:01:38"
"Benjie Val Lumawag","Updated product [Smoke Cellophane]","Product","2025-03-01 04:03:10"
"Benjie Val Lumawag","Successfully Login","Login","2025-03-01 12:07:59"
"Benjie Val Lumawag","Successfully Login","Login","2025-03-01 13:06:40"
"","Added new customer [daniel]","Customer","2025-03-01 14:11:26"
"","Added new customer [ging2x dejaro]","Customer","2025-03-01 14:23:59"
"","Added new customer [devine]","Customer","2025-03-01 15:41:04"
"Benjie Val Lumawag","Successfully Login","Login","2025-03-01 16:21:53"
"Benjie Val Lumawag","Successfully Login","Login","2025-03-01 16:32:58"
"Benjie Val Lumawag","Successfully Login","Login","2025-03-01 17:16:34"
"Benjie Val Lumawag","Successfully Login","Login","2025-03-01 17:41:45"
"Benjie Val Lumawag","Successfully Login","Login","2025-03-01 18:23:58"
"Benjie Val Lumawag","Successfully Login","Login","2025-03-01 19:54:04"
"Benjie Val Lumawag","Successfully Login","Login","2025-03-01 20:46:07"
"Benjie Val Lumawag","Successfully Login","Login","2025-03-01 22:06:22"
"Benjie Val Lumawag","Successfully Login","Login","2025-03-02 06:18:16"
"Benjie Val Lumawag","Successfully Login","Login","2025-03-02 06:51:10"
"Benjie Val Lumawag","Successfully Login","Login","2025-03-02 07:07:13"
"Benjie Val Lumawag","Successfully Login","Login","2025-03-02 08:00:12"
"Benjie Val Lumawag","Updated product [SSS Maskada-Pack (1x6pcs)]","Product","2025-03-02 00:20:28"
"","Added new customer [adidaot]","Customer","2025-03-02 09:27:58"
"","Added new customer [roy2x alicana]","Customer","2025-03-02 10:48:19"
"","Error to add new customer payment [CP-250302111110]","Customer Payment","2025-03-02 03:11:10"
"","Finished customer payment [CP-250302111110]","Customer Payment","2025-03-02 03:11:10"
"","Added new customer [verlen]","Customer","2025-03-02 12:36:15"
"Benjie Val Lumawag","Successfully Login","Login","2025-03-02 14:37:17"
"","Attempt to add existing customer [1]","Customer","2025-03-02 14:41:06"
"","Added new customer [hornada]","Customer","2025-03-02 14:41:18"
"","Added new customer [pinas]","Customer","2025-03-02 14:44:59"
"Benjie Val Lumawag","Successfully Login","Login","2025-03-02 15:05:21"
"Benjie Val Lumawag","Successfully Login","Login","2025-03-02 15:56:10"
"","Added new customer [Fatima Tiko]","Customer","2025-03-02 16:28:26"
"Benjie Val Lumawag","Successfully Login","Login","2025-03-02 16:36:01"
"","Added new customer [cota angay]","Customer","2025-03-02 17:08:05"
"Benjie Val Lumawag","Successfully Login","Login","2025-03-02 17:25:46"
"Benjie Val Lumawag","Successfully Login","Login","2025-03-02 17:37:17"
"Benjie Val Lumawag","Successfully Login","Login","2025-03-02 19:36:02"
"Benjie Val Lumawag","Successfully Login","Login","2025-03-02 21:05:20"
"Benjie Val Lumawag","Updated product [D-8899s]","Product","2025-03-02 13:19:06"
"Benjie Val Lumawag","Successfully Login","Login","2025-03-02 22:25:10"
"Benjie Val Lumawag","Successfully Login","Login","2025-03-03 06:05:36"
"Benjie Val Lumawag","Successfully Login","Login","2025-03-03 06:43:06"
"Annabel Coronado","Successfully Login","Login","2025-03-03 06:51:54"
"","Added new customer [andie serano]","Customer","2025-03-03 07:17:26"
"Ryan Ferrer","Successfully Login","Login","2025-03-03 07:18:48"
"Benjie Val Lumawag","Successfully Login","Login","2025-03-03 07:37:33"
"","Error to add new customer payment [CP-250303075435]","Customer Payment","2025-03-02 23:54:35"
"","Finished customer payment [CP-250303075435]","Customer Payment","2025-03-02 23:54:35"
"Benjie Val Lumawag","Successfully Login","Login","2025-03-03 08:50:52"
"Jay Ann Quitor","Successfully Login","Login","2025-03-03 09:15:36"
"Benjie Val Lumawag","Successfully Login","Login","2025-03-03 12:31:23"
"Benjie Val Lumawag","Updated product [Glysinate Gal-Cases ( 1x4)] => [Glysinate Gal-Cases ( 1x6)]","Product","2025-03-03 04:57:29"
"","Added new customer [silbano]","Customer","2025-03-03 13:11:05"
"Benjie Val Lumawag","Successfully Login","Login","2025-03-03 15:07:45"
"","Error to add new customer payment [CP-250303163221]","Customer Payment","2025-03-03 08:32:21"
"","Finished customer payment [CP-250303163221]","Customer Payment","2025-03-03 08:32:22"
"Benjie Val Lumawag","Successfully Login","Login","2025-03-03 16:34:43"
"Benjie Val Lumawag","Successfully Login","Login","2025-03-03 17:00:41"
"","Added new customer [BABUYAN/KUYA BENJIE]","Customer","2025-03-03 17:29:28"
"Benjie Val Lumawag","Successfully Login","Login","2025-03-03 17:42:53"
"Benjie Val Lumawag","Successfully Login","Login","2025-03-04 05:12:10"
"Benjie Val Lumawag","Successfully Login","Login","2025-03-04 06:12:33"
"","Added new customer [quibesi]","Customer","2025-03-04 06:54:46"
"Benjie Val Lumawag","Successfully Login","Login","2025-03-04 08:37:09"
"Benjie Val Lumawag","Added new product [Winner Dishwashing Liq. Kalamansi 200g]","Product","2025-03-04 00:42:50"
"Benjie Val Lumawag","Added new product [Winner Dishwashing Liquid Lemon 200g]","Product","2025-03-04 00:44:27"
"Benjie Val Lumawag","Updated product [Winner Dishwashing Liq. Kalamansi 200g]","Product","2025-03-04 00:45:06"
"Benjie Val Lumawag","Successfully Login","Login","2025-03-04 11:24:57"
"Benjie Val Lumawag","Successfully Login","Login","2025-03-04 12:21:54"
"Benjie Val Lumawag","Successfully Login","Login","2025-03-04 12:23:23"
"Veryen Bajan","Successfully Login","Login","2025-03-04 12:56:05"
"","Error to add new customer payment [CP-250304130645]","Customer Payment","2025-03-04 05:06:45"
"","Finished customer payment [CP-250304130645]","Customer Payment","2025-03-04 05:06:46"
"Benjie Val Lumawag","Successfully Login","Login","2025-03-04 13:20:55"
"","Added new customer [cordero charen]","Customer","2025-03-04 13:34:43"
"Benjie Val Lumawag","Added new product [Judge Retail (3 for 5)]","Product","2025-03-04 05:37:40"
"Benjie Val Lumawag","Successfully Login","Login","2025-03-04 13:41:39"
"","Attempt to add existing customer [cabilla]","Customer","2025-03-04 13:52:46"
"","Attempt to add existing customer [cabilla]","Customer","2025-03-04 13:52:49"
"Benjie Val Lumawag","Successfully Login","Login","2025-03-04 14:31:57"
"Benjie Val Lumawag","Successfully Login","Login","2025-03-04 14:40:35"
"","Error to add new customer payment [CP-250304145644]","Customer Payment","2025-03-04 06:56:44"
"Benjie Val Lumawag","Successfully Login","Login","2025-03-04 15:23:31"
"","Added new customer [QL-Joseph Garcia]","Customer","2025-03-04 15:43:26"
"Ryan Ferrer","Successfully Login","Login","2025-03-04 16:43:27"
"Jay Ann Quitor","Successfully Login","Login","2025-03-04 16:52:51"
"Benjie Val Lumawag","Successfully Login","Login","2025-03-04 20:37:00"
"Benjie Val Lumawag","Successfully Login","Login","2025-03-04 22:16:22"
"Benjie Val Lumawag","Successfully Login","Login","2025-03-05 05:54:29"
"Benjie Val Lumawag","Successfully Login","Login","2025-03-05 06:05:41"
"Benjie Val Lumawag","Successfully Login","Login","2025-03-05 06:06:40"
"Benjie Val Lumawag","Added new product [17-7-17-Ultra 7]","Product","2025-03-04 22:50:30"
"Benjie Val Lumawag","Updated product [O Valley Granular]","Product","2025-03-04 22:52:20"
"Benjie Val Lumawag","Added new supplier [Aljay]","Supplier","2025-03-04 22:56:09"
"Benjie Val Lumawag","Successfully Login","Login","2025-03-05 07:10:29"
"","Added new customer [arenio]","Customer","2025-03-05 07:42:38"
"Benjie Val Lumawag","Successfully Login","Login","2025-03-05 07:55:41"
"","Added new customer [Padeos]","Customer","2025-03-05 08:53:58"
"","Added new customer [Divera]","Customer","2025-03-05 10:26:32"
"Benjie Val Lumawag","Successfully Login","Login","2025-03-05 10:43:40"
"","Added new customer [quintera]","Customer","2025-03-05 12:03:38"
"","Added new customer [Christine jane Qiamco]","Customer","2025-03-05 13:25:44"
"","Added new customer [abilo]","Customer","2025-03-05 15:21:19"
"","Added new customer [jovelyn Samillano]","Customer","2025-03-05 15:21:46"
"","Error to add new customer payment [CP-250305152317]","Customer Payment","2025-03-05 07:23:17"
"","Finished customer payment [CP-250305152317]","Customer Payment","2025-03-05 07:23:18"
"Benjie Val Lumawag","Added new price notice [PN-20250305153502]","Price Notice","2025-03-05 07:35:04"
"Benjie Val Lumawag","Added new price notice [PN-20250305153523]","Price Notice","2025-03-05 07:35:28"
"Benjie Val Lumawag","Added new detail of price notice [PN-20250305153523] : [4600-Atlas 1550.00 ->  1590]","Price Notice","2025-03-05 15:36:36"
"Benjie Val Lumawag","Added new detail of price notice [PN-20250305153523] : [2100-Harvester 690.00 ->  700]","Price Notice","2025-03-05 15:36:45"
"Benjie Val Lumawag","Added new detail of price notice [PN-20250305153523] : [2100-Atlas 720.00 ->  730]","Price Notice","2025-03-05 15:36:52"
"Benjie Val Lumawag","Added new detail of price notice [PN-20250305153523] : [0060-Atlas 1390.00 ->  1420]","Price Notice","2025-03-05 15:37:21"
"Benjie Val Lumawag","Finished price notice [PN-20250305153523]","Price Notice","2025-03-05 15:38:34"
"Jay Ann Quitor","Successfully Login","Login","2025-03-05 16:14:18"
"","Error to add new customer payment [CP-250305164340]","Customer Payment","2025-03-05 08:43:40"
"","Finished customer payment [CP-250305164340]","Customer Payment","2025-03-05 08:43:40"
"","Error to add new customer payment [CP-250305164357]","Customer Payment","2025-03-05 08:43:57"
"","Finished customer payment [CP-250305164357]","Customer Payment","2025-03-05 08:43:57"
"","Added new customer [danilo bagay]","Customer","2025-03-05 16:44:54"
"Benjie Val Lumawag","Successfully Login","Login","2025-03-05 16:46:24"
"Benjie Val Lumawag","Successfully Login","Login","2025-03-05 18:11:14"
"Ryan Ferrer","Successfully Login","Login","2025-03-05 18:21:34"
"Benjie Val Lumawag","Successfully Login","Login","2025-03-05 21:14:01"
"Benjie Val Lumawag","Successfully Login","Login","2025-03-05 21:47:04"
"","Implemented price notice [PN-20250305153523]","Price Notice","2025-03-06 05:57:56"
"Benjie Val Lumawag","Successfully Login","Login","2025-03-06 06:14:30"
"Benjie Val Lumawag","Updated product [4600-Atlas]","Product","2025-03-05 22:16:33"
"Benjie Val Lumawag","Successfully Login","Login","2025-03-06 06:30:25"
"","Added new customer [pague]","Customer","2025-03-06 07:20:17"
"","Added new customer [herada]","Customer","2025-03-06 07:25:58"
"Ryan Ferrer","Successfully Login","Login","2025-03-06 07:30:39"
"Benjie Val Lumawag","Updated product [4600-Harvester]","Product","2025-03-05 23:31:37"
"Benjie Val Lumawag","Updated product [17-7-17-Ultra 7] => [17717-Ultra 7]","Product","2025-03-05 23:32:30"
"Benjie Val Lumawag","Updated product [17717-Ultra 7] => [170717-Ultra 7]","Product","2025-03-05 23:32:49"
"Benjie Val Lumawag","Successfully Login","Login","2025-03-06 08:21:32"
"Benjie Val Lumawag","Added new product [BUTANE (without bottle)]","Product","2025-03-06 00:22:32"
"Benjie Val Lumawag","Added new product [BUTANE (REFILL ONLY)]","Product","2025-03-06 00:23:21"
"Benjie Val Lumawag","Added new product [Tepox]","Product","2025-03-06 02:42:03"
"Benjie Val Lumawag","Added new product [Alamycin 100mL]","Product","2025-03-06 02:42:30"
"","Added new customer [bellonio]","Customer","2025-03-06 10:46:59"
"Benjie Val Lumawag","Updated product [Vetracin-Classic]","Product","2025-03-06 02:49:17"
"Benjie Val Lumawag","Updated product [Ambroxitil 5gms]","Product","2025-03-06 02:49:52"
"","Added new customer [Amino Tambog]","Customer","2025-03-06 11:47:20"
"Benjie Val Lumawag","Successfully Login","Login","2025-03-06 13:06:05"
"","Added new customer [totoy asong]","Customer","2025-03-06 13:41:31"
"","Added new customer [lumotos]","Customer","2025-03-06 14:22:45"
"Benjie Val Lumawag","Successfully Login","Login","2025-03-06 16:32:27"
"Benjie Val Lumawag","Attempt to add existing product [Naxxx-Biscuit]","Product","2025-03-06 08:33:34"
"Benjie Val Lumawag","Added new product [Naxxx-Biscuit]","Product","2025-03-06 08:33:49"
"Benjie Val Lumawag","Successfully Login","Login","2025-03-06 17:54:58"
"Benjie Val Lumawag","Successfully Login","Login","2025-03-06 18:12:37"
"Benjie Val Lumawag","Successfully Login","Login","2025-03-06 19:01:20"
"","Added new customer [pantorilla]","Customer","2025-03-07 06:59:47"
"Benjie Val Lumawag","Successfully Login","Login","2025-03-07 07:16:09"
"Benjie Val Lumawag","Updated product [4600-Atlas]","Product","2025-03-06 23:39:00"
"Benjie Val Lumawag","Updated product [16200-Atlas]","Product","2025-03-06 23:39:12"
"Benjie Val Lumawag","Updated product [141414-Atlas]","Product","2025-03-06 23:39:26"
"Benjie Val Lumawag","Successfully Login","Login","2025-03-07 07:52:16"
"","Added new customer [hordan ]","Customer","2025-03-07 09:40:35"
"Benjie Val Lumawag","Successfully Login","Login","2025-03-07 09:40:48"
"Benjie Val Lumawag","Added new product [D-8131s ( Free)]","Product","2025-03-07 01:42:39"
"Benjie Val Lumawag","Successfully Login","Login","2025-03-07 09:59:06"
"","Added new customer [wagas]","Customer","2025-03-07 10:36:53"
"","Added new customer [eulogio ann]","Customer","2025-03-07 10:39:50"
"Benjie Val Lumawag","Updated product [4600-Atlas]","Product","2025-03-07 03:30:04"
"","Error to add new customer payment [CP-250307115417]","Customer Payment","2025-03-07 03:54:17"
"","Finished customer payment [CP-250307115417]","Customer Payment","2025-03-07 03:54:17"
"","Error to add new customer payment [CP-250307115517]","Customer Payment","2025-03-07 03:55:17"
"","Finished customer payment [CP-250307115517]","Customer Payment","2025-03-07 03:55:17"
"Benjie Val Lumawag","Successfully Login","Login","2025-03-07 13:00:16"
"Benjie Val Lumawag","Successfully Login","Login","2025-03-07 13:45:26"
"Benjie Val Lumawag","Successfully Login","Login","2025-03-07 14:06:46"
"","Added new customer [Adar]","Customer","2025-03-07 14:23:04"
"","Added new customer [jay]","Customer","2025-03-07 14:35:48"
"Benjie Val Lumawag","Updated product [4600-Amigo]","Product","2025-03-07 07:43:50"
"Benjie Val Lumawag","Successfully Login","Login","2025-03-07 17:07:40"
"Ryan Ferrer","Successfully Login","Login","2025-03-07 17:14:52"
"Ryan Ferrer","Successfully Login","Login","2025-03-07 17:24:09"
"Benjie Val Lumawag","Successfully Login","Login","2025-03-07 17:34:15"
"Benjie Val Lumawag","Successfully Login","Login","2025-03-07 17:36:58"
"Benjie Val Lumawag","Updated product [D-8131s]","Product","2025-03-07 09:37:17"
"Benjie Val Lumawag","Successfully Login","Login","2025-03-07 17:58:54"
"Benjie Val Lumawag","Successfully Login","Login","2025-03-07 18:31:07"
"Benjie Val Lumawag","Successfully Login","Login","2025-03-08 05:53:22"
"Benjie Val Lumawag","Successfully Login","Login","2025-03-08 05:59:23"
"Benjie Val Lumawag","Successfully Login","Login","2025-03-08 06:24:30"
"Benjie Val Lumawag","Successfully Login","Login","2025-03-08 07:04:28"
"Benjie Val Lumawag","Successfully Login","Login","2025-03-08 07:55:52"
"","Added new customer [aurellio barrido]","Customer","2025-03-08 08:59:00"
"","Added new customer [gomonit]","Customer","2025-03-08 09:20:54"
"","Added new customer [Romano]","Customer","2025-03-08 09:59:56"
"","Attempt to add existing customer [1]","Customer","2025-03-08 10:54:09"
"","Attempt to add existing customer [1]","Customer","2025-03-08 10:54:11"
"","Added new customer [quieta]","Customer","2025-03-08 10:54:37"
"","Added new customer [benasing]","Customer","2025-03-08 11:06:25"
"Ryan Ferrer","Successfully Login","Login","2025-03-08 11:24:24"
"","Added new customer [Lagasi]","Customer","2025-03-08 11:36:16"
"Annabel Coronado","Successfully Login","Login","2025-03-08 12:00:41"
"Benjie Val Lumawag","Successfully Login","Login","2025-03-08 12:09:15"
"Benjie Val Lumawag","Successfully Login","Login","2025-03-08 12:11:58"
"","Added new customer [Tome]","Customer","2025-03-08 13:20:17"
"","Error to add new customer payment [CP-250308133931]","Customer Payment","2025-03-08 05:39:31"
"","Finished customer payment [CP-250308133931]","Customer Payment","2025-03-08 05:39:31"
"Benjie Val Lumawag","Successfully Login","Login","2025-03-08 13:47:50"
"Benjie Val Lumawag","Successfully Login","Login","2025-03-08 13:48:22"
"","Added new customer [moreno]","Customer","2025-03-08 14:16:44"
"","Error to add new customer payment [CP-250308144037]","Customer Payment","2025-03-08 06:40:37"
"","Error to add new customer payment [CP-250308144108]","Customer Payment","2025-03-08 06:41:08"
"Benjie Val Lumawag","Successfully Login","Login","2025-03-08 14:56:02"
"Benjie Val Lumawag","Successfully Login","Login","2025-03-08 15:27:42"
"Ryan Ferrer","Successfully Login","Login","2025-03-08 15:37:42"
"Ryan Ferrer","Successfully Login","Login","2025-03-08 15:44:07"
"Benjie Val Lumawag","Successfully Login","Login","2025-03-08 16:51:55"
"","Error to add new customer payment [CP-250308170645]","Customer Payment","2025-03-08 09:06:45"
"Veryen Bajan","Successfully Login","Login","2025-03-08 17:24:04"
"Benjie Val Lumawag","Successfully Login","Login","2025-03-08 17:38:17"
"Benjie Val Lumawag","Successfully Login","Login","2025-03-08 18:16:03"
"Benjie Val Lumawag","Successfully Login","Login","2025-03-08 18:33:27"
"Benjie Val Lumawag","Successfully Login","Login","2025-03-09 06:33:00"
"Ryan Ferrer","Successfully Login","Login","2025-03-09 06:36:53"
"Benjie Val Lumawag","Successfully Login","Login","2025-03-09 07:21:50"
"Benjie Val Lumawag","Successfully Login","Login","2025-03-09 08:24:36"
"Ryan Ferrer","Successfully Login","Login","2025-03-09 10:00:25"
"Benjie Val Lumawag","Successfully Login","Login","2025-03-09 10:13:52"
"Benjie Val Lumawag","Updated product [NK 6505-Bag]","Product","2025-03-09 02:14:27"
"Benjie Val Lumawag","Updated product [NK 6505-Bag]","Product","2025-03-09 02:15:21"
"Benjie Val Lumawag","Successfully Login","Login","2025-03-09 10:29:28"
"Ryan Ferrer","Successfully Login","Login","2025-03-09 11:38:08"
"Ryan Ferrer","Successfully Login","Login","2025-03-09 12:04:06"
"Ryan Ferrer","Successfully Login","Login","2025-03-09 12:11:21"
"Benjie Val Lumawag","Successfully Login","Login","2025-03-09 12:19:04"
"","Added new customer [maam grace]","Customer","2025-03-09 14:42:20"
"","Added new customer [dimasangca]","Customer","2025-03-09 15:10:25"
"Benjie Val Lumawag","Successfully Login","Login","2025-03-09 15:34:37"
"Ryan Ferrer","Successfully Login","Login","2025-03-09 15:37:19"
"","Error to add new customer payment [CP-250309154439]","Customer Payment","2025-03-09 07:44:39"
"","Finished customer payment [CP-250309154439]","Customer Payment","2025-03-09 07:44:40"
"","Added new customer [Natan]","Customer","2025-03-09 15:52:21"
"Benjie Val Lumawag","Successfully Login","Login","2025-03-09 15:54:10"
"","Added new customer [Digabi]","Customer","2025-03-09 16:16:40"
"Benjie Val Lumawag","Successfully Login","Login","2025-03-09 16:18:15"
"Ryan Ferrer","Successfully Login","Login","2025-03-09 16:27:31"
"Benjie Val Lumawag","Successfully Login","Login","2025-03-09 16:47:43"
"","Added new customer [Bartillo]","Customer","2025-03-09 17:04:04"
"","Added new customer [salongan]","Customer","2025-03-09 17:27:47"
"","Error to add new customer payment [CP-250309173901]","Customer Payment","2025-03-09 09:39:01"
"","Finished customer payment [CP-250309173901]","Customer Payment","2025-03-09 09:39:01"
"Benjie Val Lumawag","Successfully Login","Login","2025-03-09 17:46:56"
"","Error to add new customer payment [CP-250309180317]","Customer Payment","2025-03-09 10:03:17"
"","Finished customer payment [CP-250309180317]","Customer Payment","2025-03-09 10:03:18"
"Ryan Ferrer","Successfully Login","Login","2025-03-09 18:13:36"
"Benjie Val Lumawag","Successfully Login","Login","2025-03-09 18:18:33"
"Benjie Val Lumawag","Successfully Login","Login","2025-03-10 05:48:06"
"Ryan Ferrer","Successfully Login","Login","2025-03-10 06:34:27"
"","Added new customer [ruyana]","Customer","2025-03-10 06:36:01"
"","Added new customer [sumanday]","Customer","2025-03-10 06:49:04"
"Veryen Bajan","Successfully Login","Login","2025-03-10 07:03:17"
"Benjie Val Lumawag","Successfully Login","Login","2025-03-10 07:33:14"
"","Added new customer [pinero]","Customer","2025-03-10 08:14:55"
"Benjie Val Lumawag","Added new price notice [PN-20250310094916]","Price Notice","2025-03-10 01:49:25"
"Benjie Val Lumawag","Added new detail of price notice [PN-20250310094916] : [4600-Atlas 1650.00 ->  1690]","Price Notice","2025-03-10 09:49:34"
"Benjie Val Lumawag","Finished price notice [PN-20250310094916]","Price Notice","2025-03-10 09:50:01"
"","Implemented price notice [PN-20250310094916]","Price Notice","2025-03-10 09:55:07"
"Benjie Val Lumawag","Updated product [4600-Atlas]","Product","2025-03-10 02:27:08"
"","Added new customer [Maliga]","Customer","2025-03-10 10:37:26"
"Benjie Val Lumawag","Successfully Login","Login","2025-03-10 11:23:21"
"Benjie Val Lumawag","Successfully Login","Login","2025-03-10 12:40:30"
"Benjie Val Lumawag","Successfully Login","Login","2025-03-10 12:42:41"
"Benjie Val Lumawag","Successfully Login","Login","2025-03-10 12:57:44"
"Benjie Val Lumawag","Updated product [Round up - Gallon]","Product","2025-03-10 05:02:19"
"Benjie Val Lumawag","Updated product [Clear out-4 lit]","Product","2025-03-10 05:02:34"
"Benjie Val Lumawag","Updated product [Alecta-Gallon]","Product","2025-03-10 05:02:47"
"","Added new customer [Sula]","Customer","2025-03-10 14:09:38"
"","Added new customer [zeian]","Customer","2025-03-10 14:42:13"
"","Added new customer [Alvin Domines]","Customer","2025-03-10 15:21:01"
"","Error to add new customer payment [CP-250310153751]","Customer Payment","2025-03-10 07:37:51"
"","Finished customer payment [CP-250310153751]","Customer Payment","2025-03-10 07:37:51"
"Benjie Val Lumawag","Successfully Login","Login","2025-03-10 15:41:11"
"","Error to add new customer payment [CP-250310155345]","Customer Payment","2025-03-10 07:53:45"
"","Finished customer payment [CP-250310155345]","Customer Payment","2025-03-10 07:53:45"
"Benjie Val Lumawag","Successfully Login","Login","2025-03-10 16:27:33"
"","Error to add new customer payment [CP-250310164703]","Customer Payment","2025-03-10 08:47:03"
"","Added new customer [Mylyn Herrada]","Customer","2025-03-10 16:56:13"
"Veryen Bajan","Successfully Login","Login","2025-03-10 16:58:55"
"Jay Ann Quitor","Successfully Login","Login","2025-03-10 17:16:20"
"Benjie Val Lumawag","Successfully Login","Login","2025-03-10 17:24:38"
"","Error to add new customer payment [CP-250310174246]","Customer Payment","2025-03-10 09:42:46"
"","Finished customer payment [CP-250310174246]","Customer Payment","2025-03-10 09:42:46"
"Benjie Val Lumawag","Successfully Login","Login","2025-03-10 17:44:51"
"Benjie Val Lumawag","Successfully Login","Login","2025-03-10 18:07:52"
"Benjie Val Lumawag","Successfully Login","Login","2025-03-10 18:17:29"
"","Added new customer [jessica abiado]","Customer","2025-03-11 05:59:20"
"Benjie Val Lumawag","Successfully Login","Login","2025-03-11 06:26:54"
"Ryan Ferrer","Successfully Login","Login","2025-03-11 06:31:51"
"Benjie Val Lumawag","Successfully Login","Login","2025-03-11 07:37:52"
"Benjie Val Lumawag","Successfully Login","Login","2025-03-11 09:21:43"
"Benjie Val Lumawag","Updated product [141414-Atlas]","Product","2025-03-11 01:22:19"
"Benjie Val Lumawag","Updated product [4600-Atlas]","Product","2025-03-11 01:22:43"
"Ryan Ferrer","Successfully Login","Login","2025-03-11 11:36:49"
"","Added new customer [aligado]","Customer","2025-03-11 12:13:12"
"Benjie Val Lumawag","Successfully Login","Login","2025-03-11 13:57:44"
"Ryan Ferrer","Successfully Login","Login","2025-03-11 14:37:05"
"Benjie Val Lumawag","Successfully Login","Login","2025-03-11 14:39:23"
"","Error to add new customer payment [CP-250311144936]","Customer Payment","2025-03-11 06:49:36"
"","Finished customer payment [CP-250311144936]","Customer Payment","2025-03-11 06:49:37"
"","Error to add new customer payment [CP-250311145100]","Customer Payment","2025-03-11 06:51:00"
"","Finished customer payment [CP-250311145100]","Customer Payment","2025-03-11 06:51:00"
"","Error to add new customer payment [CP-250311145126]","Customer Payment","2025-03-11 06:51:26"
"","Finished customer payment [CP-250311145126]","Customer Payment","2025-03-11 06:51:27"
"","Error to add new customer payment [CP-250311145135]","Customer Payment","2025-03-11 06:51:35"
"","Finished customer payment [CP-250311145135]","Customer Payment","2025-03-11 06:51:35"
"","Error to add new customer payment [CP-250311145204]","Customer Payment","2025-03-11 06:52:04"
"","Finished customer payment [CP-250311145204]","Customer Payment","2025-03-11 06:52:05"
"","Error to add new customer payment [CP-250311175600]","Customer Payment","2025-03-11 09:56:00"
"","Finished customer payment [CP-250311175600]","Customer Payment","2025-03-11 09:56:01"
"Benjie Val Lumawag","Successfully Login","Login","2025-03-11 18:13:25"
"Benjie Val Lumawag","Successfully Login","Login","2025-03-11 20:50:50"
"Benjie Val Lumawag","Successfully Login","Login","2025-03-11 22:11:53"
"Benjie Val Lumawag","Successfully Login","Login","2025-03-11 22:24:22"
"Benjie Val Lumawag","Successfully Login","Login","2025-03-12 06:50:51"
"Benjie Val Lumawag","Successfully Login","Login","2025-03-12 07:11:02"
"","Added new customer [bisnar]","Customer","2025-03-12 07:47:02"
"Benjie Val Lumawag","Successfully Login","Login","2025-03-12 07:50:05"
"Benjie Val Lumawag","Updated product [4600-Atlas]","Product","2025-03-12 00:11:21"
"Benjie Val Lumawag","Updated product [141414-Atlas]","Product","2025-03-12 00:52:07"
"Benjie Val Lumawag","Successfully Login","Login","2025-03-12 13:01:32"
"","Added new customer [Samillano,Maribel]","Customer","2025-03-12 13:38:44"
"Veryen Bajan","Successfully Login","Login","2025-03-12 13:40:21"
"Benjie Val Lumawag","Updated product [D-8131s]","Product","2025-03-12 06:11:42"
"Benjie Val Lumawag","Successfully Login","Login","2025-03-12 15:27:49"
"","Added new customer [sumolostro]","Customer","2025-03-12 15:55:50"
"Veryen Bajan","Successfully Login","Login","2025-03-12 16:02:52"
"Benjie Val Lumawag","Successfully Login","Login","2025-03-12 17:58:53"
"","Error to add new customer payment [CP-250312180329]","Customer Payment","2025-03-12 10:03:29"
"","Finished customer payment [CP-250312180329]","Customer Payment","2025-03-12 10:03:30"
"Benjie Val Lumawag","Successfully Login","Login","2025-03-12 19:59:17"
"Benjie Val Lumawag","Successfully Login","Login","2025-03-13 06:44:04"
"Veryen Bajan","Successfully Login","Login","2025-03-13 08:34:10"
"","Error to add new customer payment [CP-250313104143]","Customer Payment","2025-03-13 02:41:43"
"","Finished customer payment [CP-250313104143]","Customer Payment","2025-03-13 02:41:43"
"Benjie Val Lumawag","Successfully Login","Login","2025-03-13 11:00:32"
"","Added new customer [evanjelyn  dalios]","Customer","2025-03-13 13:04:57"
"Benjie Val Lumawag","Successfully Login","Login","2025-03-13 13:35:04"
"","Error to add new customer payment [CP-250313135017]","Customer Payment","2025-03-13 05:50:17"
"","Finished customer payment [CP-250313135017]","Customer Payment","2025-03-13 05:50:17"
"","Error to add new customer payment [CP-250313135040]","Customer Payment","2025-03-13 05:50:40"
"","Finished customer payment [CP-250313135040]","Customer Payment","2025-03-13 05:50:41"
"","Added new customer [maribel samillano]","Customer","2025-03-13 16:26:14"
"Ryan Ferrer","Successfully Login","Login","2025-03-13 17:26:15"
"Benjie Val Lumawag","Added new product [Poly Bag]","Product","2025-03-13 09:49:07"
"Benjie Val Lumawag","Successfully Login","Login","2025-03-13 20:31:12"
"Benjie Val Lumawag","Successfully Login","Login","2025-03-14 06:54:19"
"","Error to add new customer payment [CP-250314103210]","Customer Payment","2025-03-14 02:32:10"
"","Finished customer payment [CP-250314103210]","Customer Payment","2025-03-14 02:32:11"
"Benjie Val Lumawag","Successfully Login","Login","2025-03-14 10:59:15"
"","Added new customer [canedo robert]","Customer","2025-03-14 11:15:44"
"Benjie Val Lumawag","Successfully Login","Login","2025-03-14 12:13:55"
"Benjie Val Lumawag","Successfully Login","Login","2025-03-14 12:46:11"
"","Added new customer [demonteverde]","Customer","2025-03-14 14:02:32"
"Benjie Val Lumawag","Successfully Login","Login","2025-03-14 14:15:57"
"","Error to add new customer payment [CP-250314141743]","Customer Payment","2025-03-14 06:17:43"
"","Finished customer payment [CP-250314141743]","Customer Payment","2025-03-14 06:17:44"
"Benjie Val Lumawag","Successfully Login","Login","2025-03-14 15:39:04"
"Benjie Val Lumawag","Successfully Login","Login","2025-03-14 16:54:42"
"Benjie Val Lumawag","Successfully Login","Login","2025-03-14 17:55:56"
"Benjie Val Lumawag","Successfully Login","Login","2025-03-14 19:47:32"
"Annabel Coronado","Successfully Login","Login","2025-03-15 06:32:45"
"Benjie Val Lumawag","Successfully Login","Login","2025-03-15 06:35:47"
"Benjie Val Lumawag","Successfully Login","Login","2025-03-15 09:15:32"
"","Added new customer [cabel]","Customer","2025-03-15 10:01:02"
"Benjie Val Lumawag","Successfully Login","Login","2025-03-15 11:44:28"
"Benjie Val Lumawag","Successfully Login","Login","2025-03-15 11:51:18"
"","Added new customer [pascugin]","Customer","2025-03-15 12:11:28"
"Benjie Val Lumawag","Successfully Login","Login","2025-03-15 13:36:04"
"","Added new customer [gador]","Customer","2025-03-15 15:56:40"
"","Attempt to add existing customer [gador]","Customer","2025-03-15 15:56:40"
"","Attempt to add existing customer [gador]","Customer","2025-03-15 15:56:40"
"","Attempt to add existing customer [gador]","Customer","2025-03-15 15:56:40"
"","Attempt to add existing customer [gador]","Customer","2025-03-15 15:56:40"
"","Attempt to add existing customer [gador]","Customer","2025-03-15 15:56:40"
"","Attempt to add existing customer [gador]","Customer","2025-03-15 15:56:40"
"Benjie Val Lumawag","Successfully Login","Login","2025-03-15 17:12:21"
"Ryan Ferrer","Successfully Login","Login","2025-03-15 18:11:22"
"Benjie Val Lumawag","Successfully Login","Login","2025-03-15 20:08:03"
"Benjie Val Lumawag","Successfully Login","Login","2025-03-16 06:39:41"
"","Added new customer [Jeboy Hernandez]","Customer","2025-03-16 07:19:28"
"Benjie Val Lumawag","Successfully Login","Login","2025-03-16 08:33:36"
"Benjie Val Lumawag","Added new product [Potato Fries 21g-Cheese-WS]","Product","2025-03-16 00:40:59"
"Benjie Val Lumawag","Added new product [Potato Fries-21g-Cheese-Retail]","Product","2025-03-16 00:42:03"
"Benjie Val Lumawag","Updated product [Potato Fries 21g-Cheese-WS]","Product","2025-03-16 00:51:49"
"Benjie Val Lumawag","Added new product [Potato Fries 21g-Ketchup-WS]","Product","2025-03-16 00:52:28"
"Benjie Val Lumawag","Updated product [Potato Fries 21g-Ketchup-WS]","Product","2025-03-16 00:52:59"
"Benjie Val Lumawag","Added new product [Potato Fries-21g-Ketchup-Retail]","Product","2025-03-16 00:53:28"
"Benjie Val Lumawag","Added new product [C2 Litro Peach-Retail]","Product","2025-03-16 00:55:43"
"Benjie Val Lumawag","Updated product [C2 Litro Peach-Retail]","Product","2025-03-16 00:55:55"
"Benjie Val Lumawag","Added new product [C2-Small-Peach]","Product","2025-03-16 00:58:38"
"Benjie Val Lumawag","Updated product [Fudgee Barr Assorted-10 pcs]","Product","2025-03-16 01:00:34"
"Benjie Val Lumawag","Updated product [energen champion twin pack retail] => [Energen champion twin pack retail]","Product","2025-03-16 01:02:02"
"Benjie Val Lumawag","Updated product [bear band choco swak ws] => [Bear brand choco swak ws]","Product","2025-03-16 01:02:58"
"Benjie Val Lumawag","Updated product [Cal Cheese Wafer-48g]","Product","2025-03-16 01:04:40"
"","Added new customer [dahay]","Customer","2025-03-16 09:05:40"
"Benjie Val Lumawag","Updated product [Datu Puti soy sause 200ml]","Product","2025-03-16 01:07:52"
"Benjie Val Lumawag","Added new product [Datu Puti Soy Sauce-100ml]","Product","2025-03-16 01:08:51"
"Benjie Val Lumawag","Added new product [Wow Ulam-Menudo-155g]","Product","2025-03-16 01:16:56"
"Benjie Val Lumawag","Added new product [Wow Ulam- Lechon Paksiw-155g]","Product","2025-03-16 01:18:40"
"Benjie Val Lumawag","Added new product [Payless Pancit Canton Xtra Hot-Big]","Product","2025-03-16 01:30:35"
"","Attempt to add existing customer [1]","Customer","2025-03-16 09:32:34"
"","Added new customer [macarimbang]","Customer","2025-03-16 09:32:57"
"","Error to add new customer payment [CP-250316094921]","Customer Payment","2025-03-16 01:49:21"
"","Finished customer payment [CP-250316094921]","Customer Payment","2025-03-16 01:49:21"
"Benjie Val Lumawag","Added new product [Smart Dshwshing Paste-Lemon 200g]","Product","2025-03-16 02:48:44"
"Benjie Val Lumawag","Added new product [Sisters Napkin Silky 1x12]","Product","2025-03-16 03:03:10"
"Benjie Val Lumawag","Added new product [Sisters Napkin Promo1x2x12]","Product","2025-03-16 03:04:22"
"Benjie Val Lumawag","Added new product [Mentos Soda Kick Pack]","Product","2025-03-16 03:31:10"
"Benjie Val Lumawag","Added new product [EQ Pants-Large 1x10]","Product","2025-03-16 03:33:16"
"Benjie Val Lumawag","Added new product [Nissing Wafer Choco-Retail]","Product","2025-03-16 03:43:45"
"Benjie Val Lumawag","Updated product [Nissing Wafer Choco-Retail] => [Nissin Wafer Choco-Retail]","Product","2025-03-16 03:45:09"
"Benjie Val Lumawag","Added new product [Great Taste-Granules 1.8x36]","Product","2025-03-16 03:49:46"
"Benjie Val Lumawag","Added new product [Great Taste Granules-Retail]","Product","2025-03-16 03:52:10"
"Benjie Val Lumawag","Added new product [Maxx  Honey Mansi Pack]","Product","2025-03-16 03:54:15"
"Benjie Val Lumawag","Updated product [magic junior cheese ]","Product","2025-03-16 03:55:32"
"Benjie Val Lumawag","Added new product [Magic Junior Condensada 1x10]","Product","2025-03-16 03:58:23"
"Benjie Val Lumawag","Added new product [Magic Junior Choco 1x10]","Product","2025-03-16 03:58:57"
"Benjie Val Lumawag","Added new product [MY San Grahams 1x10]","Product","2025-03-16 04:00:31"
"Benjie Val Lumawag","Updated product [presto 10ps WS] => [Presto Creams  Choco 1x10]","Product","2025-03-16 04:09:10"
"Benjie Val Lumawag","Updated product [presto pcs-retail] => [Presto Creams Choco pcs-retail]","Product","2025-03-16 04:09:26"
"Benjie Val Lumawag","Updated product [Nescafe Classic 46g]","Product","2025-03-16 04:10:57"
"Benjie Val Lumawag","Added new product [Great Taste Premius Stick-Pack]","Product","2025-03-16 04:38:50"
"Benjie Val Lumawag","Added new product [Great Taste Premium-Stick]","Product","2025-03-16 04:39:35"
"Benjie Val Lumawag","Added new product [My San Grahams 210g]","Product","2025-03-16 04:47:57"
"Benjie Val Lumawag","Added new product [Dynamite melon Mint Candy Pack]","Product","2025-03-16 04:49:03"
"Benjie Val Lumawag","Added new product [Cloud 9 Classic 1x12]","Product","2025-03-16 04:49:53"
"Benjie Val Lumawag","Added new product [Cloud 9 Retail]","Product","2025-03-16 04:56:13"
"Benjie Val Lumawag","Added new product [Cal Cheese Choco 48g]","Product","2025-03-16 05:00:36"
"Benjie Val Lumawag","Added new product [Jjampong Lucky Me Cup Noodles]","Product","2025-03-16 05:07:26"
"Benjie Val Lumawag","Added new product [EQ Pants Medium 1x40]","Product","2025-03-16 05:10:05"
"Benjie Val Lumawag","Added new product [Great Taste premium  Classic25g]","Product","2025-03-16 05:11:36"
"Benjie Val Lumawag","Added new product [Daisy Condensada 390g]","Product","2025-03-16 05:12:39"
"Benjie Val Lumawag","Added new product [Liberty Condensada 374g]","Product","2025-03-16 05:14:04"
"Benjie Val Lumawag","Added new product [EQ Pants Medium 1x10]","Product","2025-03-16 05:21:53"
"Benjie Val Lumawag","Added new product [Eggnog Cookies 32g]","Product","2025-03-16 05:24:59"
"","Added new customer [Jelo]","Customer","2025-03-16 13:35:41"
"Benjie Val Lumawag","Added new product [Colgate Charcoal twin 20g]","Product","2025-03-16 05:38:18"
"Benjie Val Lumawag","Updated product [Colgate Charcoal twin 20g]","Product","2025-03-16 05:38:35"
"Benjie Val Lumawag","Updated product [Lucky Me Pancit Canton-Kalamansi] => [Lucky Me Pancit Canton-Kalamansi Ret]","Product","2025-03-16 05:40:12"
"Benjie Val Lumawag","Added new product [Nescafe Classic 23g]","Product","2025-03-16 05:47:48"
"","Added new customer [baladja]","Customer","2025-03-16 14:08:26"
"","Added new customer [barrientos]","Customer","2025-03-16 14:30:07"
"Benjie Val Lumawag","Successfully Login","Login","2025-03-16 14:35:07"
"Benjie Val Lumawag","Added new product [Odong-Pansit]","Product","2025-03-16 07:07:18"
"Benjie Val Lumawag","Updated product [Agmectin 2g]","Product","2025-03-16 08:15:43"
"Benjie Val Lumawag","Updated product [Odong-Pansit]","Product","2025-03-16 09:07:10"
"","Error to add new customer payment [CP-250316174610]","Customer Payment","2025-03-16 09:46:10"
"","Finished customer payment [CP-250316174610]","Customer Payment","2025-03-16 09:46:10"
"","Error to add new customer payment [CP-250316174621]","Customer Payment","2025-03-16 09:46:21"
"","Finished customer payment [CP-250316174621]","Customer Payment","2025-03-16 09:46:22"
"Benjie Val Lumawag","Successfully Login","Login","2025-03-17 06:14:59"
"Ryan Ferrer","Successfully Login","Login","2025-03-17 06:54:18"
"Benjie Val Lumawag","Successfully Login","Login","2025-03-17 07:10:25"
"","Added new customer [balasoto]","Customer","2025-03-17 07:41:59"
"Benjie Val Lumawag","Successfully Login","Login","2025-03-17 10:49:21"
"Benjie","Successfully Login","Login","2025-03-17 11:06:34"
"Benjie Val Lumawag","Successfully Login","Login","2025-03-17 11:07:21"
"","Error to add new customer payment [CP-250317115122]","Customer Payment","2025-03-17 03:51:22"
"","Finished customer payment [CP-250317115122]","Customer Payment","2025-03-17 03:51:23"
"","Error to add new customer payment [CP-250317115141]","Customer Payment","2025-03-17 03:51:41"
"","Finished customer payment [CP-250317115141]","Customer Payment","2025-03-17 03:51:42"
"","Error to add new customer payment [CP-250317115551]","Customer Payment","2025-03-17 03:55:51"
"","Finished customer payment [CP-250317115551]","Customer Payment","2025-03-17 03:55:51"
"Benjie Val Lumawag","Successfully Login","Login","2025-03-17 13:15:45"
"","Added new customer [bulanyo]","Customer","2025-03-17 13:39:10"
"","Added new customer [Quitor]","Customer","2025-03-17 15:30:41"
"Benjie Val Lumawag","Added new price notice [PN-20250317153356]","Price Notice","2025-03-17 07:34:12"
"Benjie Val Lumawag","Added new detail of price notice [PN-20250317153356] : [4600-Atlas 1700.00 ->  1690]","Price Notice","2025-03-17 15:34:25"
"Benjie Val Lumawag","Added new detail of price notice [PN-20250317153356] : [4600-Harvester 1600.00 ->  1670]","Price Notice","2025-03-17 15:35:22"
"Benjie Val Lumawag","Finished price notice [PN-20250317153356]","Price Notice","2025-03-17 15:35:25"
"","Error to add new customer payment [CP-250317163137]","Customer Payment","2025-03-17 08:31:37"
"","Finished customer payment [CP-250317163137]","Customer Payment","2025-03-17 08:31:38"
"Benjie Val Lumawag","Successfully Login","Login","2025-03-17 16:32:06"
"Benjie Val Lumawag","Successfully Login","Login","2025-03-17 17:05:20"
"Benjie Val Lumawag","Successfully Login","Login","2025-03-17 17:12:08"
"Benjie Val Lumawag","Successfully Login","Login","2025-03-17 21:31:27"
"","Implemented price notice [PN-20250317153356]","Price Notice","2025-03-18 05:53:36"
"Benjie Val Lumawag","Successfully Login","Login","2025-03-18 06:29:08"
"","Error to add new customer payment [CP-250318093231]","Customer Payment","2025-03-18 01:32:31"
"","Finished customer payment [CP-250318093231]","Customer Payment","2025-03-18 01:32:32"
"Benjie Val Lumawag","Successfully Login","Login","2025-03-18 10:29:19"
"","Added new customer [Aleodan ]","Customer","2025-03-18 12:24:18"
"Benjie Val Lumawag","Successfully Login","Login","2025-03-18 13:34:43"
"Benjie Val Lumawag","Added new product [Oishi Fish Crackers 24g]","Product","2025-03-18 06:22:26"
"Benjie Val Lumawag","Successfully Login","Login","2025-03-18 15:55:48"
"Benjie Val Lumawag","Successfully Login","Login","2025-03-18 16:12:03"
"Benjie Val Lumawag","Successfully Login","Login","2025-03-18 16:57:53"
"Benjie Val Lumawag","Successfully Login","Login","2025-03-19 05:57:59"
"Benjie Val Lumawag","Successfully Login","Login","2025-03-19 06:30:52"
"","Added new customer [Lapasigi]","Customer","2025-03-19 07:29:07"
"","Error to add new customer payment [CP-250319073923]","Customer Payment","2025-03-18 23:39:23"
"","Finished customer payment [CP-250319073923]","Customer Payment","2025-03-18 23:39:23"
"","Added new customer [ryan bacolod]","Customer","2025-03-19 07:52:03"
"","Added new customer [lamad]","Customer","2025-03-19 10:00:37"
"Benjie Val Lumawag","Successfully Login","Login","2025-03-19 11:32:06"
"","Added new customer [Jemboy basbano]","Customer","2025-03-19 12:55:55"
"","Added new customer [neybe]","Customer","2025-03-19 14:36:34"
"Benjie Val Lumawag","Successfully Login","Login","2025-03-19 15:00:02"
"","Added new customer [capyo]","Customer","2025-03-19 15:13:13"
"Benjie Val Lumawag","Successfully Login","Login","2025-03-19 17:13:27"
"","Error to add new customer payment [CP-250319180441]","Customer Payment","2025-03-19 10:04:41"
"","Finished customer payment [CP-250319180441]","Customer Payment","2025-03-19 10:04:41"
"Benjie Val Lumawag","Successfully Login","Login","2025-03-19 18:10:55"
"Benjie Val Lumawag","Successfully Login","Login","2025-03-19 20:05:13"
"Benjie Val Lumawag","Successfully Login","Login","2025-03-20 07:16:17"
"Benjie Val Lumawag","Added new product [Mighty Cigarette pcs]","Product","2025-03-19 23:19:27"
"","Added new customer [vasolte]","Customer","2025-03-20 08:30:26"
"Benjie Val Lumawag","Updated product [VitMinPro]","Product","2025-03-20 01:00:15"
"Benjie Val Lumawag","Updated product [Multi V-Bot]","Product","2025-03-20 01:00:53"
"Benjie Val Lumawag","Updated product [Hammer]","Product","2025-03-20 01:03:49"
"Benjie Val Lumawag","Updated product [VitMinPro]","Product","2025-03-20 01:04:05"
"Benjie Val Lumawag","Updated product [Panamox Tablet]","Product","2025-03-20 01:15:49"
"","Error to add new customer payment [CP-250320095804]","Customer Payment","2025-03-20 01:58:04"
"","Finished customer payment [CP-250320095804]","Customer Payment","2025-03-20 01:58:05"
"","Added new customer [pilonio]","Customer","2025-03-20 10:36:52"
"","Added new customer [quibete]","Customer","2025-03-20 16:50:40"
"Benjie Val Lumawag","Successfully Login","Login","2025-03-20 20:16:17"
"Benjie Val Lumawag","Successfully Login","Login","2025-03-21 07:08:57"
"","Added new customer [tagchem/Barinio]","Customer","2025-03-21 08:01:22"
"Benjie Val Lumawag","Successfully Login","Login","2025-03-21 09:35:09"
"Annabel Coronado","Successfully Login","Login","2025-03-21 09:53:50"
"Benjie Val Lumawag","Successfully Login","Login","2025-03-21 10:13:29"
"Benjie Val Lumawag","Added new product [Sarapina]","Product","2025-03-21 02:16:43"
"Benjie Val Lumawag","Added new supplier [Better Seeds]","Supplier","2025-03-21 03:55:51"
"Ryan Ferrer","Successfully Login","Login","2025-03-21 13:26:52"
"Benjie Val Lumawag","Successfully Login","Login","2025-03-21 13:57:07"
"","Added new customer [berdin]","Customer","2025-03-21 14:08:55"
"Benjie Val Lumawag","Successfully Login","Login","2025-03-21 14:42:19"
"","Error to add new customer payment [CP-250321164215]","Customer Payment","2025-03-21 08:42:15"
"","Finished customer payment [CP-250321164215]","Customer Payment","2025-03-21 08:42:16"
"","Added new customer [baldebar]","Customer","2025-03-21 17:03:29"
"Benjie Val Lumawag","Successfully Login","Login","2025-03-21 20:14:48"
"Benjie Val Lumawag","Successfully Login","Login","2025-03-22 06:24:41"
"Annabel Coronado","Successfully Login","Login","2025-03-22 06:47:21"
"Benjie Val Lumawag","Successfully Login","Login","2025-03-22 06:53:13"
"","Added new customer [balabagno]","Customer","2025-03-22 07:10:04"
"","Added new customer [Arnel, Siodena]","Customer","2025-03-22 07:30:46"
"","Error to add new customer payment [CP-250322092503]","Customer Payment","2025-03-22 01:25:03"
"","Finished customer payment [CP-250322092503]","Customer Payment","2025-03-22 01:25:04"
"Benjie Val Lumawag","Successfully Login","Login","2025-03-22 09:31:12"
"Benjie Val Lumawag","Successfully Login","Login","2025-03-22 10:25:00"
"Benjie Val Lumawag","Successfully Login","Login","2025-03-22 10:52:02"
"Benjie Val Lumawag","Updated product [Frontier- liter]","Product","2025-03-22 03:40:30"
"Benjie Val Lumawag","Successfully Login","Login","2025-03-22 13:20:07"
"Benjie Val Lumawag","Successfully Login","Login","2025-03-22 16:51:23"
"","Error to add new customer payment [CP-250322173647]","Customer Payment","2025-03-22 09:36:47"
"","Finished customer payment [CP-250322173647]","Customer Payment","2025-03-22 09:36:47"
"Benjie Val Lumawag","Successfully Login","Login","2025-03-22 18:18:28"
"Benjie Val Lumawag","Successfully Login","Login","2025-03-22 19:43:13"
"Benjie Val Lumawag","Successfully Login","Login","2025-03-23 06:19:32"
"Ryan Ferrer","Successfully Login","Login","2025-03-23 07:25:12"
"","Added new customer [simbahan]","Customer","2025-03-23 10:29:44"
"Benjie Val Lumawag","Successfully Login","Login","2025-03-23 10:47:23"
"","Added new customer [oliveras]","Customer","2025-03-23 12:25:26"
"","Added new customer [abuan R]","Customer","2025-03-23 12:28:17"
"","Error to add new customer payment [CP-250323132231]","Customer Payment","2025-03-23 05:22:31"
"","Finished customer payment [CP-250323132231]","Customer Payment","2025-03-23 05:22:31"
"Benjie Val Lumawag","Successfully Login","Login","2025-03-23 13:44:05"
"","Error to add new customer payment [CP-250323140215]","Customer Payment","2025-03-23 06:02:15"
"","Finished customer payment [CP-250323140215]","Customer Payment","2025-03-23 06:02:15"
"","Added new customer [gadora]","Customer","2025-03-23 14:58:08"
"","Added new customer [mampag]","Customer","2025-03-23 15:21:45"
"Benjie Val Lumawag","Successfully Login","Login","2025-03-23 15:56:16"
"","Added new customer [joanni delarita]","Customer","2025-03-23 16:38:27"
"","Added new customer [simblante]","Customer","2025-03-23 16:40:19"
"","Error to add new customer payment [CP-250323171648]","Customer Payment","2025-03-23 09:16:48"
"","Finished customer payment [CP-250323171648]","Customer Payment","2025-03-23 09:16:49"
"Benjie Val Lumawag","Successfully Login","Login","2025-03-23 20:25:20"
"Benjie Val Lumawag","Successfully Login","Login","2025-03-23 22:39:21"
"Benjie Val Lumawag","Successfully Login","Login","2025-03-24 06:19:14"
"Benjie Val Lumawag","Successfully Login","Login","2025-03-24 07:03:01"
"Benjie Val Lumawag","Successfully Login","Login","2025-03-24 09:40:09"
"","Added new customer [caballo gha2x]","Customer","2025-03-24 10:43:37"
"Benjie Val Lumawag","Successfully Login","Login","2025-03-24 11:05:52"
"","Added new customer [diaz]","Customer","2025-03-24 11:59:42"
"Ryan Ferrer","Successfully Login","Login","2025-03-24 15:54:20"
"Annabel Coronado","Successfully Login","Login","2025-03-24 15:59:52"
"Benjie Val Lumawag","Successfully Login","Login","2025-03-24 19:53:31"
"Benjie Val Lumawag","Successfully Login","Login","2025-03-25 06:22:51"
"Veryen Bajan","Successfully Login","Login","2025-03-25 06:54:55"
"","Added new customer [baron]","Customer","2025-03-25 07:16:06"
"","Added new customer [iroroos/humayan]","Customer","2025-03-25 08:46:18"
"Benjie Val Lumawag","Added new product [Lollipop Candy Assorted-Box]","Product","2025-03-25 03:21:09"
"Benjie Val Lumawag","Added new product [Lollipop Candy Assorted Pcs]","Product","2025-03-25 03:21:48"
"Benjie Val Lumawag","Added new product [Camel Max 100-Pack]","Product","2025-03-25 05:01:56"
"Benjie Val Lumawag","Added new product [Camel Max 100-Retail]","Product","2025-03-25 05:02:38"
"Benjie Val Lumawag","Updated product [Camel Max 100-Pack]","Product","2025-03-25 05:06:14"
"Benjie Val Lumawag","Successfully Login","Login","2025-03-25 14:30:41"
"Veryen Bajan","Successfully Login","Login","2025-03-25 15:24:42"
"Benjie Val Lumawag","Successfully Login","Login","2025-03-25 15:27:42"
"Annabel Coronado","Successfully Login","Login","2025-03-25 15:35:19"
"Benjie Val Lumawag","Successfully Login","Login","2025-03-25 15:40:20"
"Benjie Val Lumawag","Successfully Login","Login","2025-03-25 16:13:41"
"Benjie Val Lumawag","Successfully Login","Login","2025-03-25 16:37:04"
"Benjie Val Lumawag","Updated product [NK 6505-Bag]","Product","2025-03-25 09:23:08"
"Benjie Val Lumawag","Successfully Login","Login","2025-03-25 17:57:02"
"Benjie Val Lumawag","Successfully Login","Login","2025-03-25 18:25:51"
"Benjie Val Lumawag","Successfully Login","Login","2025-03-25 20:55:03"
"Benjie Val Lumawag","Successfully Login","Login","2025-03-26 06:16:49"
"Benjie Val Lumawag","Updated product [2100-Atlas]","Product","2025-03-25 22:17:26"
"Benjie Val Lumawag","Updated product [16200-Atlas]","Product","2025-03-25 22:17:42"
"Benjie Val Lumawag","Updated product [0060-Atlas]","Product","2025-03-25 22:18:00"
"Benjie Val Lumawag","Updated product [0060-Amigo]","Product","2025-03-25 22:18:19"
"Benjie Val Lumawag","Successfully Login","Login","2025-03-26 06:20:40"
"Benjie Val Lumawag","Updated product [Special Rice-25kg (Yellow)]","Product","2025-03-25 22:43:54"
"Benjie Val Lumawag","Successfully Login","Login","2025-03-26 07:11:46"
"Benjie Val Lumawag","Updated product [4600-Harvester]","Product","2025-03-25 23:51:35"
"","Added new customer [gilaran]","Customer","2025-03-26 08:13:01"
"","Added new customer [amatorio]","Customer","2025-03-26 08:52:47"
"Benjie Val Lumawag","Added new product [MoonChips]","Product","2025-03-26 02:08:02"
"","Added new customer [duterte]","Customer","2025-03-26 12:55:35"
"","Added new customer [yosores]","Customer","2025-03-26 15:00:11"
"","Error to add new customer payment [CP-250326150515]","Customer Payment","2025-03-26 07:05:15"
"","Finished customer payment [CP-250326150515]","Customer Payment","2025-03-26 07:05:15"
"","Error to add new customer payment [CP-250326150545]","Customer Payment","2025-03-26 07:05:45"
"","Finished customer payment [CP-250326150545]","Customer Payment","2025-03-26 07:05:45"
"","Error to add new customer payment [CP-250326150604]","Customer Payment","2025-03-26 07:06:04"
"","Finished customer payment [CP-250326150604]","Customer Payment","2025-03-26 07:06:05"
"","Added new customer [ulos]","Customer","2025-03-26 15:08:02"
"Benjie Val Lumawag","Successfully Login","Login","2025-03-26 17:01:29"
"Benjie Val Lumawag","Successfully Login","Login","2025-03-26 17:27:54"
"Benjie Val Lumawag","Successfully Login","Login","2025-03-27 04:20:47"
"Benjie Val Lumawag","Successfully Login","Login","2025-03-27 06:43:37"
"","Added new customer [apelando jember]","Customer","2025-03-27 07:08:14"
"Annabel Coronado","Successfully Login","Login","2025-03-27 07:25:03"
"","Added new customer [Cordova]","Customer","2025-03-27 07:44:45"
"Benjie Val Lumawag","Successfully Login","Login","2025-03-27 08:54:22"
"Benjie Val Lumawag","Successfully Login","Login","2025-03-27 09:59:18"
"Benjie Val Lumawag","Successfully Login","Login","2025-03-27 10:25:51"
"Benjie Val Lumawag","Added new product [Tasty Palamig Litro Cucumber 25 g]","Product","2025-03-27 03:31:24"
"Benjie Val Lumawag","Added new product [Tasty Palamig Litro Orange 25g]","Product","2025-03-27 03:32:03"
"Benjie Val Lumawag","Added new product [Tasty Palamig Litro Pineapple 25g]","Product","2025-03-27 03:32:39"
"Benjie Val Lumawag","Successfully Login","Login","2025-03-27 11:52:48"
"Benjie Val Lumawag","Successfully Login","Login","2025-03-27 14:32:42"
"Benjie Val Lumawag","Successfully Login","Login","2025-03-27 14:36:10"
"Benjie Val Lumawag","Successfully Login","Login","2025-03-27 14:46:57"
"","Added new customer [katugan]","Customer","2025-03-27 15:35:55"
"Benjie Val Lumawag","Updated product [Integra 3+ - 50kg] => [Integra 3 PLUS- 50kg]","Product","2025-03-27 07:52:54"
"Benjie Val Lumawag","Updated product [Integra 3+ - 1kg] => [Integra 3 PLUS- 1kg]","Product","2025-03-27 07:53:13"
"Benjie Val Lumawag","Updated product [GalMax 3- sack] => [GalMax 3- 50KG]","Product","2025-03-27 07:53:46"
"Benjie Val Lumawag","Successfully Login","Login","2025-03-27 16:16:27"
"","Added new customer [Ping Bachicha]","Customer","2025-03-27 16:21:28"
"Benjie Val Lumawag","Added new product [Hi Top Gal-Cases]","Product","2025-03-27 08:22:43"
"Benjie Val Lumawag","Added new product [Hi top Gal ]","Product","2025-03-27 08:23:11"
"Benjie Val Lumawag","Updated product [Hi Top Gal-Cases]","Product","2025-03-27 08:23:29"
"","Added new customer [pendredo]","Customer","2025-03-27 17:57:43"
"Benjie Val Lumawag","Successfully Login","Login","2025-03-27 20:53:37"
"","Added new customer [Ql neneng Fabrigar]","Customer","2025-03-28 06:27:52"
"Benjie Val Lumawag","Successfully Login","Login","2025-03-28 06:33:36"
"Ryan Ferrer","Successfully Login","Login","2025-03-28 07:09:58"
"Benjie Val Lumawag","Successfully Login","Login","2025-03-28 07:11:22"
"Benjie Val Lumawag","Added new product [Egg-Jumb0 Tray]","Product","2025-03-28 00:46:47"
"Benjie Val Lumawag","Added new product [Egg-Jumb0 Pcs]","Product","2025-03-28 00:47:10"
"","Added new customer [cabana]","Customer","2025-03-28 09:16:36"
"Benjie Val Lumawag","Successfully Login","Login","2025-03-28 10:50:17"
"Benjie Val Lumawag","Successfully Login","Login","2025-03-28 12:36:17"
"","Error to add new customer payment [CP-250328145906]","Customer Payment","2025-03-28 06:59:06"
"","Finished customer payment [CP-250328145906]","Customer Payment","2025-03-28 06:59:06"
"","Error to add new customer payment [CP-250328175557]","Customer Payment","2025-03-28 09:55:57"
"","Finished customer payment [CP-250328175557]","Customer Payment","2025-03-28 09:55:57"
"Benjie Val Lumawag","Successfully Login","Login","2025-03-28 20:55:25"
"Benjie Val Lumawag","Successfully Login","Login","2025-03-29 06:10:01"
"Benjie Val Lumawag","Successfully Login","Login","2025-03-29 06:32:41"
"Benjie Val Lumawag","Updated product [Grace-Sack]","Product","2025-03-28 22:33:05"
"Benjie Val Lumawag","Updated product [Special Rice-25kg (Yellow)]","Product","2025-03-28 22:53:49"
"Benjie Val Lumawag","Updated product [Idol 25kg]","Product","2025-03-28 22:54:40"
"","Added new customer [baliga]","Customer","2025-03-29 09:01:37"
"","Error to add new customer payment [CP-250329092814]","Customer Payment","2025-03-29 01:28:14"
"","Finished customer payment [CP-250329092814]","Customer Payment","2025-03-29 01:28:14"
"","Added new customer [odal]","Customer","2025-03-29 10:57:19"
"Annabel Coronado","Successfully Login","Login","2025-03-29 12:19:15"
"Benjie Val Lumawag","Successfully Login","Login","2025-03-29 12:21:34"
"Benjie Val Lumawag","Updated product [Frontier- liter]","Product","2025-03-29 04:22:12"
"Benjie Val Lumawag","Updated product [Suprema - kalabasa Can]","Product","2025-03-29 04:24:48"
"Benjie Val Lumawag","Successfully Login","Login","2025-03-29 12:44:16"
"Benjie Val Lumawag","Added new product [Sweet 16 Can-Water Melon]","Product","2025-03-29 05:00:50"
"Benjie Val Lumawag","Added new product [Eastwest Seeds-Pack]","Product","2025-03-29 05:01:42"
"Benjie Val Lumawag","Added new price notice [PN-20250329131813]","Price Notice","2025-03-29 05:18:31"
"Benjie Val Lumawag","Added new detail of price notice [PN-20250329131813] : [16200-Atlas 1340.00 ->  1350]","Price Notice","2025-03-29 13:20:19"
"Benjie Val Lumawag","Added new detail of price notice [PN-20250329131813] : [2100-Harvester 700.00 ->  720]","Price Notice","2025-03-29 13:20:28"
"Benjie Val Lumawag","Finished price notice [PN-20250329131813]","Price Notice","2025-03-29 13:20:34"
"","Attempt to add existing customer [Orendo]","Customer","2025-03-29 13:54:09"
"Benjie Val Lumawag","Successfully Login","Login","2025-03-29 14:27:39"
"Benjie Val Lumawag","Successfully Login","Login","2025-03-29 14:35:06"
"","Error to add new customer payment [CP-250329163003]","Customer Payment","2025-03-29 08:30:03"
"Benjie Val Lumawag","Successfully Login","Login","2025-03-29 17:07:20"
"","Added new customer [QL-Nerio]","Customer","2025-03-29 17:12:01"
"Benjie Val Lumawag","Successfully Login","Login","2025-03-29 18:01:24"
"Benjie Val Lumawag","Successfully Login","Login","2025-03-29 20:33:29"
"Benjie Val Lumawag","Successfully Login","Login","2025-03-30 05:54:46"
"Benjie Val Lumawag","Implemented price notice [PN-20250329131813]","Price Notice","2025-03-30 05:54:47"
"","Added new customer [Necor]","Customer","2025-03-30 06:20:44"
"Benjie Val Lumawag","Successfully Login","Login","2025-03-30 06:21:39"
"Ryan Ferrer","Successfully Login","Login","2025-03-30 06:30:09"
"Benjie Val Lumawag","Updated product [16200-Atlas]","Product","2025-03-29 22:31:32"
"Benjie Val Lumawag","Updated product [16200-Atlas]","Product","2025-03-29 22:31:42"
"Benjie Val Lumawag","Successfully Login","Login","2025-03-30 06:32:58"
"Benjie Val Lumawag","Successfully Login","Login","2025-03-30 06:52:34"
"Benjie Val Lumawag","Successfully Login","Login","2025-03-30 06:55:34"
"Benjie Val Lumawag","Successfully Login","Login","2025-03-30 08:22:02"
"Ryan Ferrer","Successfully Login","Login","2025-03-30 08:24:48"
"","Added new customer [agosolos]","Customer","2025-03-30 09:41:38"
"Ryan Ferrer","Successfully Login","Login","2025-03-30 11:21:17"
"Benjie Val Lumawag","Successfully Login","Login","2025-03-30 11:47:06"
"","Error to add new customer payment [CP-250330115238]","Customer Payment","2025-03-30 03:52:38"
"","Finished customer payment [CP-250330115238]","Customer Payment","2025-03-30 03:52:38"
"Benjie Val Lumawag","Added new product [Egg-Xl Tray]","Product","2025-03-30 03:57:39"
"Benjie Val Lumawag","Added new product [Egg-Xl pcs]","Product","2025-03-30 03:58:49"
"Benjie Val Lumawag","Successfully Login","Login","2025-03-30 12:02:32"
"Benjie Val Lumawag","Successfully Login","Login","2025-03-30 12:11:46"
"warehouse","Successfully Login","Login","2025-03-30 12:16:24"
"Benjie Val Lumawag","Successfully Login","Login","2025-03-30 12:17:00"
"warehouse","Successfully Login","Login","2025-03-30 12:18:15"
"Ryan Ferrer","Successfully Login","Login","2025-03-30 12:45:58"
"","Added new customer [gina]","Customer","2025-03-30 12:47:38"
"Ryan Ferrer","Successfully Login","Login","2025-03-30 12:48:00"
"Ryan Ferrer","Successfully Login","Login","2025-03-30 12:51:49"
"Ryan Ferrer","Successfully Login","Login","2025-03-30 12:54:35"
"Benjie Val Lumawag","Successfully Login","Login","2025-03-30 12:55:12"
"warehouse","Successfully Login","Login","2025-03-30 13:13:36"
"","Added new customer [Sucob]","Customer","2025-03-30 13:17:39"
"Benjie Val Lumawag","Successfully Login","Login","2025-03-30 13:20:13"
"Ryan Ferrer","Successfully Login","Login","2025-03-30 13:53:29"
"","Error to add new customer payment [CP-250330145334]","Customer Payment","2025-03-30 06:53:34"
"","Finished customer payment [CP-250330145334]","Customer Payment","2025-03-30 06:53:34"
"","Error to add new customer payment [CP-250330145352]","Customer Payment","2025-03-30 06:53:52"
"","Finished customer payment [CP-250330145352]","Customer Payment","2025-03-30 06:53:52"
"Ryan Ferrer","Successfully Login","Login","2025-03-30 14:54:06"
"","Error to add new customer payment [CP-250330145609]","Customer Payment","2025-03-30 06:56:09"
"","Finished customer payment [CP-250330145609]","Customer Payment","2025-03-30 06:56:10"
"Ryan Ferrer","Error to add new customer payment [CP-250330145518]","Customer Payment","2025-03-30 06:56:15"
"","Error to add new customer payment [CP-250330145804]","Customer Payment","2025-03-30 06:58:04"
"","Finished customer payment [CP-250330145804]","Customer Payment","2025-03-30 06:58:04"
"Ryan Ferrer","Finished customer payment [CP-250330145518]","Customer Payment","2025-03-30 14:59:10"
"","Error to add new customer payment [CP-250330145919]","Customer Payment","2025-03-30 06:59:19"
"","Finished customer payment [CP-250330145919]","Customer Payment","2025-03-30 06:59:20"
"","Error to add new customer payment [CP-250330150241]","Customer Payment","2025-03-30 07:02:41"
"","Finished customer payment [CP-250330150241]","Customer Payment","2025-03-30 07:02:41"
"","Error to add new customer payment [CP-250330150356]","Customer Payment","2025-03-30 07:03:56"
"","Finished customer payment [CP-250330150356]","Customer Payment","2025-03-30 07:03:57"
"Ryan Ferrer","Error to add new customer payment [CP-250330150404]","Customer Payment","2025-03-30 07:04:33"
"","Error to add new customer payment [CP-250330150530]","Customer Payment","2025-03-30 07:05:30"
"","Finished customer payment [CP-250330150530]","Customer Payment","2025-03-30 07:05:30"
"","Error to add new customer payment [CP-250330150549]","Customer Payment","2025-03-30 07:05:49"
"","Finished customer payment [CP-250330150549]","Customer Payment","2025-03-30 07:05:49"
"","Error to add new customer payment [CP-250330150611]","Customer Payment","2025-03-30 07:06:11"
"","Finished customer payment [CP-250330150611]","Customer Payment","2025-03-30 07:06:11"
"Ryan Ferrer","Finished customer payment [CP-250330150404]","Customer Payment","2025-03-30 15:08:03"
"","Error to add new customer payment [CP-250330150833]","Customer Payment","2025-03-30 07:08:33"
"","Finished customer payment [CP-250330150833]","Customer Payment","2025-03-30 07:08:33"
"","Error to add new customer payment [CP-250330150850]","Customer Payment","2025-03-30 07:08:50"
"","Finished customer payment [CP-250330150850]","Customer Payment","2025-03-30 07:08:50"
"Ryan Ferrer","Error to add new customer payment [CP-250330150817]","Customer Payment","2025-03-30 07:08:57"
"","Error to add new customer payment [CP-250330150905]","Customer Payment","2025-03-30 07:09:05"
"","Finished customer payment [CP-250330150905]","Customer Payment","2025-03-30 07:09:05"
"","Error to add new customer payment [CP-250330150931]","Customer Payment","2025-03-30 07:09:31"
"","Finished customer payment [CP-250330150931]","Customer Payment","2025-03-30 07:09:31"
"","Error to add new customer payment [CP-250330151038]","Customer Payment","2025-03-30 07:10:38"
"","Finished customer payment [CP-250330151038]","Customer Payment","2025-03-30 07:10:38"
"Ryan Ferrer","Finished customer payment [CP-250330150817]","Customer Payment","2025-03-30 15:11:04"
"Ryan Ferrer","Error to add new customer payment [CP-250330151114]","Customer Payment","2025-03-30 07:12:08"
"","Error to add new customer payment [CP-250330151233]","Customer Payment","2025-03-30 07:12:33"
"","Finished customer payment [CP-250330151233]","Customer Payment","2025-03-30 07:12:34"
"","Error to add new customer payment [CP-250330151243]","Customer Payment","2025-03-30 07:12:43"
"","Finished customer payment [CP-250330151243]","Customer Payment","2025-03-30 07:12:44"
"Ryan Ferrer","Finished customer payment [CP-250330151114]","Customer Payment","2025-03-30 15:13:42"
"","Error to add new customer payment [CP-250330151422]","Customer Payment","2025-03-30 07:14:22"
"","Finished customer payment [CP-250330151422]","Customer Payment","2025-03-30 07:14:22"
"Ryan Ferrer","Error to add new customer payment [CP-250330151417]","Customer Payment","2025-03-30 07:14:30"
"","Error to add new customer payment [CP-250330151432]","Customer Payment","2025-03-30 07:14:32"
"","Finished customer payment [CP-250330151432]","Customer Payment","2025-03-30 07:14:32"
"","Error to add new customer payment [CP-250330151443]","Customer Payment","2025-03-30 07:14:43"
"","Finished customer payment [CP-250330151443]","Customer Payment","2025-03-30 07:14:44"
"","Error to add new customer payment [CP-250330151456]","Customer Payment","2025-03-30 07:14:56"
"","Finished customer payment [CP-250330151456]","Customer Payment","2025-03-30 07:14:56"
"","Error to add new customer payment [CP-250330151507]","Customer Payment","2025-03-30 07:15:07"
"","Finished customer payment [CP-250330151507]","Customer Payment","2025-03-30 07:15:07"
"","Error to add new customer payment [CP-250330152301]","Customer Payment","2025-03-30 07:23:01"
"","Finished customer payment [CP-250330152301]","Customer Payment","2025-03-30 07:23:01"
"","Error to add new customer payment [CP-250330152317]","Customer Payment","2025-03-30 07:23:17"
"","Finished customer payment [CP-250330152317]","Customer Payment","2025-03-30 07:23:18"
"","Error to add new customer payment [CP-250330152335]","Customer Payment","2025-03-30 07:23:35"
"","Finished customer payment [CP-250330152335]","Customer Payment","2025-03-30 07:23:36"
"","Error to add new customer payment [CP-250330152342]","Customer Payment","2025-03-30 07:23:42"
"","Finished customer payment [CP-250330152342]","Customer Payment","2025-03-30 07:23:43"
"","Error to add new customer payment [CP-250330152354]","Customer Payment","2025-03-30 07:23:54"
"","Finished customer payment [CP-250330152354]","Customer Payment","2025-03-30 07:23:54"
"","Error to add new customer payment [CP-250330152403]","Customer Payment","2025-03-30 07:24:03"
"","Finished customer payment [CP-250330152403]","Customer Payment","2025-03-30 07:24:03"
"","Error to add new customer payment [CP-250330152409]","Customer Payment","2025-03-30 07:24:09"
"","Finished customer payment [CP-250330152409]","Customer Payment","2025-03-30 07:24:09"
"","Error to add new customer payment [CP-250330152418]","Customer Payment","2025-03-30 07:24:18"
"","Finished customer payment [CP-250330152418]","Customer Payment","2025-03-30 07:24:18"
"","Error to add new customer payment [CP-250330152431]","Customer Payment","2025-03-30 07:24:31"
"","Finished customer payment [CP-250330152431]","Customer Payment","2025-03-30 07:24:32"
"","Error to add new customer payment [CP-250330152612]","Customer Payment","2025-03-30 07:26:12"
"","Finished customer payment [CP-250330152612]","Customer Payment","2025-03-30 07:26:12"
"","Error to add new customer payment [CP-250330152814]","Customer Payment","2025-03-30 07:28:14"
"","Finished customer payment [CP-250330152814]","Customer Payment","2025-03-30 07:28:15"
"","Error to add new customer payment [CP-250330152826]","Customer Payment","2025-03-30 07:28:26"
"","Finished customer payment [CP-250330152826]","Customer Payment","2025-03-30 07:28:27"
"","Error to add new customer payment [CP-250330152837]","Customer Payment","2025-03-30 07:28:37"
"","Finished customer payment [CP-250330152837]","Customer Payment","2025-03-30 07:28:37"
"","Error to add new customer payment [CP-250330152847]","Customer Payment","2025-03-30 07:28:47"
"","Finished customer payment [CP-250330152847]","Customer Payment","2025-03-30 07:28:48"
"","Error to add new customer payment [CP-250330153041]","Customer Payment","2025-03-30 07:30:41"
"","Finished customer payment [CP-250330153041]","Customer Payment","2025-03-30 07:30:42"
"Benjie Val Lumawag","Updated product [Grace-Sack]","Product","2025-03-30 07:30:45"
"Ryan Ferrer","Finished customer payment [CP-250330151417]","Customer Payment","2025-03-30 15:30:48"
"","Error to add new customer payment [CP-250330153059]","Customer Payment","2025-03-30 07:30:59"
"","Finished customer payment [CP-250330153059]","Customer Payment","2025-03-30 07:30:59"
"","Error to add new customer payment [CP-250330153241]","Customer Payment","2025-03-30 07:32:41"
"","Finished customer payment [CP-250330153241]","Customer Payment","2025-03-30 07:32:41"
"","Error to add new customer payment [CP-250330153248]","Customer Payment","2025-03-30 07:32:48"
"","Finished customer payment [CP-250330153248]","Customer Payment","2025-03-30 07:32:49"
"","Error to add new customer payment [CP-250330153443]","Customer Payment","2025-03-30 07:34:43"
"","Finished customer payment [CP-250330153443]","Customer Payment","2025-03-30 07:34:43"
"Benjie Val Lumawag","Added new product [Amazing Grace-Sack]","Product","2025-03-30 07:34:47"
"","Error to add new customer payment [CP-250330153449]","Customer Payment","2025-03-30 07:34:49"
"","Finished customer payment [CP-250330153449]","Customer Payment","2025-03-30 07:34:49"
"","Error to add new customer payment [CP-250330153520]","Customer Payment","2025-03-30 07:35:20"
"","Finished customer payment [CP-250330153520]","Customer Payment","2025-03-30 07:35:21"
"","Error to add new customer payment [CP-250330153539]","Customer Payment","2025-03-30 07:35:39"
"","Finished customer payment [CP-250330153539]","Customer Payment","2025-03-30 07:35:39"
"Ryan Ferrer","Error to add new customer payment [CP-250330153609]","Customer Payment","2025-03-30 07:36:39"
"","Error to add new customer payment [CP-250330153656]","Customer Payment","2025-03-30 07:36:56"
"","Finished customer payment [CP-250330153656]","Customer Payment","2025-03-30 07:36:56"
"","Attempt to add existing customer payment [CP-250330153656]","Customer Payment","2025-03-30 07:36:56"
"Ryan Ferrer","Finished customer payment [CP-250330153609]","Customer Payment","2025-03-30 15:41:30"
"Ryan Ferrer","Error to add new customer payment [CP-250330154214]","Customer Payment","2025-03-30 07:42:31"
"","Error to add new customer payment [CP-250330154442]","Customer Payment","2025-03-30 07:44:42"
"","Finished customer payment [CP-250330154442]","Customer Payment","2025-03-30 07:44:43"
"","Error to add new customer payment [CP-250330154520]","Customer Payment","2025-03-30 07:45:20"
"","Finished customer payment [CP-250330154520]","Customer Payment","2025-03-30 07:45:21"
"","Error to add new customer payment [CP-250330154551]","Customer Payment","2025-03-30 07:45:51"
"","Finished customer payment [CP-250330154551]","Customer Payment","2025-03-30 07:45:51"
"","Error to add new customer payment [CP-250330154656]","Customer Payment","2025-03-30 07:46:56"
"","Finished customer payment [CP-250330154656]","Customer Payment","2025-03-30 07:46:57"
"","Added new customer [Albao]","Customer","2025-03-30 15:47:32"
"","Error to add new customer payment [CP-250330155034]","Customer Payment","2025-03-30 07:50:34"
"","Finished customer payment [CP-250330155034]","Customer Payment","2025-03-30 07:50:34"
"","Error to add new customer payment [CP-250330155109]","Customer Payment","2025-03-30 07:51:09"
"","Finished customer payment [CP-250330155109]","Customer Payment","2025-03-30 07:51:09"
"","Error to add new customer payment [CP-250330155118]","Customer Payment","2025-03-30 07:51:18"
"","Finished customer payment [CP-250330155118]","Customer Payment","2025-03-30 07:51:19"
"","Error to add new customer payment [CP-250330155152]","Customer Payment","2025-03-30 07:51:52"
"","Finished customer payment [CP-250330155152]","Customer Payment","2025-03-30 07:51:52"
"","Error to add new customer payment [CP-250330155159]","Customer Payment","2025-03-30 07:51:59"
"","Finished customer payment [CP-250330155159]","Customer Payment","2025-03-30 07:51:59"
"Ryan Ferrer","Finished customer payment [CP-250330154214]","Customer Payment","2025-03-30 15:53:10"
"Ryan Ferrer","Error to add new customer payment [CP-250330155314]","Customer Payment","2025-03-30 07:54:33"
"","Error to add new customer payment [CP-250330155510]","Customer Payment","2025-03-30 07:55:10"
"","Finished customer payment [CP-250330155510]","Customer Payment","2025-03-30 07:55:11"
"","Error to add new customer payment [CP-250330155647]","Customer Payment","2025-03-30 07:56:47"
"","Finished customer payment [CP-250330155647]","Customer Payment","2025-03-30 07:56:47"
"","Error to add new customer payment [CP-250330155721]","Customer Payment","2025-03-30 07:57:21"
"","Finished customer payment [CP-250330155721]","Customer Payment","2025-03-30 07:57:21"
"Ryan Ferrer","Finished customer payment [CP-250330155314]","Customer Payment","2025-03-30 16:03:35"
"Ryan Ferrer","Error to add new customer payment [CP-250330160352]","Customer Payment","2025-03-30 08:06:38"
"Ryan Ferrer","Finished customer payment [CP-250330160352]","Customer Payment","2025-03-30 16:13:09"
"Ryan Ferrer","Error to add new customer payment [CP-250330161333]","Customer Payment","2025-03-30 08:13:47"
"Ryan Ferrer","Finished customer payment [CP-250330161333]","Customer Payment","2025-03-30 16:16:22"
"Ryan Ferrer","Error to add new customer payment [CP-250330161643]","Customer Payment","2025-03-30 08:16:59"
"Ryan Ferrer","Finished customer payment [CP-250330161643]","Customer Payment","2025-03-30 16:18:13"
"Ryan Ferrer","Error to add new customer payment [CP-250330161834]","Customer Payment","2025-03-30 08:18:48"
"Ryan Ferrer","Finished customer payment [CP-250330161834]","Customer Payment","2025-03-30 16:25:02"
"Ryan Ferrer","Error to add new customer payment [CP-250330163940]","Customer Payment","2025-03-30 08:40:19"
"Ryan Ferrer","Finished customer payment [CP-250330163940]","Customer Payment","2025-03-30 16:41:45"
"Ryan Ferrer","Successfully Login","Login","2025-03-30 16:46:14"
"","Error to add new customer payment [CP-250330170329]","Customer Payment","2025-03-30 09:03:29"
"","Finished customer payment [CP-250330170329]","Customer Payment","2025-03-30 09:03:29"
"","Error to add new customer payment [CP-250330174808]","Customer Payment","2025-03-30 09:48:08"
"","Finished customer payment [CP-250330174808]","Customer Payment","2025-03-30 09:48:08"
"Benjie Val Lumawag","Successfully Login","Login","2025-03-30 17:56:16"
"Benjie Val Lumawag","Successfully Login","Login","2025-03-30 19:42:22"
"Ryan Ferrer","Successfully Login","Login","2025-03-31 06:32:16"
"Ryan Ferrer","Error to add new customer payment [CP-250331065330]","Customer Payment","2025-03-30 22:53:53"
"Ryan Ferrer","Error to add new customer payment [CP-250331065444]","Customer Payment","2025-03-30 22:55:01"
"Ryan Ferrer","Finished customer payment [CP-250331065444]","Customer Payment","2025-03-31 07:00:08"
"Ryan Ferrer","Error to add new customer payment [CP-250331070059]","Customer Payment","2025-03-30 23:01:19"
"Ryan Ferrer","Finished customer payment [CP-250331070059]","Customer Payment","2025-03-31 07:02:22"
"Ryan Ferrer","Error to add new customer payment [CP-250331070305]","Customer Payment","2025-03-30 23:03:31"
"Ryan Ferrer","Finished customer payment [CP-250331070305]","Customer Payment","2025-03-31 07:04:47"
"Ryan Ferrer","Error to add new customer payment [CP-250331070450]","Customer Payment","2025-03-30 23:05:13"
"","Added new customer [bagnes]","Customer","2025-03-31 07:27:13"
"","Added new customer [jojo,lagra]","Customer","2025-03-31 07:53:17"
"","Error to add new customer payment [CP-250331075424]","Customer Payment","2025-03-30 23:54:24"
"Benjie Val Lumawag","Successfully Login","Login","2025-03-31 08:17:29"
"Benjie Val Lumawag","Successfully Login","Login","2025-03-31 10:11:45"
"","Added new customer [cumaojas]","Customer","2025-03-31 13:47:52"
"Benjie Val Lumawag","Successfully Login","Login","2025-03-31 14:11:05"
"Benjie Val Lumawag","Updated product [16200-Atlas]","Product","2025-03-31 06:11:26"
"Benjie Val Lumawag","Updated product [16200-Atlas]","Product","2025-03-31 06:11:38"
"Benjie Val Lumawag","Updated product [4600-Atlas]","Product","2025-03-31 06:11:52"
"Ryan Ferrer","Successfully Login","Login","2025-03-31 14:14:06"
"Ryan Ferrer","Successfully Login","Login","2025-03-31 14:19:49"
"Ryan Ferrer","Successfully Login","Login","2025-03-31 14:37:38"
"Ryan Ferrer","Successfully Login","Login","2025-03-31 14:42:50"
"","Added new customer [dimadivas]","Customer","2025-03-31 15:33:23"
"","Added new customer [canapia]","Customer","2025-03-31 15:47:54"
"","Attempt to add existing customer [1]","Customer","2025-03-31 16:13:03"
"","Attempt to add existing customer [1]","Customer","2025-03-31 16:13:05"
"","Attempt to add existing customer [1]","Customer","2025-03-31 16:13:06"
"Ryan Ferrer","Successfully Login","Login","2025-03-31 16:13:12"
"","Added new customer [piket]","Customer","2025-03-31 16:13:12"
"Ryan Ferrer","Successfully Login","Login","2025-03-31 16:15:35"
"Ryan Ferrer","Successfully Login","Login","2025-03-31 16:18:06"
"","Added new customer [barcenas]","Customer","2025-03-31 16:26:03"
"Ryan Ferrer","Successfully Login","Login","2025-03-31 16:36:03"
"","Added new customer [Desomangcop]","Customer","2025-03-31 16:45:53"
"Ryan Ferrer","Successfully Login","Login","2025-03-31 16:46:24"
"Ryan Ferrer","Successfully Login","Login","2025-03-31 16:48:50"
"Benjie Val Lumawag","Successfully Login","Login","2025-03-31 16:55:13"
"Benjie Val Lumawag","Updated product [Grace Ordinary-1kg] => [Amazing Grace-Sack]","Product","2025-03-31 08:56:44"
"Benjie Val Lumawag","Updated product [Amazing Grace-Sack] => [Amazing Grace-kilo]","Product","2025-03-31 08:57:08"
"Ryan Ferrer","Successfully Login","Login","2025-03-31 17:00:02"
"Benjie Val Lumawag","Successfully Login","Login","2025-03-31 17:57:10"
"Benjie Val Lumawag","Successfully Login","Login","2025-03-31 20:11:01"
"Benjie Val Lumawag","Successfully Login","Login","2025-03-31 20:38:12"
"Benjie Val Lumawag","Successfully Login","Login","2025-03-31 22:58:18"
