"mary","Successfully Login","Login","2024-09-01 06:51:27"
"Benjie Val Lumawag","Successfully Login","Login","2024-09-01 07:16:25"
"","Added new customer [ESCOBA]","Customer","2024-09-01 08:48:11"
"mary","Successfully Login","Login","2024-09-01 09:28:14"
"","Added new customer [nguya t.]","Customer","2024-09-01 09:38:47"
"","Added new customer [oreil]","Customer","2024-09-01 10:23:43"
"mary","Successfully Login","Login","2024-09-01 10:44:06"
"","Added new customer [remuel agbon]","Customer","2024-09-01 11:49:58"
"","Added new customer [panes lezel]","Customer","2024-09-01 11:57:26"
"Benjie Val Lumawag","Successfully Login","Login","2024-09-01 12:33:35"
"","Added new customer [avella]","Customer","2024-09-01 12:56:50"
"Benjie Val Lumawag","Successfully Login","Login","2024-09-01 13:03:16"
"Benjie Val Lumawag","Updated product [Glyzone-Gallon]","Product","2024-09-01 05:03:48"
"Benjie Val Lumawag","Updated product [Glyzone Gal- Case]","Product","2024-09-01 05:04:06"
"","Added new customer [Labando]","Customer","2024-09-01 13:43:05"
"mary","Successfully Login","Login","2024-09-01 14:09:45"
"mary","Successfully Login","Login","2024-09-01 14:30:28"
"Benjie Val Lumawag","Successfully Login","Login","2024-09-01 14:41:01"
"Benjie Val Lumawag","Successfully Login","Login","2024-09-01 15:19:14"
"","Added new customer [MALALANG]","Customer","2024-09-01 15:24:54"
"","Added new customer [gabak]","Customer","2024-09-01 15:49:18"
"mary","Successfully Login","Login","2024-09-01 16:02:28"
"mary","Successfully Login","Login","2024-09-01 16:46:11"
"Benjie Val Lumawag","Successfully Login","Login","2024-09-01 18:05:53"
"Benjie Val Lumawag","Updated product [Clear out -liter]","Product","2024-09-01 10:19:49"
"Benjie Val Lumawag","Updated product [alecta-liter]","Product","2024-09-01 10:20:00"
"Benjie Val Lumawag","Updated product [Grader-Liter]","Product","2024-09-01 10:20:19"
"Benjie Val Lumawag","Updated product [Ground Plus- liter]","Product","2024-09-01 10:21:16"
"Benjie Val Lumawag","Successfully Login","Login","2024-09-02 06:48:00"
"Benjie Val Lumawag","Updated product [141414-Atlas]","Product","2024-09-01 22:48:25"
"Benjie Val Lumawag","Updated product [141414-Amigo]","Product","2024-09-01 22:48:34"
"","Added new customer [Daguit]","Customer","2024-09-02 06:50:26"
"Benjie Val Lumawag","Successfully Login","Login","2024-09-02 06:50:41"
"Benjie Val Lumawag","Successfully Login","Login","2024-09-02 07:28:25"
"Benjie Val Lumawag","Successfully Login","Login","2024-09-02 07:40:25"
"Benjie Val Lumawag","Successfully Login","Login","2024-09-02 07:55:37"
"QL Branch","Successfully Login","Login","2024-09-02 10:24:28"
"Merry Joy Barotas","Successfully Login","Login","2024-09-02 11:33:23"
"Benjie Val Lumawag","Successfully Login","Login","2024-09-02 11:34:47"
"Benjie Val Lumawag","Successfully Login","Login","2024-09-02 11:39:25"
"Benjie Val Lumawag","Successfully Login","Login","2024-09-02 11:45:30"
"","Error to add new customer payment [CP-240902120244]","Customer Payment","2024-09-02 04:02:44"
"Benjie Val Lumawag","Successfully Login","Login","2024-09-02 12:09:13"
"Benjie Val Lumawag","Successfully Login","Login","2024-09-02 12:38:17"
"Merry Joy Barotas","Successfully Login","Login","2024-09-02 12:40:19"
"","Error to add new customer payment [CP-240902133255]","Customer Payment","2024-09-02 05:32:55"
"","Finished customer payment [CP-240902133255]","Customer Payment","2024-09-02 05:32:55"
"Benjie Val Lumawag","Successfully Login","Login","2024-09-02 15:35:48"
"","Error to add new customer payment [CP-240902155628]","Customer Payment","2024-09-02 07:56:28"
"","Finished customer payment [CP-240902155628]","Customer Payment","2024-09-02 07:56:28"
"Benjie Val Lumawag","Successfully Login","Login","2024-09-02 16:20:20"
"Merry Joy Barotas","Successfully Login","Login","2024-09-02 16:45:45"
"","Error to add new customer payment [CP-240902170428]","Customer Payment","2024-09-02 09:04:28"
"","Finished customer payment [CP-240902170428]","Customer Payment","2024-09-02 09:04:28"
"QL Branch","Successfully Login","Login","2024-09-02 17:28:09"
"","Added new customer [Lonte]","Customer","2024-09-02 17:31:19"
"Benjie Val Lumawag","Successfully Login","Login","2024-09-02 18:00:00"
"Benjie Val Lumawag","Successfully Login","Login","2024-09-02 18:02:26"
"Benjie Val Lumawag","Successfully Login","Login","2024-09-02 18:48:21"
"Benjie Val Lumawag","Successfully Login","Login","2024-09-03 06:06:48"
"Benjie Val Lumawag","Successfully Login","Login","2024-09-03 08:20:44"
"","Error to add new customer payment [CP-240903082346]","Customer Payment","2024-09-03 00:23:46"
"Joshua Delos Reyes","Successfully Login","Login","2024-09-03 08:37:17"
"Benjie Val Lumawag","Successfully Login","Login","2024-09-03 08:48:43"
"Joshua Delos Reyes","Successfully Login","Login","2024-09-03 08:50:06"
"Merry Joy Barotas","Successfully Login","Login","2024-09-03 08:52:34"
"","Added new customer [Benola]","Customer","2024-09-03 09:16:55"
"Benjie Val Lumawag","Successfully Login","Login","2024-09-03 11:50:22"
"Benjie Val Lumawag","Successfully Login","Login","2024-09-03 12:36:27"
"Benjie Val Lumawag","Updated product [Red Pellets-sack]","Product","2024-09-03 06:02:59"
"","Added new customer [remullo]","Customer","2024-09-03 14:37:42"
"Merry Joy Barotas","Successfully Login","Login","2024-09-03 14:41:11"
"","Error to add new customer payment [CP-240903144218]","Customer Payment","2024-09-03 06:42:18"
"","Finished customer payment [CP-240903144218]","Customer Payment","2024-09-03 06:42:19"
"Benjie Val Lumawag","Successfully Login","Login","2024-09-03 15:21:29"
"Benjie Val Lumawag","Successfully Login","Login","2024-09-03 15:23:05"
"","Error to add new customer payment [CP-240903154016]","Customer Payment","2024-09-03 07:40:16"
"","Finished customer payment [CP-240903154016]","Customer Payment","2024-09-03 07:40:16"
"Merry Joy Barotas","Successfully Login","Login","2024-09-03 15:58:46"
"","Error to add new customer payment [CP-240903162002]","Customer Payment","2024-09-03 08:20:02"
"","Finished customer payment [CP-240903162002]","Customer Payment","2024-09-03 08:20:02"
"Benjie Val Lumawag","Updated product [Salo Salo- 25kg]","Product","2024-09-03 08:22:38"
"Benjie Val Lumawag","Successfully Login","Login","2024-09-03 16:53:09"
"Merry Joy Barotas","Successfully Login","Login","2024-09-03 18:17:45"
"Benjie Val Lumawag","Successfully Login","Login","2024-09-03 18:25:54"
"Benjie Val Lumawag","Successfully Login","Login","2024-09-03 18:39:56"
"Benjie Val Lumawag","Successfully Login","Login","2024-09-04 06:21:07"
"Merry Joy Barotas","Successfully Login","Login","2024-09-04 08:01:11"
"Merry Joy Barotas","Successfully Login","Login","2024-09-04 08:03:25"
"Merry Joy Barotas","Successfully Login","Login","2024-09-04 08:25:25"
"","Added new customer [vila rita]","Customer","2024-09-04 11:43:25"
"","Error to add new customer payment [CP-240904125034]","Customer Payment","2024-09-04 04:50:34"
"","Finished customer payment [CP-240904125034]","Customer Payment","2024-09-04 04:50:35"
"","Error to add new customer payment [CP-240904125047]","Customer Payment","2024-09-04 04:50:47"
"","Finished customer payment [CP-240904125047]","Customer Payment","2024-09-04 04:50:47"
"","Error to add new customer payment [CP-240904125107]","Customer Payment","2024-09-04 04:51:07"
"","Finished customer payment [CP-240904125107]","Customer Payment","2024-09-04 04:51:07"
"","Error to add new customer payment [CP-240904125118]","Customer Payment","2024-09-04 04:51:18"
"","Finished customer payment [CP-240904125118]","Customer Payment","2024-09-04 04:51:18"
"","Error to add new customer payment [CP-240904125127]","Customer Payment","2024-09-04 04:51:27"
"","Finished customer payment [CP-240904125127]","Customer Payment","2024-09-04 04:51:27"
"Merry Joy Barotas","Successfully Login","Login","2024-09-04 12:55:35"
"","Added new customer [Bisana]","Customer","2024-09-04 14:31:43"
"Veryen Bajan","Successfully Login","Login","2024-09-04 15:19:38"
"Benjie Val Lumawag","Successfully Login","Login","2024-09-04 16:00:48"
"Merry Joy Barotas","Successfully Login","Login","2024-09-04 16:33:24"
"Benjie Val Lumawag","Successfully Login","Login","2024-09-04 20:46:39"
"Benjie Val Lumawag","Successfully Login","Login","2024-09-04 20:55:05"
"mary","Successfully Login","Login","2024-09-05 06:56:14"
"mary","Successfully Login","Login","2024-09-05 07:33:21"
"Benjie Val Lumawag","Successfully Login","Login","2024-09-05 08:16:56"
"Merry Joy Barotas","Successfully Login","Login","2024-09-05 08:27:01"
"","Error to add new customer payment [CP-240905084940]","Customer Payment","2024-09-05 00:49:40"
"","Finished customer payment [CP-240905084940]","Customer Payment","2024-09-05 00:49:40"
"QL Branch","Successfully Login","Login","2024-09-05 08:57:31"
"QL Branch","Successfully Login","Login","2024-09-05 09:23:01"
"Joshua Delos Reyes","Successfully Login","Login","2024-09-05 10:00:43"
"Benjie Val Lumawag","Successfully Login","Login","2024-09-05 10:03:04"
"Merry Joy Barotas","Error to add new customer payment [CP-240905100848]","Customer Payment","2024-09-05 02:09:19"
"","Error to add new customer payment [CP-240905120908]","Customer Payment","2024-09-05 04:09:08"
"","Finished customer payment [CP-240905120908]","Customer Payment","2024-09-05 04:09:09"
"","Added new customer [timaraw]","Customer","2024-09-05 13:35:55"
"","Error to add new customer payment [CP-240905134712]","Customer Payment","2024-09-05 05:47:12"
"","Finished customer payment [CP-240905134712]","Customer Payment","2024-09-05 05:47:13"
"","Error to add new customer payment [CP-240905143242]","Customer Payment","2024-09-05 06:32:42"
"","Finished customer payment [CP-240905143242]","Customer Payment","2024-09-05 06:32:42"
"","Added new customer [bofitiado Nelda]","Customer","2024-09-05 15:01:45"
"Merry Joy Barotas","Successfully Login","Login","2024-09-05 15:02:35"
"Benjie Val Lumawag","Successfully Login","Login","2024-09-05 15:06:41"
"","Added new customer [demagibas]","Customer","2024-09-05 15:31:52"
"Benjie Val Lumawag","Successfully Login","Login","2024-09-05 17:04:48"
"Benjie Val Lumawag","Successfully Login","Login","2024-09-05 17:17:12"
"mary","Successfully Login","Login","2024-09-05 17:21:00"
"Benjie Val Lumawag","Successfully Login","Login","2024-09-05 18:39:21"
"Benjie Val Lumawag","Successfully Login","Login","2024-09-06 05:42:49"
"Benjie Val Lumawag","Successfully Login","Login","2024-09-06 06:45:47"
"QL Branch","Successfully Login","Login","2024-09-06 07:00:50"
"Benjie Val Lumawag","Successfully Login","Login","2024-09-06 07:56:11"
"mary","Successfully Login","Login","2024-09-06 08:31:41"
"mary","Successfully Login","Login","2024-09-06 09:09:04"
"Merry Joy Barotas","Successfully Login","Login","2024-09-06 09:20:14"
"QL Branch","Successfully Login","Login","2024-09-06 09:38:49"
"Benjie Val Lumawag","Successfully Login","Login","2024-09-06 10:00:37"
"","Error to add new customer payment [CP-240906105230]","Customer Payment","2024-09-06 02:52:30"
"","Finished customer payment [CP-240906105230]","Customer Payment","2024-09-06 02:52:30"
"","Error to add new customer payment [CP-240906105511]","Customer Payment","2024-09-06 02:55:11"
"","Finished customer payment [CP-240906105511]","Customer Payment","2024-09-06 02:55:11"
"mary","Successfully Login","Login","2024-09-06 11:18:53"
"mary","Successfully Login","Login","2024-09-06 11:22:26"
"Merry Joy Barotas","Successfully Login","Login","2024-09-06 11:25:20"
"mary","Successfully Login","Login","2024-09-06 12:43:19"
"mary","Successfully Login","Login","2024-09-06 12:48:59"
"Benjie Val Lumawag","Successfully Login","Login","2024-09-06 14:01:21"
"Benjie Val Lumawag","Updated product [Tahop-Mais(Yellow) kg]","Product","2024-09-06 06:01:45"
"Benjie Val Lumawag","Updated product [Tahop Mais-White(Sako)]","Product","2024-09-06 06:02:03"
"Benjie Val Lumawag","Updated product [Tahop-Mais-Sack ( Yellow)]","Product","2024-09-06 06:02:17"
"mary","Successfully Login","Login","2024-09-06 14:11:20"
"Benjie Val Lumawag","Updated product [24D-Amine-Gallon- Vast]","Product","2024-09-06 06:13:34"
"mary","Successfully Login","Login","2024-09-06 14:18:14"
"QL Branch","Successfully Login","Login","2024-09-06 14:19:27"
"","Error to add new customer payment [CP-240906153159]","Customer Payment","2024-09-06 07:31:59"
"","Finished customer payment [CP-240906153159]","Customer Payment","2024-09-06 07:31:59"
"Merry Joy Barotas","Successfully Login","Login","2024-09-06 15:35:46"
"mary","Successfully Login","Login","2024-09-06 15:45:27"
"mary","Successfully Login","Login","2024-09-06 15:46:36"
"","Error to add new customer payment [CP-240906174426]","Customer Payment","2024-09-06 09:44:26"
"","Finished customer payment [CP-240906174426]","Customer Payment","2024-09-06 09:44:26"
"","Error to add new customer payment [CP-240906174434]","Customer Payment","2024-09-06 09:44:34"
"","Finished customer payment [CP-240906174434]","Customer Payment","2024-09-06 09:44:35"
"Benjie Val Lumawag","Successfully Login","Login","2024-09-06 20:28:43"
"mary","Successfully Login","Login","2024-09-07 06:14:31"
"Benjie Val Lumawag","Successfully Login","Login","2024-09-07 06:33:52"
"Benjie Val Lumawag","Added new product [Deadshock liter-Case]","Product","2024-09-06 22:38:53"
"Benjie Val Lumawag","Added new product [Golden Rocket-Case]","Product","2024-09-06 22:41:45"
"","Added new customer [QL Yen2x ]","Customer","2024-09-07 06:45:24"
"Merry Joy Barotas","Successfully Login","Login","2024-09-07 06:46:57"
"Benjie Val Lumawag","Added new product [Black Jack 500ml-Case]","Product","2024-09-06 22:47:58"
"Benjie Val Lumawag","Updated product [Gly Flomax Gallon- Cases] => [xxxxGallon- Cases]","Product","2024-09-06 22:51:24"
"mary","Successfully Login","Login","2024-09-07 07:53:49"
"QL Branch","Successfully Login","Login","2024-09-07 08:18:57"
"","Added new customer [basco]","Customer","2024-09-07 08:31:34"
"","Error to add new customer payment [CP-240907084314]","Customer Payment","2024-09-07 00:43:14"
"","Finished customer payment [CP-240907084314]","Customer Payment","2024-09-07 00:43:15"
"","Added new customer [bantog]","Customer","2024-09-07 08:48:20"
"QL Branch","Successfully Login","Login","2024-09-07 09:12:41"
"","Error to add new customer payment [CP-240907091900]","Customer Payment","2024-09-07 01:19:00"
"","Finished customer payment [CP-240907091900]","Customer Payment","2024-09-07 01:19:00"
"mary","Successfully Login","Login","2024-09-07 10:07:37"
"mary","Successfully Login","Login","2024-09-07 10:18:52"
"","Added new customer [aljon Eulogio]","Customer","2024-09-07 10:33:47"
"mary","Successfully Login","Login","2024-09-07 11:48:47"
"QL Branch","Successfully Login","Login","2024-09-07 12:37:38"
"QL Branch","Successfully Login","Login","2024-09-07 12:51:25"
"Benjie Val Lumawag","Successfully Login","Login","2024-09-07 13:01:56"
"Benjie Val Lumawag","Added new product [Clearmore lit]","Product","2024-09-07 05:05:21"
"Benjie Val Lumawag","Added new product [Premium Starter-Sack]","Product","2024-09-07 05:13:01"
"Benjie Val Lumawag","Added new product [Premium Grower-Sack]","Product","2024-09-07 05:13:34"
"Benjie Val Lumawag","Updated product [Premium Grower-Sack]","Product","2024-09-07 05:14:06"
"Benjie Val Lumawag","Added new product [Premium Starter-1Kg]","Product","2024-09-07 05:16:02"
"Benjie Val Lumawag","Attempt to add existing product [Premium Grower-1kg]","Product","2024-09-07 05:18:14"
"Benjie Val Lumawag","Added new product [Premium Grower-1kg]","Product","2024-09-07 05:18:26"
"mary","Successfully Login","Login","2024-09-07 13:32:26"
"mary","Successfully Login","Login","2024-09-07 13:50:03"
"Merry Joy Barotas","Successfully Login","Login","2024-09-07 14:17:08"
"","Added new customer [ado]","Customer","2024-09-07 14:22:53"
"","Added new customer [visenti]","Customer","2024-09-07 15:23:36"
"mary","Successfully Login","Login","2024-09-07 15:30:34"
"mary","Successfully Login","Login","2024-09-07 16:10:42"
"","Added new customer [sulama]","Customer","2024-09-07 16:48:28"
"","Added new customer [mayunting]","Customer","2024-09-07 17:15:17"
"","Attempt to add existing customer [comendador]","Customer","2024-09-07 17:21:32"
"Benjie Val Lumawag","Successfully Login","Login","2024-09-07 17:47:00"
"QL Branch","Successfully Login","Login","2024-09-08 06:06:56"
"Benjie Val Lumawag","Successfully Login","Login","2024-09-08 06:09:02"
"mary","Successfully Login","Login","2024-09-08 06:51:12"
"mary","Successfully Login","Login","2024-09-08 07:11:53"
"mary","Updated product [almix-pack]","Product","2024-09-07 23:19:31"
"mary","Successfully Login","Login","2024-09-08 08:04:37"
"","Error to add new customer payment [CP-240908081312]","Customer Payment","2024-09-08 00:13:12"
"","Finished customer payment [CP-240908081312]","Customer Payment","2024-09-08 00:13:13"
"mary","Successfully Login","Login","2024-09-08 09:32:08"
"mary","Successfully Login","Login","2024-09-08 09:53:12"
"Benjie Val Lumawag","Successfully Login","Login","2024-09-08 10:24:20"
"","Added new customer [decinilia]","Customer","2024-09-08 11:05:30"
"","Error to add new customer payment [CP-240908110627]","Customer Payment","2024-09-08 03:06:27"
"","Finished customer payment [CP-240908110627]","Customer Payment","2024-09-08 03:06:29"
"","Added new customer [bermejo]","Customer","2024-09-08 11:34:05"
"mary","Successfully Login","Login","2024-09-08 12:47:41"
"","Error to add new customer payment [CP-240908133654]","Customer Payment","2024-09-08 05:36:54"
"","Error to add new customer payment [CP-240908134620]","Customer Payment","2024-09-08 05:46:20"
"","Error to add new customer payment [CP-240908135255]","Customer Payment","2024-09-08 05:52:55"
"","Finished customer payment [CP-240908135255]","Customer Payment","2024-09-08 05:52:55"
"QL Branch","Successfully Login","Login","2024-09-08 14:55:49"
"Benjie Val Lumawag","Successfully Login","Login","2024-09-08 15:48:05"
"Benjie Val Lumawag","Successfully Login","Login","2024-09-08 16:19:01"
"","Added new customer [ganoy]","Customer","2024-09-08 16:27:25"
"","Error to add new customer payment [CP-240908170720]","Customer Payment","2024-09-08 09:07:20"
"","Finished customer payment [CP-240908170720]","Customer Payment","2024-09-08 09:07:21"
"QL Branch","Successfully Login","Login","2024-09-08 17:21:21"
"mary","Successfully Login","Login","2024-09-08 17:51:14"
"mary","Successfully Login","Login","2024-09-08 17:58:56"
"Benjie Val Lumawag","Successfully Login","Login","2024-09-08 19:37:33"
"Benjie Val Lumawag","Successfully Login","Login","2024-09-08 20:22:31"
"QL Branch","Successfully Login","Login","2024-09-09 06:16:11"
"Benjie Val Lumawag","Successfully Login","Login","2024-09-09 06:39:11"
"Joshua Delos Reyes","Successfully Login","Login","2024-09-09 07:44:30"
"Merry Joy Barotas","Successfully Login","Login","2024-09-09 08:20:35"
"Benjie Val Lumawag","Successfully Login","Login","2024-09-09 08:56:48"
"","Added new customer [sangines]","Customer","2024-09-09 10:36:16"
"mary","Successfully Login","Login","2024-09-09 12:11:55"
"mary","Successfully Login","Login","2024-09-09 14:29:14"
"mary","Successfully Login","Login","2024-09-09 14:59:04"
"Merry Joy Barotas","Successfully Login","Login","2024-09-09 15:35:36"
"mary","Successfully Login","Login","2024-09-09 15:39:58"
"","Error to add new customer payment [CP-240909163341]","Customer Payment","2024-09-09 08:33:41"
"","Finished customer payment [CP-240909163341]","Customer Payment","2024-09-09 08:33:42"
"","Error to add new customer payment [CP-240909163417]","Customer Payment","2024-09-09 08:34:17"
"","Finished customer payment [CP-240909163417]","Customer Payment","2024-09-09 08:34:17"
"mary","Successfully Login","Login","2024-09-09 16:54:08"
"Benjie Val Lumawag","Successfully Login","Login","2024-09-09 18:01:22"
"Benjie Val Lumawag","Successfully Login","Login","2024-09-10 06:27:06"
"","Added new customer [Benjie Val / Apura Farm]","Customer","2024-09-10 06:49:23"
"Benjie Val Lumawag","Added new product [Taglife Foliar-Case]","Product","2024-09-09 22:55:29"
"Benjie Val Lumawag","Successfully Login","Login","2024-09-10 07:28:38"
"","Added new customer [gayo]","Customer","2024-09-10 08:23:11"
"QL Branch","Successfully Login","Login","2024-09-10 08:32:44"
"","Added new customer [lliano]","Customer","2024-09-10 10:21:40"
"mary","Successfully Login","Login","2024-09-10 10:23:19"
"Benjie Val Lumawag","Successfully Login","Login","2024-09-10 10:29:49"
"","Added new customer [Benjie Val Lumawag / Maritobog]","Customer","2024-09-10 10:44:30"
"","Added new customer [jhoney]","Customer","2024-09-10 11:00:37"
"","Added new customer [kailing]","Customer","2024-09-10 13:10:07"
"mary","Successfully Login","Login","2024-09-10 13:41:50"
"Benjie Val Lumawag","Successfully Login","Login","2024-09-10 13:52:56"
"","Error to add new customer payment [CP-240910141236]","Customer Payment","2024-09-10 06:12:36"
"","Finished customer payment [CP-240910141236]","Customer Payment","2024-09-10 06:12:37"
"mary","Successfully Login","Login","2024-09-10 14:32:24"
"QL Branch","Successfully Login","Login","2024-09-10 14:47:20"
"","Added new customer [cardinio]","Customer","2024-09-10 15:00:27"
"QL Branch","Successfully Login","Login","2024-09-10 16:06:15"
"mary","Successfully Login","Login","2024-09-10 16:41:12"
"Benjie Val Lumawag","Successfully Login","Login","2024-09-10 17:07:31"
"Benjie Val Lumawag","Error to add new customer payment [CP-240910171405]","Customer Payment","2024-09-10 09:14:12"
"Benjie Val Lumawag","Finished customer payment [CP-240910171405]","Customer Payment","2024-09-10 17:15:51"
"mary","Successfully Login","Login","2024-09-10 17:22:10"
"","Attempt to add existing customer [Mojal]","Customer","2024-09-11 07:44:44"
"Benjie Val Lumawag","Successfully Login","Login","2024-09-11 09:58:35"
"Benjie Val Lumawag","Updated product [P 3645]","Product","2024-09-11 01:59:24"
"","Added new customer [panaoda]","Customer","2024-09-11 10:04:00"
"mary","Successfully Login","Login","2024-09-11 10:42:05"
"QL Branch","Successfully Login","Login","2024-09-11 13:43:43"
"Benjie Val Lumawag","Successfully Login","Login","2024-09-11 14:19:00"
"Benjie Val Lumawag","Successfully Login","Login","2024-09-11 15:18:11"
"","Added new customer [delgado]","Customer","2024-09-11 15:36:16"
"","Added new customer [calledo, Alden]","Customer","2024-09-11 15:46:33"
"","Added new customer [calledo alven]","Customer","2024-09-11 15:47:00"
"Benjie Val Lumawag","Updated product [4600-Atlas]","Product","2024-09-11 08:08:57"
"Benjie Val Lumawag","Updated product [4600-Harvester]","Product","2024-09-11 08:09:09"
"Benjie Val Lumawag","Updated product [4600-Atlas]","Product","2024-09-11 08:09:19"
"Benjie Val Lumawag","Successfully Login","Login","2024-09-11 16:49:03"
"Benjie Val Lumawag","Updated product [Glysinate 15sl Gallon]","Product","2024-09-11 08:59:55"
"","Error to add new customer payment [CP-240911170937]","Customer Payment","2024-09-11 09:09:37"
"","Finished customer payment [CP-240911170937]","Customer Payment","2024-09-11 09:09:38"
"","Error to add new customer payment [CP-240911170952]","Customer Payment","2024-09-11 09:09:52"
"","Finished customer payment [CP-240911170952]","Customer Payment","2024-09-11 09:09:53"
"Benjie Val Lumawag","Added new product [Ponente-Lit]","Product","2024-09-11 10:03:52"
"Joshua Delos Reyes","Successfully Login","Login","2024-09-12 07:03:07"
"Joshua Delos Reyes","Successfully Login","Login","2024-09-12 07:10:49"
"Benjie Val Lumawag","Successfully Login","Login","2024-09-12 07:21:06"
"Benjie Val Lumawag","Successfully Login","Login","2024-09-12 07:24:10"
"QL Branch","Successfully Login","Login","2024-09-12 07:30:23"
"","Error to add new customer payment [CP-240912095623]","Customer Payment","2024-09-12 01:56:23"
"","Finished customer payment [CP-240912095623]","Customer Payment","2024-09-12 01:56:23"
"","Error to add new customer payment [CP-240912101123]","Customer Payment","2024-09-12 02:11:23"
"","Finished customer payment [CP-240912101123]","Customer Payment","2024-09-12 02:11:23"
"","Added new customer [serna]","Customer","2024-09-12 10:14:01"
"","Added new customer [dalig]","Customer","2024-09-12 13:14:24"
"QL Branch","Successfully Login","Login","2024-09-12 13:32:22"
"","Added new customer [hassan muslimen]","Customer","2024-09-12 14:14:36"
"Joshua Delos Reyes","Successfully Login","Login","2024-09-12 14:46:20"
"","Added new customer [agraan]","Customer","2024-09-12 14:56:30"
"","Added new customer [orilia]","Customer","2024-09-12 15:45:22"
"Benjie Val Lumawag","Successfully Login","Login","2024-09-12 17:56:19"
"Benjie Val Lumawag","Updated product [NK 6130]","Product","2024-09-12 22:19:44"
"mary","Successfully Login","Login","2024-09-13 06:24:29"
"mary","Successfully Login","Login","2024-09-13 07:13:17"
"mary","Successfully Login","Login","2024-09-13 07:56:48"
"","Error to add new customer payment [CP-240913103212]","Customer Payment","2024-09-13 02:32:12"
"","Finished customer payment [CP-240913103212]","Customer Payment","2024-09-13 02:32:12"
"mary","Successfully Login","Login","2024-09-13 12:45:13"
"QL Branch","Successfully Login","Login","2024-09-13 15:11:55"
"QL Branch","Successfully Login","Login","2024-09-13 15:13:02"
"QL Branch","Successfully Login","Login","2024-09-13 15:44:46"
"Benjie Val Lumawag","Successfully Login","Login","2024-09-13 17:08:04"
"","Error to add new customer payment [CP-240913171149]","Customer Payment","2024-09-13 09:11:49"
"","Finished customer payment [CP-240913171149]","Customer Payment","2024-09-13 09:11:49"
"Benjie Val Lumawag","Updated product [4600-Atlas]","Product","2024-09-13 09:13:28"
"Benjie Val Lumawag","Updated product [4600-Atlas]","Product","2024-09-13 09:14:15"
"Benjie Val Lumawag","Updated product [4600-Harvester]","Product","2024-09-13 09:14:39"
"Benjie Val Lumawag","Updated product [4600-Agro Planters]","Product","2024-09-13 09:14:53"
"Benjie Val Lumawag","Updated product [141414-Atlas]","Product","2024-09-13 09:15:24"
"Benjie Val Lumawag","Updated product [141414-Amigo]","Product","2024-09-13 09:15:37"
"Benjie Val Lumawag","Updated product [0060-Atlas]","Product","2024-09-13 09:17:00"
"Benjie Val Lumawag","Updated product [0060-Amigo]","Product","2024-09-13 09:17:09"
"Benjie Val Lumawag","Updated product [18460-Amigo]","Product","2024-09-13 09:19:52"
"mary","Successfully Login","Login","2024-09-13 17:43:35"
"Benjie Val Lumawag","Successfully Login","Login","2024-09-13 20:40:03"
"mary","Successfully Login","Login","2024-09-14 10:12:25"
"mary","Successfully Login","Login","2024-09-14 11:11:38"
"mary","Successfully Login","Login","2024-09-14 13:56:15"
"mary","Successfully Login","Login","2024-09-14 16:02:36"
"Benjie Val Lumawag","Successfully Login","Login","2024-09-15 06:20:32"
"Benjie Val Lumawag","Updated product [Trapal 12ft - Roll] => [Trapal 12ft (48 kg) - Roll]","Product","2024-09-14 22:23:51"
"Benjie Val Lumawag","Attempt to add existing product [Trapal 12ft (60kg)-Roll]","Product","2024-09-14 22:25:14"
"Benjie Val Lumawag","Added new product [Trapal 12ft (60kg)-Roll]","Product","2024-09-14 22:25:21"
"mary","Successfully Login","Login","2024-09-15 07:18:30"
"Benjie Val Lumawag","Successfully Login","Login","2024-09-15 07:43:38"
"","Added new customer [aranvia]","Customer","2024-09-15 07:44:45"
"mary","Successfully Login","Login","2024-09-15 07:58:22"
"","Added new customer [oriel]","Customer","2024-09-15 08:22:37"
"Benjie Val Lumawag","Successfully Login","Login","2024-09-15 08:24:17"
"","Error to add new customer payment [CP-240915083412]","Customer Payment","2024-09-15 00:34:12"
"","Added new customer [jongko Marjon]","Customer","2024-09-15 08:35:29"
"","Added new customer [toto]","Customer","2024-09-15 09:00:59"
"Benjie Val Lumawag","Successfully Login","Login","2024-09-15 09:28:08"
"mary","Successfully Login","Login","2024-09-15 09:52:10"
"","Added new customer [demasangkad]","Customer","2024-09-15 10:34:27"
"QL Branch","Successfully Login","Login","2024-09-15 10:54:48"
"mary","Successfully Login","Login","2024-09-15 11:33:21"
"","Error to add new customer payment [CP-240915114343]","Customer Payment","2024-09-15 03:43:43"
"","Finished customer payment [CP-240915114343]","Customer Payment","2024-09-15 03:43:43"
"mary","Successfully Login","Login","2024-09-15 12:38:09"
"Benjie Val Lumawag","Successfully Login","Login","2024-09-15 12:38:35"
"mary","Successfully Login","Login","2024-09-15 13:07:56"
"mary","Successfully Login","Login","2024-09-15 13:46:40"
"mary","Successfully Login","Login","2024-09-15 14:25:16"
"mary","Successfully Login","Login","2024-09-15 14:31:19"
"","Error to add new customer payment [CP-240915144038]","Customer Payment","2024-09-15 06:40:38"
"","Finished customer payment [CP-240915144038]","Customer Payment","2024-09-15 06:40:39"
"QL Branch","Successfully Login","Login","2024-09-15 15:09:55"
"mary","Successfully Login","Login","2024-09-15 15:30:53"
"","Error to add new customer payment [CP-240915155457]","Customer Payment","2024-09-15 07:54:57"
"","Finished customer payment [CP-240915155457]","Customer Payment","2024-09-15 07:54:58"
"","Error to add new customer payment [CP-240915155742]","Customer Payment","2024-09-15 07:57:42"
"","Finished customer payment [CP-240915155742]","Customer Payment","2024-09-15 07:57:43"
"","Error to add new customer payment [CP-240915155805]","Customer Payment","2024-09-15 07:58:05"
"","Finished customer payment [CP-240915155805]","Customer Payment","2024-09-15 07:58:06"
"","Error to add new customer payment [CP-240915155833]","Customer Payment","2024-09-15 07:58:33"
"","Finished customer payment [CP-240915155833]","Customer Payment","2024-09-15 07:58:34"
"","Error to add new customer payment [CP-240915155957]","Customer Payment","2024-09-15 07:59:57"
"","Finished customer payment [CP-240915155957]","Customer Payment","2024-09-15 07:59:57"
"Russia","Successfully Login","Login","2024-09-15 16:02:23"
"Benjie Val Lumawag","Successfully Login","Login","2024-09-15 17:07:52"
"mary","Successfully Login","Login","2024-09-15 17:09:27"
"Benjie Val Lumawag","Updated product [Firestorm- liter]","Product","2024-09-15 09:22:00"
"","Added new customer [itcho]","Customer","2024-09-15 17:33:04"
"Benjie Val Lumawag","Successfully Login","Login","2024-09-15 17:40:30"
"Cherry Mae","Successfully Login","Login","2024-09-15 17:54:23"
"Benjie Val Lumawag","Successfully Login","Login","2024-09-15 17:54:44"
"Cherry Mae","Successfully Login","Login","2024-09-15 17:56:03"
"Benjie Val Lumawag","Successfully Login","Login","2024-09-15 17:58:23"
"Benjie Val Lumawag","Updated product [Dinorado 50kg]","Product","2024-09-15 10:00:29"
"Benjie Val Lumawag","Successfully Login","Login","2024-09-15 20:58:06"
"","Error to add new customer payment [CP-240916061025]","Customer Payment","2024-09-15 22:10:25"
"","Finished customer payment [CP-240916061025]","Customer Payment","2024-09-15 22:10:25"
"Benjie Val Lumawag","Successfully Login","Login","2024-09-16 06:11:53"
"mary","Successfully Login","Login","2024-09-16 06:50:33"
"QL Branch","Successfully Login","Login","2024-09-16 07:07:40"
"Cherry Mae","Successfully Login","Login","2024-09-16 07:53:01"
"Benjie Val Lumawag","Successfully Login","Login","2024-09-16 08:42:14"
"mary","Successfully Login","Login","2024-09-16 08:43:23"
"mary","Successfully Login","Login","2024-09-16 09:21:32"
"mary","Successfully Login","Login","2024-09-16 11:14:01"
"mary","Updated product [Dinorado 1kg]","Product","2024-09-16 03:37:39"
"QL Branch","Successfully Login","Login","2024-09-16 11:44:53"
"mary","Successfully Login","Login","2024-09-16 13:11:06"
"","Added new customer [Leona]","Customer","2024-09-16 13:48:19"
"mary","Successfully Login","Login","2024-09-16 14:18:38"
"mary","Successfully Login","Login","2024-09-16 14:25:33"
"Benjie Val Lumawag","Successfully Login","Login","2024-09-16 15:15:31"
"","Error to add new customer payment [CP-240916153206]","Customer Payment","2024-09-16 07:32:07"
"","Finished customer payment [CP-240916153206]","Customer Payment","2024-09-16 07:32:08"
"Benjie Val Lumawag","Successfully Login","Login","2024-09-16 16:28:33"
"Benjie Val Lumawag","Successfully Login","Login","2024-09-16 20:18:34"
"Benjie Val Lumawag","Successfully Login","Login","2024-09-17 06:24:05"
"Benjie Val Lumawag","Updated product [P 3645]","Product","2024-09-16 22:25:03"
"Benjie Val Lumawag","Updated product [P3585]","Product","2024-09-16 22:27:16"
"Benjie Val Lumawag","Updated product [P3582] => [P3582-POWER CORE]","Product","2024-09-16 22:27:50"
"Benjie Val Lumawag","Updated product [P 3530]","Product","2024-09-16 22:28:03"
"Benjie Val Lumawag","Successfully Login","Login","2024-09-17 06:38:25"
"Benjie Val Lumawag","Updated product [Square off - Gallon]","Product","2024-09-16 22:39:03"
"mary","Successfully Login","Login","2024-09-17 07:02:15"
"QL Branch","Successfully Login","Login","2024-09-17 07:13:41"
"mary","Successfully Login","Login","2024-09-17 07:18:16"
"Benjie Val Lumawag","Successfully Login","Login","2024-09-17 07:46:51"
"Cherry Mae","Successfully Login","Login","2024-09-17 08:29:27"
"","Added new customer [alvino]","Customer","2024-09-17 08:52:35"
"","Added new customer [recasa]","Customer","2024-09-17 09:41:46"
"mary","Successfully Login","Login","2024-09-17 10:25:14"
"","Error to add new customer payment [CP-240917105437]","Customer Payment","2024-09-17 02:54:37"
"","Finished customer payment [CP-240917105437]","Customer Payment","2024-09-17 02:54:37"
"QL Branch","Successfully Login","Login","2024-09-17 10:57:30"
"","Error to add new customer payment [CP-240917112643]","Customer Payment","2024-09-17 03:26:43"
"","Finished customer payment [CP-240917112643]","Customer Payment","2024-09-17 03:26:43"
"","Added new customer [jennifer ofiana]","Customer","2024-09-17 11:28:15"
"","Added new customer [Pamulag]","Customer","2024-09-17 12:10:25"
"mary","Successfully Login","Login","2024-09-17 13:08:59"
"mary","Successfully Login","Login","2024-09-17 13:47:09"
"mary","Successfully Login","Login","2024-09-17 14:27:06"
"","Error to add new customer payment [CP-240917144912]","Customer Payment","2024-09-17 06:49:12"
"","Finished customer payment [CP-240917144912]","Customer Payment","2024-09-17 06:49:12"
"","Error to add new customer payment [CP-240917144942]","Customer Payment","2024-09-17 06:49:42"
"","Finished customer payment [CP-240917144942]","Customer Payment","2024-09-17 06:49:43"
"Benjie Val Lumawag","Successfully Login","Login","2024-09-17 15:32:10"
"Joshua Delos Reyes","Successfully Login","Login","2024-09-17 15:47:06"
"Cherry Mae","Successfully Login","Login","2024-09-17 16:41:17"
"Cherry Mae","Successfully Login","Login","2024-09-17 16:44:54"
"Cherry Mae","Successfully Login","Login","2024-09-17 17:11:54"
"Cherry Mae","Successfully Login","Login","2024-09-17 17:12:29"
"Benjie Val Lumawag","Successfully Login","Login","2024-09-17 17:30:23"
"","Error to add new customer payment [CP-240917175406]","Customer Payment","2024-09-17 09:54:06"
"","Finished customer payment [CP-240917175406]","Customer Payment","2024-09-17 09:54:06"
"","Error to add new customer payment [CP-240917175433]","Customer Payment","2024-09-17 09:54:33"
"","Finished customer payment [CP-240917175433]","Customer Payment","2024-09-17 09:54:34"
"","Error to add new customer payment [CP-240917175646]","Customer Payment","2024-09-17 09:56:46"
"","Finished customer payment [CP-240917175646]","Customer Payment","2024-09-17 09:56:47"
"","Error to add new customer payment [CP-240917175752]","Customer Payment","2024-09-17 09:57:52"
"","Finished customer payment [CP-240917175752]","Customer Payment","2024-09-17 09:57:52"
"mary","Successfully Login","Login","2024-09-18 13:36:10"
"","Added new customer [Jumao-as j.]","Customer","2024-09-18 13:43:59"
"","Added new customer [puintes]","Customer","2024-09-18 13:46:33"
"Benjie Val Lumawag","Successfully Login","Login","2024-09-18 13:57:08"
"mary","Successfully Login","Login","2024-09-18 14:19:58"
"","Added new customer [busaid]","Customer","2024-09-18 14:24:17"
"QL Branch","Successfully Login","Login","2024-09-18 15:04:04"
"Benjie Val Lumawag","Successfully Login","Login","2024-09-18 15:55:42"
"mary","Successfully Login","Login","2024-09-18 16:05:51"
"mary","Successfully Login","Login","2024-09-18 16:38:12"
"mary","Successfully Login","Login","2024-09-18 17:30:54"
"Benjie Val Lumawag","Successfully Login","Login","2024-09-18 18:19:30"
"Benjie Val Lumawag","Successfully Login","Login","2024-09-19 06:03:18"
"QL Branch","Successfully Login","Login","2024-09-19 08:39:43"
"","Added new customer [cuales]","Customer","2024-09-19 10:01:12"
"","Added new customer [cortis]","Customer","2024-09-19 10:27:12"
"Benjie Val Lumawag","Successfully Login","Login","2024-09-19 12:09:44"
"Benjie Val Lumawag","Updated product [4600-Atlas]","Product","2024-09-19 04:11:06"
"Benjie Val Lumawag","Updated product [4600-Harvester]","Product","2024-09-19 04:11:49"
"Benjie Val Lumawag","Updated product [4600-Agro Planters]","Product","2024-09-19 04:12:28"
"Benjie Val Lumawag","Successfully Login","Login","2024-09-19 12:38:30"
"QL Branch","Successfully Login","Login","2024-09-19 12:55:28"
"Benjie Val Lumawag","Updated product [Round up lit-cases]","Product","2024-09-19 05:17:55"
"Cherry Mae","Successfully Login","Login","2024-09-19 13:53:44"
"","Error to add new customer payment [CP-240919151909]","Customer Payment","2024-09-19 07:19:09"
"","Finished customer payment [CP-240919151909]","Customer Payment","2024-09-19 07:19:09"
"","Error to add new customer payment [CP-240919152045]","Customer Payment","2024-09-19 07:20:45"
"","Finished customer payment [CP-240919152045]","Customer Payment","2024-09-19 07:20:46"
"mary","Successfully Login","Login","2024-09-19 15:35:09"
"Benjie Val Lumawag","Successfully Login","Login","2024-09-19 15:58:42"
"QL Branch","Successfully Login","Login","2024-09-19 16:24:55"
"Benjie Val Lumawag","Successfully Login","Login","2024-09-19 17:58:33"
"mary","Successfully Login","Login","2024-09-20 06:32:23"
"Benjie Val Lumawag","Successfully Login","Login","2024-09-20 07:06:19"
"","Added new customer [mocoy jolito]","Customer","2024-09-20 07:06:37"
"mary","Successfully Login","Login","2024-09-20 08:46:06"
"mary","Successfully Login","Login","2024-09-20 09:41:14"
"mary","Successfully Login","Login","2024-09-20 12:01:20"
"QL Branch","Successfully Login","Login","2024-09-20 12:24:14"
"mary","Successfully Login","Login","2024-09-20 13:20:18"
"Benjie Val Lumawag","Successfully Login","Login","2024-09-20 14:36:41"
"","Added new customer [bibalawag]","Customer","2024-09-20 16:40:48"
"","Added new customer [cabiroy]","Customer","2024-09-20 17:37:38"
"Benjie Val Lumawag","Successfully Login","Login","2024-09-20 23:21:15"
"mary","Successfully Login","Login","2024-09-21 07:25:52"
"mary","Successfully Login","Login","2024-09-21 07:47:46"
"","Added new customer [mocapad]","Customer","2024-09-21 07:48:58"
"mary","Successfully Login","Login","2024-09-21 07:56:20"
"mary","Successfully Login","Login","2024-09-21 08:37:31"
"mary","Successfully Login","Login","2024-09-21 09:53:54"
"mary","Successfully Login","Login","2024-09-21 10:20:11"
"Benjie Val Lumawag","Successfully Login","Login","2024-09-21 11:01:36"
"","Added new customer [cayatano]","Customer","2024-09-21 11:06:42"
"mary","Successfully Login","Login","2024-09-21 11:26:13"
"mary","Successfully Login","Login","2024-09-21 11:30:09"
"","Added new customer [lumanarias]","Customer","2024-09-21 11:45:05"
"","Added new customer [luminarias]","Customer","2024-09-21 11:47:01"
"","Added new customer [galilie]","Customer","2024-09-21 12:24:24"
"mary","Successfully Login","Login","2024-09-21 13:48:51"
"mary","Successfully Login","Login","2024-09-21 14:19:36"
"","Added new customer [sondad]","Customer","2024-09-21 15:04:08"
"","Error to add new customer payment [CP-240921155100]","Customer Payment","2024-09-21 07:51:00"
"","Finished customer payment [CP-240921155100]","Customer Payment","2024-09-21 07:51:00"
"","Error to add new customer payment [CP-240921155224]","Customer Payment","2024-09-21 07:52:24"
"","Finished customer payment [CP-240921155224]","Customer Payment","2024-09-21 07:52:24"
"","Error to add new customer payment [CP-240921155315]","Customer Payment","2024-09-21 07:53:15"
"","Finished customer payment [CP-240921155315]","Customer Payment","2024-09-21 07:53:16"
"","Error to add new customer payment [CP-240921161529]","Customer Payment","2024-09-21 08:15:29"
"","Finished customer payment [CP-240921161529]","Customer Payment","2024-09-21 08:15:29"
"","Error to add new customer payment [CP-240921163019]","Customer Payment","2024-09-21 08:30:19"
"","Finished customer payment [CP-240921163019]","Customer Payment","2024-09-21 08:30:20"
"mary","Successfully Login","Login","2024-09-21 16:36:02"
"mary","Successfully Login","Login","2024-09-21 17:25:15"
"mary","Successfully Login","Login","2024-09-21 18:19:30"
"mary","Successfully Login","Login","2024-09-22 07:19:03"
"QL Branch","Successfully Login","Login","2024-09-22 08:21:23"
"QL Branch","Successfully Login","Login","2024-09-22 08:22:26"
"mary","Successfully Login","Login","2024-09-22 09:31:14"
"mary","Successfully Login","Login","2024-09-22 09:52:13"
"mary","Successfully Login","Login","2024-09-22 09:54:44"
"Benjie Val Lumawag","Successfully Login","Login","2024-09-22 10:06:15"
"mary","Successfully Login","Login","2024-09-22 11:16:59"
"Benjie Val Lumawag","Updated product [16200-Harvester]","Product","2024-09-22 04:13:52"
"","Added new customer [mercy garcia]","Customer","2024-09-22 13:31:48"
"mary","Successfully Login","Login","2024-09-22 14:14:18"
"mary","Successfully Login","Login","2024-09-22 14:42:01"
"","Added new customer [arlen gantalao]","Customer","2024-09-22 14:45:59"
"","Added new customer [Hongco]","Customer","2024-09-22 15:22:37"
"","Attempt to add existing customer [Calon]","Customer","2024-09-22 15:49:27"
"","Attempt to add existing customer [Calon]","Customer","2024-09-22 15:49:53"
"","Added new customer [Morsid]","Customer","2024-09-22 15:50:42"
"","Added new customer [Sumbal]","Customer","2024-09-22 16:05:32"
"mary","Successfully Login","Login","2024-09-22 16:22:18"
"mary","Successfully Login","Login","2024-09-22 16:23:35"
"","Attempt to add existing customer [abao]","Customer","2024-09-22 16:42:30"
"","Attempt to add existing customer [abao]","Customer","2024-09-22 16:42:36"
"","Attempt to add existing customer [abao]","Customer","2024-09-22 16:42:47"
"","Attempt to add existing customer [abao]","Customer","2024-09-22 16:42:47"
"","Attempt to add existing customer [abao]","Customer","2024-09-22 16:42:55"
"QL Branch","Successfully Login","Login","2024-09-22 16:48:35"
"Benjie Val Lumawag","Successfully Login","Login","2024-09-22 16:53:41"
"mary","Successfully Login","Login","2024-09-22 17:07:32"
"mary","Successfully Login","Login","2024-09-22 17:38:48"
"mary","Successfully Login","Login","2024-09-23 06:40:09"
"mary","Successfully Login","Login","2024-09-23 07:03:52"
"Benjie Val Lumawag","Successfully Login","Login","2024-09-23 07:10:40"
"Cherry Mae","Successfully Login","Login","2024-09-23 08:44:08"
"QL Branch","Successfully Login","Login","2024-09-23 09:25:26"
"","Added new customer [Sagad]","Customer","2024-09-23 09:40:15"
"","Added new customer [jemotri]","Customer","2024-09-23 10:06:02"
"mary","Successfully Login","Login","2024-09-23 10:25:28"
"QL Branch","Successfully Login","Login","2024-09-23 10:52:39"
"","Error to add new customer payment [CP-240923123029]","Customer Payment","2024-09-23 04:30:29"
"","Finished customer payment [CP-240923123029]","Customer Payment","2024-09-23 04:30:30"
"Benjie Val Lumawag","Successfully Login","Login","2024-09-23 13:51:07"
"Benjie Val Lumawag","Successfully Login","Login","2024-09-23 15:02:00"
"mary","Successfully Login","Login","2024-09-23 15:27:20"
"mary","Successfully Login","Login","2024-09-23 15:51:07"
"","Added new customer [tahoynon]","Customer","2024-09-23 15:57:42"
"QL Branch","Successfully Login","Login","2024-09-23 16:23:00"
"mary","Successfully Login","Login","2024-09-24 06:38:04"
"Joshua Delos Reyes","Successfully Login","Login","2024-09-24 07:00:18"
"mary","Successfully Login","Login","2024-09-24 07:25:08"
"Cherry Mae","Successfully Login","Login","2024-09-24 10:14:18"
"Benjie Val Lumawag","Successfully Login","Login","2024-09-24 10:19:22"
"Benjie Val Lumawag","Successfully Login","Login","2024-09-24 10:25:19"
"mary","Successfully Login","Login","2024-09-24 10:53:40"
"","Added new customer [Moidan]","Customer","2024-09-24 12:08:21"
"mary","Successfully Login","Login","2024-09-24 13:13:40"
"","Added new customer [dungke]","Customer","2024-09-24 15:04:53"
"mary","Successfully Login","Login","2024-09-24 15:19:08"
"QL Branch","Successfully Login","Login","2024-09-24 17:12:10"
"QL Branch","Successfully Login","Login","2024-09-24 17:13:03"
"Joshua Delos Reyes","Successfully Login","Login","2024-09-24 17:27:43"
"Joshua Delos Reyes","Successfully Login","Login","2024-09-24 17:28:53"
"Benjie Val Lumawag","Successfully Login","Login","2024-09-24 17:29:31"
"Benjie Val Lumawag","Successfully Login","Login","2024-09-24 17:35:23"
"mary","Successfully Login","Login","2024-09-25 07:30:22"
"","Added new customer [Ian canon]","Customer","2024-09-25 07:42:25"
"Benjie Val Lumawag","Successfully Login","Login","2024-09-25 08:32:15"
"","Error to add new customer payment [CP-240925083959]","Customer Payment","2024-09-25 00:39:59"
"","Finished customer payment [CP-240925083959]","Customer Payment","2024-09-25 00:40:00"
"mary","Successfully Login","Login","2024-09-25 09:27:35"
"mary","Successfully Login","Login","2024-09-25 09:38:21"
"mary","Successfully Login","Login","2024-09-25 10:44:31"
"mary","Successfully Login","Login","2024-09-25 10:46:09"
"mary","Successfully Login","Login","2024-09-25 11:08:22"
"mary","Successfully Login","Login","2024-09-25 12:19:10"
"Benjie Val Lumawag","Successfully Login","Login","2024-09-25 13:10:10"
"Benjie Val Lumawag","Successfully Login","Login","2024-09-25 13:40:00"
"","Error to add new customer payment [CP-240925140137]","Customer Payment","2024-09-25 06:01:37"
"","Finished customer payment [CP-240925140137]","Customer Payment","2024-09-25 06:01:37"
"mary","Successfully Login","Login","2024-09-25 15:24:09"
"mary","Successfully Login","Login","2024-09-25 15:28:31"
"","Added new customer [bagay sonya]","Customer","2024-09-25 16:13:05"
"mary","Successfully Login","Login","2024-09-25 16:53:29"
"mary","Successfully Login","Login","2024-09-25 16:58:20"
"mary","Successfully Login","Login","2024-09-25 17:12:32"
"mary","Successfully Login","Login","2024-09-25 17:23:10"
"","Error to add new customer payment [CP-240925180216]","Customer Payment","2024-09-25 10:02:16"
"Benjie Val Lumawag","Successfully Login","Login","2024-09-25 18:10:11"
"","Error to add new customer payment [CP-240925181257]","Customer Payment","2024-09-25 10:12:57"
"Benjie Val Lumawag","Successfully Login","Login","2024-09-25 18:27:28"
"Benjie Val Lumawag","Successfully Login","Login","2024-09-26 06:24:47"
"mary","Successfully Login","Login","2024-09-26 06:39:35"
"QL Branch","Successfully Login","Login","2024-09-26 06:41:27"
"mary","Successfully Login","Login","2024-09-26 07:21:31"
"QL Branch","Successfully Login","Login","2024-09-26 07:29:03"
"Benjie Val Lumawag","Successfully Login","Login","2024-09-26 08:02:11"
"Benjie Val Lumawag","Successfully Login","Login","2024-09-26 08:11:57"
"Benjie Val Lumawag","Updated product [Tahop-Mais(Yellow) kg]","Product","2024-09-26 00:12:27"
"Benjie Val Lumawag","Updated product [Tahop-Mais-Sack ( Yellow)]","Product","2024-09-26 00:12:43"
"Benjie Val Lumawag","Updated product [White Corn-Sack]","Product","2024-09-26 00:19:44"
"Benjie Val Lumawag","Updated product [141414-Harvester]","Product","2024-09-26 02:15:21"
"Benjie Val Lumawag","Updated product [4600-Harvester]","Product","2024-09-26 02:15:54"
"Benjie Val Lumawag","Updated product [16200-Harvester]","Product","2024-09-26 02:16:30"
"Benjie Val Lumawag","Updated product [16200-Harvester]","Product","2024-09-26 02:21:01"
"Benjie Val Lumawag","Updated product [2100-Atlas]","Product","2024-09-26 02:23:58"
"","Added new customer [eulogio anne]","Customer","2024-09-26 10:31:17"
"","Added new customer [mansalon]","Customer","2024-09-26 11:13:14"
"","Added new customer [orlito ramos]","Customer","2024-09-26 11:18:37"
"Cherry Mae","Successfully Login","Login","2024-09-26 11:21:17"
"Russia","Successfully Login","Login","2024-09-26 11:41:22"
"Cherry Mae","Successfully Login","Login","2024-09-26 11:41:48"
"","Error to add new customer payment [CP-240926115241]","Customer Payment","2024-09-26 03:52:41"
"","Finished customer payment [CP-240926115241]","Customer Payment","2024-09-26 03:52:41"
"mary","Successfully Login","Login","2024-09-26 11:53:37"
"Benjie Val Lumawag","Updated product [16200-Atlas]","Product","2024-09-26 04:02:17"
"Benjie Val Lumawag","Updated product [4600-Harvester]","Product","2024-09-26 04:02:36"
"Benjie Val Lumawag","Updated product [Clear out 4L]","Product","2024-09-26 04:04:25"
"","Added new customer [barrios]","Customer","2024-09-26 12:26:34"
"","Added new customer [Masero]","Customer","2024-09-26 12:26:36"
"Benjie Val Lumawag","Successfully Login","Login","2024-09-26 12:39:33"
"QL Branch","Successfully Login","Login","2024-09-26 14:33:07"
"","Added new customer [panchita]","Customer","2024-09-26 16:25:25"
"Benjie Val Lumawag","Successfully Login","Login","2024-09-26 16:28:41"
"Cherry Mae","Successfully Login","Login","2024-09-26 17:06:26"
"Benjie Val Lumawag","Successfully Login","Login","2024-09-27 06:09:54"
"Benjie Val Lumawag","Updated product [Firestorm- liter]","Product","2024-09-26 22:11:10"
"mary","Successfully Login","Login","2024-09-27 06:18:08"
"mary","Successfully Login","Login","2024-09-27 06:59:02"
"mary","Successfully Login","Login","2024-09-27 07:01:52"
"Cherry Mae","Successfully Login","Login","2024-09-27 07:38:06"
"","Attempt to add existing customer [Gayo]","Customer","2024-09-27 07:52:08"
"","Added new customer [embrona amay]","Customer","2024-09-27 07:53:49"
"mary","Successfully Login","Login","2024-09-27 08:28:21"
"","Error to add new customer payment [CP-240927084146]","Customer Payment","2024-09-27 00:41:46"
"","Finished customer payment [CP-240927084146]","Customer Payment","2024-09-27 00:41:46"
"","Error to add new customer payment [CP-240927084212]","Customer Payment","2024-09-27 00:42:12"
"","Finished customer payment [CP-240927084212]","Customer Payment","2024-09-27 00:42:12"
"","Error to add new customer payment [CP-240927084239]","Customer Payment","2024-09-27 00:42:39"
"","Finished customer payment [CP-240927084239]","Customer Payment","2024-09-27 00:42:39"
"","Error to add new customer payment [CP-240927084314]","Customer Payment","2024-09-27 00:43:14"
"","Finished customer payment [CP-240927084314]","Customer Payment","2024-09-27 00:43:14"
"","Added new customer [Chritine Aranja]","Customer","2024-09-27 08:59:45"
"mary","Successfully Login","Login","2024-09-27 09:01:21"
"","Added new customer [samuel canete]","Customer","2024-09-27 09:24:34"
"mary","Successfully Login","Login","2024-09-27 10:40:41"
"QL Branch","Successfully Login","Login","2024-09-27 11:00:33"
"QL Branch","Successfully Login","Login","2024-09-27 11:01:49"
"Benjie Val Lumawag","Successfully Login","Login","2024-09-27 11:36:30"
"","Added new customer [aconia]","Customer","2024-09-27 11:47:44"
"","Added new customer [pitogo]","Customer","2024-09-27 12:28:17"
"Cherry Mae","Successfully Login","Login","2024-09-27 12:31:30"
"mary","Successfully Login","Login","2024-09-27 14:32:06"
"mary","Successfully Login","Login","2024-09-27 14:34:24"
"","Attempt to add existing customer [1]","Customer","2024-09-27 15:03:06"
"","Added new customer [Lyza]","Customer","2024-09-27 15:03:42"
"","Added new customer [muya.]","Customer","2024-09-27 15:04:25"
"mary","Successfully Login","Login","2024-09-27 15:15:33"
"Benjie Val Lumawag","Successfully Login","Login","2024-09-27 16:18:03"
"Benjie Val Lumawag","Updated product [D-8131s]","Product","2024-09-27 08:18:58"
"mary","Successfully Login","Login","2024-09-27 17:04:43"
"Benjie Val Lumawag","Successfully Login","Login","2024-09-27 17:16:22"
"Benjie Val Lumawag","Successfully Login","Login","2024-09-27 17:37:55"
"Benjie Val Lumawag","Successfully Login","Login","2024-09-27 20:12:27"
"Benjie Val Lumawag","Successfully Login","Login","2024-09-28 06:17:32"
"","Attempt to add existing customer [Lara]","Customer","2024-09-28 07:02:45"
"","Added new customer [Gebulan]","Customer","2024-09-28 07:25:39"
"QL Branch","Successfully Login","Login","2024-09-28 08:34:21"
"Benjie Val Lumawag","Successfully Login","Login","2024-09-28 08:40:14"
"","Added new customer [deliusa]","Customer","2024-09-28 08:55:57"
"Benjie Val Lumawag","Successfully Login","Login","2024-09-28 08:57:52"
"Benjie Val Lumawag","Successfully Login","Login","2024-09-28 09:22:05"
"Benjie Val Lumawag","Updated product [Talahi - kilo]","Product","2024-09-28 01:23:04"
"Benjie Val Lumawag","Updated product [Parts- Rod 4ft]","Product","2024-09-28 01:56:12"
"Benjie Val Lumawag","Updated product [Parts- Rod Plastic]","Product","2024-09-28 01:56:23"
"Benjie Val Lumawag","Updated product [Parts- Rod 5ft]","Product","2024-09-28 01:57:54"
"Benjie Val Lumawag","Updated product [NK 6130]","Product","2024-09-28 02:14:54"
"","Added new customer [serio]","Customer","2024-09-28 12:05:56"
"","Added new customer [boyet merasol]","Customer","2024-09-28 12:37:14"
"Benjie Val Lumawag","Successfully Login","Login","2024-09-28 12:39:20"
"","Added new customer [Imbran]","Customer","2024-09-28 12:39:42"
"","Added new customer [mamar]","Customer","2024-09-28 13:02:05"
"","Attempt to add existing customer [mamar]","Customer","2024-09-28 13:02:05"
"Benjie Val Lumawag","Successfully Login","Login","2024-09-28 13:19:58"
"Benjie Val Lumawag","Successfully Login","Login","2024-09-28 13:43:40"
"","Added new customer [Jaima]","Customer","2024-09-28 13:52:20"
"","Error to add new customer payment [CP-240928150118]","Customer Payment","2024-09-28 07:01:18"
"","Finished customer payment [CP-240928150118]","Customer Payment","2024-09-28 07:01:18"
"","Added new customer [tambelawan]","Customer","2024-09-28 16:02:05"
"Benjie Val Lumawag","Successfully Login","Login","2024-09-28 16:15:52"
"","Error to add new customer payment [CP-240928170258]","Customer Payment","2024-09-28 09:02:58"
"","Finished customer payment [CP-240928170258]","Customer Payment","2024-09-28 09:02:58"
"Benjie Val Lumawag","Successfully Login","Login","2024-09-28 17:07:20"
"","Error to add new customer payment [CP-240928173900]","Customer Payment","2024-09-28 09:39:00"
"Cherry Mae","Successfully Login","Login","2024-09-29 06:43:10"
"Benjie Val Lumawag","Successfully Login","Login","2024-09-29 07:01:17"
"","Error to add new customer payment [CP-240929071219]","Customer Payment","2024-09-28 23:12:19"
"","Finished customer payment [CP-240929071219]","Customer Payment","2024-09-28 23:12:19"
"Benjie Val Lumawag","Successfully Login","Login","2024-09-29 07:14:24"
"Benjie Val Lumawag","Error to add new customer payment [CP-240929071439]","Customer Payment","2024-09-28 23:14:47"
"Benjie Val Lumawag","Attempt to add existing customer payment [CP-240929071439]","Customer Payment","2024-09-28 23:14:48"
"Benjie Val Lumawag","Finished customer payment [CP-240929071439]","Customer Payment","2024-09-29 07:15:12"
"Benjie Val Lumawag","Error to add new customer payment [CP-240929071529]","Customer Payment","2024-09-28 23:15:36"
"Benjie Val Lumawag","Error to add new customer payment [CP-240929071600]","Customer Payment","2024-09-28 23:16:35"
"Benjie Val Lumawag","Finished customer payment [CP-240929071600]","Customer Payment","2024-09-29 07:17:06"
"Benjie Val Lumawag","Error to add new customer payment [CP-240929071915]","Customer Payment","2024-09-28 23:19:22"
"Benjie Val Lumawag","Finished customer payment [CP-240929071915]","Customer Payment","2024-09-29 07:19:52"
"Cherry Mae","Successfully Login","Login","2024-09-29 08:35:14"
"QL Branch","Successfully Login","Login","2024-09-29 10:21:02"
"Benjie Val Lumawag","Updated product [Clear out 5L]","Product","2024-09-29 02:42:42"
"Benjie Val Lumawag","Successfully Login","Login","2024-09-29 10:52:42"
"","Added new customer [kasunodin maamor]","Customer","2024-09-29 11:59:52"
"","Added new customer [dumagpe]","Customer","2024-09-29 12:09:47"
"","Added new customer [sibungan]","Customer","2024-09-29 13:15:13"
"Benjie Val Lumawag","Successfully Login","Login","2024-09-29 13:44:59"
"Benjie Val Lumawag","Successfully Login","Login","2024-09-29 14:34:28"
"","Added new customer [Humado]","Customer","2024-09-29 14:49:24"
"Benjie Val Lumawag","Successfully Login","Login","2024-09-29 15:23:24"
"Benjie Val Lumawag","Successfully Login","Login","2024-09-29 15:42:12"
"Benjie Val Lumawag","Successfully Login","Login","2024-09-29 16:49:49"
"Benjie Val Lumawag","Successfully Login","Login","2024-09-29 17:41:12"
"Benjie Val Lumawag","Successfully Login","Login","2024-09-29 17:49:52"
"Benjie Val Lumawag","Successfully Login","Login","2024-09-29 20:39:01"
"Benjie Val Lumawag","Successfully Login","Login","2024-09-29 23:06:24"
"mary","Successfully Login","Login","2024-09-30 06:19:03"
"","Added new customer [balleja]","Customer","2024-09-30 06:40:40"
"mary","Successfully Login","Login","2024-09-30 06:58:24"
"Benjie Val Lumawag","Successfully Login","Login","2024-09-30 07:09:48"
"QL Branch","Successfully Login","Login","2024-09-30 07:15:50"
"Benjie Val Lumawag","Successfully Login","Login","2024-09-30 08:53:25"
"","Attempt to add existing customer [Tachado]","Customer","2024-09-30 08:56:48"
"mary","Successfully Login","Login","2024-09-30 10:27:04"
"Cherry Mae","Successfully Login","Login","2024-09-30 11:01:17"
"mary","Successfully Login","Login","2024-09-30 11:01:44"
"mary","Successfully Login","Login","2024-09-30 11:40:10"
"Benjie Val Lumawag","Successfully Login","Login","2024-09-30 13:53:50"
"Benjie Val Lumawag","Updated product [Yellow Corn # 10-Sack]","Product","2024-09-30 05:55:55"
"Benjie Val Lumawag","Updated product [Yellow Corn # 10-1Kg]","Product","2024-09-30 05:56:59"
"mary","Successfully Login","Login","2024-09-30 15:16:11"
"mary","Successfully Login","Login","2024-09-30 16:18:58"
"","Error to add new customer payment [CP-240930164304]","Customer Payment","2024-09-30 08:43:04"
"","Finished customer payment [CP-240930164304]","Customer Payment","2024-09-30 08:43:06"
"Benjie Val Lumawag","Successfully Login","Login","2024-09-30 18:03:57"
