"mary","Successfully Login","Login","2024-10-01 06:21:00"
"Benjie Val Lumawag","Successfully Login","Login","2024-10-01 06:21:56"
"","Added new customer [Mariel alisasis]","Customer","2024-10-01 06:31:14"
"mary","Successfully Login","Login","2024-10-01 07:14:20"
"Benjie Val Lumawag","Successfully Login","Login","2024-10-01 07:27:56"
"mary","Successfully Login","Login","2024-10-01 08:21:32"
"QL Branch","Successfully Login","Login","2024-10-01 08:28:39"
"Benjie Val Lumawag","Successfully Login","Login","2024-10-01 08:55:02"
"Benjie Val Lumawag","Updated product [Crack Corn # 6- Sack]","Product","2024-10-01 00:55:29"
"Benjie Val Lumawag","Updated product [Crack Corn # 5- Sack]","Product","2024-10-01 00:55:45"
"Benjie Val Lumawag","Updated product [Crack Corn # 5- 1kg]","Product","2024-10-01 00:56:11"
"Benjie Val Lumawag","Updated product [Crack Corn # 6-1kg]","Product","2024-10-01 00:56:19"
"Benjie Val Lumawag","Updated product [4600-Atlas]","Product","2024-10-01 00:57:02"
"","Added new customer [tondocan]","Customer","2024-10-01 09:14:36"
"Cherry Mae","Successfully Login","Login","2024-10-01 09:27:48"
"QL Branch","Successfully Login","Login","2024-10-01 09:38:42"
"Cherry Mae","Successfully Login","Login","2024-10-01 10:25:54"
"","Added new customer [Arimanya]","Customer","2024-10-01 10:29:22"
"mary","Successfully Login","Login","2024-10-01 10:32:17"
"Cherry Mae","Successfully Login","Login","2024-10-01 10:58:41"
"mary","Successfully Login","Login","2024-10-01 11:03:22"
"QL Branch","Successfully Login","Login","2024-10-01 11:04:54"
"","Added new customer [salazar]","Customer","2024-10-01 11:26:37"
"","Error to add new customer payment [CP-241001122702]","Customer Payment","2024-10-01 04:27:02"
"","Finished customer payment [CP-241001122702]","Customer Payment","2024-10-01 04:27:03"
"Benjie Val Lumawag","Successfully Login","Login","2024-10-01 12:27:46"
"Benjie Val Lumawag","Updated product [NK 6505]","Product","2024-10-01 05:37:04"
"Cherry Mae","Successfully Login","Login","2024-10-01 14:46:50"
"","Added new customer [soul pacunla]","Customer","2024-10-01 14:47:38"
"","Added new customer [sol pacunla]","Customer","2024-10-01 14:48:18"
"Benjie Val Lumawag","Successfully Login","Login","2024-10-01 15:17:03"
"mary","Successfully Login","Login","2024-10-01 15:26:31"
"","Added new customer [Bolanadi]","Customer","2024-10-01 16:02:20"
"QL Branch","Successfully Login","Login","2024-10-01 16:08:22"
"Cherry Mae","Successfully Login","Login","2024-10-01 16:35:15"
"","Added new customer [Almansur/agropro]","Customer","2024-10-01 17:20:07"
"Benjie Val Lumawag","Successfully Login","Login","2024-10-01 22:44:39"
"mary","Successfully Login","Login","2024-10-02 06:25:29"
"Cherry Mae","Successfully Login","Login","2024-10-02 06:27:29"
"Cherry Mae","Successfully Login","Login","2024-10-02 06:35:18"
"Benjie Val Lumawag","Successfully Login","Login","2024-10-02 06:38:27"
"Cherry Mae","Successfully Login","Login","2024-10-02 06:39:05"
"Mariel Alisasis","Successfully Login","Login","2024-10-02 06:40:40"
"Benjie Val Lumawag","Successfully Login","Login","2024-10-02 06:41:06"
"Mariel Alisasis","Successfully Login","Login","2024-10-02 06:43:47"
"","Error to add new customer payment [CP-241002064510]","Customer Payment","2024-10-01 22:45:10"
"","Finished customer payment [CP-241002064510]","Customer Payment","2024-10-01 22:45:10"
"","Error to add new customer payment [CP-241002064618]","Customer Payment","2024-10-01 22:46:18"
"","Finished customer payment [CP-241002064618]","Customer Payment","2024-10-01 22:46:18"
"","Error to add new customer payment [CP-241002064720]","Customer Payment","2024-10-01 22:47:20"
"","Finished customer payment [CP-241002064720]","Customer Payment","2024-10-01 22:47:20"
"","Error to add new customer payment [CP-241002064813]","Customer Payment","2024-10-01 22:48:13"
"","Finished customer payment [CP-241002064813]","Customer Payment","2024-10-01 22:48:13"
"Benjie Val Lumawag","Successfully Login","Login","2024-10-02 06:50:11"
"Benjie Val Lumawag","Error to add new customer payment [CP-241002065032]","Customer Payment","2024-10-01 22:51:40"
"Benjie Val Lumawag","Finished customer payment [CP-241002065032]","Customer Payment","2024-10-02 06:56:23"
"Mariel Alisasis","Successfully Login","Login","2024-10-02 06:56:57"
"QL Branch","Successfully Login","Login","2024-10-02 07:08:22"
"Benjie Val Lumawag","Successfully Login","Login","2024-10-02 07:17:40"
"","Added new customer [mocoy]","Customer","2024-10-02 08:38:32"
"Benjie Val Lumawag","Successfully Login","Login","2024-10-02 08:45:20"
"mary","Successfully Login","Login","2024-10-02 09:19:44"
"Benjie Val Lumawag","Updated product [Topcide lit]","Product","2024-10-02 01:19:58"
"Benjie Val Lumawag","Successfully Login","Login","2024-10-02 10:34:35"
"","Error to add new customer payment [CP-241002105138]","Customer Payment","2024-10-02 02:51:39"
"","Finished customer payment [CP-241002105138]","Customer Payment","2024-10-02 02:51:39"
"Benjie Val Lumawag","Error to add new customer payment [CP-241002105400]","Customer Payment","2024-10-02 02:54:56"
"Benjie Val Lumawag","Error to add new customer payment [CP-241002105538]","Customer Payment","2024-10-02 02:56:12"
"Mariel Alisasis","Successfully Login","Login","2024-10-02 11:00:18"
"Mariel Alisasis","Successfully Login","Login","2024-10-02 11:02:35"
"Benjie Val Lumawag","Successfully Login","Login","2024-10-02 11:17:39"
"Benjie Val Lumawag","Error to add new customer payment [CP-241002111833]","Customer Payment","2024-10-02 03:18:46"
"Benjie Val Lumawag","Finished customer payment [CP-241002111833]","Customer Payment","2024-10-02 11:19:27"
"Mariel Alisasis","Successfully Login","Login","2024-10-02 11:34:14"
"Benjie Val Lumawag","Successfully Login","Login","2024-10-02 11:43:53"
"Benjie Val Lumawag","Error to add new customer payment [CP-241002114436]","Customer Payment","2024-10-02 03:45:00"
"Benjie Val Lumawag","Error to add new customer payment [CP-241002114544]","Customer Payment","2024-10-02 03:46:00"
"Benjie Val Lumawag","Finished customer payment [CP-241002114544]","Customer Payment","2024-10-02 11:47:43"
"Benjie Val Lumawag","Error to add new customer payment [CP-241002114940]","Customer Payment","2024-10-02 03:50:19"
"Benjie Val Lumawag","Error to add new customer payment [CP-241002115337]","Customer Payment","2024-10-02 03:54:02"
"Benjie Val Lumawag","Successfully Login","Login","2024-10-02 11:58:41"
"Benjie Val Lumawag","Error to add new customer payment [CP-241002120938]","Customer Payment","2024-10-02 04:09:56"
"Mariel Alisasis","Successfully Login","Login","2024-10-02 12:32:56"
"","Error to add new customer payment [CP-241002123511]","Customer Payment","2024-10-02 04:35:11"
"","Finished customer payment [CP-241002123511]","Customer Payment","2024-10-02 04:35:11"
"QL Branch","Successfully Login","Login","2024-10-02 12:52:22"
"Mariel Alisasis","Successfully Login","Login","2024-10-02 13:01:21"
"mary","Successfully Login","Login","2024-10-02 13:43:36"
"","Added new customer [alwen alga]","Customer","2024-10-02 14:15:32"
"","Added new customer [jancua]","Customer","2024-10-02 15:17:53"
"","Attempt to add existing customer [oyangorin]","Customer","2024-10-02 15:36:55"
"","Added new customer [oyangorin1]","Customer","2024-10-02 15:36:57"
"mary","Successfully Login","Login","2024-10-02 15:45:16"
"QL Branch","Successfully Login","Login","2024-10-02 16:54:46"
"Mariel Alisasis","Successfully Login","Login","2024-10-02 17:09:13"
"","Error to add new customer payment [CP-241002171209]","Customer Payment","2024-10-02 09:12:09"
"","Finished customer payment [CP-241002171209]","Customer Payment","2024-10-02 09:12:10"
"","Error to add new customer payment [CP-241002171244]","Customer Payment","2024-10-02 09:12:44"
"","Finished customer payment [CP-241002171244]","Customer Payment","2024-10-02 09:12:44"
"","Error to add new customer payment [CP-241002171317]","Customer Payment","2024-10-02 09:13:17"
"","Finished customer payment [CP-241002171317]","Customer Payment","2024-10-02 09:13:18"
"Cherry Mae","Successfully Login","Login","2024-10-02 17:14:27"
"","Error to add new customer payment [CP-241002172147]","Customer Payment","2024-10-02 09:21:47"
"","Finished customer payment [CP-241002172147]","Customer Payment","2024-10-02 09:21:47"
"mary","Successfully Login","Login","2024-10-02 17:37:06"
"Benjie Val Lumawag","Successfully Login","Login","2024-10-02 17:42:43"
"mary","Successfully Login","Login","2024-10-02 17:43:04"
"Benjie Val Lumawag","Successfully Login","Login","2024-10-02 20:25:46"
"Benjie Val Lumawag","Successfully Login","Login","2024-10-03 07:54:26"
"Russia","Successfully Login","Login","2024-10-03 08:09:52"
"Cherry Mae","Successfully Login","Login","2024-10-03 08:10:17"
"Benjie Val Lumawag","Updated product [Grow More-Orange]","Product","2024-10-03 00:24:05"
"Benjie Val Lumawag","Updated product [Grow More- Blue ( 10-50-10)]","Product","2024-10-03 00:24:30"
"Benjie Val Lumawag","Updated product [Grow More-Orange]","Product","2024-10-03 00:24:56"
"Benjie Val Lumawag","Updated product [ Wild kid - pack]","Product","2024-10-03 00:25:50"
"Benjie Val Lumawag","Updated product [agrowell- liter]","Product","2024-10-03 00:26:04"
"","Added new customer [Divina]","Customer","2024-10-03 08:30:35"
"Benjie Val Lumawag","Added new product [Sweep Lit]","Product","2024-10-03 00:34:28"
"Mariel Alisasis","Successfully Login","Login","2024-10-03 09:14:06"
"QL Branch","Successfully Login","Login","2024-10-03 09:40:30"
"","Error to add new customer payment [CP-241003104106]","Customer Payment","2024-10-03 02:41:06"
"","Finished customer payment [CP-241003104106]","Customer Payment","2024-10-03 02:41:06"
"","Error to add new customer payment [CP-241003112613]","Customer Payment","2024-10-03 03:26:13"
"","Finished customer payment [CP-241003112613]","Customer Payment","2024-10-03 03:26:13"
"","Added new customer [shalana]","Customer","2024-10-03 12:19:59"
"","Added new customer [mamandang]","Customer","2024-10-03 14:22:19"
"Benjie Val Lumawag","Updated product [Expert- Pre Starter 25kg]","Product","2024-10-03 07:02:51"
"Mariel Alisasis","Successfully Login","Login","2024-10-03 16:56:03"
"Benjie Val Lumawag","Successfully Login","Login","2024-10-03 17:26:46"
"Benjie Val Lumawag","Updated product [White Corn-Sack] => [White Corn-50kg]","Product","2024-10-03 09:29:22"
"Benjie Val Lumawag","Successfully Login","Login","2024-10-03 22:49:06"
"Benjie Val Lumawag","Successfully Login","Login","2024-10-04 11:13:27"
"Benjie Val Lumawag","Successfully Login","Login","2024-10-05 06:10:25"
"mary","Successfully Login","Login","2024-10-05 06:28:09"
"","Added new customer [dodoy]","Customer","2024-10-05 06:38:55"
"Benjie Val Lumawag","Successfully Login","Login","2024-10-05 06:39:14"
"QL Branch","Successfully Login","Login","2024-10-05 06:43:59"
"","Added new customer [Noroniza Talib]","Customer","2024-10-05 07:05:12"
"","Added new customer [Baliton]","Customer","2024-10-05 07:19:15"
"","Added new customer [lopez]","Customer","2024-10-05 07:32:40"
"","Added new customer [Recabo]","Customer","2024-10-05 07:37:02"
"mary","Successfully Login","Login","2024-10-05 07:39:24"
"Benjie Val Lumawag","Successfully Login","Login","2024-10-05 08:09:28"
"","Added new customer [Ellorin]","Customer","2024-10-05 08:12:31"
"","Attempt to add existing customer [Gregorio]","Customer","2024-10-05 08:15:42"
"","Added new customer [Gregorio1]","Customer","2024-10-05 08:15:45"
"QL Branch","Successfully Login","Login","2024-10-05 08:33:07"
"","Added new customer [Abah]","Customer","2024-10-05 08:52:26"
"","Added new customer [Davin]","Customer","2024-10-05 08:52:37"
"","Added new customer [Hardinico]","Customer","2024-10-05 08:58:15"
"","Added new customer [LGU Banisilan]","Customer","2024-10-05 09:18:12"
"","Added new customer [querinio]","Customer","2024-10-05 09:21:49"
"","Added new customer [badilles]","Customer","2024-10-05 09:28:38"
"","Added new customer [beleganio]","Customer","2024-10-05 09:59:59"
"","Added new customer [Binidicto]","Customer","2024-10-05 10:07:01"
"","Added new customer [Bansales]","Customer","2024-10-05 10:09:04"
"mary","Successfully Login","Login","2024-10-05 10:18:14"
"","Added new customer [Apao]","Customer","2024-10-05 10:41:28"
"","Added new customer [Erennio]","Customer","2024-10-05 10:51:24"
"","Added new customer [Sarikaya]","Customer","2024-10-05 11:03:06"
"","Added new customer [ballera]","Customer","2024-10-05 11:10:57"
"Benjie Val Lumawag","Successfully Login","Login","2024-10-05 12:04:54"
"Benjie Val Lumawag","Updated product [Grace-Sack]","Product","2024-10-05 04:06:35"
"Benjie Val Lumawag","Updated product [Idol 25kg]","Product","2024-10-05 04:07:08"
"","Error to add new customer payment [CP-241005121639]","Customer Payment","2024-10-05 04:16:39"
"","Finished customer payment [CP-241005121639]","Customer Payment","2024-10-05 04:16:40"
"","Error to add new customer payment [CP-241005121657]","Customer Payment","2024-10-05 04:16:57"
"","Finished customer payment [CP-241005121657]","Customer Payment","2024-10-05 04:16:57"
"","Error to add new customer payment [CP-241005122153]","Customer Payment","2024-10-05 04:21:53"
"","Finished customer payment [CP-241005122153]","Customer Payment","2024-10-05 04:21:53"
"","Error to add new customer payment [CP-241005122852]","Customer Payment","2024-10-05 04:28:52"
"","Finished customer payment [CP-241005122852]","Customer Payment","2024-10-05 04:28:52"
"","Added new customer [erwila]","Customer","2024-10-05 14:45:08"
"","Added new customer [tukod ali]","Customer","2024-10-05 15:04:23"
"Benjie Val Lumawag","Successfully Login","Login","2024-10-05 16:05:20"
"Benjie Val Lumawag","Successfully Login","Login","2024-10-06 06:15:41"
"Benjie Val Lumawag","Added new product [Ukay2x- 8131]","Product","2024-10-05 22:19:59"
"mary","Successfully Login","Login","2024-10-06 06:29:30"
"Benjie Val Lumawag","Successfully Login","Login","2024-10-06 06:38:02"
"mary","Successfully Login","Login","2024-10-06 06:47:49"
"Cherry Mae","Successfully Login","Login","2024-10-06 07:21:09"
"Benjie Val Lumawag","Successfully Login","Login","2024-10-06 09:23:02"
"","Error to add new customer payment [CP-241006093337]","Customer Payment","2024-10-06 01:33:37"
"","Finished customer payment [CP-241006093337]","Customer Payment","2024-10-06 01:33:38"
"","Error to add new customer payment [CP-241006093405]","Customer Payment","2024-10-06 01:34:05"
"","Finished customer payment [CP-241006093405]","Customer Payment","2024-10-06 01:34:06"
"","Error to add new customer payment [CP-241006093427]","Customer Payment","2024-10-06 01:34:27"
"","Finished customer payment [CP-241006093427]","Customer Payment","2024-10-06 01:34:27"
"","Error to add new customer payment [CP-241006093446]","Customer Payment","2024-10-06 01:34:46"
"","Finished customer payment [CP-241006093446]","Customer Payment","2024-10-06 01:34:46"
"","Error to add new customer payment [CP-241006094525]","Customer Payment","2024-10-06 01:45:25"
"","Finished customer payment [CP-241006094525]","Customer Payment","2024-10-06 01:45:26"
"","Added new customer [baling rose marie]","Customer","2024-10-06 09:48:34"
"","Added new customer [velasco]","Customer","2024-10-06 09:50:56"
"","Added new customer [bagay leziel]","Customer","2024-10-06 09:51:39"
"Mariel Alisasis","Successfully Login","Login","2024-10-06 09:56:38"
"mary","Successfully Login","Login","2024-10-06 10:21:39"
"Benjie Val Lumawag","Successfully Login","Login","2024-10-06 11:17:52"
"mary","Successfully Login","Login","2024-10-06 12:16:30"
"","Added new customer [dajay]","Customer","2024-10-06 12:57:16"
"mary","Successfully Login","Login","2024-10-06 13:19:50"
"Benjie Val Lumawag","Successfully Login","Login","2024-10-06 13:23:35"
"","Added new customer [pacunla]","Customer","2024-10-06 14:09:59"
"","Added new customer [serue andres]","Customer","2024-10-06 14:46:01"
"Benjie Val Lumawag","Updated product [Bioseed-9541]","Product","2024-10-06 06:55:32"
"","Added new customer [callledo edcar]","Customer","2024-10-06 15:18:41"
"","Added new customer [calledo edgar]","Customer","2024-10-06 15:19:08"
"","Added new customer [Piscala]","Customer","2024-10-06 15:52:21"
"","Added new customer [singco]","Customer","2024-10-06 15:54:04"
"Benjie Val Lumawag","Successfully Login","Login","2024-10-06 17:31:50"
"","Added new customer [Benjie Val/Karugmanan]","Customer","2024-10-06 17:51:33"
"Benjie Val Lumawag","Successfully Login","Login","2024-10-06 18:32:39"
"","Added new customer [domeli]","Customer","2024-10-07 06:33:55"
"mary","Successfully Login","Login","2024-10-07 07:21:16"
"mary","Successfully Login","Login","2024-10-07 09:03:32"
"Benjie Val Lumawag","Successfully Login","Login","2024-10-07 10:29:45"
"Benjie Val Lumawag","Successfully Login","Login","2024-10-07 10:57:28"
"Benjie Val Lumawag","Updated product [bayluscide-liter]","Product","2024-10-07 03:00:44"
"Benjie Val Lumawag","Updated product [Bayluscide 500ml]","Product","2024-10-07 03:00:58"
"Benjie Val Lumawag","Successfully Login","Login","2024-10-07 11:28:58"
"","Added new customer [nietes]","Customer","2024-10-07 12:58:10"
"","Added new customer [quinoviba]","Customer","2024-10-07 13:31:32"
"mary","Successfully Login","Login","2024-10-07 14:39:41"
"Benjie Val Lumawag","Successfully Login","Login","2024-10-07 15:56:52"
"Benjie Val Lumawag","Successfully Login","Login","2024-10-07 17:55:32"
"Benjie Val Lumawag","Successfully Login","Login","2024-10-07 21:16:08"
"Benjie Val Lumawag","Updated product [PowerGrains 7 kinds-25kg]","Product","2024-10-07 13:17:13"
"Benjie Val Lumawag","Updated product [PowerGrains Concentrate-25kg]","Product","2024-10-07 13:17:36"
"Benjie Val Lumawag","Updated product [PowerGrains Slasher-25kg]","Product","2024-10-07 13:17:53"
"Benjie Val Lumawag","Updated product [PowerGrains Slasher-25kg]","Product","2024-10-07 13:19:15"
"Benjie Val Lumawag","Updated product [PowerGrains Slasher-1kg]","Product","2024-10-07 13:19:48"
"Benjie Val Lumawag","Updated product [Integra 1000-sack]","Product","2024-10-07 13:37:02"
"Benjie Val Lumawag","Updated product [Clear out 5L]","Product","2024-10-07 13:40:38"
"Benjie Val Lumawag","Successfully Login","Login","2024-10-08 06:22:48"
"Benjie Val Lumawag","Successfully Login","Login","2024-10-08 07:10:25"
"Benjie Val Lumawag","Updated product [Integra 1000-sack] => [Integra 1000-Sack( 50kg)]","Product","2024-10-07 23:18:32"
"Benjie Val Lumawag","Updated product [Integra 1000-Sack( 50kg)] => [Integra 1-Sack( 50kg)]","Product","2024-10-07 23:19:12"
"Benjie Val Lumawag","Updated product [Integra 1-Sack( 50kg)] => [Integra 1- 50kg]","Product","2024-10-07 23:19:37"
"Benjie Val Lumawag","Updated product [Integra 2000-sack] => [Integra 2-50kg]","Product","2024-10-07 23:20:04"
"Benjie Val Lumawag","Updated product [Integra 3000-sack] => [Integra 3-50kg]","Product","2024-10-07 23:20:18"
"Benjie Val Lumawag","Updated product [Integra 3000 plus] => [Integra 3+ - 50kg]","Product","2024-10-07 23:20:49"
"Benjie Val Lumawag","Updated product [Integra 1000- 1Kg] => [Integra 1- 1Kg]","Product","2024-10-07 23:36:34"
"Benjie Val Lumawag","Updated product [Integra 2000-1kg] => [Integra 2-1kg]","Product","2024-10-07 23:36:47"
"Benjie Val Lumawag","Updated product [Integra 3000- 1kg] => [Integra 3- 1kg]","Product","2024-10-07 23:37:17"
"Benjie Val Lumawag","Updated product [Integra 3000 plus- 1kg] => [Integra 3+ - 1kg]","Product","2024-10-07 23:37:35"
"Benjie Val Lumawag","Updated product [GalMax 1- sack] => [GalMax 1- 50kg]","Product","2024-10-07 23:38:04"
"Benjie Val Lumawag","Updated product [GalMax 2- sack] => [GalMax 2- 50kg]","Product","2024-10-07 23:38:16"
"Benjie Val Lumawag","Updated product [GalMax 2 plus- sack] => [GalMax 2+ - 50kg]","Product","2024-10-07 23:38:36"
"Benjie Val Lumawag","Updated product [Galmax 21- 50 kg] => [Galmax21- 50 kg]","Product","2024-10-07 23:38:50"
"Benjie Val Lumawag","Updated product [GalMax 2plus- 1Kg] => [GalMax 2+ - 1Kg]","Product","2024-10-07 23:39:19"
"Benjie Val Lumawag","Updated product [Galmax 3 Red -Sack] => [Galmax 3 Red -50kg]","Product","2024-10-07 23:39:39"
"Benjie Val Lumawag","Updated product [P 3530] => [P 3530-Bag]","Product","2024-10-07 23:40:37"
"Benjie Val Lumawag","Updated product [P 3645] => [P 3645-Bag]","Product","2024-10-07 23:40:55"
"Benjie Val Lumawag","Updated product [P3585] => [P3585-Bag]","Product","2024-10-07 23:41:17"
"Benjie Val Lumawag","Updated product [NK 6505] => [NK 6505-Bag]","Product","2024-10-07 23:41:28"
"Benjie Val Lumawag","Updated product [NK 6410] => [NK 6410-Bag]","Product","2024-10-07 23:41:37"
"Benjie Val Lumawag","Updated product [NK 6130] => [NK 6130-Bag]","Product","2024-10-07 23:41:46"
"Benjie Val Lumawag","Updated product [Ukay2x- 8131]","Product","2024-10-07 23:44:16"
"","Added new customer [Quiamco]","Customer","2024-10-08 07:44:56"
"","Added new customer [Maam Charina]","Customer","2024-10-08 07:48:44"
"QL Branch","Successfully Login","Login","2024-10-08 07:49:49"
"","Error to add new customer payment [CP-241008075910]","Customer Payment","2024-10-07 23:59:10"
"","Error to add new customer payment [CP-241008081807]","Customer Payment","2024-10-08 00:18:07"
"Benjie Val Lumawag","Successfully Login","Login","2024-10-08 09:16:49"
"Benjie Val Lumawag","Updated product [16200-Atlas]","Product","2024-10-08 01:18:05"
"Benjie Val Lumawag","Updated product [16200-Harvester]","Product","2024-10-08 01:18:57"
"","Added new customer [ampadi]","Customer","2024-10-08 10:17:07"
"","Added new customer [hassan]","Customer","2024-10-08 10:29:23"
"Benjie Val Lumawag","Successfully Login","Login","2024-10-08 10:40:56"
"Mariel Alisasis","Successfully Login","Login","2024-10-08 11:15:37"
"Cherry Mae","Successfully Login","Login","2024-10-08 11:28:39"
"Mariel Alisasis","Successfully Login","Login","2024-10-08 12:16:47"
"Benjie Val Lumawag","Successfully Login","Login","2024-10-08 13:35:15"
"Benjie Val Lumawag","Successfully Login","Login","2024-10-08 15:12:36"
"Benjie Val Lumawag","Successfully Login","Login","2024-10-08 17:31:11"
"","Added new customer [bayani]","Customer","2024-10-08 17:34:13"
"","Added new customer [cris]","Customer","2024-10-08 17:39:58"
"Benjie Val Lumawag","Successfully Login","Login","2024-10-09 05:57:55"
"","Added new customer [Erogio]","Customer","2024-10-09 06:10:19"
"","Attempt to add existing customer [EROGIO]","Customer","2024-10-09 07:46:10"
"","Added new customer [vicada]","Customer","2024-10-09 08:12:17"
"Benjie Val Lumawag","Successfully Login","Login","2024-10-09 09:05:06"
"Benjie Val Lumawag","Updated product [Cabrio 500ml]","Product","2024-10-09 03:17:20"
"Benjie Val Lumawag","Updated product [Cabrio 250ml]","Product","2024-10-09 03:17:38"
"Benjie Val Lumawag","Updated product [Sofit - liter]","Product","2024-10-09 03:18:13"
"Benjie Val Lumawag","Updated product [Vindex- liter ]","Product","2024-10-09 03:19:08"
"Benjie Val Lumawag","Updated product [Vindex  500ml]","Product","2024-10-09 03:19:34"
"","Added new customer [naran]","Customer","2024-10-09 11:58:20"
"","Added new customer [Abuno]","Customer","2024-10-09 14:18:41"
"Benjie Val Lumawag","Successfully Login","Login","2024-10-09 14:20:42"
"","Added new customer [Sumbray]","Customer","2024-10-09 15:45:23"
"Benjie Val Lumawag","Successfully Login","Login","2024-10-09 17:14:33"
"","Error to add new customer payment [CP-241009172731]","Customer Payment","2024-10-09 09:27:31"
"","Finished customer payment [CP-241009172731]","Customer Payment","2024-10-09 09:27:31"
"","Error to add new customer payment [CP-241009172836]","Customer Payment","2024-10-09 09:28:36"
"","Finished customer payment [CP-241009172836]","Customer Payment","2024-10-09 09:28:37"
"","Error to add new customer payment [CP-241009173016]","Customer Payment","2024-10-09 09:30:16"
"","Finished customer payment [CP-241009173016]","Customer Payment","2024-10-09 09:30:17"
"Benjie Val Lumawag","Successfully Login","Login","2024-10-09 20:27:12"
"Benjie Val Lumawag","Successfully Login","Login","2024-10-10 06:22:07"
"","Added new customer [arguilles]","Customer","2024-10-10 06:38:03"
"Cherry Mae","Successfully Login","Login","2024-10-10 07:16:47"
"mary","Successfully Login","Login","2024-10-10 08:58:01"
"","Added new customer [Dilla]","Customer","2024-10-10 09:56:58"
"mary","Successfully Login","Login","2024-10-10 10:30:39"
"Benjie Val Lumawag","Successfully Login","Login","2024-10-10 11:51:37"
"Benjie Val Lumawag","Successfully Login","Login","2024-10-10 12:57:43"
"Benjie Val Lumawag","Updated product [2100-Harvester]","Product","2024-10-10 04:58:02"
"Benjie Val Lumawag","Updated product [4600-Harvester]","Product","2024-10-10 04:58:10"
"Cherry Mae","Successfully Login","Login","2024-10-10 13:00:05"
"Benjie Val Lumawag","Successfully Login","Login","2024-10-10 13:05:23"
"Benjie Val Lumawag","Updated product [2100-Harvester]","Product","2024-10-10 05:05:52"
"Benjie Val Lumawag","Updated product [4600-Harvester]","Product","2024-10-10 05:06:01"
"Benjie Val Lumawag","Error to add new customer payment [CP-241010130804]","Customer Payment","2024-10-10 05:08:16"
"Benjie Val Lumawag","Finished customer payment [CP-241010130804]","Customer Payment","2024-10-10 13:09:16"
"Benjie Val Lumawag","Error to add new customer payment [CP-241010130919]","Customer Payment","2024-10-10 05:09:30"
"Benjie Val Lumawag","Finished customer payment [CP-241010130919]","Customer Payment","2024-10-10 13:10:16"
"Benjie Val Lumawag","Updated product [Tekweed Gallon]","Product","2024-10-10 06:20:12"
"","Added new customer [Gardose]","Customer","2024-10-10 14:32:43"
"mary","Successfully Login","Login","2024-10-10 14:37:47"
"Benjie Val Lumawag","Successfully Login","Login","2024-10-10 16:01:49"
"mary","Successfully Login","Login","2024-10-10 16:06:51"
"Benjie Val Lumawag","Successfully Login","Login","2024-10-10 16:30:44"
"Benjie Val Lumawag","Successfully Login","Login","2024-10-10 16:47:41"
"mary","Successfully Login","Login","2024-10-10 17:15:04"
"Benjie Val Lumawag","Successfully Login","Login","2024-10-10 18:27:27"
"mary","Successfully Login","Login","2024-10-11 06:41:41"
"Benjie Val Lumawag","Successfully Login","Login","2024-10-11 07:08:49"
"Benjie Val Lumawag","Updated product [16200-Atlas]","Product","2024-10-10 23:10:01"
"","Added new customer [baldivieso boy2x]","Customer","2024-10-11 07:29:28"
"","Added new customer [peñas]","Customer","2024-10-11 08:01:40"
"","Added new customer [Mamajo]","Customer","2024-10-11 09:28:42"
"","Added new customer [Mamaw]","Customer","2024-10-11 09:29:25"
"","Added new customer [musa]","Customer","2024-10-11 10:12:49"
"","Error to add new customer payment [CP-241011111708]","Customer Payment","2024-10-11 03:17:08"
"","Finished customer payment [CP-241011111708]","Customer Payment","2024-10-11 03:17:08"
"mary","Successfully Login","Login","2024-10-11 12:00:41"
"Benjie Val Lumawag","Successfully Login","Login","2024-10-11 13:30:23"
"","Added new customer [Mendoza]","Customer","2024-10-11 15:24:39"
"","Error to add new customer payment [CP-241011160132]","Customer Payment","2024-10-11 08:01:32"
"mary","Successfully Login","Login","2024-10-11 16:01:50"
"","Added new customer [Dedios, Joy]","Customer","2024-10-11 16:28:59"
"","Added new customer [sanches]","Customer","2024-10-11 16:48:40"
"Benjie Val Lumawag","Successfully Login","Login","2024-10-11 16:51:53"
"QL Branch","Successfully Login","Login","2024-10-11 17:18:02"
"","Added new customer [Agsara]","Customer","2024-10-12 06:10:11"
"Benjie Val Lumawag","Successfully Login","Login","2024-10-12 06:40:40"
"Benjie Val Lumawag","Successfully Login","Login","2024-10-12 07:13:16"
"Cherry Mae","Successfully Login","Login","2024-10-12 09:07:09"
"Benjie Val Lumawag","Successfully Login","Login","2024-10-12 10:22:47"
"Benjie Val Lumawag","Successfully Login","Login","2024-10-12 10:54:41"
"","Added new customer [autior]","Customer","2024-10-12 12:01:10"
"","Error to add new customer payment [CP-241012121050]","Customer Payment","2024-10-12 04:10:50"
"","Finished customer payment [CP-241012121050]","Customer Payment","2024-10-12 04:10:51"
"","Attempt to add existing customer [Pagulong]","Customer","2024-10-12 12:51:17"
"","Attempt to add existing customer [Pagulong]","Customer","2024-10-12 12:51:20"
"","Error to add new customer payment [CP-241012125848]","Customer Payment","2024-10-12 04:58:48"
"","Finished customer payment [CP-241012125848]","Customer Payment","2024-10-12 04:58:48"
"","Error to add new customer payment [CP-241012125915]","Customer Payment","2024-10-12 04:59:15"
"","Finished customer payment [CP-241012125915]","Customer Payment","2024-10-12 04:59:15"
"","Error to add new customer payment [CP-241012125944]","Customer Payment","2024-10-12 04:59:44"
"","Finished customer payment [CP-241012125944]","Customer Payment","2024-10-12 04:59:45"
"","Error to add new customer payment [CP-241012130039]","Customer Payment","2024-10-12 05:00:39"
"","Finished customer payment [CP-241012130039]","Customer Payment","2024-10-12 05:00:40"
"","Error to add new customer payment [CP-241012130054]","Customer Payment","2024-10-12 05:00:54"
"","Finished customer payment [CP-241012130054]","Customer Payment","2024-10-12 05:00:54"
"","Error to add new customer payment [CP-241012130104]","Customer Payment","2024-10-12 05:01:04"
"","Finished customer payment [CP-241012130104]","Customer Payment","2024-10-12 05:01:05"
"","Added new customer [barquilla]","Customer","2024-10-12 13:03:12"
"","Added new customer [Basio]","Customer","2024-10-12 13:59:48"
"","Added new customer [amance]","Customer","2024-10-12 14:51:09"
"","Added new customer [calunding1]","Customer","2024-10-12 15:30:35"
"Benjie Val Lumawag","Successfully Login","Login","2024-10-12 17:03:47"
"QL Branch","Successfully Login","Login","2024-10-12 17:16:28"
"Benjie Val Lumawag","Successfully Login","Login","2024-10-12 17:29:41"
"Cherry Mae","Successfully Login","Login","2024-10-12 17:57:49"
"Benjie Val Lumawag","Successfully Login","Login","2024-10-13 05:59:48"
"Benjie Val Lumawag","Successfully Login","Login","2024-10-13 06:33:44"
"Benjie Val Lumawag","Updated product [Evo-709]","Product","2024-10-12 23:07:17"
"","Attempt to add existing customer [Muyco]","Customer","2024-10-13 07:58:24"
"Benjie Val Lumawag","Successfully Login","Login","2024-10-13 08:26:41"
"Benjie Val Lumawag","Updated product [24D-Amine -Gallon]","Product","2024-10-13 00:40:13"
"Benjie Val Lumawag","Updated product [Glyzone-Gallon]","Product","2024-10-13 00:40:26"
"Benjie Val Lumawag","Successfully Login","Login","2024-10-13 09:11:17"
"","Error to add new customer payment [CP-241013105543]","Customer Payment","2024-10-13 02:55:43"
"Benjie Val Lumawag","Successfully Login","Login","2024-10-13 11:38:31"
"","Error to add new customer payment [CP-241013121512]","Customer Payment","2024-10-13 04:15:12"
"","Finished customer payment [CP-241013121512]","Customer Payment","2024-10-13 04:15:12"
"","Error to add new customer payment [CP-241013121807]","Customer Payment","2024-10-13 04:18:07"
"","Finished customer payment [CP-241013121807]","Customer Payment","2024-10-13 04:18:08"
"","Error to add new customer payment [CP-241013121906]","Customer Payment","2024-10-13 04:19:06"
"","Finished customer payment [CP-241013121906]","Customer Payment","2024-10-13 04:19:06"
"Benjie Val Lumawag","Successfully Login","Login","2024-10-13 12:38:40"
"","Added new customer [jahandoni]","Customer","2024-10-13 13:23:36"
"QL Branch","Successfully Login","Login","2024-10-13 14:13:36"
"","Added new customer [Apelepe]","Customer","2024-10-13 15:25:34"
"","Added new customer [alentine]","Customer","2024-10-13 15:34:35"
"","Added new customer [Valentine]","Customer","2024-10-13 15:36:00"
"","Added new customer [Janilla serrano]","Customer","2024-10-13 15:50:06"
"Benjie Val Lumawag","Successfully Login","Login","2024-10-13 15:50:33"
"","Added new customer [edensio]","Customer","2024-10-13 15:55:51"
"Benjie Val Lumawag","Successfully Login","Login","2024-10-13 16:08:23"
"","Added new customer [salon]","Customer","2024-10-13 16:22:10"
"Benjie Val Lumawag","Successfully Login","Login","2024-10-13 22:55:48"
"Benjie Val Lumawag","Successfully Login","Login","2024-10-14 06:13:17"
"","Added new customer [tangonan]","Customer","2024-10-14 07:06:09"
"Cherry Mae","Successfully Login","Login","2024-10-14 07:08:39"
"","Attempt to add existing customer [madrio]","Customer","2024-10-14 07:13:09"
"","Attempt to add existing customer [madrio]","Customer","2024-10-14 07:13:17"
"Benjie Val Lumawag","Updated product [Firestorm- Gallon]","Product","2024-10-14 00:56:28"
"Benjie Val Lumawag","Updated product [Firestorm- liter]","Product","2024-10-14 00:56:48"
"Benjie Val Lumawag","Updated product [Firestorm- Gallon]","Product","2024-10-14 00:56:58"
"Benjie Val Lumawag","Updated product [Firestorm Gal-Cases]","Product","2024-10-14 01:08:42"
"Benjie Val Lumawag","Updated product [Firestorm Lit-Case]","Product","2024-10-14 01:09:32"
"Benjie Val Lumawag","Updated product [Spitfire - Gallon]","Product","2024-10-14 01:11:31"
"","Added new customer [paulino]","Customer","2024-10-14 09:57:11"
"Benjie Val Lumawag","Successfully Login","Login","2024-10-14 10:04:35"
"","Added new customer [Aquino]","Customer","2024-10-14 10:30:30"
"","Error to add new customer payment [CP-241014110317]","Customer Payment","2024-10-14 03:03:17"
"Benjie Val Lumawag","Successfully Login","Login","2024-10-14 11:03:41"
"Cherry Mae","Successfully Login","Login","2024-10-14 11:09:47"
"Benjie Val Lumawag","Successfully Login","Login","2024-10-14 12:46:42"
"Benjie Val Lumawag","Updated product [24D-Amine -Gallon]","Product","2024-10-14 04:47:00"
"Benjie Val Lumawag","Updated product [Firestorm- Gallon]","Product","2024-10-14 04:47:09"
"","Added new customer [dunque]","Customer","2024-10-14 14:22:37"
"Benjie Val Lumawag","Successfully Login","Login","2024-10-14 14:40:14"
"Benjie Val Lumawag","Successfully Login","Login","2024-10-14 15:18:44"
"Benjie Val Lumawag","Updated product [Firestorm- Gallon]","Product","2024-10-14 07:24:00"
"","Error to add new customer payment [CP-241014154501]","Customer Payment","2024-10-14 07:45:01"
"","Finished customer payment [CP-241014154501]","Customer Payment","2024-10-14 07:45:01"
"Cherry Mae","Successfully Login","Login","2024-10-14 17:41:36"
"Benjie Val Lumawag","Successfully Login","Login","2024-10-14 19:00:33"
"Benjie Val Lumawag","Successfully Login","Login","2024-10-15 06:27:53"
"Benjie Val Lumawag","Updated product [P3585-Bag]","Product","2024-10-14 22:39:42"
"Benjie Val Lumawag","Updated product [Round up - Gallon]","Product","2024-10-14 23:49:44"
"Benjie Val Lumawag","Successfully Login","Login","2024-10-15 09:06:55"
"","Added new customer [sampol an]","Customer","2024-10-15 10:12:43"
"","Attempt to add existing customer [BAhonsua]","Customer","2024-10-15 11:49:14"
"","Attempt to add existing customer [BAhonsua]","Customer","2024-10-15 11:49:16"
"","Attempt to add existing customer [llORICO]","Customer","2024-10-15 12:48:04"
"","Attempt to add existing customer [llORICO]","Customer","2024-10-15 12:48:07"
"Benjie Val Lumawag","Successfully Login","Login","2024-10-15 13:27:21"
"","Error to add new customer payment [CP-241015132749]","Customer Payment","2024-10-15 05:27:49"
"","Finished customer payment [CP-241015132749]","Customer Payment","2024-10-15 05:27:50"
"","Added new customer [gio]","Customer","2024-10-15 14:00:58"
"","Added new customer [jayma]","Customer","2024-10-15 14:17:23"
"","Added new customer [Alin]","Customer","2024-10-15 14:18:56"
"Benjie Val Lumawag","Successfully Login","Login","2024-10-15 15:38:22"
"Benjie Val Lumawag","Updated product [Reaper-Gal]","Product","2024-10-15 08:59:03"
"Benjie Val Lumawag","Successfully Login","Login","2024-10-15 17:41:15"
"Cherry Mae","Successfully Login","Login","2024-10-15 17:45:25"
"Benjie Val Lumawag","Successfully Login","Login","2024-10-16 06:07:30"
"","Added new customer [Depedro]","Customer","2024-10-16 06:58:04"
"Benjie Val Lumawag","Successfully Login","Login","2024-10-16 07:28:25"
"Benjie Val Lumawag","Updated product [Idol 25kg]","Product","2024-10-16 00:07:02"
"Benjie Val Lumawag","Updated product [Bioseed-101]","Product","2024-10-16 00:07:13"
"Benjie Val Lumawag","Updated product [Bioseed-108]","Product","2024-10-16 00:08:16"
"Benjie Val Lumawag","Updated product [Bioseed-118]","Product","2024-10-16 00:09:35"
"Benjie Val Lumawag","Updated product [Glysinate 15sl Gallon]","Product","2024-10-16 00:10:13"
"Benjie Val Lumawag","Updated product [Hitman Lit]","Product","2024-10-16 00:11:02"
"Benjie Val Lumawag","Updated product [Firestorm- liter]","Product","2024-10-16 00:11:12"
"Benjie Val Lumawag","Updated product [Glysinate 15sl- liter]","Product","2024-10-16 00:11:28"
"Benjie Val Lumawag","Updated product [P3582-POWER CORE]","Product","2024-10-16 00:12:38"
"Cherry Mae","Successfully Login","Login","2024-10-16 08:16:16"
"Cherry Mae","Successfully Login","Login","2024-10-16 08:21:23"
"Benjie Val Lumawag","Updated product [Glufos Gal]","Product","2024-10-16 00:21:45"
"Benjie Val Lumawag","Added new product [Reaper Lit-]","Product","2024-10-16 01:18:33"
"","Added new customer [calindario]","Customer","2024-10-16 09:26:14"
"Benjie Val Lumawag","Updated product [4600-Atlas]","Product","2024-10-16 01:26:36"
"Benjie Val Lumawag","Successfully Login","Login","2024-10-16 09:29:33"
"Cherry Mae","Successfully Login","Login","2024-10-16 09:35:05"
"","Added new customer [orado]","Customer","2024-10-16 09:41:22"
"QL Branch","Successfully Login","Login","2024-10-16 10:01:40"
"","Error to add new customer payment [CP-241016101859]","Customer Payment","2024-10-16 02:18:59"
"","Added new customer [tua]","Customer","2024-10-16 10:28:28"
"Benjie Val Lumawag","Updated product [Salo Salo- 25kg]","Product","2024-10-16 02:40:39"
"Benjie Val Lumawag","Updated product [16200-Amigo]","Product","2024-10-16 02:52:57"
"Benjie Val Lumawag","Updated product [16200-Atlas]","Product","2024-10-16 02:53:10"
"QL Branch","Successfully Login","Login","2024-10-16 11:01:17"
"Benjie Val Lumawag","Updated product [141414-Atlas]","Product","2024-10-16 03:33:03"
"Benjie Val Lumawag","Updated product [16200-Atlas]","Product","2024-10-16 03:37:08"
"","Added new customer [Esla]","Customer","2024-10-16 13:27:12"
"","Added new customer [rodrigo tonhay jr. tech]","Customer","2024-10-16 14:02:54"
"QL Branch","Successfully Login","Login","2024-10-16 15:15:48"
"","Added new customer [berha]","Customer","2024-10-16 15:50:01"
"Benjie Val Lumawag","Updated product [Bioseed-108]","Product","2024-10-16 08:36:35"
"","Error to add new customer payment [CP-241016164217]","Customer Payment","2024-10-16 08:42:17"
"","Finished customer payment [CP-241016164217]","Customer Payment","2024-10-16 08:42:17"
"","Added new customer [Loro]","Customer","2024-10-16 16:42:40"
"","Added new customer [ermina]","Customer","2024-10-16 16:44:49"
"QL Branch","Successfully Login","Login","2024-10-17 06:46:18"
"Benjie Val Lumawag","Successfully Login","Login","2024-10-17 07:16:25"
"","Added new customer [rupin]","Customer","2024-10-17 07:26:02"
"","Added new customer [paborada]","Customer","2024-10-17 09:35:15"
"","Added new customer [tartahina]","Customer","2024-10-17 09:45:46"
"Benjie Val Lumawag","Successfully Login","Login","2024-10-17 10:18:39"
"","Added new customer [matala kotie]","Customer","2024-10-17 10:41:08"
"","Error to add new customer payment [CP-241017122011]","Customer Payment","2024-10-17 04:20:11"
"","Finished customer payment [CP-241017122011]","Customer Payment","2024-10-17 04:20:12"
"","Added new customer [Acmad]","Customer","2024-10-17 12:37:17"
"","Added new customer [bernaldes]","Customer","2024-10-17 12:40:31"
"Benjie Val Lumawag","Successfully Login","Login","2024-10-17 12:46:35"
"","Added new customer [pacordo jerwin11]","Customer","2024-10-17 13:38:31"
"","Added new customer [rajamuda]","Customer","2024-10-17 13:38:59"
"Benjie Val Lumawag","Successfully Login","Login","2024-10-17 14:32:26"
"Benjie Val Lumawag","Error to add new customer payment [CP-241017143349]","Customer Payment","2024-10-17 06:34:00"
"Benjie Val Lumawag","Finished customer payment [CP-241017143349]","Customer Payment","2024-10-17 14:35:05"
"","Added new customer [ramos]","Customer","2024-10-17 16:17:08"
"Cherry Mae","Successfully Login","Login","2024-10-17 16:19:53"
"Benjie Val Lumawag","Successfully Login","Login","2024-10-17 16:50:32"
"Benjie Val Lumawag","Updated product [Sprayer-Vast] => [Sprayer-Vast 16 Lit]","Product","2024-10-17 09:03:15"
"Benjie Val Lumawag","Attempt to add existing product [Sprayer-Nimbus (Manual)]","Product","2024-10-17 09:21:23"
"Benjie Val Lumawag","Added new product [Sprayer-Nimbus (Manual)]","Product","2024-10-17 09:21:32"
"Benjie Val Lumawag","Updated product [Sprayer-Nimbus (Manual)] => [Sprayer-Vast (Manual)]","Product","2024-10-17 09:22:11"
"Benjie Val Lumawag","Successfully Login","Login","2024-10-18 06:05:31"
"Benjie Val Lumawag","Added new product [Titon Soil Conditioner 50kg]","Product","2024-10-17 22:14:43"
"Benjie Val Lumawag","Successfully Login","Login","2024-10-18 07:40:41"
"","Added new customer [chavez]","Customer","2024-10-18 08:19:08"
"Benjie Val Lumawag","Successfully Login","Login","2024-10-18 08:32:33"
"Benjie Val Lumawag","Successfully Login","Login","2024-10-18 08:41:20"
"Benjie Val Lumawag","Updated product [T-Box Small]","Product","2024-10-18 01:06:33"
"QL Branch","Successfully Login","Login","2024-10-18 09:35:26"
"","Added new customer [palada]","Customer","2024-10-18 10:53:50"
"","Added new customer [Vast Rodrigo]","Customer","2024-10-18 11:09:09"
"Benjie Val Lumawag","Successfully Login","Login","2024-10-18 13:12:02"
"","Added new customer [olveros]","Customer","2024-10-18 15:15:23"
"","Added new customer [yamba]","Customer","2024-10-18 15:23:51"
"Benjie Val Lumawag","Successfully Login","Login","2024-10-18 19:27:00"
"Benjie Val Lumawag","Successfully Login","Login","2024-10-19 06:12:17"
"Benjie Val Lumawag","Successfully Login","Login","2024-10-19 10:52:42"
"Benjie Val Lumawag","Updated product [Idol 25kg]","Product","2024-10-19 02:53:54"
"Benjie Val Lumawag","Updated product [Enerton-1kg]","Product","2024-10-19 02:54:40"
"Benjie Val Lumawag","Updated product [4600-Atlas]","Product","2024-10-19 03:00:04"
"","Attempt to add existing customer [casimero]","Customer","2024-10-19 12:18:06"
"","Attempt to add existing customer [casimero]","Customer","2024-10-19 12:20:36"
"","Added new customer [haliado]","Customer","2024-10-19 13:15:21"
"Benjie Val Lumawag","Successfully Login","Login","2024-10-19 13:40:37"
"Benjie Val Lumawag","Successfully Login","Login","2024-10-19 13:47:08"
"","Added new customer [waly]","Customer","2024-10-19 13:58:12"
"Benjie Val Lumawag","Added new product [Argoz-Liter]","Product","2024-10-19 06:10:09"
"","Added new customer [bagno maso]","Customer","2024-10-19 14:31:42"
"","Added new customer [bagco maso]","Customer","2024-10-19 14:32:31"
"","Added new customer [saidamen]","Customer","2024-10-19 14:37:05"
"","Added new customer [baldevieso charlon]","Customer","2024-10-19 14:57:32"
"","Error to add new customer payment [CP-241019150752]","Customer Payment","2024-10-19 07:07:52"
"","Finished customer payment [CP-241019150752]","Customer Payment","2024-10-19 07:07:53"
"","Error to add new customer payment [CP-241019150833]","Customer Payment","2024-10-19 07:08:33"
"","Finished customer payment [CP-241019150833]","Customer Payment","2024-10-19 07:08:34"
"","Error to add new customer payment [CP-241019161214]","Customer Payment","2024-10-19 08:12:14"
"Cherry Mae","Successfully Login","Login","2024-10-19 16:14:41"
"Cherry Mae","Successfully Login","Login","2024-10-19 16:18:30"
"Cherry Mae","Successfully Login","Login","2024-10-19 17:14:54"
"Benjie Val Lumawag","Successfully Login","Login","2024-10-19 17:41:51"
"Benjie Val Lumawag","Successfully Login","Login","2024-10-19 20:46:26"
"Benjie Val Lumawag","Updated product [Hitman - Gal]","Product","2024-10-19 13:03:25"
"Benjie Val Lumawag","Updated product [Hitman - Gal]","Product","2024-10-19 13:03:37"
"Benjie Val Lumawag","Updated product [Sereni-Gal]","Product","2024-10-19 13:04:05"
"Benjie Val Lumawag","Successfully Login","Login","2024-10-20 06:49:38"
"QL Branch","Successfully Login","Login","2024-10-20 07:00:00"
"Benjie Val Lumawag","Successfully Login","Login","2024-10-20 07:05:00"
"","Added new customer [yu]","Customer","2024-10-20 08:05:34"
"","Added new customer [rodger garcia]","Customer","2024-10-20 09:51:55"
"Benjie Val Lumawag","Successfully Login","Login","2024-10-20 10:11:21"
"Benjie Val Lumawag","Updated product [alecta-gallon]","Product","2024-10-20 02:11:38"
"Benjie Val Lumawag","Successfully Login","Login","2024-10-20 12:03:10"
"Benjie Val Lumawag","Successfully Login","Login","2024-10-20 14:40:19"
"Cherry Mae","Successfully Login","Login","2024-10-20 15:27:24"
"Benjie Val Lumawag","Successfully Login","Login","2024-10-20 15:29:40"
"Benjie Val Lumawag","Successfully Login","Login","2024-10-20 15:41:35"
"","Added new customer [lucio jolito]","Customer","2024-10-20 16:12:02"
"","Error to add new customer payment [CP-241020161817]","Customer Payment","2024-10-20 08:18:17"
"","Finished customer payment [CP-241020161817]","Customer Payment","2024-10-20 08:18:17"
"","Error to add new customer payment [CP-241020163748]","Customer Payment","2024-10-20 08:37:48"
"","Finished customer payment [CP-241020163748]","Customer Payment","2024-10-20 08:37:48"
"","Error to add new customer payment [CP-241020163823]","Customer Payment","2024-10-20 08:38:23"
"","Finished customer payment [CP-241020163823]","Customer Payment","2024-10-20 08:38:23"
"","Error to add new customer payment [CP-241020163857]","Customer Payment","2024-10-20 08:38:57"
"","Finished customer payment [CP-241020163857]","Customer Payment","2024-10-20 08:38:57"
"","Error to add new customer payment [CP-241020163932]","Customer Payment","2024-10-20 08:39:32"
"","Finished customer payment [CP-241020163932]","Customer Payment","2024-10-20 08:39:32"
"","Error to add new customer payment [CP-241020163957]","Customer Payment","2024-10-20 08:39:57"
"","Finished customer payment [CP-241020163957]","Customer Payment","2024-10-20 08:39:57"
"","Error to add new customer payment [CP-241020164034]","Customer Payment","2024-10-20 08:40:34"
"","Finished customer payment [CP-241020164034]","Customer Payment","2024-10-20 08:40:34"
"","Error to add new customer payment [CP-241020164118]","Customer Payment","2024-10-20 08:41:18"
"","Finished customer payment [CP-241020164118]","Customer Payment","2024-10-20 08:41:18"
"","Error to add new customer payment [CP-241020164306]","Customer Payment","2024-10-20 08:43:06"
"","Finished customer payment [CP-241020164306]","Customer Payment","2024-10-20 08:43:06"
"","Error to add new customer payment [CP-241020164338]","Customer Payment","2024-10-20 08:43:38"
"","Finished customer payment [CP-241020164338]","Customer Payment","2024-10-20 08:43:39"
"","Error to add new customer payment [CP-241020164448]","Customer Payment","2024-10-20 08:44:48"
"","Finished customer payment [CP-241020164448]","Customer Payment","2024-10-20 08:44:48"
"Benjie Val Lumawag","Successfully Login","Login","2024-10-20 16:50:05"
"Cherry Mae","Successfully Login","Login","2024-10-21 06:31:37"
"Benjie Val Lumawag","Successfully Login","Login","2024-10-21 07:01:16"
"Cherry Mae","Successfully Login","Login","2024-10-21 08:20:18"
"Benjie Val Lumawag","Successfully Login","Login","2024-10-21 08:25:52"
"","Added new customer [calledo]","Customer","2024-10-21 09:56:42"
"Benjie Val Lumawag","Successfully Login","Login","2024-10-21 10:47:38"
"Benjie Val Lumawag","Updated product [Magnum- 500ml] => [Magnum-500ml]","Product","2024-10-21 02:49:10"
"Cherry Mae","Successfully Login","Login","2024-10-21 10:51:06"
"","Error to add new customer payment [CP-241021105307]","Customer Payment","2024-10-21 02:53:07"
"","Finished customer payment [CP-241021105307]","Customer Payment","2024-10-21 02:53:07"
"","Error to add new customer payment [CP-241021105318]","Customer Payment","2024-10-21 02:53:18"
"","Finished customer payment [CP-241021105318]","Customer Payment","2024-10-21 02:53:19"
"","Added new customer [agsaway]","Customer","2024-10-21 11:17:40"
"","Added new customer [disumimba]","Customer","2024-10-21 11:19:28"
"","Added new customer [cantero]","Customer","2024-10-21 11:51:32"
"","Error to add new customer payment [CP-241021155807]","Customer Payment","2024-10-21 07:58:07"
"Benjie Val Lumawag","Successfully Login","Login","2024-10-21 16:03:29"
"Benjie Val Lumawag","Successfully Login","Login","2024-10-21 16:41:00"
"Benjie Val Lumawag","Successfully Login","Login","2024-10-21 17:33:49"
"Benjie Val Lumawag","Successfully Login","Login","2024-10-21 19:52:14"
"Benjie Val Lumawag","Successfully Login","Login","2024-10-22 07:04:28"
"Benjie Val Lumawag","Successfully Login","Login","2024-10-22 07:07:51"
"Benjie Val Lumawag","Updated product [Premium Grower-Sack] => [Premium Grower 1-Sack]","Product","2024-10-21 23:26:43"
"Benjie Val Lumawag","Added new product [Pigro Premium Grower 2-Sack]","Product","2024-10-21 23:36:26"
"Benjie Val Lumawag","Updated product [Premium Starter-Sack] => [Bmeg Premium Starter-Sack]","Product","2024-10-21 23:37:10"
"Benjie Val Lumawag","Updated product [Premium Grower 1-Sack] => [Bmeg Premium Grower 1-Sack]","Product","2024-10-21 23:37:32"
"Benjie Val Lumawag","Updated product [Premium Grower-1kg] => [Bmeg Premium Grower-1kg]","Product","2024-10-21 23:38:37"
"Benjie Val Lumawag","Updated product [Premium Starter-1Kg] => [Bmeg Premium Starter-1Kg]","Product","2024-10-21 23:38:58"
"Benjie Val Lumawag","Successfully Login","Login","2024-10-22 08:17:35"
"","Added new customer [enqe]","Customer","2024-10-22 08:53:46"
"Benjie Val Lumawag","Successfully Login","Login","2024-10-22 09:29:23"
"Benjie Val Lumawag","Successfully Login","Login","2024-10-22 12:34:40"
"Cherry Mae","Successfully Login","Login","2024-10-22 12:50:11"
"","Added new customer [hermoso]","Customer","2024-10-22 12:56:27"
"","Added new customer [manangka]","Customer","2024-10-22 13:15:09"
"QL Branch","Successfully Login","Login","2024-10-22 14:31:17"
"Benjie Val Lumawag","Successfully Login","Login","2024-10-22 15:01:40"
"Benjie Val Lumawag","Successfully Login","Login","2024-10-22 15:35:08"
"Benjie Val Lumawag","Updated product [Suprema - kalabasa]","Product","2024-10-22 08:03:28"
"Benjie Val Lumawag","Successfully Login","Login","2024-10-22 17:10:41"
"Benjie Val Lumawag","Successfully Login","Login","2024-10-23 07:34:43"
"Benjie Val Lumawag","Updated product [24D-Amine-Gal (Double kill)]","Product","2024-10-22 23:35:16"
"Benjie Val Lumawag","Successfully Login","Login","2024-10-23 10:31:31"
"Benjie Val Lumawag","Successfully Login","Login","2024-10-23 11:12:54"
"","Added new customer [vilma palmaira]","Customer","2024-10-23 16:50:01"
"Benjie Val Lumawag","Successfully Login","Login","2024-10-23 16:50:24"
"Benjie Val Lumawag","Updated product [D-8131s]","Product","2024-10-23 08:50:46"
"","Added new customer [domenes alvin]","Customer","2024-10-23 16:56:36"
"Benjie Val Lumawag","Successfully Login","Login","2024-10-23 17:04:12"
"","Added new customer [kututan]","Customer","2024-10-23 17:20:35"
"","Added new customer [oblimar]","Customer","2024-10-23 17:29:51"
"Benjie Val Lumawag","Updated product [almix-pack]","Product","2024-10-23 09:29:53"
"","Attempt to add existing customer [1]","Customer","2024-10-23 17:39:09"
"","Error to add new customer payment [CP-241023174831]","Customer Payment","2024-10-23 09:48:31"
"","Finished customer payment [CP-241023174831]","Customer Payment","2024-10-23 09:48:31"
"","Error to add new customer payment [CP-241023174950]","Customer Payment","2024-10-23 09:49:50"
"","Finished customer payment [CP-241023174950]","Customer Payment","2024-10-23 09:49:51"
"","Error to add new customer payment [CP-241023175723]","Customer Payment","2024-10-23 09:57:23"
"Benjie Val Lumawag","Successfully Login","Login","2024-10-23 18:34:12"
"Benjie Val Lumawag","Successfully Login","Login","2024-10-24 05:58:10"
"Benjie Val Lumawag","Successfully Login","Login","2024-10-24 06:19:34"
"Benjie Val Lumawag","Successfully Login","Login","2024-10-24 07:14:14"
"Benjie Val Lumawag","Successfully Login","Login","2024-10-24 07:20:57"
"Benjie Val Lumawag","Updated product [Round up - Gallon]","Product","2024-10-23 23:24:50"
"","Error to add new customer payment [CP-241024074536]","Customer Payment","2024-10-23 23:45:36"
"","Finished customer payment [CP-241024074536]","Customer Payment","2024-10-23 23:45:36"
"","Added new customer [Caro joy]","Customer","2024-10-24 10:04:10"
"","Error to add new customer payment [CP-241024101317]","Customer Payment","2024-10-24 02:13:17"
"","Finished customer payment [CP-241024101317]","Customer Payment","2024-10-24 02:13:17"
"","Error to add new customer payment [CP-241024101331]","Customer Payment","2024-10-24 02:13:31"
"","Finished customer payment [CP-241024101331]","Customer Payment","2024-10-24 02:13:32"
"","Added new customer [sarakan]","Customer","2024-10-24 10:39:01"
"Benjie Val Lumawag","Successfully Login","Login","2024-10-24 10:40:10"
"Cherry Mae","Successfully Login","Login","2024-10-24 10:45:07"
"","Added new customer [Pagontalan]","Customer","2024-10-24 11:03:21"
"","Error to add new customer payment [CP-241024111015]","Customer Payment","2024-10-24 03:10:15"
"","Finished customer payment [CP-241024111015]","Customer Payment","2024-10-24 03:10:16"
"","Added new customer [Gandawali]","Customer","2024-10-24 11:58:07"
"","Added new customer [arly lumawag]","Customer","2024-10-24 12:07:47"
"","Added new customer [pampag]","Customer","2024-10-24 13:40:31"
"Benjie Val Lumawag","Successfully Login","Login","2024-10-24 14:06:52"
"Benjie Val Lumawag","Successfully Login","Login","2024-10-24 14:18:39"
"Benjie Val Lumawag","Successfully Login","Login","2024-10-24 14:20:53"
"Benjie Val Lumawag","Successfully Login","Login","2024-10-24 14:28:06"
"Benjie Val Lumawag","Successfully Login","Login","2024-10-24 14:29:32"
"","Error to add new customer payment [CP-241024143608]","Customer Payment","2024-10-24 06:36:08"
"","Finished customer payment [CP-241024143608]","Customer Payment","2024-10-24 06:36:08"
"","Added new customer [bonito]","Customer","2024-10-24 14:48:12"
"","Added new customer [reggie paspe]","Customer","2024-10-24 15:27:17"
"Benjie Val Lumawag","Added new product [Premoxil Powder]","Product","2024-10-24 08:42:34"
"","Error to add new customer payment [CP-241024165007]","Customer Payment","2024-10-24 08:50:07"
"","Finished customer payment [CP-241024165007]","Customer Payment","2024-10-24 08:50:07"
"","Error to add new customer payment [CP-241024170814]","Customer Payment","2024-10-24 09:08:14"
"","Finished customer payment [CP-241024170814]","Customer Payment","2024-10-24 09:08:15"
"","Error to add new customer payment [CP-241024170831]","Customer Payment","2024-10-24 09:08:31"
"","Finished customer payment [CP-241024170831]","Customer Payment","2024-10-24 09:08:31"
"Benjie Val Lumawag","Successfully Login","Login","2024-10-25 05:52:58"
"Benjie Val Lumawag","Successfully Login","Login","2024-10-25 06:41:45"
"QL Branch","Successfully Login","Login","2024-10-25 07:03:54"
"","Added new customer [kadali]","Customer","2024-10-25 08:26:17"
"","Added new customer [Parcon nenmuel]","Customer","2024-10-25 09:16:45"
"","Added new customer [bebeng josy maygay]","Customer","2024-10-25 09:51:57"
"Cherry Mae","Successfully Login","Login","2024-10-25 10:10:55"
"Cherry Mae","Successfully Login","Login","2024-10-25 10:13:53"
"","Error to add new customer payment [CP-241025101504]","Customer Payment","2024-10-25 02:15:04"
"","Finished customer payment [CP-241025101504]","Customer Payment","2024-10-25 02:15:05"
"","Error to add new customer payment [CP-241025101613]","Customer Payment","2024-10-25 02:16:13"
"","Finished customer payment [CP-241025101613]","Customer Payment","2024-10-25 02:16:14"
"","Added new customer [Elhig lanie]","Customer","2024-10-25 10:58:55"
"","Error to add new customer payment [CP-241025124541]","Customer Payment","2024-10-25 04:45:41"
"","Finished customer payment [CP-241025124541]","Customer Payment","2024-10-25 04:45:41"
"Benjie Val Lumawag","Successfully Login","Login","2024-10-25 12:46:46"
"","Added new customer [Serano]","Customer","2024-10-25 12:55:27"
"Benjie Val Lumawag","Updated product [Tahop-Mais-Sack ( Yellow)]","Product","2024-10-25 05:07:14"
"Cherry Mae","Successfully Login","Login","2024-10-25 13:13:50"
"Cherry Mae","Successfully Login","Login","2024-10-25 13:15:19"
"Benjie Val Lumawag","Successfully Login","Login","2024-10-25 13:58:01"
"Benjie Val Lumawag","Updated product [Bioseed-108]","Product","2024-10-25 06:16:24"
"Benjie Val Lumawag","Successfully Login","Login","2024-10-26 05:30:15"
"Benjie Val Lumawag","Added new product [G129 SR]","Product","2024-10-25 21:31:29"
"Benjie Val Lumawag","Added new product [G 9191 SR]","Product","2024-10-25 21:31:58"
"Benjie Val Lumawag","Successfully Login","Login","2024-10-26 06:03:04"
"Benjie Val Lumawag","Successfully Login","Login","2024-10-26 06:27:04"
"","Added new customer [mecanya]","Customer","2024-10-26 07:09:52"
"Cherry Mae","Successfully Login","Login","2024-10-26 11:08:52"
"","Added new customer [kode]","Customer","2024-10-26 13:29:01"
"","Added new customer [Michael Palao]","Customer","2024-10-26 13:29:28"
"","Error to add new customer payment [CP-241026134525]","Customer Payment","2024-10-26 05:45:25"
"","Error to add new customer payment [CP-241026134919]","Customer Payment","2024-10-26 05:49:19"
"Benjie Val Lumawag","Successfully Login","Login","2024-10-26 13:52:24"
"","Attempt to add existing customer [1]","Customer","2024-10-26 14:05:01"
"","Added new customer [jerry dagol]","Customer","2024-10-26 14:05:12"
"","Added new customer [dagulong]","Customer","2024-10-26 14:20:55"
"","Added new customer [alsosa]","Customer","2024-10-26 14:34:57"
"Benjie Val Lumawag","Successfully Login","Login","2024-10-26 14:56:40"
"","Added new customer [guila]","Customer","2024-10-26 15:03:19"
"Benjie Val Lumawag","Successfully Login","Login","2024-10-26 15:16:31"
"Benjie Val Lumawag","Successfully Login","Login","2024-10-26 15:24:48"
"","Error to add new customer payment [CP-241026161559]","Customer Payment","2024-10-26 08:15:59"
"Benjie Val Lumawag","Successfully Login","Login","2024-10-26 16:39:57"
"","Error to add new customer payment [CP-241026165056]","Customer Payment","2024-10-26 08:50:56"
"","Finished customer payment [CP-241026165056]","Customer Payment","2024-10-26 08:50:57"
"","Error to add new customer payment [CP-241026165756]","Customer Payment","2024-10-26 08:57:56"
"","Finished customer payment [CP-241026165756]","Customer Payment","2024-10-26 08:57:57"
"","Error to add new customer payment [CP-241026165806]","Customer Payment","2024-10-26 08:58:06"
"","Finished customer payment [CP-241026165806]","Customer Payment","2024-10-26 08:58:07"
"","Error to add new customer payment [CP-241026165818]","Customer Payment","2024-10-26 08:58:18"
"","Finished customer payment [CP-241026165818]","Customer Payment","2024-10-26 08:58:18"
"","Error to add new customer payment [CP-241026165824]","Customer Payment","2024-10-26 08:58:24"
"","Finished customer payment [CP-241026165824]","Customer Payment","2024-10-26 08:58:24"
"","Error to add new customer payment [CP-241026165832]","Customer Payment","2024-10-26 08:58:32"
"","Finished customer payment [CP-241026165832]","Customer Payment","2024-10-26 08:58:33"
"","Added new customer [Analyn Hambala]","Customer","2024-10-26 17:28:54"
"Benjie Val Lumawag","Successfully Login","Login","2024-10-27 05:45:56"
"","Added new customer [yonting]","Customer","2024-10-27 06:19:44"
"","Added new customer [muillo]","Customer","2024-10-27 06:26:59"
"Benjie Val Lumawag","Successfully Login","Login","2024-10-27 06:51:29"
"Benjie Val Lumawag","Successfully Login","Login","2024-10-27 07:04:29"
"Cherry Mae","Successfully Login","Login","2024-10-27 07:06:17"
"Benjie Val Lumawag","Successfully Login","Login","2024-10-27 07:37:35"
"Benjie Val Lumawag","Added new product [Pissi Sinapid]","Product","2024-10-26 23:51:18"
"QL Branch","Successfully Login","Login","2024-10-27 08:18:04"
"Benjie Val Lumawag","Successfully Login","Login","2024-10-27 11:03:46"
"Benjie Val Lumawag","Updated product [Gaucho 100ml]","Product","2024-10-27 03:07:12"
"Benjie Val Lumawag","Successfully Login","Login","2024-10-27 12:08:03"
"Benjie Val Lumawag","Updated product [advance-500ml] => [Advance-500ml]","Product","2024-10-27 04:10:48"
"Benjie Val Lumawag","Updated product [advance-liter] => [Advance-liter]","Product","2024-10-27 04:11:05"
"Benjie Val Lumawag","Updated product [agrowell- liter] => [Agrowell- liter]","Product","2024-10-27 04:11:57"
"Benjie Val Lumawag","Updated product [alecta-gallon] => [Alecta-Gallon]","Product","2024-10-27 04:12:43"
"Benjie Val Lumawag","Updated product [alecta-liter] => [Alecta-liter]","Product","2024-10-27 04:13:00"
"Benjie Val Lumawag","Updated product [almix-pack] => [Almix-pack]","Product","2024-10-27 04:13:24"
"Benjie Val Lumawag","Updated product [bio 480-gallon] => [Bio 480-gallon]","Product","2024-10-27 04:13:50"
"Benjie Val Lumawag","Updated product [bio 480-liter] => [Bio 480-liter]","Product","2024-10-27 04:14:06"
"Benjie Val Lumawag","Updated product [Clear out 4L] => [Clear out-4 lit]","Product","2024-10-27 04:14:46"
"Benjie Val Lumawag","Updated product [Clincher 500ml] => [Clincher-500ml]","Product","2024-10-27 04:15:26"
"Benjie Val Lumawag","Updated product [Dithane-kilo] => [Dithane-Kilo]","Product","2024-10-27 04:15:57"
"Benjie Val Lumawag","Successfully Login","Login","2024-10-27 13:30:28"
"","Added new customer [Sari2x Store kuya benjie]","Customer","2024-10-27 15:40:05"
"Benjie Val Lumawag","Successfully Login","Login","2024-10-27 15:58:40"
"","Added new customer [Galario]","Customer","2024-10-27 16:26:24"
"Benjie Val Lumawag","Successfully Login","Login","2024-10-27 16:26:48"
"Benjie Val Lumawag","Successfully Login","Login","2024-10-27 16:43:41"
"QL Branch","Successfully Login","Login","2024-10-27 16:50:17"
"Benjie Val Lumawag","Successfully Login","Login","2024-10-27 17:09:53"
"Benjie Val Lumawag","Successfully Login","Login","2024-10-27 17:45:42"
"Benjie Val Lumawag","Successfully Login","Login","2024-10-27 18:12:43"
"Benjie Val Lumawag","Successfully Login","Login","2024-10-28 06:21:58"
"Benjie Val Lumawag","Successfully Login","Login","2024-10-28 06:44:44"
"","Added new customer [penaso]","Customer","2024-10-28 07:21:33"
"Benjie Val Lumawag","Successfully Login","Login","2024-10-28 09:46:07"
"Benjie Val Lumawag","Successfully Login","Login","2024-10-28 14:01:58"
"","Added new customer [balleros]","Customer","2024-10-28 15:07:31"
"Benjie Val Lumawag","Successfully Login","Login","2024-10-28 15:11:04"
"Benjie Val Lumawag","Successfully Login","Login","2024-10-28 15:17:48"
"","Added new customer [bongsod]","Customer","2024-10-28 15:22:50"
"","Added new customer [seranilla]","Customer","2024-10-28 15:23:20"
"","Added new customer [bucoy]","Customer","2024-10-28 15:26:23"
"Benjie Val Lumawag","Updated product [D-8131s]","Product","2024-10-28 07:31:15"
"Benjie Val Lumawag","Successfully Login","Login","2024-10-28 15:57:05"
"","Error to add new customer payment [CP-241028160816]","Customer Payment","2024-10-28 08:08:16"
"Veryen Bajan","Successfully Login","Login","2024-10-28 16:14:52"
"Benjie Val Lumawag","Successfully Login","Login","2024-10-28 16:17:41"
"Cherry Mae","Successfully Login","Login","2024-10-28 16:27:09"
"Cherry Mae","Successfully Login","Login","2024-10-28 16:27:51"
"","Error to add new customer payment [CP-241028163416]","Customer Payment","2024-10-28 08:34:16"
"","Finished customer payment [CP-241028163416]","Customer Payment","2024-10-28 08:34:17"
"Benjie Val Lumawag","Successfully Login","Login","2024-10-28 16:41:18"
"","Error to add new customer payment [CP-241028165057]","Customer Payment","2024-10-28 08:50:57"
"","Finished customer payment [CP-241028165057]","Customer Payment","2024-10-28 08:50:57"
"Benjie Val Lumawag","Successfully Login","Login","2024-10-28 16:55:34"
"","Added new customer [sumondong]","Customer","2024-10-28 16:56:11"
"Benjie Val Lumawag","Successfully Login","Login","2024-10-28 17:09:35"
"Benjie Val Lumawag","Successfully Login","Login","2024-10-28 17:27:11"
"Benjie Val Lumawag","Successfully Login","Login","2024-10-29 06:27:07"
"Benjie Val Lumawag","Successfully Login","Login","2024-10-29 06:38:48"
"Benjie Val Lumawag","Successfully Login","Login","2024-10-29 07:24:56"
"Benjie Val Lumawag","Error to add new customer payment [CP-241029072745]","Customer Payment","2024-10-28 23:27:52"
"Benjie Val Lumawag","Finished customer payment [CP-241029072745]","Customer Payment","2024-10-29 07:28:00"
"Benjie Val Lumawag","Error to add new customer payment [CP-241029072845]","Customer Payment","2024-10-28 23:28:53"
"Benjie Val Lumawag","Finished customer payment [CP-241029072845]","Customer Payment","2024-10-29 07:29:15"
"Benjie Val Lumawag","Finished customer payment [CP-241029072845]","Customer Payment","2024-10-29 07:29:16"
"Benjie Val Lumawag","Error to add new customer payment [CP-241029073055]","Customer Payment","2024-10-28 23:31:00"
"Benjie Val Lumawag","Finished customer payment [CP-241029073055]","Customer Payment","2024-10-29 07:31:47"
"Benjie Val Lumawag","Error to add new customer payment [CP-241029073256]","Customer Payment","2024-10-28 23:33:04"
"Benjie Val Lumawag","Finished customer payment [CP-241029073256]","Customer Payment","2024-10-29 07:33:13"
"Benjie Val Lumawag","Successfully Login","Login","2024-10-29 07:40:55"
"Benjie Val Lumawag","Error to add new customer payment [CP-241029075043]","Customer Payment","2024-10-28 23:50:53"
"Benjie Val Lumawag","Finished customer payment [CP-241029075043]","Customer Payment","2024-10-29 07:52:51"
"Benjie Val Lumawag","Error to add new customer payment [CP-241029075625]","Customer Payment","2024-10-28 23:56:36"
"Benjie Val Lumawag","Finished customer payment [CP-241029075625]","Customer Payment","2024-10-29 07:56:48"
"Benjie Val Lumawag","Error to add new customer payment [CP-241029075804]","Customer Payment","2024-10-28 23:58:13"
"Benjie Val Lumawag","Finished customer payment [CP-241029075804]","Customer Payment","2024-10-29 07:58:39"
"Benjie Val Lumawag","Error to add new customer payment [CP-241029080205]","Customer Payment","2024-10-29 00:02:16"
"Benjie Val Lumawag","Error to add new customer payment [CP-241029080234]","Customer Payment","2024-10-29 00:02:41"
"Benjie Val Lumawag","Finished customer payment [CP-241029080234]","Customer Payment","2024-10-29 08:02:51"
"","Error to add new customer payment [CP-241029081000]","Customer Payment","2024-10-29 00:10:00"
"","Added new customer [losaria]","Customer","2024-10-29 10:13:02"
"Benjie Val Lumawag","Successfully Login","Login","2024-10-29 10:18:49"
"","Added new customer [Norwin dela cruz]","Customer","2024-10-29 10:48:08"
"Benjie Val Lumawag","Successfully Login","Login","2024-10-29 11:32:00"
"Benjie Val Lumawag","Successfully Login","Login","2024-10-29 12:38:06"
"","Added new customer [princess joy sara]","Customer","2024-10-29 13:10:35"
"","Added new customer [doliten]","Customer","2024-10-29 13:47:37"
"","Added new customer [mamarinta]","Customer","2024-10-29 14:07:52"
"","Added new customer [sopelar]","Customer","2024-10-29 14:22:33"
"","Added new customer [Cabilla, Rosemarie]","Customer","2024-10-29 14:37:29"
"Benjie Val Lumawag","Successfully Login","Login","2024-10-29 14:53:14"
"","Error to add new customer payment [CP-241029164002]","Customer Payment","2024-10-29 08:40:02"
"","Finished customer payment [CP-241029164002]","Customer Payment","2024-10-29 08:40:03"
"","Added new customer [maricel mantua]","Customer","2024-10-29 16:45:23"
"Benjie Val Lumawag","Successfully Login","Login","2024-10-29 16:46:39"
"","Added new customer [Tado]","Customer","2024-10-29 17:09:16"
"","Error to add new customer payment [CP-241029171408]","Customer Payment","2024-10-29 09:14:08"
"","Finished customer payment [CP-241029171408]","Customer Payment","2024-10-29 09:14:09"
"","Error to add new customer payment [CP-241029171459]","Customer Payment","2024-10-29 09:14:59"
"","Finished customer payment [CP-241029171459]","Customer Payment","2024-10-29 09:15:00"
"","Error to add new customer payment [CP-241029171558]","Customer Payment","2024-10-29 09:15:58"
"","Finished customer payment [CP-241029171558]","Customer Payment","2024-10-29 09:15:58"
"Benjie Val Lumawag","Successfully Login","Login","2024-10-29 17:55:36"
"Benjie Val Lumawag","Successfully Login","Login","2024-10-30 05:56:13"
"Benjie Val Lumawag","Successfully Login","Login","2024-10-30 06:08:13"
"Benjie Val Lumawag","Added new product [Buffasate 4l-Cases]","Product","2024-10-29 22:12:14"
"Benjie Val Lumawag","Updated product [Buffasate 4l-Cases]","Product","2024-10-29 22:13:31"
"Benjie Val Lumawag","Added new product [Buffasate-Gallon]","Product","2024-10-29 22:14:13"
"Benjie Val Lumawag","Updated product [Buffasate 4l-Cases]","Product","2024-10-29 22:14:39"
"Benjie Val Lumawag","Added new product [Buffasate Lit-Cases]","Product","2024-10-29 22:15:31"
"Benjie Val Lumawag","Added new product [Buffasate-Lit]","Product","2024-10-29 22:15:59"
"","Error to add new customer payment [CP-241030065245]","Customer Payment","2024-10-29 22:52:46"
"","Finished customer payment [CP-241030065245]","Customer Payment","2024-10-29 22:52:46"
"Veryen Bajan","Successfully Login","Login","2024-10-30 07:10:37"
"Veryen Bajan","Successfully Login","Login","2024-10-30 07:12:14"
"Benjie Val Lumawag","Successfully Login","Login","2024-10-30 07:46:24"
"Cherry Mae","Successfully Login","Login","2024-10-30 07:58:48"
"","Added new customer [Mat-ao]","Customer","2024-10-30 08:30:08"
"Veryen Bajan","Successfully Login","Login","2024-10-30 08:35:08"
"","Added new customer [Fabian, Helen]","Customer","2024-10-30 10:19:05"
"","Error to add new customer payment [CP-241030102857]","Customer Payment","2024-10-30 02:28:57"
"","Finished customer payment [CP-241030102857]","Customer Payment","2024-10-30 02:29:00"
"","Added new customer [florentino]","Customer","2024-10-30 12:19:11"
"","Added new customer [osaed]","Customer","2024-10-30 13:29:09"
"","Added new customer [Cabarubias, Elmer]","Customer","2024-10-30 13:36:47"
"","Error to add new customer payment [CP-241030141204]","Customer Payment","2024-10-30 06:12:04"
"Benjie Val Lumawag","Successfully Login","Login","2024-10-30 14:19:09"
"","Added new customer [ereno]","Customer","2024-10-30 15:00:17"
"","Error to add new customer payment [CP-241030171934]","Customer Payment","2024-10-30 09:19:34"
"","Error to add new customer payment [CP-241031061335]","Customer Payment","2024-10-30 22:13:35"
"","Finished customer payment [CP-241031061335]","Customer Payment","2024-10-30 22:13:35"
"Veryen Bajan","Successfully Login","Login","2024-10-31 06:24:44"
"","Added new customer [excel berneza]","Customer","2024-10-31 09:34:35"
"Veryen Bajan","Successfully Login","Login","2024-10-31 10:26:03"
"","Added new customer [rolly]","Customer","2024-10-31 11:28:36"
"","Added new customer [diamante]","Customer","2024-10-31 11:35:00"
"","Added new customer [jenyly gantalao]","Customer","2024-10-31 11:35:22"
"","Added new customer [jefry]","Customer","2024-10-31 11:38:28"
"","Added new customer [rogen gantalao]","Customer","2024-10-31 11:42:09"
"","Added new customer [linsam]","Customer","2024-10-31 12:22:40"
"","Added new customer [opren]","Customer","2024-10-31 12:53:21"
"Veryen Bajan","Successfully Login","Login","2024-10-31 13:38:28"
"","Added new customer [dulangan]","Customer","2024-10-31 14:43:44"
"","Added new customer [alayudan]","Customer","2024-10-31 15:13:39"
"","Error to add new customer payment [CP-241031151344]","Customer Payment","2024-10-31 07:13:44"
"","Finished customer payment [CP-241031151344]","Customer Payment","2024-10-31 07:13:44"
"Veryen Bajan","Successfully Login","Login","2024-10-31 15:22:11"
"","Error to add new customer payment [CP-241031155642]","Customer Payment","2024-10-31 07:56:42"
"","Finished customer payment [CP-241031155642]","Customer Payment","2024-10-31 07:56:43"
"Cherry Mae","Successfully Login","Login","2024-10-31 16:18:35"
"Veryen Bajan","Successfully Login","Login","2024-10-31 16:31:24"
"Cherry Mae","Successfully Login","Login","2024-10-31 17:32:22"
