<<<<<<< Updated upstream
"Benjie Val Lumawag","Successfully Login","Login","2023-08-08 10:33:59"
=======
"","Added new customer [Benola Balong]","Customer","2023-08-01 06:14:13"
"","Added new customer [cabusas]","Customer","2023-08-01 08:53:33"
"Benjie Val Lumawag","Successfully Login","Login","2023-08-01 10:10:48"
"Benjie Val Lumawag","Successfully Login","Login","2023-08-01 11:04:52"
"","Error to add new customer payment [CP-230801134236]","Customer Payment","2023-08-01 05:42:36"
"","Finished customer payment [CP-230801134236]","Customer Payment","2023-08-01 05:42:36"
"","Error to add new customer payment [CP-230801134332]","Customer Payment","2023-08-01 05:43:32"
"","Finished customer payment [CP-230801134332]","Customer Payment","2023-08-01 05:43:32"
"","Added new customer [Briones]","Customer","2023-08-01 13:52:39"
"Benjie Val Lumawag","Successfully Login","Login","2023-08-01 13:58:55"
"Benjie Val Lumawag","Successfully Login","Login","2023-08-02 06:03:30"
"","Error to add new customer payment [CP-230802061750]","Customer Payment","2023-08-01 22:17:50"
"","Finished customer payment [CP-230802061750]","Customer Payment","2023-08-01 22:17:50"
"","Added new customer [Oyangorin]","Customer","2023-08-02 08:46:10"
"","Added new customer [Santotome Betty]","Customer","2023-08-02 09:28:32"
"Benjie Val Lumawag","Successfully Login","Login","2023-08-02 10:06:20"
"Benjie Val Lumawag","Added new product [G Shot gal]","Product","2023-08-02 10:08:06"
"Benjie Val Lumawag","Added new product [Global lit]","Product","2023-08-02 10:15:04"
"Benjie Val Lumawag","Added new product [Cartap- Sino M]","Product","2023-08-02 10:15:59"
"Benjie Val Lumawag","Added new supplier [GenSan Planters Supply]","Supplier","2023-08-02 10:17:53"
"","Added new customer [Bastonero]","Customer","2023-08-02 10:38:17"
"","Added new customer [Estil]","Customer","2023-08-02 11:32:38"
"","Added new customer [Buscato Jomar]","Customer","2023-08-02 12:26:01"
"Benjie Val Lumawag","Successfully Login","Login","2023-08-02 13:06:59"
"Benjie Val Lumawag","Updated product [24D-Amine -Gallon]","Product","2023-08-02 13:07:15"
"Benjie Val Lumawag","Updated product [24D-Amine Gal - Delubyo]","Product","2023-08-02 13:07:25"
"","Added new customer [Ligania Artemio]","Customer","2023-08-02 14:15:58"
"","Added new customer [Silongan, Alima]","Customer","2023-08-02 14:49:48"
"Benjie Val Lumawag","Successfully Login","Login","2023-08-02 15:09:05"
"Benjie Val Lumawag","Successfully Login","Login","2023-08-02 16:30:05"
"Benjie Val Lumawag","Successfully Login","Login","2023-08-02 16:58:38"
"Benjie Val Lumawag","Successfully Login","Login","2023-08-03 05:53:26"
"","Error to add new customer payment [CP-230803070758]","Customer Payment","2023-08-02 23:07:58"
"","Finished customer payment [CP-230803070758]","Customer Payment","2023-08-02 23:07:58"
"","Error to add new customer payment [CP-230803070819]","Customer Payment","2023-08-02 23:08:19"
"","Finished customer payment [CP-230803070819]","Customer Payment","2023-08-02 23:08:19"
"","Error to add new customer payment [CP-230803070855]","Customer Payment","2023-08-02 23:08:55"
"","Finished customer payment [CP-230803070855]","Customer Payment","2023-08-02 23:08:55"
"","Error to add new customer payment [CP-230803081712]","Customer Payment","2023-08-03 00:17:12"
"","Finished customer payment [CP-230803081712]","Customer Payment","2023-08-03 00:17:12"
"","Added new customer [Balogo]","Customer","2023-08-03 09:22:48"
"","Error to add new customer payment [CP-230803093159]","Customer Payment","2023-08-03 01:31:59"
"","Finished customer payment [CP-230803093159]","Customer Payment","2023-08-03 01:31:59"
"","Added new customer [Acan]","Customer","2023-08-03 09:38:49"
"","Error to add new customer payment [CP-230803094257]","Customer Payment","2023-08-03 01:42:57"
"","Finished customer payment [CP-230803094257]","Customer Payment","2023-08-03 01:42:57"
"","Added new customer [lucino]","Customer","2023-08-03 10:37:50"
"","Added new customer [LUMAMBAS,PATAMAMA]","Customer","2023-08-03 11:33:27"
"Benjie Val Lumawag","Successfully Login","Login","2023-08-03 12:15:09"
"","Error to add new customer payment [CP-230803125919]","Customer Payment","2023-08-03 04:59:19"
"","Finished customer payment [CP-230803125919]","Customer Payment","2023-08-03 04:59:19"
"","Added new customer [DIMANDANTI]","Customer","2023-08-03 15:16:18"
"Benjie Val Lumawag","Successfully Login","Login","2023-08-03 15:42:51"
"Benjie Val Lumawag","Updated product [Rice- Idol 20kg]","Product","2023-08-03 15:43:23"
"Benjie Val Lumawag","Updated product [Rice- Idol 25kg]","Product","2023-08-03 15:43:36"
"","Added new customer [Salangan Khalid]","Customer","2023-08-03 16:26:09"
"","Added new customer [Habitacion, April]","Customer","2023-08-03 16:44:21"
"","Added new customer [Mapalo Jerry]","Customer","2023-08-03 16:55:52"
"","Added new customer [Amora]","Customer","2023-08-04 08:45:52"
"Benjie Val Lumawag","Successfully Login","Login","2023-08-04 09:04:49"
"","Added new customer [Aduyodan, Tunda]","Customer","2023-08-04 09:54:15"
"Benjie Val Lumawag","Successfully Login","Login","2023-08-04 10:16:38"
"","Error to add new customer payment [CP-230804102119]","Customer Payment","2023-08-04 02:21:19"
"","Finished customer payment [CP-230804102119]","Customer Payment","2023-08-04 02:21:19"
"","Added new customer [Pila Muslimen]","Customer","2023-08-04 11:24:49"
"Benjie Val Lumawag","Successfully Login","Login","2023-08-04 13:37:39"
"Benjie Val Lumawag","Added new product [NK 6130]","Product","2023-08-04 13:38:01"
"","Error to add new customer payment [CP-230804134052]","Customer Payment","2023-08-04 05:40:52"
"","Finished customer payment [CP-230804134052]","Customer Payment","2023-08-04 05:40:52"
"","Added new customer [Abao]","Customer","2023-08-04 13:53:50"
"Benjie Val Lumawag","Added new product [Supremo gal]","Product","2023-08-04 15:07:50"
"Benjie Val Lumawag","Updated product [Rice- Idol 25kg]","Product","2023-08-04 15:12:08"
"Benjie Val Lumawag","Updated product [Rice- Idol 20kg]","Product","2023-08-04 15:12:17"
"","Added new customer [Sobremisana]","Customer","2023-08-05 07:59:29"
"","Added new customer [Ganduali]","Customer","2023-08-05 09:33:55"
"Benjie Val Lumawag","Successfully Login","Login","2023-08-05 10:38:18"
"Benjie Val Lumawag","Successfully Login","Login","2023-08-05 10:49:31"
"Benjie Val Lumawag","Successfully Login","Login","2023-08-05 11:19:43"
"","Added new customer [Dizon]","Customer","2023-08-05 11:43:47"
"Benjie Val Lumawag","Successfully Login","Login","2023-08-05 12:15:52"
"Benjie Val Lumawag","Added new product [Halex Gal]","Product","2023-08-05 12:18:28"
"","Added new customer [Funa]","Customer","2023-08-05 12:42:39"
"","Attempt to add existing customer [Funa]","Customer","2023-08-05 12:42:39"
"","Attempt to add existing customer [Funa]","Customer","2023-08-05 12:42:39"
"","Attempt to add existing customer [Funa]","Customer","2023-08-05 12:42:39"
"","Attempt to add existing customer [Funa]","Customer","2023-08-05 12:43:12"
"","Attempt to add existing customer [Funa]","Customer","2023-08-05 12:43:14"
"Benjie Val Lumawag","Successfully Login","Login","2023-08-05 14:13:40"
"","Added new customer [Villalobos, Daphny]","Customer","2023-08-05 15:01:01"
"","Added new customer [Aglosolos Jason]","Customer","2023-08-05 16:36:30"
"","Added new customer [Giaplos]","Customer","2023-08-05 16:46:48"
"Benjie Val Lumawag","Successfully Login","Login","2023-08-05 17:23:58"
"","Error to add new customer payment [CP-230805173336]","Customer Payment","2023-08-05 09:33:36"
"Benjie Val Lumawag","Successfully Login","Login","2023-08-05 17:38:32"
"Benjie Val Lumawag","Added new product [Rice-Masipag 25kg]","Product","2023-08-05 17:39:25"
"Benjie Val Lumawag","Successfully Login","Login","2023-08-06 06:08:06"
"","Added new customer [Castor,diding]","Customer","2023-08-06 06:16:20"
"","Error to add new customer payment [CP-230806070126]","Customer Payment","2023-08-05 23:01:26"
"","Finished customer payment [CP-230806070126]","Customer Payment","2023-08-05 23:01:26"
"","Error to add new customer payment [CP-230806075841]","Customer Payment","2023-08-05 23:58:41"
"","Finished customer payment [CP-230806075841]","Customer Payment","2023-08-05 23:58:41"
"","Added new customer [Agrigado]","Customer","2023-08-06 09:00:10"
"","Added new customer [Bagindali Langkoy]","Customer","2023-08-06 10:17:20"
"Benjie Val Lumawag","Successfully Login","Login","2023-08-06 10:25:03"
"Benjie Val Lumawag","Updated product [4600-Danat]","Product","2023-08-06 10:26:13"
"","Error to add new customer payment [CP-230806105721]","Customer Payment","2023-08-06 02:57:21"
"","Added new customer [Deala]","Customer","2023-08-06 13:16:06"
"Benjie Val Lumawag","Successfully Login","Login","2023-08-06 13:18:51"
"","Added new customer [valderrama]","Customer","2023-08-06 14:04:52"
"","Added new customer [Arandoque]","Customer","2023-08-06 16:10:22"
"","Added new customer [Pagiya]","Customer","2023-08-07 07:06:35"
"","Added new customer [Adiong]","Customer","2023-08-07 08:13:36"
"","Added new customer [Aresgado]","Customer","2023-08-07 13:40:26"
"","Added new customer [Celestial Joselito]","Customer","2023-08-07 15:00:24"
"","Added new customer [jamo]","Customer","2023-08-07 15:03:11"
"","Added new customer [Alzosa]","Customer","2023-08-07 15:19:26"
"","Added new customer [Dela Torre, Tessie]","Customer","2023-08-07 16:26:45"
"Benjie Val Lumawag","Successfully Login","Login","2023-08-08 08:05:41"
"","Added new customer [Progellia]","Customer","2023-08-08 10:06:38"
"","Added new customer [MACADATAR]","Customer","2023-08-08 11:29:17"
"","Added new customer [Anok]","Customer","2023-08-08 12:40:30"
"Benjie Val Lumawag","Successfully Login","Login","2023-08-08 14:08:30"
"","Added new customer [Endiape]","Customer","2023-08-08 15:09:31"
"","Added new customer [balangitao]","Customer","2023-08-08 15:39:41"
"Benjie Val Lumawag","Successfully Login","Login","2023-08-08 17:46:27"
"Benjie Val Lumawag","Successfully Login","Login","2023-08-08 18:07:21"
"Benjie Val Lumawag","Successfully Login","Login","2023-08-09 07:20:00"
"","Added new customer [Estomagolang]","Customer","2023-08-09 09:26:17"
"","Added new customer [Patenio]","Customer","2023-08-09 09:46:27"
"","Added new customer [Demonteverde Joselito]","Customer","2023-08-09 15:49:46"
"Benjie Val Lumawag","Successfully Login","Login","2023-08-10 07:24:41"
"Benjie Val Lumawag","Updated product [2100-Atlas]","Product","2023-08-10 07:25:29"
"Benjie Val Lumawag","Updated product [2100-Harvester]","Product","2023-08-10 07:25:45"
"Benjie Val Lumawag","Updated product [2100-Agro Planters]","Product","2023-08-10 07:26:03"
"Benjie Val Lumawag","Successfully Login","Login","2023-08-10 10:29:48"
"Benjie Val Lumawag","Updated product [Rice- Idol 20kg]","Product","2023-08-10 10:30:10"
"","Added new customer [Mamon ]","Customer","2023-08-10 13:48:40"
"","Attempt to add existing customer [Mamon]","Customer","2023-08-10 13:50:26"
"","Attempt to add existing customer [Mamon]","Customer","2023-08-10 13:50:26"
"Benjie Val Lumawag","Successfully Login","Login","2023-08-11 09:35:31"
"Benjie Val Lumawag","Successfully Login","Login","2023-08-11 09:44:17"
"","Added new customer [Beladas, Renato]","Customer","2023-08-11 10:11:38"
"Benjie Val Lumawag","Added new product [Rice-Maragakit 25kg]","Product","2023-08-11 11:43:05"
"Benjie Val Lumawag","Added new product [Rice-Maragakit 20kg]","Product","2023-08-11 11:44:03"
"Benjie Val Lumawag","Added new product [Rice-Maragakit 1kg]","Product","2023-08-11 11:45:41"
"","Added new customer [Costales]","Customer","2023-08-11 12:48:27"
"","Error to add new customer payment [CP-230811132355]","Customer Payment","2023-08-11 05:23:55"
"","Finished customer payment [CP-230811132355]","Customer Payment","2023-08-11 05:23:55"
"Benjie Val Lumawag","Updated product [Glyzone-Gallon]","Product","2023-08-11 15:10:54"
"Benjie Val Lumawag","Updated product [Ground Plus- Gallon]","Product","2023-08-11 15:12:43"
"Benjie Val Lumawag","Updated product [Ground Plus- 5 liters]","Product","2023-08-11 15:13:02"
"Benjie Val Lumawag","Updated product [Glyner-Gallon]","Product","2023-08-11 15:18:21"
"","Error to add new customer payment [CP-230811165904]","Customer Payment","2023-08-11 08:59:04"
"","Finished customer payment [CP-230811165904]","Customer Payment","2023-08-11 08:59:04"
"","Error to add new customer payment [CP-230811165948]","Customer Payment","2023-08-11 08:59:48"
"","Finished customer payment [CP-230811165948]","Customer Payment","2023-08-11 08:59:48"
"Benjie Val Lumawag","Successfully Login","Login","2023-08-12 06:09:00"
"Benjie Val Lumawag","Updated product [Bastonero Pus 5grms]","Product","2023-08-12 06:09:13"
"Benjie Val Lumawag","Updated product [Enerton-pack]","Product","2023-08-12 06:10:00"
"Benjie Val Lumawag","Successfully Login","Login","2023-08-12 06:30:55"
"Benjie Val Lumawag","Successfully Login","Login","2023-08-12 09:02:22"
"Benjie Val Lumawag","Updated product [Valencia Rice-20 kg]","Product","2023-08-12 09:45:11"
"","Error to add new customer payment [CP-230812100429]","Customer Payment","2023-08-12 02:04:29"
"","Finished customer payment [CP-230812100429]","Customer Payment","2023-08-12 02:04:29"
"","Error to add new customer payment [CP-230812100451]","Customer Payment","2023-08-12 02:04:51"
"","Finished customer payment [CP-230812100451]","Customer Payment","2023-08-12 02:04:51"
"Benjie Val Lumawag","Added new product [Rice-Basak 20kg]","Product","2023-08-12 10:43:19"
"Benjie Val Lumawag","Updated product [Evo-709]","Product","2023-08-12 11:11:06"
"","Added new customer [Mojal]","Customer","2023-08-12 11:13:43"
"Benjie Val Lumawag","Successfully Login","Login","2023-08-12 12:19:29"
"Benjie Val Lumawag","Updated product [Ultrapack-Finisher]","Product","2023-08-12 12:33:42"
"Benjie Val Lumawag","Updated product [Ultrapack- Starter]","Product","2023-08-12 12:34:24"
"Benjie Val Lumawag","Updated product [Ultrapack-Pre Starter 25kg]","Product","2023-08-12 12:35:10"
"Benjie Val Lumawag","Updated product [Ridomil Gold - pack]","Product","2023-08-12 12:40:02"
>>>>>>> Stashed changes
"Benjie Val Lumawag","Successfully Login","Login","2023-08-12 18:27:11"
"Benjie Val Lumawag","Successfully Login","Login","2023-08-13 07:01:00"
"Benjie Val Lumawag","Updated product [Todo Max - Gallon ]","Product","2023-08-13 07:01:25"
"Benjie Val Lumawag","Updated product [Glyzone-Gallon]","Product","2023-08-13 07:02:36"
"Benjie Val Lumawag","Updated product [Ground Plus- Gallon]","Product","2023-08-13 07:05:23"
"Benjie Val Lumawag","Updated product [Square off - Gallon]","Product","2023-08-13 07:06:07"
"Benjie Val Lumawag","Successfully Login","Login","2023-08-13 08:10:42"
"","Added new customer [Quidilig]","Customer","2023-08-13 09:50:16"
"","Error to add new customer payment [CP-230813101013]","Customer Payment","2023-08-13 02:10:13"
"Benjie Val Lumawag","Added new product [Rice-Dragon 20kg]","Product","2023-08-13 10:35:27"
"Benjie Val Lumawag","Added new product [Rice-Dragon 25kg]","Product","2023-08-13 10:36:35"
"","Added new customer [Dominguez Jojo]","Customer","2023-08-13 10:56:23"
"Benjie Val Lumawag","Successfully Login","Login","2023-08-13 11:27:35"
"","Error to add new customer payment [CP-230813170754]","Customer Payment","2023-08-13 09:07:54"
"","Finished customer payment [CP-230813170754]","Customer Payment","2023-08-13 09:07:54"
"","Error to add new customer payment [CP-230813170838]","Customer Payment","2023-08-13 09:08:38"
"","Finished customer payment [CP-230813170838]","Customer Payment","2023-08-13 09:08:38"
"","Added new customer [argellis]","Customer","2023-08-14 08:09:42"
"Benjie Val Lumawag","Successfully Login","Login","2023-08-14 10:40:00"
"","Error to add new customer payment [CP-230814115736]","Customer Payment","2023-08-14 03:57:36"
"","Finished customer payment [CP-230814115736]","Customer Payment","2023-08-14 03:57:36"
"Benjie Val Lumawag","Successfully Login","Login","2023-08-14 12:02:01"
"Benjie Val Lumawag","Successfully Login","Login","2023-08-14 13:12:02"
"","Added new customer [Arvie Libanan]","Customer","2023-08-14 14:38:02"
"","Error to add new customer payment [CP-230814145553]","Customer Payment","2023-08-14 06:55:53"
"Benjie Val Lumawag","Successfully Login","Login","2023-08-14 15:20:37"
"Benjie Val Lumawag","Updated product [Halex] => [.]","Product","2023-08-14 15:26:36"
"Benjie Val Lumawag","Successfully Login","Login","2023-08-14 15:33:20"
"Benjie Val Lumawag","Updated product [16200-Atlas]","Product","2023-08-14 15:47:51"
"Benjie Val Lumawag","Successfully Login","Login","2023-08-14 17:15:11"
"Benjie Val Lumawag","Successfully Login","Login","2023-08-14 17:55:53"
"","Error to add new customer payment [CP-230815092330]","Customer Payment","2023-08-15 01:23:30"
"","Finished customer payment [CP-230815092330]","Customer Payment","2023-08-15 01:23:30"
"","Error to add new customer payment [CP-230815092352]","Customer Payment","2023-08-15 01:23:52"
"","Finished customer payment [CP-230815092352]","Customer Payment","2023-08-15 01:23:52"
"","Added new customer [Samontina]","Customer","2023-08-15 09:28:10"
"","Added new customer [Beirneza]","Customer","2023-08-15 10:25:26"
"","Error to add new customer payment [CP-230815135612]","Customer Payment","2023-08-15 05:56:12"
"","Finished customer payment [CP-230815135612]","Customer Payment","2023-08-15 05:56:12"
"Benjie Val Lumawag","Successfully Login","Login","2023-08-16 05:49:19"
"","Added new customer [Entera]","Customer","2023-08-16 05:55:18"
"Benjie Val Lumawag","Successfully Login","Login","2023-08-16 06:32:32"
"Benjie Val Lumawag","Updated product [2100-Atlas]","Product","2023-08-16 06:32:45"
"Benjie Val Lumawag","Updated product [2100-Harvester]","Product","2023-08-16 06:32:53"
"","Added new customer [Catamin Micheal]","Customer","2023-08-16 07:12:24"
"Benjie Val Lumawag","Successfully Login","Login","2023-08-16 08:17:51"
"","Added new customer [Cornepillo Dodoy]","Customer","2023-08-16 08:37:04"
"","Added new customer [Poblacion 2]","Customer","2023-08-16 09:09:12"
"Benjie Val Lumawag","Successfully Login","Login","2023-08-16 11:45:33"
"","Added new customer [Jusain]","Customer","2023-08-16 12:02:19"
"","Added new customer [Devilos]","Customer","2023-08-16 12:37:54"
"Benjie Val Lumawag","Successfully Login","Login","2023-08-16 12:59:58"
"Benjie Val Lumawag","Successfully Login","Login","2023-08-16 15:16:13"
"Benjie Val Lumawag","Added new product [Latigo 1000]","Product","2023-08-16 15:17:33"
"Benjie Val Lumawag","Added new product [VitMinPro]","Product","2023-08-16 15:18:59"
"Benjie Val Lumawag","Added new product [Apralyte]","Product","2023-08-16 15:20:35"
"Benjie Val Lumawag","Added new product [Agmectin]","Product","2023-08-16 15:21:43"
"Benjie Val Lumawag","Added new product [Aquadox]","Product","2023-08-16 15:26:16"
"Benjie Val Lumawag","Successfully Login","Login","2023-08-16 16:02:19"
"Benjie Val Lumawag","Updated product [P 4124]","Product","2023-08-16 16:02:34"
"","Error to add new customer payment [CP-230816162045]","Customer Payment","2023-08-16 08:20:45"
"","Finished customer payment [CP-230816162045]","Customer Payment","2023-08-16 08:20:45"
"Benjie Val Lumawag","Successfully Login","Login","2023-08-16 16:57:23"
"Benjie Val Lumawag","Updated product [Malathion-Bot-liter]","Product","2023-08-16 17:08:00"
"Benjie Val Lumawag","Successfully Login","Login","2023-08-16 17:51:14"
"Benjie Val Lumawag","Successfully Login","Login","2023-08-17 07:55:58"
"","Attempt to add existing customer [Jeongco]","Customer","2023-08-17 08:12:07"
"","Attempt to add existing customer [Jeongco]","Customer","2023-08-17 08:12:15"
"","Added new customer [Guadez, A]","Customer","2023-08-17 08:17:44"
"Benjie Val Lumawag","Updated product [Masipag 20kg]","Product","2023-08-17 08:18:27"
"Benjie Val Lumawag","Updated product [Rice-Masipag 25kg]","Product","2023-08-17 08:18:36"
"","Error to add new customer payment [CP-230817081919]","Customer Payment","2023-08-17 00:19:19"
"","Added new customer [Diquiña]","Customer","2023-08-17 09:35:33"
"Benjie Val Lumawag","Successfully Login","Login","2023-08-17 11:26:52"
"","Error to add new customer payment [CP-230817121715]","Customer Payment","2023-08-17 04:17:15"
"Benjie Val Lumawag","Successfully Login","Login","2023-08-17 12:49:44"
"","Error to add new customer payment [CP-230817130230]","Customer Payment","2023-08-17 05:02:30"
"","Finished customer payment [CP-230817130230]","Customer Payment","2023-08-17 05:02:30"
"","Error to add new customer payment [CP-230817130845]","Customer Payment","2023-08-17 05:08:45"
"","Finished customer payment [CP-230817130845]","Customer Payment","2023-08-17 05:08:45"
"Benjie Val Lumawag","Successfully Login","Login","2023-08-17 13:51:16"
"Benjie Val Lumawag","Added new product [Maisagana Bundle]","Product","2023-08-17 13:52:30"
"","Added new customer [Cartagina, D]","Customer","2023-08-17 14:20:39"
"","Added new customer [Conde Robert]","Customer","2023-08-17 14:33:52"
"Benjie Val Lumawag","Successfully Login","Login","2023-08-17 14:40:01"
"Benjie Val Lumawag","Successfully Login","Login","2023-08-17 15:19:15"
"","Error to add new customer payment [CP-230817152233]","Customer Payment","2023-08-17 07:22:33"
"Benjie Val Lumawag","Successfully Login","Login","2023-08-17 15:45:52"
"Benjie Val Lumawag","Updated product [Rice-Alas 1kg]","Product","2023-08-17 15:50:56"
"Benjie Val Lumawag","Updated product [Rice-Maragakit 1kg]","Product","2023-08-17 15:55:13"
"Benjie Val Lumawag","Successfully Login","Login","2023-08-17 17:02:13"
"Benjie Val Lumawag","Updated product [Ultrapack-Finisher 1kg]","Product","2023-08-17 17:02:29"
"Benjie Val Lumawag","Successfully Login","Login","2023-08-17 17:41:45"
"Benjie Val Lumawag","Successfully Login","Login","2023-08-18 06:08:05"
"Benjie Val Lumawag","Updated product [D-8131s]","Product","2023-08-18 06:08:27"
"Benjie Val Lumawag","Successfully Login","Login","2023-08-18 08:01:10"
"Benjie Val Lumawag","Successfully Login","Login","2023-08-18 11:41:46"
"Benjie Val Lumawag","Updated product [2100-Atlas]","Product","2023-08-18 11:42:18"
"Benjie Val Lumawag","Successfully Login","Login","2023-08-18 12:12:29"
"Benjie Val Lumawag","Added new product [Bioseed 101-Kilo]","Product","2023-08-18 12:21:10"
"Benjie Val Lumawag","Attempt to add existing product [White Label]","Product","2023-08-18 12:48:40"
"Benjie Val Lumawag","Added new product [White Label]","Product","2023-08-18 12:48:50"
"Benjie Val Lumawag","Successfully Login","Login","2023-08-18 13:23:00"
"","Added new customer [Salik Benidecto]","Customer","2023-08-18 13:50:50"
"","Added new customer [Saad]","Customer","2023-08-18 13:55:52"
"Benjie Val Lumawag","Successfully Login","Login","2023-08-18 15:16:50"
"Benjie Val Lumawag","Successfully Login","Login","2023-08-18 15:44:51"
"Benjie Val Lumawag","Successfully Login","Login","2023-08-18 17:43:58"
"Benjie Val Lumawag","Updated product [4600-Atlas]","Product","2023-08-18 19:34:22"
"Benjie Val Lumawag","Added new product [Immune Booster]","Product","2023-08-18 19:46:30"
"Benjie Val Lumawag","Added new product [Tube Feeder 3kg]","Product","2023-08-18 19:47:05"
"Benjie Val Lumawag","Added new product [Tube Feeder 5kg]","Product","2023-08-18 19:47:31"
"Benjie Val Lumawag","Successfully Login","Login","2023-08-19 09:16:22"
"Benjie Val Lumawag","Updated product [Round up- liter]","Product","2023-08-19 09:16:37"
"","Error to add new customer payment [CP-230819123006]","Customer Payment","2023-08-19 04:30:06"
"","Finished customer payment [CP-230819123006]","Customer Payment","2023-08-19 04:30:06"
"","Added new customer [Soquina Efren]","Customer","2023-08-19 12:58:07"
"","Added new customer [Sapuay ]","Customer","2023-08-19 13:48:05"
"","Error to add new customer payment [CP-230819155309]","Customer Payment","2023-08-19 07:53:09"
"","Finished customer payment [CP-230819155309]","Customer Payment","2023-08-19 07:53:09"
"Benjie Val Lumawag","Successfully Login","Login","2023-08-19 17:11:44"
"Benjie Val Lumawag","Successfully Login","Login","2023-08-20 06:31:46"
"Benjie Val Lumawag","Updated product [2100-Agro Planters]","Product","2023-08-20 06:32:04"
"Benjie Val Lumawag","Updated product [2100-Harvester]","Product","2023-08-20 06:32:17"
"Benjie Val Lumawag","Updated product [4600-Atlas]","Product","2023-08-20 07:04:04"
"Benjie Val Lumawag","Successfully Login","Login","2023-08-20 07:27:12"
"","Added new customer [Banggay Channy]","Customer","2023-08-20 07:28:04"
"","Added new customer [Peleyo]","Customer","2023-08-20 08:57:17"
"","Added new customer [Hallado Jennifer]","Customer","2023-08-20 10:13:40"
"","Added new customer [HKP]","Customer","2023-08-20 11:08:42"
"","Added new customer [Eulogio,  Jasmine.]","Customer","2023-08-20 11:24:24"
"Benjie Val Lumawag","Successfully Login","Login","2023-08-20 12:00:30"
"Benjie Val Lumawag","Updated product [4600-kilo]","Product","2023-08-20 12:01:03"
"","Added new customer [Landesa]","Customer","2023-08-20 13:28:18"
"","Error to add new customer payment [CP-230820140552]","Customer Payment","2023-08-20 06:05:52"
"","Error to add new customer payment [CP-230820141116]","Customer Payment","2023-08-20 06:11:16"
"","Finished customer payment [CP-230820141116]","Customer Payment","2023-08-20 06:11:16"
"Benjie Val Lumawag","Successfully Login","Login","2023-08-20 14:15:18"
"","Added new customer [Canto]","Customer","2023-08-20 14:28:17"
"","Added new customer [Jonas, Wennie]","Customer","2023-08-20 15:17:29"
"Benjie Val Lumawag","Successfully Login","Login","2023-08-20 15:24:19"
"Benjie Val Lumawag","Successfully Login","Login","2023-08-20 15:57:10"
"Benjie Val Lumawag","Successfully Login","Login","2023-08-20 16:05:42"
"Benjie Val Lumawag","Updated product [Valencia Rice- 1k]","Product","2023-08-20 16:06:05"
"Benjie Val Lumawag","Updated product [bio480-gallon]","Product","2023-08-20 16:59:31"
"Benjie Val Lumawag","Updated product [Square off - liter]","Product","2023-08-20 17:27:17"
"","Added new customer [Manuel]","Customer","2023-08-21 08:16:28"
"","Attempt to add existing customer [Manuel]","Customer","2023-08-21 08:16:28"
"","Attempt to add existing customer [Manuel]","Customer","2023-08-21 08:16:28"
"","Attempt to add existing customer [Manuel]","Customer","2023-08-21 08:16:28"
"","Attempt to add existing customer [Manuel]","Customer","2023-08-21 08:16:28"
"","Added new customer [Lechugas]","Customer","2023-08-21 08:47:26"
"Benjie Val Lumawag","Successfully Login","Login","2023-08-21 09:43:09"
"","Error to add new customer payment [CP-230821100503]","Customer Payment","2023-08-21 02:05:03"
"","Finished customer payment [CP-230821100503]","Customer Payment","2023-08-21 02:05:03"
"","Added new customer [Murao]","Customer","2023-08-21 10:21:41"
"Benjie Val Lumawag","Updated product [Sure kill - pack]","Product","2023-08-21 11:02:33"
"Benjie Val Lumawag","Updated product [Vindex- liter ]","Product","2023-08-21 11:02:51"
"","Added new customer [Abuan neng]","Customer","2023-08-21 12:01:53"
"Benjie Val Lumawag","Successfully Login","Login","2023-08-21 12:11:52"
"Benjie Val Lumawag","Successfully Login","Login","2023-08-21 12:43:45"
"Benjie Val Lumawag","Successfully Login","Login","2023-08-21 13:35:40"
"Benjie Val Lumawag","Successfully Login","Login","2023-08-21 13:38:58"
"","Error to add new customer payment [CP-230821141832]","Customer Payment","2023-08-21 06:18:32"
"","Finished customer payment [CP-230821141832]","Customer Payment","2023-08-21 06:18:32"
"","Added new customer [Parenas]","Customer","2023-08-21 15:45:48"
"Benjie Val Lumawag","Successfully Login","Login","2023-08-21 16:34:48"
"","Error to add new customer payment [CP-230821165727]","Customer Payment","2023-08-21 08:57:27"
"","Finished customer payment [CP-230821165727]","Customer Payment","2023-08-21 08:57:27"
"","Error to add new customer payment [CP-230821165813]","Customer Payment","2023-08-21 08:58:13"
"","Finished customer payment [CP-230821165813]","Customer Payment","2023-08-21 08:58:13"
"","Error to add new customer payment [CP-230821165841]","Customer Payment","2023-08-21 08:58:41"
"","Finished customer payment [CP-230821165841]","Customer Payment","2023-08-21 08:58:41"
"Benjie Val Lumawag","Successfully Login","Login","2023-08-21 17:07:01"
"Benjie Val Lumawag","Successfully Login","Login","2023-08-22 05:53:02"
"","Added new customer [Ambane]","Customer","2023-08-22 10:00:38"
"","Added new customer [Dumagpe Rodeito]","Customer","2023-08-22 11:02:12"
"","Attempt to add existing customer [Dumagpe Rodeito]","Customer","2023-08-22 11:02:12"
"","Attempt to add existing customer [Dumagpe Rodeito]","Customer","2023-08-22 11:02:12"
"","Attempt to add existing customer [Dumagpe Rodeito]","Customer","2023-08-22 11:02:12"
"","Attempt to add existing customer [Dumagpe Rodeito]","Customer","2023-08-22 11:02:12"
"Benjie Val Lumawag","Successfully Login","Login","2023-08-22 11:08:46"
"Benjie Val Lumawag","Updated product [4600-Atlas]","Product","2023-08-22 11:08:56"
"Benjie Val Lumawag","Successfully Login","Login","2023-08-22 11:38:47"
"Benjie Val Lumawag","Successfully Login","Login","2023-08-22 11:52:48"
"Benjie Val Lumawag","Added new product [Accept lit]","Product","2023-08-22 11:55:01"
"","Error to add new customer payment [CP-230822120058]","Customer Payment","2023-08-22 04:00:58"
"","Finished customer payment [CP-230822120058]","Customer Payment","2023-08-22 04:00:58"
"Benjie Val Lumawag","Successfully Login","Login","2023-08-22 12:15:54"
"","Error to add new customer payment [CP-230822121716]","Customer Payment","2023-08-22 04:17:16"
"Benjie Val Lumawag","Added new product [Evo 9307]","Product","2023-08-22 12:19:22"
"","Added new customer [Adapan Micheal]","Customer","2023-08-22 13:18:51"
"","Added new customer [Obing]","Customer","2023-08-22 13:59:43"
"","Added new customer [Poblico]","Customer","2023-08-22 14:24:40"
"","Added new customer [Pabaquil]","Customer","2023-08-22 14:28:58"
"","Added new customer [Cabatuan]","Customer","2023-08-22 14:29:05"
"Benjie Val Lumawag","Successfully Login","Login","2023-08-22 14:35:26"
"Benjie Val Lumawag","Successfully Login","Login","2023-08-22 14:55:52"
"","Added new customer [Amico]","Customer","2023-08-22 15:26:19"
"Benjie Val Lumawag","Successfully Login","Login","2023-08-22 15:42:46"
"Benjie Val Lumawag","Updated product [141414-Atlas]","Product","2023-08-22 15:44:33"
"Benjie Val Lumawag","Successfully Login","Login","2023-08-22 16:56:40"
"Benjie Val Lumawag","Updated product [Rice- Idol 25kg]","Product","2023-08-22 16:56:55"
"Benjie Val Lumawag","Updated product [Rice- Idol 20kg]","Product","2023-08-22 16:57:13"
"","Error to add new customer payment [CP-230822170221]","Customer Payment","2023-08-22 09:02:21"
"","Finished customer payment [CP-230822170221]","Customer Payment","2023-08-22 09:02:21"
"Benjie Val Lumawag","Successfully Login","Login","2023-08-22 17:43:57"
"Benjie Val Lumawag","Updated product [D-8131s]","Product","2023-08-22 17:44:44"
"","Error to add new customer payment [CP-230822174513]","Customer Payment","2023-08-22 09:45:13"
"","Finished customer payment [CP-230822174513]","Customer Payment","2023-08-22 09:45:13"
"Benjie Val Lumawag","Successfully Login","Login","2023-08-23 06:19:16"
"","Added new customer [Lechugas,  Arnold]","Customer","2023-08-23 07:33:46"
"","Added new customer [Aljano]","Customer","2023-08-23 09:55:14"
"","Added new customer [Nantes]","Customer","2023-08-23 13:07:44"
"","Error to add new customer payment [CP-230823132708]","Customer Payment","2023-08-23 05:27:08"
"","Added new customer [Tambog Gapor]","Customer","2023-08-23 13:31:22"
"","Error to add new customer payment [CP-230823143600]","Customer Payment","2023-08-23 06:36:00"
"","Finished customer payment [CP-230823143600]","Customer Payment","2023-08-23 06:36:01"
"","Added new customer [Almerol]","Customer","2023-08-23 15:20:31"
"","Error to add new customer payment [CP-230824062641]","Customer Payment","2023-08-23 22:26:41"
"","Finished customer payment [CP-230824062641]","Customer Payment","2023-08-23 22:26:42"
"Benjie Val Lumawag","Successfully Login","Login","2023-08-24 07:46:49"
"Benjie Val Lumawag","Successfully Login","Login","2023-08-24 08:01:14"
"","Added new customer [Bitogon Dione]","Customer","2023-08-24 08:02:24"
"Benjie Val Lumawag","Successfully Login","Login","2023-08-24 08:50:41"
"","Added new customer [Emhaddah]","Customer","2023-08-24 08:51:31"
"Benjie Val Lumawag","Successfully Login","Login","2023-08-24 10:05:43"
"Benjie Val Lumawag","Updated product [D-8131s]","Product","2023-08-24 10:05:54"
"Benjie Val Lumawag","Successfully Login","Login","2023-08-24 10:12:16"
"","Added new customer [AMPC]","Customer","2023-08-24 12:00:34"
"","Added new customer [Rosal]","Customer","2023-08-24 12:32:54"
"Benjie Val Lumawag","Successfully Login","Login","2023-08-24 15:17:08"
"Benjie Val Lumawag","Attempt to update existing customer [AMPC]","Customer","2023-08-24 15:17:58"
"","Added new customer [Naranja]","Customer","2023-08-24 15:44:40"
"","Error to add new customer payment [CP-230824161304]","Customer Payment","2023-08-24 08:13:04"
"Benjie Val Lumawag","Successfully Login","Login","2023-08-24 16:27:31"
"Benjie Val Lumawag","Successfully Login","Login","2023-08-24 16:33:17"
"","Added new customer [Albaciete]","Customer","2023-08-25 06:47:11"
"Benjie Val Lumawag","Successfully Login","Login","2023-08-25 07:05:19"
"","Added new customer [Gundran]","Customer","2023-08-25 09:07:46"
"Benjie Val Lumawag","Successfully Login","Login","2023-08-25 11:30:26"
"Benjie Val Lumawag","Successfully Login","Login","2023-08-25 11:57:33"
"Benjie Val Lumawag","Successfully Login","Login","2023-08-25 12:28:21"
"Benjie Val Lumawag","Updated customer [Lantib] => [Lantib, Macoy]","Customer","2023-08-25 04:50:44"
"","Added new customer [Balindong]","Customer","2023-08-25 13:15:14"
"","Added new customer [Alse]","Customer","2023-08-25 13:29:20"
"Benjie Val Lumawag","Attempt to update existing customer [AMPC Agri Supply]","Customer","2023-08-25 13:33:31"
"Benjie Val Lumawag","Attempt to update existing customer [AMPC Agri Supply]","Customer","2023-08-25 13:33:37"
"Benjie Val Lumawag","Attempt to update existing customer [AMPC Agri Supply]","Customer","2023-08-25 13:33:42"
"","Added new customer [Shaik]","Customer","2023-08-25 14:41:08"
"","Added new customer [Calon]","Customer","2023-08-25 14:47:35"
"","Error to add new customer payment [CP-230825151509]","Customer Payment","2023-08-25 07:15:09"
"Benjie Val Lumawag","Updated customer [Salangan Osman]","Customer","2023-08-25 07:26:11"
"","Error to add new customer payment [CP-230825161730]","Customer Payment","2023-08-25 08:17:30"
"","Finished customer payment [CP-230825161730]","Customer Payment","2023-08-25 08:17:30"
"Benjie Val Lumawag","Successfully Login","Login","2023-08-25 16:29:51"
"Benjie Val Lumawag","Updated product [P 4124]","Product","2023-08-25 17:12:08"
"Benjie Val Lumawag","Successfully Login","Login","2023-08-26 08:13:44"
"Benjie Val Lumawag","Successfully Login","Login","2023-08-26 11:07:10"
"Benjie Val Lumawag","Successfully Login","Login","2023-08-26 12:44:15"
"Benjie Val Lumawag","Updated product [Rice-Basak 20kg]","Product","2023-08-26 12:44:37"
"","Error to add new customer payment [CP-230826132302]","Customer Payment","2023-08-26 05:23:02"
"","Finished customer payment [CP-230826132302]","Customer Payment","2023-08-26 05:23:02"
"Benjie Val Lumawag","Updated product [16200-Harvester]","Product","2023-08-26 13:40:27"
"Benjie Val Lumawag","Successfully Login","Login","2023-08-26 14:47:35"
"","Added new customer [Penat]","Customer","2023-08-26 14:50:12"
"Benjie Val Lumawag","Successfully Login","Login","2023-08-26 15:18:01"
"Benjie Val Lumawag","Successfully Login","Login","2023-08-26 15:32:47"
"","Error to add new customer payment [CP-230826162612]","Customer Payment","2023-08-26 08:26:12"
"","Added new customer [Tamayo, Richard]","Customer","2023-08-26 16:29:46"
"","Added new customer [Dana ALEX]","Customer","2023-08-26 16:48:29"
"Benjie Val Lumawag","Successfully Login","Login","2023-08-26 16:54:33"
"Benjie Val Lumawag","Successfully Login","Login","2023-08-27 05:44:41"
"Benjie Val Lumawag","Updated product [4600-Atlas]","Product","2023-08-27 05:50:52"
"","Error to add new customer payment [CP-230827061950]","Customer Payment","2023-08-26 22:19:50"
"","Finished customer payment [CP-230827061950]","Customer Payment","2023-08-26 22:19:51"
"Benjie Val Lumawag","Successfully Login","Login","2023-08-27 06:33:10"
"","Error to add new customer payment [CP-230827065349]","Customer Payment","2023-08-26 22:53:49"
"","Finished customer payment [CP-230827065349]","Customer Payment","2023-08-26 22:53:49"
"","Added new customer [Belonio, Marecil]","Customer","2023-08-27 07:17:49"
"","Error to add new customer payment [CP-230827094957]","Customer Payment","2023-08-27 01:49:57"
"Benjie Val Lumawag","Successfully Login","Login","2023-08-27 13:18:45"
"Benjie Val Lumawag","Added new supplier [Vast Agro Soluttions, Inc]","Supplier","2023-08-27 13:31:21"
"Benjie Val Lumawag","Added new product [Slam liter]","Product","2023-08-27 13:45:15"
"","Error to add new customer payment [CP-230827134537]","Customer Payment","2023-08-27 05:45:37"
"","Finished customer payment [CP-230827134537]","Customer Payment","2023-08-27 05:45:37"
"Benjie Val Lumawag","Added new product [Demolition liter]","Product","2023-08-27 13:45:49"
"","Added new customer [Orindo]","Customer","2023-08-27 14:03:33"
"","Added new customer [Otao]","Customer","2023-08-27 15:04:52"
"","Added new customer [Tambog Khalid]","Customer","2023-08-27 15:06:50"
"","Error to add new customer payment [CP-230827154409]","Customer Payment","2023-08-27 07:44:09"
"Benjie Val Lumawag","Successfully Login","Login","2023-08-27 15:53:49"
"Benjie Val Lumawag","Successfully Login","Login","2023-08-27 16:11:46"
"","Error to add new customer payment [CP-230827161250]","Customer Payment","2023-08-27 08:12:50"
"","Finished customer payment [CP-230827161250]","Customer Payment","2023-08-27 08:12:50"
"","Added new customer [Acuña]","Customer","2023-08-27 16:22:28"
"Benjie Val Lumawag","Successfully Login","Login","2023-08-27 16:36:18"
"","Error to add new customer payment [CP-230828062713]","Customer Payment","2023-08-27 22:27:13"
"","Finished customer payment [CP-230828062713]","Customer Payment","2023-08-27 22:27:13"
"Benjie Val Lumawag","Successfully Login","Login","2023-08-28 06:55:45"
"Benjie Val Lumawag","Updated product [16200-Atlas]","Product","2023-08-28 06:56:11"
"Benjie Val Lumawag","Successfully Login","Login","2023-08-28 07:42:00"
"","Error to add new customer payment [CP-230828113711]","Customer Payment","2023-08-28 03:37:11"
"Benjie Val Lumawag","Successfully Login","Login","2023-08-28 11:48:44"
"","Added new customer [James, Agape]","Customer","2023-08-28 11:51:44"
"","Added new customer [Demavivas]","Customer","2023-08-28 12:16:19"
"","Added new customer [Parido]","Customer","2023-08-28 12:21:10"
"","Error to add new customer payment [CP-230828132306]","Customer Payment","2023-08-28 05:23:06"
"","Finished customer payment [CP-230828132306]","Customer Payment","2023-08-28 05:23:06"
"Benjie Val Lumawag","Successfully Login","Login","2023-08-28 15:10:57"
"Benjie Val Lumawag","Successfully Login","Login","2023-08-28 15:12:34"
"Benjie Val Lumawag","Updated product [Rice- Dinorado 50kg]","Product","2023-08-28 15:12:49"
"Benjie Val Lumawag","Updated product [Rice-Dinorado 25kg]","Product","2023-08-28 15:14:17"
"","Error to add new customer payment [CP-230828154809]","Customer Payment","2023-08-28 07:48:09"
"","Error to add new customer payment [CP-230828163201]","Customer Payment","2023-08-28 08:32:01"
"","Error to add new customer payment [CP-230828164459]","Customer Payment","2023-08-28 08:44:59"
"","Finished customer payment [CP-230828164459]","Customer Payment","2023-08-28 08:45:00"
"Benjie Val Lumawag","Successfully Login","Login","2023-08-28 17:15:49"
"Benjie Val Lumawag","Successfully Login","Login","2023-08-29 05:49:42"
"Benjie Val Lumawag","Added new product [Rice-Idol 1kg]","Product","2023-08-29 05:53:55"
"Benjie Val Lumawag","Updated product [Masipag 20kg]","Product","2023-08-29 05:54:17"
"Benjie Val Lumawag","Updated product [Rice-Masipag 25kg]","Product","2023-08-29 05:54:35"
"Benjie Val Lumawag","Updated product [141414-Atlas]","Product","2023-08-29 05:54:46"
"Benjie Val Lumawag","Successfully Login","Login","2023-08-29 06:49:30"
"","Added new customer [Balintongog]","Customer","2023-08-29 07:31:52"
"","Error to add new customer payment [CP-230829073533]","Customer Payment","2023-08-28 23:35:33"
"","Error to add new customer payment [CP-230829080840]","Customer Payment","2023-08-29 00:08:40"
"","Finished customer payment [CP-230829080840]","Customer Payment","2023-08-29 00:08:40"
"","Added new customer [Camino Datu Ali]","Customer","2023-08-29 08:33:02"
"Benjie Val Lumawag","Successfully Login","Login","2023-08-29 11:05:33"
"Benjie Val Lumawag","Updated product [0060-Atlas]","Product","2023-08-29 11:06:17"
"Benjie Val Lumawag","Successfully Login","Login","2023-08-29 11:34:53"
"Benjie Val Lumawag","Added new product [Rice- Basak 1Kg]","Product","2023-08-29 11:37:05"
"Benjie Val Lumawag","Updated product [Rice-Idol 1kg]","Product","2023-08-29 11:37:30"
"","Error to add new customer payment [CP-230829120849]","Customer Payment","2023-08-29 04:08:49"
"","Finished customer payment [CP-230829120849]","Customer Payment","2023-08-29 04:08:49"
"","Added new customer [Aramba Gapor]","Customer","2023-08-29 13:29:25"
"","Error to add new customer payment [CP-230829155752]","Customer Payment","2023-08-29 07:57:52"
"","Finished customer payment [CP-230829155752]","Customer Payment","2023-08-29 07:57:52"
"","Error to add new customer payment [CP-230829160024]","Customer Payment","2023-08-29 08:00:24"
"","Finished customer payment [CP-230829160024]","Customer Payment","2023-08-29 08:00:24"
"Benjie Val Lumawag","Successfully Login","Login","2023-08-29 16:11:18"
"Benjie Val Lumawag","Successfully Login","Login","2023-08-29 17:14:06"
"Benjie Val Lumawag","Updated product [Rice-Dinorado 1kg]","Product","2023-08-29 17:16:03"
"","Added new customer [Carob]","Customer","2023-08-30 06:25:09"
"Benjie Val Lumawag","Successfully Login","Login","2023-08-30 06:37:17"
"","Error to add new customer payment [CP-230830064234]","Customer Payment","2023-08-29 22:42:34"
"Benjie Val Lumawag","Successfully Login","Login","2023-08-30 06:42:43"
"Benjie Val Lumawag","Updated product [0060-Amigo]","Product","2023-08-30 08:19:21"
"","Error to add new customer payment [CP-230830083438]","Customer Payment","2023-08-30 00:34:38"
"","Finished customer payment [CP-230830083438]","Customer Payment","2023-08-30 00:34:38"
"Benjie Val Lumawag","Successfully Login","Login","2023-08-30 09:02:55"
"Benjie Val Lumawag","Successfully Login","Login","2023-08-30 09:13:39"
"","Error to add new customer payment [CP-230830104734]","Customer Payment","2023-08-30 02:47:34"
"","Finished customer payment [CP-230830104734]","Customer Payment","2023-08-30 02:47:35"
"Benjie Val Lumawag","Added new price notice [PN-20230830122736]","Price Notice","2023-08-30 12:27:38"
"Benjie Val Lumawag","Attempt to add existing price notice [PN-20230830122917]","Price Notice","2023-08-30 12:29:19"
"Benjie Val Lumawag","Attempt to add existing price notice [PN-20230830122917]","Price Notice","2023-08-30 12:29:22"
"Benjie Val Lumawag","Attempt to add existing price notice [PN-20230830122928]","Price Notice","2023-08-30 12:29:30"
"Benjie Val Lumawag","Successfully Login","Login","2023-08-30 12:30:09"
"Benjie Val Lumawag","Attempt to add existing price notice [PN-20230830123017]","Price Notice","2023-08-30 12:30:19"
"Benjie Val Lumawag","Updated product [Bioseed-9541]","Product","2023-08-30 12:40:24"
"Benjie Val Lumawag","Updated product [Bioseed-108]","Product","2023-08-30 12:40:51"
"Benjie Val Lumawag","Updated product [Bioseed-101]","Product","2023-08-30 12:41:29"
"Benjie Val Lumawag","Successfully Login","Login","2023-08-30 16:50:12"
"Benjie Val Lumawag","Successfully Login","Login","2023-08-31 14:29:29"
"","Added new customer [Ballentes]","Customer","2023-08-31 17:22:33"
