"","Added new customer [Disalbiron]","Customer","2025-06-01 06:57:55"
"Benjie Val Lumawag","Successfully Login","Login","2025-06-01 07:20:21"
"Ryan Ferrer","Successfully Login","Login","2025-06-01 09:58:55"
"Ryan Ferrer","Successfully Login","Login","2025-06-01 10:01:19"
"Ryan Ferrer","Successfully Login","Login","2025-06-01 10:13:18"
"Ryan Ferrer","Successfully Login","Login","2025-06-01 11:20:36"
"Veryen Bajan","Successfully Login","Login","2025-06-01 14:14:59"
"Veryen Bajan","Successfully Login","Login","2025-06-01 14:22:52"
"","Added new customer [kapungay]","Customer","2025-06-01 14:53:37"
"Benjie Val Lumawag","Successfully Login","Login","2025-06-01 15:46:47"
"Ryan Ferrer","Successfully Login","Login","2025-06-01 16:12:03"
"Ryan Ferrer","Successfully Login","Login","2025-06-01 16:26:39"
"warehouse","Successfully Login","Login","2025-06-01 17:09:01"
"Jay Ann Quitor","Successfully Login","Login","2025-06-01 17:42:32"
"Benjie Val Lumawag","Successfully Login","Login","2025-06-02 06:26:34"
"Ryan Ferrer","Successfully Login","Login","2025-06-02 06:48:56"
"","Added new customer [una]","Customer","2025-06-02 07:21:43"
"","Error to add new customer payment [CP-250602093107]","Customer Payment","2025-06-02 01:31:07"
"","Finished customer payment [CP-250602093107]","Customer Payment","2025-06-02 01:31:08"
"","Added new customer [cundaraan]","Customer","2025-06-02 12:58:04"
"Jay Ann Quitor","Successfully Login","Login","2025-06-02 13:21:17"
"Ryan Ferrer","Successfully Login","Login","2025-06-02 13:23:25"
"Ryan Ferrer","Successfully Login","Login","2025-06-02 13:28:53"
"Ryan Ferrer","Successfully Login","Login","2025-06-02 13:31:41"
"Ryan Ferrer","Successfully Login","Login","2025-06-02 13:33:25"
"","Added new customer [seri]","Customer","2025-06-02 13:49:32"
"Benjie Val Lumawag","Successfully Login","Login","2025-06-02 14:48:40"
"Ryan Ferrer","Successfully Login","Login","2025-06-02 15:23:48"
"Ryan Ferrer","Successfully Login","Login","2025-06-02 15:53:18"
"Ryan Ferrer","Successfully Login","Login","2025-06-02 15:53:58"
"Ryan Ferrer","Successfully Login","Login","2025-06-02 16:01:15"
"","Added new customer [lasida]","Customer","2025-06-02 16:23:17"
"","Error to add new customer payment [CP-250602164540]","Customer Payment","2025-06-02 08:45:40"
"Ryan Ferrer","Successfully Login","Login","2025-06-02 17:04:21"
"Benjie Val Lumawag","Successfully Login","Login","2025-06-02 17:19:30"
"Jay Ann Quitor","Successfully Login","Login","2025-06-02 17:21:47"
"","Added new customer [surgaol]","Customer","2025-06-02 17:33:34"
"Ryan Ferrer","Successfully Login","Login","2025-06-02 17:41:51"
"Benjie Val Lumawag","Successfully Login","Login","2025-06-02 20:25:35"
"Benjie Val Lumawag","Successfully Login","Login","2025-06-03 06:43:10"
"Ryan Ferrer","Successfully Login","Login","2025-06-03 07:03:07"
"Ryan Ferrer","Successfully Login","Login","2025-06-03 07:11:32"
"Benjie Val Lumawag","Added new product [Chocky Ice Cream]","Product","2025-06-03 05:23:35"
"Benjie Val Lumawag","Added new product [Orange Blast Ice Cream]","Product","2025-06-03 05:24:10"
"Benjie Val Lumawag","Added new product [Ice Pop Ice Cream]","Product","2025-06-03 05:30:27"
"Benjie Val Lumawag","Added new product [Bites Time Ice Cream]","Product","2025-06-03 05:31:05"
"Benjie Val Lumawag","Updated product [Boom2x]","Product","2025-06-03 05:33:40"
"Benjie Val Lumawag","Successfully Login","Login","2025-06-03 14:53:47"
"Ryan Ferrer","Successfully Login","Login","2025-06-03 15:51:02"
"","Added new customer [Quita]","Customer","2025-06-03 15:59:27"
"Benjie Val Lumawag","Successfully Login","Login","2025-06-03 16:49:49"
"Veryen Bajan","Successfully Login","Login","2025-06-03 16:49:55"
"Benjie Val Lumawag","Successfully Login","Login","2025-06-03 22:55:57"
"","Added new customer [gallio]","Customer","2025-06-04 06:11:24"
"Benjie Val Lumawag","Successfully Login","Login","2025-06-04 06:13:25"
"","Attempt to add existing customer [tuanda]","Customer","2025-06-04 06:15:26"
"Benjie Val Lumawag","Successfully Login","Login","2025-06-04 06:16:06"
"","Added new customer [barotas]","Customer","2025-06-04 06:34:58"
"Benjie Val Lumawag","Successfully Login","Login","2025-06-04 07:14:20"
"Benjie Val Lumawag","Successfully Login","Login","2025-06-04 07:18:38"
"","Error to add new customer payment [CP-250604072310]","Customer Payment","2025-06-03 23:23:10"
"","Finished customer payment [CP-250604072310]","Customer Payment","2025-06-03 23:23:10"
"Ryan Ferrer","Successfully Login","Login","2025-06-04 08:28:09"
"","Added new customer [Leo]","Customer","2025-06-04 08:37:36"
"Ryan Ferrer","Successfully Login","Login","2025-06-04 09:24:58"
"","Added new customer [arnel jumao-as]","Customer","2025-06-04 09:53:25"
"","Added new customer [mago]","Customer","2025-06-04 10:01:03"
"Benjie Val Lumawag","Successfully Login","Login","2025-06-04 10:03:22"
"Jay Ann Quitor","Successfully Login","Login","2025-06-04 10:48:32"
"Benjie Val Lumawag","Successfully Login","Login","2025-06-04 12:30:31"
"","Added new customer [aramba]","Customer","2025-06-04 12:35:05"
"","Added new customer [leganden]","Customer","2025-06-04 13:26:23"
"Veryen Bajan","Successfully Login","Login","2025-06-04 13:58:43"
"Veryen Bajan","Successfully Login","Login","2025-06-04 13:59:38"
"Benjie Val Lumawag","Successfully Login","Login","2025-06-04 14:37:38"
"Benjie Val Lumawag","Successfully Login","Login","2025-06-04 15:41:58"
"","Error to add new customer payment [CP-250604155018]","Customer Payment","2025-06-04 07:50:18"
"","Finished customer payment [CP-250604155018]","Customer Payment","2025-06-04 07:50:18"
"","Error to add new customer payment [CP-250604155037]","Customer Payment","2025-06-04 07:50:37"
"","Finished customer payment [CP-250604155037]","Customer Payment","2025-06-04 07:50:37"
"warehouse","Successfully Login","Login","2025-06-04 17:09:27"
"Jay Ann Quitor","Successfully Login","Login","2025-06-04 17:11:12"
"Ryan Ferrer","Successfully Login","Login","2025-06-04 17:21:06"
"Benjie Val Lumawag","Successfully Login","Login","2025-06-04 18:21:28"
"Benjie Val Lumawag","Successfully Login","Login","2025-06-04 18:59:15"
"","Error to add new customer payment [CP-250605061307]","Customer Payment","2025-06-04 22:13:07"
"","Finished customer payment [CP-250605061307]","Customer Payment","2025-06-04 22:13:08"
"Benjie Val Lumawag","Successfully Login","Login","2025-06-05 06:20:58"
"Benjie Val Lumawag","Successfully Login","Login","2025-06-05 06:24:29"
"","Error to add new customer payment [CP-250605074000]","Customer Payment","2025-06-04 23:40:00"
"","Finished customer payment [CP-250605074000]","Customer Payment","2025-06-04 23:40:00"
"Ryan Ferrer","Successfully Login","Login","2025-06-05 08:17:15"
"","Error to add new customer payment [CP-250605092015]","Customer Payment","2025-06-05 01:20:15"
"","Finished customer payment [CP-250605092015]","Customer Payment","2025-06-05 01:20:16"
"mary joy gorondiano","Successfully Login","Login","2025-06-05 09:35:41"
"Benjie Val Lumawag","Successfully Login","Login","2025-06-05 09:36:10"
"mary joy gorondiano","Successfully Login","Login","2025-06-05 09:38:09"
"Benjie Val Lumawag","Successfully Login","Login","2025-06-05 10:21:34"
"Benjie Val Lumawag","Successfully Login","Login","2025-06-05 11:11:44"
"Ryan Ferrer","Successfully Login","Login","2025-06-05 11:26:45"
"Benjie Val Lumawag","Successfully Login","Login","2025-06-05 12:48:49"
"","Added new customer [libunao]","Customer","2025-06-05 13:39:29"
"","Added new customer [PALAO]","Customer","2025-06-05 14:15:38"
"Ryan Ferrer","Successfully Login","Login","2025-06-05 14:29:32"
"Benjie Val Lumawag","Successfully Login","Login","2025-06-05 15:22:13"
"Benjie Val Lumawag","Successfully Login","Login","2025-06-05 15:24:34"
"","Added new customer [malabo ]","Customer","2025-06-05 15:25:46"
"Jay Ann Quitor","Successfully Login","Login","2025-06-05 15:26:35"
"mary joy gorondiano","Successfully Login","Login","2025-06-05 16:19:49"
"Ryan Ferrer","Successfully Login","Login","2025-06-05 16:30:31"
"warehouse","Successfully Login","Login","2025-06-05 16:31:06"
"Benjie Val Lumawag","Successfully Login","Login","2025-06-05 16:38:28"
"Benjie Val Lumawag","Successfully Login","Login","2025-06-05 16:41:41"
"Benjie Val Lumawag","Successfully Login","Login","2025-06-05 17:14:34"
"Benjie Val Lumawag","Successfully Login","Login","2025-06-05 17:27:40"
"Benjie Val Lumawag","Updated product [Firestorm- Gallon]","Product","2025-06-05 09:32:23"
"Benjie Val Lumawag","Added new product [Avid 250ml-case]","Product","2025-06-05 12:08:11"
"Benjie Val Lumawag","Added new product [Avid 250ml]","Product","2025-06-05 12:10:01"
"Benjie Val Lumawag","Updated product [Tekburn 4L-Gallon]","Product","2025-06-05 12:10:49"
"Benjie Val Lumawag","Updated product [Fluazifop lit]","Product","2025-06-05 12:11:09"
"Benjie Val Lumawag","Added new product [Fluazipo Lit-Case]","Product","2025-06-05 12:17:18"
"Benjie Val Lumawag","Added new product [Primera Nutri Cal 25kg]","Product","2025-06-05 12:27:38"
"Benjie Val Lumawag","Successfully Login","Login","2025-06-05 20:51:40"
"Neza Nebla","Successfully Login","Login","2025-06-06 06:40:03"
"Benjie Val Lumawag","Successfully Login","Login","2025-06-06 07:17:38"
"Jay Ann Quitor","Successfully Login","Login","2025-06-06 07:45:17"
"Ryan Ferrer","Successfully Login","Login","2025-06-06 08:07:38"
"Benjie Val Lumawag","Successfully Login","Login","2025-06-06 08:19:01"
"Benjie Val Lumawag","Updated product [4600-Atlas]","Product","2025-06-06 01:41:38"
"Benjie Val Lumawag","Updated product [4600-Harvester]","Product","2025-06-06 01:42:00"
"Benjie Val Lumawag","Successfully Login","Login","2025-06-06 11:29:09"
"Ryan Ferrer","Successfully Login","Login","2025-06-06 14:31:02"
"Ryan Ferrer","Successfully Login","Login","2025-06-06 14:31:32"
"Benjie Val Lumawag","Successfully Login","Login","2025-06-06 14:39:02"
"Benjie Val Lumawag","Successfully Login","Login","2025-06-06 14:52:14"
"Benjie Val Lumawag","Successfully Login","Login","2025-06-06 15:17:09"
"Neza Nebla","Successfully Login","Login","2025-06-06 15:44:14"
"Benjie Val Lumawag","Successfully Login","Login","2025-06-06 16:02:14"
"","Error to add new customer payment [CP-250606161059]","Customer Payment","2025-06-06 08:10:59"
"","Finished customer payment [CP-250606161059]","Customer Payment","2025-06-06 08:10:59"
"","Added new customer [Mansunguir]","Customer","2025-06-06 16:41:32"
"warehouse","Successfully Login","Login","2025-06-06 16:42:57"
"Jay Ann Quitor","Successfully Login","Login","2025-06-06 17:04:26"
"Benjie Val Lumawag","Successfully Login","Login","2025-06-06 17:30:15"
"Benjie Val Lumawag","Successfully Login","Login","2025-06-06 17:46:25"
"Ryan Ferrer","Successfully Login","Login","2025-06-06 18:17:00"
"Benjie Val Lumawag","Successfully Login","Login","2025-06-06 19:39:27"
"Benjie Val Lumawag","Successfully Login","Login","2025-06-06 19:50:12"
"Benjie Val Lumawag","Successfully Login","Login","2025-06-07 06:32:09"
"Benjie Val Lumawag","Successfully Login","Login","2025-06-07 06:33:45"
"Benjie Val Lumawag","Updated product [141414-Atlas]","Product","2025-06-06 22:34:22"
"Benjie Val Lumawag","Updated product [141414-Harvester]","Product","2025-06-06 22:34:46"
"Neza Nebla","Successfully Login","Login","2025-06-07 06:40:37"
"Benjie Val Lumawag","Successfully Login","Login","2025-06-07 07:17:49"
"Ryan Ferrer","Successfully Login","Login","2025-06-07 07:33:40"
"Neza Nebla","Successfully Login","Login","2025-06-07 08:04:30"
"Benjie Val Lumawag","Successfully Login","Login","2025-06-07 10:16:33"
"Ryan Ferrer","Successfully Login","Login","2025-06-07 12:29:07"
"Ryan Ferrer","Successfully Login","Login","2025-06-07 12:33:30"
"","Attempt to add existing customer [1]","Customer","2025-06-07 12:39:35"
"","Added new customer [ bena]","Customer","2025-06-07 12:40:04"
"","Error to add new customer payment [CP-250607131315]","Customer Payment","2025-06-07 05:13:15"
"","Finished customer payment [CP-250607131315]","Customer Payment","2025-06-07 05:13:16"
"","Error to add new customer payment [CP-250607131401]","Customer Payment","2025-06-07 05:14:01"
"","Finished customer payment [CP-250607131401]","Customer Payment","2025-06-07 05:14:01"
"Benjie Val Lumawag","Successfully Login","Login","2025-06-07 13:45:02"
"Neza Nebla","Successfully Login","Login","2025-06-07 14:54:14"
"Benjie Val Lumawag","Successfully Login","Login","2025-06-07 14:59:10"
"Ryan Ferrer","Successfully Login","Login","2025-06-07 15:04:31"
"","Added new customer [Ql-Employee-Eralsis Pama]","Customer","2025-06-07 15:05:53"
"Annabel Coronado","Successfully Login","Login","2025-06-07 16:18:13"
"Ryan Ferrer","Successfully Login","Login","2025-06-07 16:38:45"
"warehouse","Successfully Login","Login","2025-06-07 16:52:50"
"","Error to add new customer payment [CP-250607170040]","Customer Payment","2025-06-07 09:00:40"
"","Finished customer payment [CP-250607170040]","Customer Payment","2025-06-07 09:00:41"
"Neza Nebla","Successfully Login","Login","2025-06-07 17:40:35"
"Ryan Ferrer","Successfully Login","Login","2025-06-07 17:50:01"
"Benjie Val Lumawag","Successfully Login","Login","2025-06-07 18:05:47"
"Benjie Val Lumawag","Successfully Login","Login","2025-06-07 20:55:33"
"Ryan Ferrer","Successfully Login","Login","2025-06-08 06:09:54"
"Benjie Val Lumawag","Successfully Login","Login","2025-06-08 06:18:24"
"Benjie Val Lumawag","Successfully Login","Login","2025-06-08 07:08:13"
"Ryan Ferrer","Successfully Login","Login","2025-06-08 07:14:23"
"Jay Ann Quitor","Successfully Login","Login","2025-06-08 07:34:24"
"Ryan Ferrer","Successfully Login","Login","2025-06-08 08:42:23"
"Benjie Val Lumawag","Successfully Login","Login","2025-06-08 09:12:10"
"Benjie Val Lumawag","Updated product [4600- Sunrise]","Product","2025-06-08 01:14:29"
"Ryan Ferrer","Successfully Login","Login","2025-06-08 09:19:15"
"Neza Nebla","Successfully Login","Login","2025-06-08 09:31:50"
"Annabel Coronado","Successfully Login","Login","2025-06-08 10:16:49"
"","Error to add new customer payment [CP-250608103232]","Customer Payment","2025-06-08 02:32:32"
"","Finished customer payment [CP-250608103232]","Customer Payment","2025-06-08 02:32:32"
"","Added new customer [datumama]","Customer","2025-06-08 11:12:39"
"","Added new customer [omal]","Customer","2025-06-08 11:39:03"
"Benjie Val Lumawag","Successfully Login","Login","2025-06-08 13:27:25"
"Veryen Bajan","Successfully Login","Login","2025-06-08 14:39:18"
"Benjie Val Lumawag","Successfully Login","Login","2025-06-08 15:21:04"
"","Added new customer [miran mafel]","Customer","2025-06-08 15:29:19"
"Ryan Ferrer","Successfully Login","Login","2025-06-08 16:39:53"
"Jay Ann Quitor","Successfully Login","Login","2025-06-08 16:42:10"
"Benjie Val Lumawag","Successfully Login","Login","2025-06-08 16:43:57"
"warehouse","Successfully Login","Login","2025-06-08 16:48:44"
"Benjie Val Lumawag","Successfully Login","Login","2025-06-08 17:03:18"
"Benjie Val Lumawag","Successfully Login","Login","2025-06-08 17:13:30"
"Benjie Val Lumawag","Successfully Login","Login","2025-06-08 17:42:09"
"Ryan Ferrer","Successfully Login","Login","2025-06-08 17:54:56"
"Benjie Val Lumawag","Successfully Login","Login","2025-06-08 18:50:44"
"Ryan Ferrer","Successfully Login","Login","2025-06-08 21:08:05"
"Benjie Val Lumawag","Successfully Login","Login","2025-06-09 05:28:40"
"Benjie Val Lumawag","Successfully Login","Login","2025-06-09 06:12:51"
"Jeza","Successfully Login","Login","2025-06-09 06:16:24"
"Benjie Val Lumawag","Successfully Login","Login","2025-06-09 06:21:02"
"Ryan Ferrer","Successfully Login","Login","2025-06-09 06:22:25"
"Benjie Val Lumawag","Updated product [G-Cash Out ( Service Charge)]","Product","2025-06-08 22:51:20"
"Benjie Val Lumawag","Added new product [Soda Cigarette Ream]","Product","2025-06-08 23:25:40"
"Benjie Val Lumawag","Added new product [Soda Cigarette Pack]","Product","2025-06-08 23:26:10"
"Benjie Val Lumawag","Added new product [Soda Cigarette Pcs]","Product","2025-06-08 23:27:14"
"Neza Nebla","Successfully Login","Login","2025-06-09 07:44:41"
"Veryen Bajan","Successfully Login","Login","2025-06-09 07:54:55"
"Neza Nebla","Successfully Login","Login","2025-06-09 08:06:34"
"Benjie Val Lumawag","Successfully Login","Login","2025-06-09 09:21:23"
"Benjie Val Lumawag","Updated product [4600-Atlas]","Product","2025-06-09 01:21:44"
"Benjie Val Lumawag","Updated product [4600-Amigo]","Product","2025-06-09 01:22:02"
"Benjie Val Lumawag","Updated product [4600-Harvester]","Product","2025-06-09 01:22:14"
"Benjie Val Lumawag","Updated product [Clear out-4 lit]","Product","2025-06-09 01:25:52"
"Benjie Val Lumawag","Successfully Login","Login","2025-06-09 10:28:05"
"Ryan Ferrer","Successfully Login","Login","2025-06-09 10:48:31"
"Ryan Ferrer","Successfully Login","Login","2025-06-09 12:06:56"
"Jay Ann Quitor","Successfully Login","Login","2025-06-09 12:09:32"
"Benjie Val Lumawag","Updated product [Nivea  Deo Lotion 30ml] => [Nivea  Deo Lotion 3ml]","Product","2025-06-09 04:14:53"
"Benjie Val Lumawag","Added new product [Colgate Toothbrush hangmat]","Product","2025-06-09 04:16:09"
"Benjie Val Lumawag","Added new product [Superstix Choco Jr. 330g]","Product","2025-06-09 04:17:01"
"Benjie Val Lumawag","Added new product [Tentay Patis 350mL]","Product","2025-06-09 04:17:42"
"Benjie Val Lumawag","Added new product [555 Tuna Mechado 155g]","Product","2025-06-09 04:18:14"
"Benjie Val Lumawag","Added new product [Charmee Napkin All Nyt Long 1x10]","Product","2025-06-09 04:22:32"
"Benjie Val Lumawag","Added new product [Nivea Deo Ltn 3mL]","Product","2025-06-09 04:29:53"
"Benjie Val Lumawag","Updated product [Nivea Deo Ltn 3mL] => [Nivea Deo Ltn 3mL Pack]","Product","2025-06-09 04:31:33"
"Benjie Val Lumawag","Added new product [Tentay Patis Pouch 150mL]","Product","2025-06-09 04:33:26"
"Veryen Bajan","Successfully Login","Login","2025-06-09 12:37:22"
"Benjie Val Lumawag","Added new product [Whisper Long Protect (8 pcs)]","Product","2025-06-09 05:12:04"
"Benjie Val Lumawag","Added new product [Alaska Creamer All Purpose 250mL]","Product","2025-06-09 05:15:36"
"Benjie Val Lumawag","Added new product [Besuto Crackers Plain 100g]","Product","2025-06-09 05:17:15"
"Benjie Val Lumawag","Added new product [Joy BT Hi save]","Product","2025-06-09 05:19:15"
"Benjie Val Lumawag","Added new product [Nestea Pwd Lemon]","Product","2025-06-09 05:35:02"
"Benjie Val Lumawag","Added new product [Dowee Donuts Assorted 1*10]","Product","2025-06-09 05:36:20"
"Benjie Val Lumawag","Added new product [Doowee Donuts Pcs]","Product","2025-06-09 05:36:58"
"Benjie Val Lumawag","Added new product [Coffeemate Creamer 80g]","Product","2025-06-09 05:40:29"
"Benjie Val Lumawag","Added new product [Tang Ice Tea]","Product","2025-06-09 05:45:55"
"","Error to add new customer payment [CP-250609135834]","Customer Payment","2025-06-09 05:58:34"
"","Finished customer payment [CP-250609135834]","Customer Payment","2025-06-09 05:58:34"
"","Error to add new customer payment [CP-250609135849]","Customer Payment","2025-06-09 05:58:49"
"","Finished customer payment [CP-250609135849]","Customer Payment","2025-06-09 05:58:50"
"","Error to add new customer payment [CP-250609135906]","Customer Payment","2025-06-09 05:59:06"
"","Finished customer payment [CP-250609135906]","Customer Payment","2025-06-09 05:59:07"
"","Error to add new customer payment [CP-250609135919]","Customer Payment","2025-06-09 05:59:19"
"","Finished customer payment [CP-250609135919]","Customer Payment","2025-06-09 05:59:19"
"","Error to add new customer payment [CP-250609135939]","Customer Payment","2025-06-09 05:59:39"
"","Finished customer payment [CP-250609135939]","Customer Payment","2025-06-09 05:59:40"
"","Error to add new customer payment [CP-250609135950]","Customer Payment","2025-06-09 05:59:50"
"","Finished customer payment [CP-250609135950]","Customer Payment","2025-06-09 05:59:51"
"","Error to add new customer payment [CP-250609140006]","Customer Payment","2025-06-09 06:00:06"
"","Finished customer payment [CP-250609140006]","Customer Payment","2025-06-09 06:00:07"
"Benjie Val Lumawag","Added new product [Tempura Regent 100g]","Product","2025-06-09 06:22:54"
"Benjie Val Lumawag","Added new product [Magic Flakes Cheese 28g]","Product","2025-06-09 06:31:24"
"Benjie Val Lumawag","Updated product [Magic Flakes Cheese 28g]","Product","2025-06-09 06:31:55"
"Benjie Val Lumawag","Added new product [Magic Flakes Cheese 1x10]","Product","2025-06-09 06:32:32"
"Benjie Val Lumawag","Added new product [Argentina Corned Beef 100g]","Product","2025-06-09 06:41:37"
"Benjie Val Lumawag","Updated product [Ariel Twin Jumbo 66g-Retail] => [Ariel Twin Sunshine Jumbo 66g-Retail]","Product","2025-06-09 06:47:37"
"Neza Nebla","Successfully Login","Login","2025-06-09 15:00:11"
"Ryan Ferrer","Successfully Login","Login","2025-06-09 15:06:55"
"","Added new customer [Arman]","Customer","2025-06-09 15:10:01"
"Benjie Val Lumawag","Added new product [Rinbee]","Product","2025-06-09 07:14:22"
"","Added new customer [Estandian]","Customer","2025-06-09 16:35:03"
"","Added new customer [munda]","Customer","2025-06-09 16:52:30"
"Jay Ann Quitor","Successfully Login","Login","2025-06-09 16:52:54"
"Jay Ann Quitor","Successfully Login","Login","2025-06-09 17:07:16"
"Neza Nebla","Successfully Login","Login","2025-06-09 17:12:14"
"Benjie Val Lumawag","Successfully Login","Login","2025-06-09 17:28:58"
"Ryan Ferrer","Successfully Login","Login","2025-06-09 18:23:14"
"Benjie Val Lumawag","Successfully Login","Login","2025-06-09 18:37:14"
"Veryen Bajan","Successfully Login","Login","2025-06-10 06:32:48"
"Ryan Ferrer","Successfully Login","Login","2025-06-10 06:32:57"
"Ryan Ferrer","Successfully Login","Login","2025-06-10 06:47:35"
"","Added new customer [balino]","Customer","2025-06-10 07:51:26"
"Veryen Bajan","Successfully Login","Login","2025-06-10 08:07:09"
"Ryan Ferrer","Successfully Login","Login","2025-06-10 08:37:40"
"Benjie Val Lumawag","Successfully Login","Login","2025-06-10 09:02:04"
"Ryan Ferrer","Successfully Login","Login","2025-06-10 09:30:40"
"","Added new customer [magdara]","Customer","2025-06-10 10:39:49"
"","Added new customer [Laos jefry]","Customer","2025-06-10 10:56:46"
"Benjie Val Lumawag","Successfully Login","Login","2025-06-10 12:29:26"
"Benjie Val Lumawag","Updated product [4600-Atlas]","Product","2025-06-10 04:31:13"
"Benjie Val Lumawag","Updated product [4600-Harvester]","Product","2025-06-10 04:31:55"
"Ryan Ferrer","Successfully Login","Login","2025-06-10 13:58:05"
"","Error to add new customer payment [CP-250610141640]","Customer Payment","2025-06-10 06:16:40"
"","Finished customer payment [CP-250610141640]","Customer Payment","2025-06-10 06:16:40"
"Benjie Val Lumawag","Successfully Login","Login","2025-06-10 14:22:46"
"","Error to add new customer payment [CP-250610143755]","Customer Payment","2025-06-10 06:37:55"
"","Finished customer payment [CP-250610143755]","Customer Payment","2025-06-10 06:37:55"
"Benjie Val Lumawag","Successfully Login","Login","2025-06-10 15:59:04"
"Jay Ann Quitor","Successfully Login","Login","2025-06-10 16:55:00"
"","Error to add new customer payment [CP-250610170543]","Customer Payment","2025-06-10 09:05:43"
"","Finished customer payment [CP-250610170543]","Customer Payment","2025-06-10 09:05:44"
"Benjie Val Lumawag","Successfully Login","Login","2025-06-10 17:13:43"
"warehouse","Successfully Login","Login","2025-06-10 17:13:54"
"Veryen Bajan","Successfully Login","Login","2025-06-10 18:10:36"
"","Added new customer [QL Employee- Mary Joy]","Customer","2025-06-10 18:22:49"
"Benjie Val Lumawag","Successfully Login","Login","2025-06-10 20:29:06"
"Benjie Val Lumawag","Successfully Login","Login","2025-06-11 06:15:51"
"Benjie Val Lumawag","Successfully Login","Login","2025-06-11 06:54:55"
"Ryan Ferrer","Successfully Login","Login","2025-06-11 07:34:08"
"","Added new customer [tuburan]","Customer","2025-06-11 08:02:22"
"","Added new customer [llaento]","Customer","2025-06-11 09:36:47"
"","Added new customer [hadjidaud]","Customer","2025-06-11 12:54:26"
"Jay Ann Quitor","Successfully Login","Login","2025-06-11 13:50:07"
"","Added new customer [macapigis]","Customer","2025-06-11 13:55:44"
"Benjie Val Lumawag","Successfully Login","Login","2025-06-11 14:35:15"
"Benjie Val Lumawag","Updated product [Boom2x] => [Boom2X CCream/Cheese]","Product","2025-06-11 06:37:42"
"Benjie Val Lumawag","Added new product [Choco Almond Deluxe]","Product","2025-06-11 06:42:19"
"Benjie Val Lumawag","Added new product [Dragon Pop]","Product","2025-06-11 06:45:02"
"Ryan Ferrer","Successfully Login","Login","2025-06-11 15:00:20"
"Benjie Val Lumawag","Added new product [Lemon Square-CheeseCake 1*10]","Product","2025-06-11 07:10:10"
"Benjie Val Lumawag","Added new product [Lemon Square-CheeseCake pc]","Product","2025-06-11 07:11:11"
"Benjie Val Lumawag","Added new product [Lemon Square Asst Cupcakes 1*10]","Product","2025-06-11 07:13:23"
"Benjie Val Lumawag","Added new product [Lemon Square Inipit Assorted]","Product","2025-06-11 07:14:14"
"Benjie Val Lumawag","Added new product [Lemon Square Cupcake pcs]","Product","2025-06-11 07:14:47"
"Benjie Val Lumawag","Added new product [Lemon Square Inipit pcs]","Product","2025-06-11 07:15:37"
"Benjie Val Lumawag","Added new product [Lava Cake 1*10]","Product","2025-06-11 07:17:11"
"Benjie Val Lumawag","Added new product [Lava Cake pcs]","Product","2025-06-11 07:17:32"
"Benjie Val Lumawag","Added new product [Whatta Tops Choco 1*10]","Product","2025-06-11 07:18:13"
"Benjie Val Lumawag","Added new product [Whatta Tops Choco Pcs]","Product","2025-06-11 07:18:44"
"Benjie Val Lumawag","Added new product [Whatta Tops Vanilla 1*10]","Product","2025-06-11 07:19:23"
"Benjie Val Lumawag","Added new product [Whatta Tops]","Product","2025-06-11 07:20:01"
"","Added new customer [samad]","Customer","2025-06-11 15:20:16"
"Benjie Val Lumawag","Attempt to add existing product [Whatta Tops Cookies]","Product","2025-06-11 07:20:41"
"Benjie Val Lumawag","Added new product [Whatta Tops Cookies]","Product","2025-06-11 07:21:00"
"Benjie Val Lumawag","Added new product [Whatta Tops Cookies pcs]","Product","2025-06-11 07:21:43"
"Benjie Val Lumawag","Updated product [Whatta Tops Cookies] => [Whatta Tops Cookies 1*10]","Product","2025-06-11 07:21:58"
"Benjie Val Lumawag","Updated product [Whatta Tops Cookies pcs]","Product","2025-06-11 07:22:13"
"Benjie Val Lumawag","Added new product [Whatta Tops Assorted 1*10]","Product","2025-06-11 07:22:50"
"","Added new customer [odarat]","Customer","2025-06-11 15:23:20"
"Benjie Val Lumawag","Added new product [Whatta Tops Cupcake]","Product","2025-06-11 07:23:22"
"","Error to add new customer payment [CP-250611152541]","Customer Payment","2025-06-11 07:25:41"
"","Finished customer payment [CP-250611152541]","Customer Payment","2025-06-11 07:25:42"
"","Error to add new customer payment [CP-250611152600]","Customer Payment","2025-06-11 07:26:00"
"","Finished customer payment [CP-250611152600]","Customer Payment","2025-06-11 07:26:01"
"","Error to add new customer payment [CP-250611152618]","Customer Payment","2025-06-11 07:26:18"
"","Finished customer payment [CP-250611152618]","Customer Payment","2025-06-11 07:26:18"
"","Error to add new customer payment [CP-250611152632]","Customer Payment","2025-06-11 07:26:32"
"","Finished customer payment [CP-250611152632]","Customer Payment","2025-06-11 07:26:33"
"","Error to add new customer payment [CP-250611152645]","Customer Payment","2025-06-11 07:26:45"
"","Finished customer payment [CP-250611152645]","Customer Payment","2025-06-11 07:26:45"
"","Error to add new customer payment [CP-250611152700]","Customer Payment","2025-06-11 07:27:00"
"","Finished customer payment [CP-250611152700]","Customer Payment","2025-06-11 07:27:01"
"Neza Nebla","Successfully Login","Login","2025-06-11 15:32:40"
"Benjie Val Lumawag","Added new product [Princess Bea 25kg]","Product","2025-06-11 07:36:01"
"Benjie Val Lumawag","Added new product [Alas 25kg]","Product","2025-06-11 07:37:45"
"Ryan Ferrer","Successfully Login","Login","2025-06-11 15:38:37"
"Benjie Val Lumawag","Added new product [Alas 5 kg]","Product","2025-06-11 07:40:59"
"Benjie Val Lumawag","Added new product [Alas 10kg]","Product","2025-06-11 07:41:49"
"Benjie Val Lumawag","Added new product [Master Chef Pilit 25kg]","Product","2025-06-11 07:44:07"
"Benjie Val Lumawag","Updated product [Alas 25kg]","Product","2025-06-11 07:46:48"
"Benjie Val Lumawag","Updated product [Princess Bea 25kg]","Product","2025-06-11 07:47:03"
"Benjie Val Lumawag","Updated product [Bexan 10ml] => [Bexan XP 10ml]","Product","2025-06-11 08:24:30"
"Benjie Val Lumawag","Updated product [Bexan 1ml] => [Bexan  XP 1ml]","Product","2025-06-11 08:24:51"
"Benjie Val Lumawag","Added new product [Bexan SP 100 mL]","Product","2025-06-11 08:25:31"
"Benjie Val Lumawag","Updated product [Bexan SP 100 mL]","Product","2025-06-11 08:25:48"
"Benjie Val Lumawag","Updated product [Bexan SP 100 mL]","Product","2025-06-11 08:28:23"
"Benjie Val Lumawag","Added new product [Century Tuna Flakes in Oil 95 g]","Product","2025-06-11 08:31:28"
"Benjie Val Lumawag","Added new product [Tang Lemon Powder Retail]","Product","2025-06-11 08:36:02"
"warehouse","Successfully Login","Login","2025-06-11 16:44:22"
"Ryan Ferrer","Successfully Login","Login","2025-06-11 16:50:54"
"Ryan Ferrer","Successfully Login","Login","2025-06-11 16:52:54"
"Jay Ann Quitor","Successfully Login","Login","2025-06-11 17:07:21"
"Veryen Bajan","Successfully Login","Login","2025-06-11 17:17:09"
"Benjie Val Lumawag","Successfully Login","Login","2025-06-11 18:25:40"
"Benjie Val Lumawag","Successfully Login","Login","2025-06-12 06:23:00"
"","Error to add new customer payment [CP-250612062755]","Customer Payment","2025-06-11 22:27:55"
"","Finished customer payment [CP-250612062755]","Customer Payment","2025-06-11 22:27:55"
"","Error to add new customer payment [CP-250612062815]","Customer Payment","2025-06-11 22:28:15"
"","Finished customer payment [CP-250612062815]","Customer Payment","2025-06-11 22:28:15"
"Neza Nebla","Successfully Login","Login","2025-06-12 06:52:59"
"Ryan Ferrer","Successfully Login","Login","2025-06-12 06:55:26"
"Jay Ann Quitor","Successfully Login","Login","2025-06-12 09:35:01"
"","Error to add new customer payment [CP-250612102436]","Customer Payment","2025-06-12 02:24:36"
"","Finished customer payment [CP-250612102436]","Customer Payment","2025-06-12 02:24:37"
"Ryan Ferrer","Successfully Login","Login","2025-06-12 13:23:10"
"Ryan Ferrer","Successfully Login","Login","2025-06-12 13:23:42"
"Ryan Ferrer","Successfully Login","Login","2025-06-12 13:24:19"
"Benjie Val Lumawag","Successfully Login","Login","2025-06-12 14:11:49"
"Jay Ann Quitor","Successfully Login","Login","2025-06-12 14:56:27"
"Ryan Ferrer","Successfully Login","Login","2025-06-12 15:42:08"
"Benjie Val Lumawag","Successfully Login","Login","2025-06-12 17:04:58"
"warehouse","Successfully Login","Login","2025-06-12 17:34:04"
"Veryen Bajan","Successfully Login","Login","2025-06-12 17:44:36"
"Neza Nebla","Successfully Login","Login","2025-06-12 17:56:01"
"Benjie Val Lumawag","Successfully Login","Login","2025-06-12 18:21:48"
"Benjie Val Lumawag","Error to add new customer payment [CP-250612182206]","Customer Payment","2025-06-12 10:22:18"
"Benjie Val Lumawag","Finished customer payment [CP-250612182206]","Customer Payment","2025-06-12 18:22:38"
"Benjie Val Lumawag","Successfully Login","Login","2025-06-12 21:15:35"
"Ryan Ferrer","Successfully Login","Login","2025-06-13 06:03:20"
"Benjie Val Lumawag","Successfully Login","Login","2025-06-13 06:23:57"
"Jay Ann Quitor","Successfully Login","Login","2025-06-13 06:42:15"
"Jay Ann Quitor","Successfully Login","Login","2025-06-13 07:01:18"
"Ryan Ferrer","Successfully Login","Login","2025-06-13 07:25:52"
"Ryan Ferrer","Successfully Login","Login","2025-06-13 07:27:08"
"Benjie Val Lumawag","Successfully Login","Login","2025-06-13 07:49:06"
"Benjie Val Lumawag","Successfully Login","Login","2025-06-13 09:37:32"
"","Attempt to add existing customer [Malaguia]","Customer","2025-06-13 10:00:45"
"","Added new customer [binoy]","Customer","2025-06-13 11:14:07"
"Ryan Ferrer","Successfully Login","Login","2025-06-13 11:26:34"
"Ryan Ferrer","Successfully Login","Login","2025-06-13 12:19:14"
"Veryen Bajan","Successfully Login","Login","2025-06-13 12:30:07"
"Benjie Val Lumawag","Successfully Login","Login","2025-06-13 12:37:07"
"Ryan Ferrer","Successfully Login","Login","2025-06-13 13:24:01"
"Annabel Coronado","Successfully Login","Login","2025-06-13 13:55:15"
"","Added new customer [ogong]","Customer","2025-06-13 13:59:27"
"Ryan Ferrer","Successfully Login","Login","2025-06-13 15:28:22"
"Benjie Val Lumawag","Successfully Login","Login","2025-06-13 16:15:04"
"Veryen Bajan","Successfully Login","Login","2025-06-13 16:23:00"
"","Error to add new customer payment [CP-250613162859]","Customer Payment","2025-06-13 08:28:59"
"","Finished customer payment [CP-250613162859]","Customer Payment","2025-06-13 08:28:59"
"","Error to add new customer payment [CP-250613162912]","Customer Payment","2025-06-13 08:29:12"
"","Finished customer payment [CP-250613162912]","Customer Payment","2025-06-13 08:29:12"
"Benjie Val Lumawag","Successfully Login","Login","2025-06-13 16:48:04"
"","Added new customer [obregon]","Customer","2025-06-13 16:50:58"
"Annabel Coronado","Successfully Login","Login","2025-06-13 17:00:46"
"Ryan Ferrer","Successfully Login","Login","2025-06-13 17:01:06"
"warehouse","Successfully Login","Login","2025-06-13 17:11:15"
"Ryan Ferrer","Successfully Login","Login","2025-06-13 17:16:11"
"Ryan Ferrer","Successfully Login","Login","2025-06-13 17:29:04"
"Veryen Bajan","Successfully Login","Login","2025-06-13 18:18:11"
"Benjie Val Lumawag","Successfully Login","Login","2025-06-13 18:19:09"
"Benjie Val Lumawag","Successfully Login","Login","2025-06-14 06:35:39"
"Benjie Val Lumawag","Successfully Login","Login","2025-06-14 06:39:43"
"Benjie Val Lumawag","Successfully Login","Login","2025-06-14 06:59:32"
"Benjie Val Lumawag","Added new product [Gloves- Manok]","Product","2025-06-13 23:00:18"
"Benjie Val Lumawag","Added new product [Sapin-Manok]","Product","2025-06-13 23:00:41"
"Benjie Val Lumawag","Updated product [Sapin-Manok]","Product","2025-06-13 23:01:54"
"Benjie Val Lumawag","Updated product [Gloves- Manok]","Product","2025-06-13 23:02:12"
"Benjie Val Lumawag","Updated product [Gloves- Manok]","Product","2025-06-13 23:03:16"
"Jay Ann Quitor","Successfully Login","Login","2025-06-14 07:50:01"
"Ryan Ferrer","Successfully Login","Login","2025-06-14 08:20:16"
"","Added new customer [Ebrahim]","Customer","2025-06-14 08:33:47"
"","Attempt to add existing customer [Hadjidaud]","Customer","2025-06-14 11:19:12"
"Benjie Val Lumawag","Successfully Login","Login","2025-06-14 13:49:41"
"Veryen Bajan","Successfully Login","Login","2025-06-14 13:56:54"
"Benjie Val Lumawag","Successfully Login","Login","2025-06-14 13:57:50"
"Veryen Bajan","Error to add new customer payment [CP-250614140549]","Customer Payment","2025-06-14 06:07:22"
"Veryen Bajan","Finished customer payment [CP-250614140549]","Customer Payment","2025-06-14 14:16:07"
"Veryen Bajan","Error to add new customer payment [CP-250614141729]","Customer Payment","2025-06-14 06:17:53"
"","Error to add new customer payment [CP-250614141812]","Customer Payment","2025-06-14 06:18:12"
"","Finished customer payment [CP-250614141812]","Customer Payment","2025-06-14 06:18:13"
"","Error to add new customer payment [CP-250614141828]","Customer Payment","2025-06-14 06:18:28"
"","Finished customer payment [CP-250614141828]","Customer Payment","2025-06-14 06:18:29"
"","Error to add new customer payment [CP-250614141839]","Customer Payment","2025-06-14 06:18:39"
"","Finished customer payment [CP-250614141839]","Customer Payment","2025-06-14 06:18:39"
"","Error to add new customer payment [CP-250614141854]","Customer Payment","2025-06-14 06:18:54"
"","Finished customer payment [CP-250614141854]","Customer Payment","2025-06-14 06:18:55"
"","Error to add new customer payment [CP-250614142509]","Customer Payment","2025-06-14 06:25:09"
"","Finished customer payment [CP-250614142509]","Customer Payment","2025-06-14 06:25:09"
"","Error to add new customer payment [CP-250614142623]","Customer Payment","2025-06-14 06:26:23"
"","Finished customer payment [CP-250614142623]","Customer Payment","2025-06-14 06:26:23"
"","Error to add new customer payment [CP-250614142640]","Customer Payment","2025-06-14 06:26:40"
"","Finished customer payment [CP-250614142640]","Customer Payment","2025-06-14 06:26:40"
"","Error to add new customer payment [CP-250614142656]","Customer Payment","2025-06-14 06:26:56"
"","Finished customer payment [CP-250614142656]","Customer Payment","2025-06-14 06:26:56"
"","Error to add new customer payment [CP-250614142711]","Customer Payment","2025-06-14 06:27:11"
"","Finished customer payment [CP-250614142711]","Customer Payment","2025-06-14 06:27:12"
"","Error to add new customer payment [CP-250614142947]","Customer Payment","2025-06-14 06:29:47"
"","Finished customer payment [CP-250614142947]","Customer Payment","2025-06-14 06:29:48"
"","Error to add new customer payment [CP-250614143314]","Customer Payment","2025-06-14 06:33:14"
"","Finished customer payment [CP-250614143314]","Customer Payment","2025-06-14 06:33:15"
"","Error to add new customer payment [CP-250614143328]","Customer Payment","2025-06-14 06:33:28"
"","Finished customer payment [CP-250614143328]","Customer Payment","2025-06-14 06:33:28"
"","Error to add new customer payment [CP-250614143509]","Customer Payment","2025-06-14 06:35:09"
"","Finished customer payment [CP-250614143509]","Customer Payment","2025-06-14 06:35:10"
"","Error to add new customer payment [CP-250614143521]","Customer Payment","2025-06-14 06:35:21"
"","Finished customer payment [CP-250614143521]","Customer Payment","2025-06-14 06:35:21"
"","Error to add new customer payment [CP-250614143532]","Customer Payment","2025-06-14 06:35:32"
"","Finished customer payment [CP-250614143532]","Customer Payment","2025-06-14 06:35:32"
"","Error to add new customer payment [CP-250614143543]","Customer Payment","2025-06-14 06:35:43"
"","Finished customer payment [CP-250614143543]","Customer Payment","2025-06-14 06:35:43"
"Benjie Val Lumawag","Successfully Login","Login","2025-06-14 14:36:52"
"","Error to add new customer payment [CP-250614143803]","Customer Payment","2025-06-14 06:38:03"
"","Finished customer payment [CP-250614143803]","Customer Payment","2025-06-14 06:38:04"
"","Error to add new customer payment [CP-250614144020]","Customer Payment","2025-06-14 06:40:20"
"","Finished customer payment [CP-250614144020]","Customer Payment","2025-06-14 06:40:20"
"","Error to add new customer payment [CP-250614144030]","Customer Payment","2025-06-14 06:40:30"
"","Finished customer payment [CP-250614144030]","Customer Payment","2025-06-14 06:40:31"
"","Error to add new customer payment [CP-250614144046]","Customer Payment","2025-06-14 06:40:46"
"","Finished customer payment [CP-250614144046]","Customer Payment","2025-06-14 06:40:47"
"","Error to add new customer payment [CP-250614144057]","Customer Payment","2025-06-14 06:40:57"
"","Finished customer payment [CP-250614144057]","Customer Payment","2025-06-14 06:40:57"
"","Error to add new customer payment [CP-250614144107]","Customer Payment","2025-06-14 06:41:07"
"","Finished customer payment [CP-250614144107]","Customer Payment","2025-06-14 06:41:07"
"Veryen Bajan","Finished customer payment [CP-250614141729]","Customer Payment","2025-06-14 14:41:30"
"","Error to add new customer payment [CP-250614144319]","Customer Payment","2025-06-14 06:43:19"
"","Finished customer payment [CP-250614144319]","Customer Payment","2025-06-14 06:43:20"
"Veryen Bajan","Error to add new customer payment [CP-250614144304]","Customer Payment","2025-06-14 06:43:21"
"","Error to add new customer payment [CP-250614144328]","Customer Payment","2025-06-14 06:43:28"
"","Finished customer payment [CP-250614144328]","Customer Payment","2025-06-14 06:43:29"
"","Error to add new customer payment [CP-250614144413]","Customer Payment","2025-06-14 06:44:13"
"","Finished customer payment [CP-250614144413]","Customer Payment","2025-06-14 06:44:13"
"","Error to add new customer payment [CP-250614144507]","Customer Payment","2025-06-14 06:45:07"
"","Finished customer payment [CP-250614144507]","Customer Payment","2025-06-14 06:45:08"
"","Error to add new customer payment [CP-250614144655]","Customer Payment","2025-06-14 06:46:55"
"","Finished customer payment [CP-250614144655]","Customer Payment","2025-06-14 06:46:56"
"","Error to add new customer payment [CP-250614144719]","Customer Payment","2025-06-14 06:47:19"
"","Finished customer payment [CP-250614144719]","Customer Payment","2025-06-14 06:47:19"
"","Error to add new customer payment [CP-250614144729]","Customer Payment","2025-06-14 06:47:29"
"","Finished customer payment [CP-250614144729]","Customer Payment","2025-06-14 06:47:30"
"","Error to add new customer payment [CP-250614144744]","Customer Payment","2025-06-14 06:47:44"
"","Finished customer payment [CP-250614144744]","Customer Payment","2025-06-14 06:47:44"
"","Error to add new customer payment [CP-250614144756]","Customer Payment","2025-06-14 06:47:56"
"","Finished customer payment [CP-250614144756]","Customer Payment","2025-06-14 06:47:57"
"","Error to add new customer payment [CP-250614145058]","Customer Payment","2025-06-14 06:50:58"
"","Finished customer payment [CP-250614145058]","Customer Payment","2025-06-14 06:50:58"
"","Error to add new customer payment [CP-250614145110]","Customer Payment","2025-06-14 06:51:10"
"","Finished customer payment [CP-250614145110]","Customer Payment","2025-06-14 06:51:10"
"Veryen Bajan","Finished customer payment [CP-250614144304]","Customer Payment","2025-06-14 14:51:14"
"Benjie Val Lumawag","Updated product [Square off - Gallon]","Product","2025-06-14 06:52:35"
"Veryen Bajan","Error to add new customer payment [CP-250614145200]","Customer Payment","2025-06-14 06:52:38"
"","Error to add new customer payment [CP-250614145301]","Customer Payment","2025-06-14 06:53:01"
"","Finished customer payment [CP-250614145301]","Customer Payment","2025-06-14 06:53:02"
"","Error to add new customer payment [CP-250614145312]","Customer Payment","2025-06-14 06:53:12"
"","Finished customer payment [CP-250614145312]","Customer Payment","2025-06-14 06:53:13"
"Benjie Val Lumawag","Successfully Login","Login","2025-06-14 15:11:42"
"","Error to add new customer payment [CP-250614151408]","Customer Payment","2025-06-14 07:14:08"
"","Finished customer payment [CP-250614151408]","Customer Payment","2025-06-14 07:14:09"
"","Error to add new customer payment [CP-250614151424]","Customer Payment","2025-06-14 07:14:24"
"","Finished customer payment [CP-250614151424]","Customer Payment","2025-06-14 07:14:25"
"","Error to add new customer payment [CP-250614151437]","Customer Payment","2025-06-14 07:14:37"
"","Finished customer payment [CP-250614151437]","Customer Payment","2025-06-14 07:14:37"
"","Error to add new customer payment [CP-250614151450]","Customer Payment","2025-06-14 07:14:50"
"","Finished customer payment [CP-250614151450]","Customer Payment","2025-06-14 07:14:51"
"","Error to add new customer payment [CP-250614151505]","Customer Payment","2025-06-14 07:15:05"
"","Finished customer payment [CP-250614151505]","Customer Payment","2025-06-14 07:15:06"
"","Error to add new customer payment [CP-250614151743]","Customer Payment","2025-06-14 07:17:43"
"","Finished customer payment [CP-250614151743]","Customer Payment","2025-06-14 07:17:44"
"","Error to add new customer payment [CP-250614151917]","Customer Payment","2025-06-14 07:19:17"
"","Finished customer payment [CP-250614151917]","Customer Payment","2025-06-14 07:19:17"
"","Error to add new customer payment [CP-250614151927]","Customer Payment","2025-06-14 07:19:27"
"","Finished customer payment [CP-250614151927]","Customer Payment","2025-06-14 07:19:27"
"","Error to add new customer payment [CP-250614152121]","Customer Payment","2025-06-14 07:21:21"
"","Finished customer payment [CP-250614152121]","Customer Payment","2025-06-14 07:21:21"
"Benjie Val Lumawag","Successfully Login","Login","2025-06-14 15:26:03"
"Benjie Val Lumawag","Successfully Login","Login","2025-06-14 15:43:47"
"Veryen Bajan","Finished customer payment [CP-250614145200]","Customer Payment","2025-06-14 15:58:30"
"Veryen Bajan","Error to add new customer payment [CP-250614155850]","Customer Payment","2025-06-14 07:59:31"
"Benjie Val Lumawag","Successfully Login","Login","2025-06-14 16:18:29"
"Benjie Val Lumawag","Added new price notice [PN-20250614161848]","Price Notice","2025-06-14 08:19:00"
"Benjie Val Lumawag","Added new detail of price notice [PN-20250614161848] : [4600-Harvester 1600.00 ->  1580]","Price Notice","2025-06-14 16:19:19"
"Benjie Val Lumawag","Added new detail of price notice [PN-20250614161848] : [4600-Atlas 1630.00 ->  1620]","Price Notice","2025-06-14 16:19:50"
"Benjie Val Lumawag","Added new detail of price notice [PN-20250614161848] : [4600- Sunrise 1570.00 ->  1550]","Price Notice","2025-06-14 16:21:17"
"Benjie Val Lumawag","Deleted detail of price notice [4600-Atlas @ 1620.00]","Price Notice","2025-06-14 16:21:39"
"Benjie Val Lumawag","Added new detail of price notice [PN-20250614161848] : [4600-Atlas 1630.00 ->  1600]","Price Notice","2025-06-14 16:22:00"
"Benjie Val Lumawag","Deleted detail of price notice [4600-Harvester @ 1580.00]","Price Notice","2025-06-14 16:22:11"
"Benjie Val Lumawag","Added new detail of price notice [PN-20250614161848] : [4600-Harvester 1600.00 ->  1570]","Price Notice","2025-06-14 16:22:59"
"Benjie Val Lumawag","Finished price notice [PN-20250614161848]","Price Notice","2025-06-14 16:26:51"
"","Implemented price notice [PN-20250614161848]","Price Notice","2025-06-14 16:32:28"
"Jay Ann Quitor","Successfully Login","Login","2025-06-14 16:36:04"
"Veryen Bajan","Finished customer payment [CP-250614155850]","Customer Payment","2025-06-14 16:52:22"
"Veryen Bajan","Error to add new customer payment [CP-250614165557]","Customer Payment","2025-06-14 08:56:52"
"warehouse","Successfully Login","Login","2025-06-14 16:59:26"
"Jay Ann Quitor","Successfully Login","Login","2025-06-14 17:17:08"
"Veryen Bajan","Finished customer payment [CP-250614165557]","Customer Payment","2025-06-14 17:18:15"
"Ryan Ferrer","Successfully Login","Login","2025-06-14 17:19:56"
"Benjie Val Lumawag","Successfully Login","Login","2025-06-14 17:23:25"
"Ryan Ferrer","Successfully Login","Login","2025-06-14 18:09:35"
"Benjie Val Lumawag","Successfully Login","Login","2025-06-15 06:22:34"
"Mariel Alisasis","Successfully Login","Login","2025-06-15 06:30:08"
"Ryan Ferrer","Successfully Login","Login","2025-06-15 06:45:38"
"Benjie Val Lumawag","Successfully Login","Login","2025-06-15 06:48:48"
"","Error to add new customer payment [CP-250615071256]","Customer Payment","2025-06-14 23:12:56"
"","Finished customer payment [CP-250615071256]","Customer Payment","2025-06-14 23:12:57"
"Ryan Ferrer","Successfully Login","Login","2025-06-15 07:13:55"
"Neza Nebla","Successfully Login","Login","2025-06-15 09:00:46"
"Ryan Ferrer","Successfully Login","Login","2025-06-15 09:46:32"
"","Added new customer [tan]","Customer","2025-06-15 11:05:49"
"Benjie Val Lumawag","Successfully Login","Login","2025-06-15 11:44:22"
"Ryan Ferrer","Successfully Login","Login","2025-06-15 12:33:32"
"","Error to add new customer payment [CP-250615123542]","Customer Payment","2025-06-15 04:35:42"
"","Finished customer payment [CP-250615123542]","Customer Payment","2025-06-15 04:35:43"
"","Error to add new customer payment [CP-250615123553]","Customer Payment","2025-06-15 04:35:53"
"","Finished customer payment [CP-250615123553]","Customer Payment","2025-06-15 04:35:54"
"","Error to add new customer payment [CP-250615123604]","Customer Payment","2025-06-15 04:36:04"
"","Finished customer payment [CP-250615123604]","Customer Payment","2025-06-15 04:36:05"
"","Error to add new customer payment [CP-250615123620]","Customer Payment","2025-06-15 04:36:20"
"","Finished customer payment [CP-250615123620]","Customer Payment","2025-06-15 04:36:21"
"","Error to add new customer payment [CP-250615123633]","Customer Payment","2025-06-15 04:36:33"
"","Finished customer payment [CP-250615123633]","Customer Payment","2025-06-15 04:36:34"
"","Error to add new customer payment [CP-250615133205]","Customer Payment","2025-06-15 05:32:05"
"","Finished customer payment [CP-250615133205]","Customer Payment","2025-06-15 05:32:05"
"","Added new customer [Nabasquez]","Customer","2025-06-15 13:57:26"
"","Added new customer [Lataban]","Customer","2025-06-15 15:03:03"
"Benjie Val Lumawag","Successfully Login","Login","2025-06-15 15:23:33"
"Ryan Ferrer","Successfully Login","Login","2025-06-15 15:43:28"
"Benjie Val Lumawag","Successfully Login","Login","2025-06-15 16:54:37"
"warehouse","Successfully Login","Login","2025-06-15 17:00:40"
"Jay Ann Quitor","Successfully Login","Login","2025-06-15 17:05:08"
"Veryen Bajan","Successfully Login","Login","2025-06-15 17:11:40"
"Ryan Ferrer","Successfully Login","Login","2025-06-15 17:17:26"
"Ryan Ferrer","Successfully Login","Login","2025-06-15 17:19:12"
"","Error to add new customer payment [CP-250615172704]","Customer Payment","2025-06-15 09:27:04"
"","Finished customer payment [CP-250615172704]","Customer Payment","2025-06-15 09:27:05"
"","Error to add new customer payment [CP-250615172725]","Customer Payment","2025-06-15 09:27:25"
"","Finished customer payment [CP-250615172725]","Customer Payment","2025-06-15 09:27:25"
"","Error to add new customer payment [CP-250615172738]","Customer Payment","2025-06-15 09:27:38"
"","Finished customer payment [CP-250615172738]","Customer Payment","2025-06-15 09:27:38"
"","Error to add new customer payment [CP-250615172749]","Customer Payment","2025-06-15 09:27:49"
"","Finished customer payment [CP-250615172749]","Customer Payment","2025-06-15 09:27:50"
"Neza Nebla","Successfully Login","Login","2025-06-15 17:30:46"
"Benjie Val Lumawag","Successfully Login","Login","2025-06-15 17:49:46"
"Benjie Val Lumawag","Successfully Login","Login","2025-06-15 18:02:40"
"Benjie Val Lumawag","Successfully Login","Login","2025-06-15 18:23:05"
"Benjie Val Lumawag","Successfully Login","Login","2025-06-15 21:28:17"
"","Added new customer [camanay]","Customer","2025-06-16 06:41:37"
"Benjie Val Lumawag","Successfully Login","Login","2025-06-16 06:50:14"
"Benjie Val Lumawag","Successfully Login","Login","2025-06-16 06:54:06"
"","Added new customer [pabunag]","Customer","2025-06-16 07:25:17"
"Ryan Ferrer","Successfully Login","Login","2025-06-16 08:11:04"
"","Error to add new customer payment [CP-250616085747]","Customer Payment","2025-06-16 00:57:47"
"","Finished customer payment [CP-250616085747]","Customer Payment","2025-06-16 00:57:47"
"","Error to add new customer payment [CP-250616094100]","Customer Payment","2025-06-16 01:41:00"
"","Finished customer payment [CP-250616094100]","Customer Payment","2025-06-16 01:41:01"
"","Error to add new customer payment [CP-250616094112]","Customer Payment","2025-06-16 01:41:12"
"","Finished customer payment [CP-250616094112]","Customer Payment","2025-06-16 01:41:13"
"","Error to add new customer payment [CP-250616094129]","Customer Payment","2025-06-16 01:41:29"
"","Finished customer payment [CP-250616094129]","Customer Payment","2025-06-16 01:41:30"
"","Error to add new customer payment [CP-250616094142]","Customer Payment","2025-06-16 01:41:42"
"","Finished customer payment [CP-250616094142]","Customer Payment","2025-06-16 01:41:43"
"Veryen Bajan","Successfully Login","Login","2025-06-16 09:56:45"
"Veryen Bajan","Error to add new customer payment [CP-250616100246]","Customer Payment","2025-06-16 02:19:53"
"Benjie Val Lumawag","Successfully Login","Login","2025-06-16 10:21:48"
"","Added new customer [dalompines]","Customer","2025-06-16 11:54:33"
"Veryen Bajan","Successfully Login","Login","2025-06-16 13:46:47"
"Benjie Val Lumawag","Successfully Login","Login","2025-06-16 14:18:43"
"","Added new customer [provente]","Customer","2025-06-16 14:20:32"
"Benjie Val Lumawag","Successfully Login","Login","2025-06-16 14:25:22"
"Ryan Ferrer","Successfully Login","Login","2025-06-16 14:54:06"
"Benjie Val Lumawag","Successfully Login","Login","2025-06-16 14:59:32"
"Benjie Val Lumawag","Successfully Login","Login","2025-06-16 15:02:42"
"Veryen Bajan","Finished customer payment [CP-250616100246]","Customer Payment","2025-06-16 15:09:38"
"","Added new customer [lapido]","Customer","2025-06-16 15:57:44"
"Veryen Bajan","Error to add new customer payment [CP-250616154412]","Customer Payment","2025-06-16 08:20:57"
"Benjie Val Lumawag","Successfully Login","Login","2025-06-16 16:38:44"
"Ryan Ferrer","Successfully Login","Login","2025-06-16 16:55:51"
"Ryan Ferrer","Successfully Login","Login","2025-06-16 16:57:42"
"Ryan Ferrer","Successfully Login","Login","2025-06-16 16:58:07"
"Veryen Bajan","Finished customer payment [CP-250616154412]","Customer Payment","2025-06-16 17:03:56"
"Neza Nebla","Successfully Login","Login","2025-06-16 17:04:40"
"Annabel Coronado","Successfully Login","Login","2025-06-16 17:05:09"
"Veryen Bajan","Successfully Login","Login","2025-06-16 17:08:35"
"Benjie Val Lumawag","Successfully Login","Login","2025-06-16 17:17:09"
"","Added new customer [ga-ed]","Customer","2025-06-16 17:19:58"
"","Added new customer [gaid]","Customer","2025-06-16 17:20:47"
"Veryen Bajan","Successfully Login","Login","2025-06-16 17:38:35"
"Veryen Bajan","Error to add new customer payment [CP-250616173900]","Customer Payment","2025-06-16 09:39:16"
"Benjie Val Lumawag","Successfully Login","Login","2025-06-16 17:57:08"
"Veryen Bajan","Finished customer payment [CP-250616173900]","Customer Payment","2025-06-16 17:57:29"
"Ryan Ferrer","Successfully Login","Login","2025-06-16 18:01:59"
"","Error to add new customer payment [CP-250616180939]","Customer Payment","2025-06-16 10:09:39"
"","Finished customer payment [CP-250616180939]","Customer Payment","2025-06-16 10:09:40"
"","Error to add new customer payment [CP-250616181024]","Customer Payment","2025-06-16 10:10:24"
"","Finished customer payment [CP-250616181024]","Customer Payment","2025-06-16 10:10:25"
"Veryen Bajan","Successfully Login","Login","2025-06-16 18:34:14"
"Benjie Val Lumawag","Successfully Login","Login","2025-06-17 06:08:01"
"Benjie Val Lumawag","Successfully Login","Login","2025-06-17 06:47:23"
"Ryan Ferrer","Successfully Login","Login","2025-06-17 07:57:43"
"Ryan Ferrer","Successfully Login","Login","2025-06-17 10:31:31"
"Ryan Ferrer","Successfully Login","Login","2025-06-17 10:32:07"
"Ryan Ferrer","Successfully Login","Login","2025-06-17 10:32:42"
"Benjie Val Lumawag","Successfully Login","Login","2025-06-17 10:44:29"
"","Added new customer [sedius]","Customer","2025-06-17 12:01:06"
"Benjie Val Lumawag","Successfully Login","Login","2025-06-17 12:04:50"
"","Added new customer [adapan lamit]","Customer","2025-06-17 15:10:48"
"Benjie Val Lumawag","Successfully Login","Login","2025-06-17 15:41:27"
"","Added new customer [jeffry sompeque]","Customer","2025-06-17 15:52:52"
"Annabel Coronado","Successfully Login","Login","2025-06-17 16:55:47"
"","Error to add new customer payment [CP-250617165851]","Customer Payment","2025-06-17 08:58:51"
"","Finished customer payment [CP-250617165851]","Customer Payment","2025-06-17 08:58:52"
"Veryen Bajan","Successfully Login","Login","2025-06-17 17:06:10"
"warehouse","Successfully Login","Login","2025-06-17 17:11:27"
"Ryan Ferrer","Successfully Login","Login","2025-06-17 17:36:51"
"Ryan Ferrer","Successfully Login","Login","2025-06-17 17:46:35"
"Benjie Val Lumawag","Successfully Login","Login","2025-06-17 19:58:00"
"Benjie Val Lumawag","Successfully Login","Login","2025-06-18 06:19:56"
"Benjie Val Lumawag","Successfully Login","Login","2025-06-18 06:37:27"
"Benjie Val Lumawag","Successfully Login","Login","2025-06-18 07:35:55"
"Benjie Val Lumawag","Added new product [Dolomite (Quick Lime) 50kg]","Product","2025-06-18 00:01:18"
"","Added new customer [Bitonta]","Customer","2025-06-18 08:19:50"
"Benjie Val Lumawag","Successfully Login","Login","2025-06-18 09:08:58"
"Ryan Ferrer","Successfully Login","Login","2025-06-18 14:03:39"
"","Error to add new customer payment [CP-250618141932]","Customer Payment","2025-06-18 06:19:32"
"","Finished customer payment [CP-250618141932]","Customer Payment","2025-06-18 06:19:33"
"Mariel Alisasis","Successfully Login","Login","2025-06-18 14:39:39"
"Mariel Alisasis","Successfully Login","Login","2025-06-18 14:42:09"
"Mariel Alisasis","Successfully Login","Login","2025-06-18 14:43:08"
"Annabel Coronado","Successfully Login","Login","2025-06-18 14:46:35"
"Mariel Alisasis","Successfully Login","Login","2025-06-18 14:49:31"
"Benjie Val Lumawag","Successfully Login","Login","2025-06-18 14:53:54"
"Benjie Val Lumawag","Added new product [Super Crunch SweetCorn]","Product","2025-06-18 06:55:33"
"Benjie Val Lumawag","Added new product [Super Crunch Red]","Product","2025-06-18 06:56:56"
"Benjie Val Lumawag","Added new product [Super Crunch Cheese Ring]","Product","2025-06-18 06:57:48"
"Benjie Val Lumawag","Updated product [Super Crunch SweetCorn]","Product","2025-06-18 06:58:06"
"Benjie Val Lumawag","Updated product [Super Crunch Red]","Product","2025-06-18 06:58:20"
"Benjie Val Lumawag","Updated product [Super Crunch Cheese Ring]","Product","2025-06-18 06:58:32"
"Benjie Val Lumawag","Updated product [Super Crunch Cheese Ring]","Product","2025-06-18 06:58:46"
"Benjie Val Lumawag","Added new product [Chumz Cheese Ring]","Product","2025-06-18 07:00:07"
"Benjie Val Lumawag","Added new product [Assorted Fruit Jelly Pack]","Product","2025-06-18 07:00:50"
"Benjie Val Lumawag","Added new product [Pioneer 42645]","Product","2025-06-18 07:26:36"
"Ryan Ferrer","Successfully Login","Login","2025-06-18 16:18:50"
"Ryan Ferrer","Successfully Login","Login","2025-06-18 16:19:59"
"Ryan Ferrer","Successfully Login","Login","2025-06-18 16:20:29"
"Ryan Ferrer","Successfully Login","Login","2025-06-18 16:21:22"
"warehouse","Successfully Login","Login","2025-06-18 17:00:02"
"Jay Ann Quitor","Successfully Login","Login","2025-06-18 17:04:08"
"Ryan Ferrer","Successfully Login","Login","2025-06-18 17:21:28"
"Ryan Ferrer","Successfully Login","Login","2025-06-18 17:24:57"
"Ryan Ferrer","Successfully Login","Login","2025-06-18 17:33:19"
"Benjie Val Lumawag","Successfully Login","Login","2025-06-18 17:33:57"
"Ryan Ferrer","Successfully Login","Login","2025-06-18 17:36:34"
"warehouse","Successfully Login","Login","2025-06-18 17:38:17"
"Benjie Val Lumawag","Successfully Login","Login","2025-06-18 17:51:47"
"Benjie Val Lumawag","Successfully Login","Login","2025-06-18 18:09:01"
"Benjie Val Lumawag","Successfully Login","Login","2025-06-18 19:43:38"
"Benjie Val Lumawag","Successfully Login","Login","2025-06-19 06:09:09"
"Benjie Val Lumawag","Successfully Login","Login","2025-06-19 06:17:31"
"Benjie Val Lumawag","Successfully Login","Login","2025-06-19 06:38:46"
"Benjie Val Lumawag","Successfully Login","Login","2025-06-19 06:55:18"
"","Error to add new customer payment [CP-250619073855]","Customer Payment","2025-06-18 23:38:55"
"","Finished customer payment [CP-250619073855]","Customer Payment","2025-06-18 23:38:56"
"Ryan Ferrer","Successfully Login","Login","2025-06-19 07:57:05"
"QL Branch","Successfully Login","Login","2025-06-19 08:10:53"
"Ryan Ferrer","Successfully Login","Login","2025-06-19 08:32:00"
"","Error to add new customer payment [CP-250619091343]","Customer Payment","2025-06-19 01:13:43"
"","Finished customer payment [CP-250619091343]","Customer Payment","2025-06-19 01:13:43"
"Ryan Ferrer","Successfully Login","Login","2025-06-19 13:16:10"
"Ryan Ferrer","Successfully Login","Login","2025-06-19 13:48:52"
"Ryan Ferrer","Successfully Login","Login","2025-06-19 13:57:40"
"Ryan Ferrer","Successfully Login","Login","2025-06-19 14:12:05"
"Ryan Ferrer","Successfully Login","Login","2025-06-19 14:14:45"
"Ryan Ferrer","Successfully Login","Login","2025-06-19 14:22:28"
"Ryan Ferrer","Successfully Login","Login","2025-06-19 14:23:16"
"Ryan Ferrer","Successfully Login","Login","2025-06-19 14:42:42"
"Annabel Coronado","Successfully Login","Login","2025-06-19 15:03:05"
"Benjie Val Lumawag","Successfully Login","Login","2025-06-19 15:39:43"
"Benjie Val Lumawag","Added new product [Bareta Fabcon DetBar 1x4]","Product","2025-06-19 07:44:58"
"Benjie Val Lumawag","Added new product [Bareta FabCon Bar]","Product","2025-06-19 07:45:41"
"Benjie Val Lumawag","Added new product [Speed Det Bar Fabcon]","Product","2025-06-19 07:47:04"
"Benjie Val Lumawag","Updated product [Speed Det Bar Fabcon] => [Speed Det Bar Fabcon 1x4]","Product","2025-06-19 07:49:01"
"Benjie Val Lumawag","Added new product [Speed Fab con Det Bar]","Product","2025-06-19 07:49:26"
"Benjie Val Lumawag","Added new product [Speed Blue Det Bar 1x4]","Product","2025-06-19 07:50:17"
"Benjie Val Lumawag","Added new product [Speed Detergent Bar]","Product","2025-06-19 07:50:46"
"Benjie Val Lumawag","Added new product [Winrox Red 250]","Product","2025-06-19 07:54:27"
"Benjie Val Lumawag","Added new product [Winrox Purple 250]","Product","2025-06-19 07:55:26"
"Benjie Val Lumawag","Added new product [Winrox Green 250]","Product","2025-06-19 07:58:38"
"Benjie Val Lumawag","Added new product [Winrox Blue 250]","Product","2025-06-19 07:59:02"
"Benjie Val Lumawag","Added new product [Winrox Red 500]","Product","2025-06-19 07:59:54"
"Benjie Val Lumawag","Added new product [Winrox Blue 500]","Product","2025-06-19 08:00:45"
"Benjie Val Lumawag","Added new product [Winrox Purple 500]","Product","2025-06-19 08:01:24"
"Benjie Val Lumawag","Added new product [Winrox Green 500]","Product","2025-06-19 08:02:10"
"Jay Ann Quitor","Successfully Login","Login","2025-06-19 16:09:12"
"Benjie Val Lumawag","Successfully Login","Login","2025-06-19 16:19:12"
"Benjie Val Lumawag","Successfully Login","Login","2025-06-19 16:42:42"
"warehouse","Successfully Login","Login","2025-06-19 16:49:27"
"warehouse","Successfully Login","Login","2025-06-19 17:12:22"
"Ryan Ferrer","Successfully Login","Login","2025-06-19 17:12:54"
"Ryan Ferrer","Successfully Login","Login","2025-06-19 17:13:51"
"Ryan Ferrer","Successfully Login","Login","2025-06-19 17:14:29"
"Ryan Ferrer","Successfully Login","Login","2025-06-19 17:39:04"
"Benjie Val Lumawag","Successfully Login","Login","2025-06-19 17:41:10"
"Benjie Val Lumawag","Successfully Login","Login","2025-06-19 17:41:58"
"Ryan Ferrer","Successfully Login","Login","2025-06-19 17:45:48"
"Ryan Ferrer","Successfully Login","Login","2025-06-19 17:53:02"
"Ryan Ferrer","Successfully Login","Login","2025-06-19 18:25:39"
"Ryan Ferrer","Successfully Login","Login","2025-06-19 18:44:31"
"Ryan Ferrer","Successfully Login","Login","2025-06-19 18:45:31"
"Benjie Val Lumawag","Successfully Login","Login","2025-06-19 19:11:06"
"Benjie Val Lumawag","Successfully Login","Login","2025-06-19 19:43:54"
"Benjie Val Lumawag","Successfully Login","Login","2025-06-19 21:55:59"
"warehouse","Successfully Login","Login","2025-06-20 07:13:20"
"Benjie Val Lumawag","Successfully Login","Login","2025-06-20 07:21:25"
"Benjie Val Lumawag","Successfully Login","Login","2025-06-20 08:15:45"
"Ryan Ferrer","Successfully Login","Login","2025-06-20 08:19:53"
"Jeza","Successfully Login","Login","2025-06-20 08:44:09"
"Benjie Val Lumawag","Successfully Login","Login","2025-06-20 08:45:12"
"Jeza","Successfully Login","Login","2025-06-20 08:47:48"
"","Added new customer [nacan]","Customer","2025-06-20 08:53:58"
"Ryan Ferrer","Successfully Login","Login","2025-06-20 09:15:30"
"Ryan Ferrer","Successfully Login","Login","2025-06-20 09:19:00"
"Veryen Bajan","Successfully Login","Login","2025-06-20 09:53:56"
"","Error to add new customer payment [CP-250620103245]","Customer Payment","2025-06-20 02:32:45"
"","Finished customer payment [CP-250620103245]","Customer Payment","2025-06-20 02:32:45"
"","Error to add new customer payment [CP-250620104249]","Customer Payment","2025-06-20 02:42:49"
"","Finished customer payment [CP-250620104249]","Customer Payment","2025-06-20 02:42:50"
"","Error to add new customer payment [CP-250620104309]","Customer Payment","2025-06-20 02:43:09"
"","Finished customer payment [CP-250620104309]","Customer Payment","2025-06-20 02:43:10"
"","Error to add new customer payment [CP-250620104321]","Customer Payment","2025-06-20 02:43:21"
"","Finished customer payment [CP-250620104321]","Customer Payment","2025-06-20 02:43:21"
"","Error to add new customer payment [CP-250620104332]","Customer Payment","2025-06-20 02:43:32"
"","Finished customer payment [CP-250620104332]","Customer Payment","2025-06-20 02:43:33"
"","Error to add new customer payment [CP-250620104346]","Customer Payment","2025-06-20 02:43:46"
"","Finished customer payment [CP-250620104346]","Customer Payment","2025-06-20 02:43:46"
"","Error to add new customer payment [CP-250620104404]","Customer Payment","2025-06-20 02:44:04"
"","Finished customer payment [CP-250620104404]","Customer Payment","2025-06-20 02:44:04"
"","Error to add new customer payment [CP-250620104418]","Customer Payment","2025-06-20 02:44:18"
"","Finished customer payment [CP-250620104418]","Customer Payment","2025-06-20 02:44:19"
"","Error to add new customer payment [CP-250620104429]","Customer Payment","2025-06-20 02:44:29"
"","Finished customer payment [CP-250620104429]","Customer Payment","2025-06-20 02:44:30"
"Benjie Val Lumawag","Updated product [4600-Atlas]","Product","2025-06-20 02:57:27"
"Benjie Val Lumawag","Updated product [4600-Harvester]","Product","2025-06-20 02:57:50"
"Ryan Ferrer","Successfully Login","Login","2025-06-20 11:43:34"
"Ryan Ferrer","Successfully Login","Login","2025-06-20 11:45:17"
"Ryan Ferrer","Successfully Login","Login","2025-06-20 11:46:19"
"Ryan Ferrer","Successfully Login","Login","2025-06-20 11:47:27"
"Ryan Ferrer","Successfully Login","Login","2025-06-20 11:48:14"
"Ryan Ferrer","Successfully Login","Login","2025-06-20 12:05:02"
"Ryan Ferrer","Successfully Login","Login","2025-06-20 13:14:32"
"Benjie Val Lumawag","Successfully Login","Login","2025-06-20 13:35:29"
"Ryan Ferrer","Successfully Login","Login","2025-06-20 13:35:46"
"Ryan Ferrer","Successfully Login","Login","2025-06-20 13:37:22"
"Benjie Val Lumawag","Successfully Login","Login","2025-06-20 13:37:30"
"Ryan Ferrer","Successfully Login","Login","2025-06-20 13:39:12"
"Benjie Val Lumawag","Added new product [Patatas Square]","Product","2025-06-20 05:59:47"
"Benjie Val Lumawag","Added new product [Kropeck]","Product","2025-06-20 06:00:12"
"","Error to add new customer payment [CP-250620145545]","Customer Payment","2025-06-20 06:55:45"
"","Finished customer payment [CP-250620145545]","Customer Payment","2025-06-20 06:55:46"
"","Error to add new customer payment [CP-250620145611]","Customer Payment","2025-06-20 06:56:11"
"","Finished customer payment [CP-250620145611]","Customer Payment","2025-06-20 06:56:12"
"","Error to add new customer payment [CP-250620145700]","Customer Payment","2025-06-20 06:57:00"
"","Finished customer payment [CP-250620145700]","Customer Payment","2025-06-20 06:57:01"
"","Error to add new customer payment [CP-250620145753]","Customer Payment","2025-06-20 06:57:53"
"","Finished customer payment [CP-250620145753]","Customer Payment","2025-06-20 06:57:53"
"Jay Ann Quitor","Successfully Login","Login","2025-06-20 16:54:59"
"Veryen Bajan","Successfully Login","Login","2025-06-20 17:00:44"
"Jeza","Successfully Login","Login","2025-06-20 17:04:18"
"Veryen Bajan","Successfully Login","Login","2025-06-20 17:05:09"
"Neza Nebla","Successfully Login","Login","2025-06-20 17:24:00"
"Jay Ann Quitor","Successfully Login","Login","2025-06-20 17:32:24"
"Benjie Val Lumawag","Successfully Login","Login","2025-06-20 17:43:27"
"Benjie Val Lumawag","Successfully Login","Login","2025-06-20 17:44:07"
"Benjie Val Lumawag","Successfully Login","Login","2025-06-20 17:44:52"
"Benjie Val Lumawag","Successfully Login","Login","2025-06-20 18:07:50"
"Benjie Val Lumawag","Successfully Login","Login","2025-06-21 05:53:58"
"","Added new customer [dio]","Customer","2025-06-21 06:13:58"
"Ryan Ferrer","Successfully Login","Login","2025-06-21 09:13:37"
"Benjie Val Lumawag","Successfully Login","Login","2025-06-21 09:24:47"
"","Attempt to add existing customer [paulino]","Customer","2025-06-21 09:45:16"
"Benjie Val Lumawag","Successfully Login","Login","2025-06-21 09:56:11"
"Benjie Val Lumawag","Successfully Login","Login","2025-06-21 10:14:31"
"Annabel Coronado","Successfully Login","Login","2025-06-21 10:41:35"
"Jeza","Successfully Login","Login","2025-06-21 11:01:47"
"Benjie Val Lumawag","Successfully Login","Login","2025-06-21 11:52:20"
"Ryan Ferrer","Successfully Login","Login","2025-06-21 12:19:39"
"","Added new customer [tampuno]","Customer","2025-06-21 13:11:45"
"","Error to add new customer payment [CP-250621150050]","Customer Payment","2025-06-21 07:00:50"
"","Finished customer payment [CP-250621150050]","Customer Payment","2025-06-21 07:00:50"
"Benjie Val Lumawag","Successfully Login","Login","2025-06-21 15:50:46"
"","Error to add new customer payment [CP-250621160847]","Customer Payment","2025-06-21 08:08:47"
"Benjie Val Lumawag","Successfully Login","Login","2025-06-21 16:13:12"
"Jeza","Successfully Login","Login","2025-06-21 16:29:20"
"Veryen Bajan","Successfully Login","Login","2025-06-21 16:56:16"
"Annabel Coronado","Successfully Login","Login","2025-06-21 17:10:57"
"Benjie Val Lumawag","Successfully Login","Login","2025-06-21 17:11:26"
"Benjie Val Lumawag","Successfully Login","Login","2025-06-21 17:11:58"
"","Error to add new customer payment [CP-250621171719]","Customer Payment","2025-06-21 09:17:19"
"","Finished customer payment [CP-250621171719]","Customer Payment","2025-06-21 09:17:20"
"Benjie Val Lumawag","Successfully Login","Login","2025-06-21 18:13:13"
"Benjie Val Lumawag","Successfully Login","Login","2025-06-21 21:23:22"
"Ryan Ferrer","Successfully Login","Login","2025-06-21 22:26:30"
"Benjie Val Lumawag","Successfully Login","Login","2025-06-22 07:39:05"
"Ryan Ferrer","Successfully Login","Login","2025-06-22 08:09:04"
"","Attempt to add existing customer [orendo]","Customer","2025-06-22 08:39:38"
"","Attempt to add existing customer [orendo]","Customer","2025-06-22 08:39:39"
"Benjie Val Lumawag","Successfully Login","Login","2025-06-22 09:24:14"
"","Error to add new customer payment [CP-250622095132]","Customer Payment","2025-06-22 01:51:32"
"","Finished customer payment [CP-250622095132]","Customer Payment","2025-06-22 01:51:33"
"","Error to add new customer payment [CP-250622095147]","Customer Payment","2025-06-22 01:51:47"
"","Finished customer payment [CP-250622095147]","Customer Payment","2025-06-22 01:51:48"
"","Added new customer [danoog]","Customer","2025-06-22 10:44:26"
"Jeza","Successfully Login","Login","2025-06-22 11:34:42"
"","Error to add new customer payment [CP-250622120016]","Customer Payment","2025-06-22 04:00:16"
"","Finished customer payment [CP-250622120016]","Customer Payment","2025-06-22 04:00:16"
"Ryan Ferrer","Successfully Login","Login","2025-06-22 12:01:30"
"Ryan Ferrer","Successfully Login","Login","2025-06-22 12:15:32"
"Ryan Ferrer","Successfully Login","Login","2025-06-22 14:42:39"
"Ryan Ferrer","Successfully Login","Login","2025-06-22 15:21:40"
"Ryan Ferrer","Successfully Login","Login","2025-06-22 15:22:14"
"Benjie Val Lumawag","Successfully Login","Login","2025-06-22 15:47:43"
"Benjie Val Lumawag","Successfully Login","Login","2025-06-22 15:49:15"
"Ryan Ferrer","Successfully Login","Login","2025-06-22 16:08:48"
"Jeza","Successfully Login","Login","2025-06-22 16:35:23"
"Veryen Bajan","Successfully Login","Login","2025-06-22 17:02:46"
"Jay Ann Quitor","Successfully Login","Login","2025-06-22 17:09:55"
"Benjie Val Lumawag","Successfully Login","Login","2025-06-22 17:14:41"
"Benjie Val Lumawag","Successfully Login","Login","2025-06-22 17:43:26"
"Benjie Val Lumawag","Successfully Login","Login","2025-06-22 18:55:34"
"Benjie Val Lumawag","Successfully Login","Login","2025-06-23 06:59:13"
"Ryan Ferrer","Successfully Login","Login","2025-06-23 07:07:47"
"","Added new customer [Dodot, Palmero]","Customer","2025-06-23 07:08:00"
"","Attempt to add existing customer [toto]","Customer","2025-06-23 07:16:16"
"","Attempt to add existing customer [toto]","Customer","2025-06-23 07:17:19"
"","Attempt to add existing customer [toto]","Customer","2025-06-23 07:17:20"
"Ryan Ferrer","Successfully Login","Login","2025-06-23 08:16:50"
"","Added new customer [pedilog]","Customer","2025-06-23 10:26:32"
"Benjie Val Lumawag","Successfully Login","Login","2025-06-23 11:12:07"
"Ryan Ferrer","Successfully Login","Login","2025-06-23 12:41:28"
"Ryan Ferrer","Successfully Login","Login","2025-06-23 12:42:57"
"Ryan Ferrer","Successfully Login","Login","2025-06-23 12:44:10"
"Ryan Ferrer","Successfully Login","Login","2025-06-23 12:55:26"
"Ryan Ferrer","Successfully Login","Login","2025-06-23 13:00:08"
"Benjie Val Lumawag","Updated product [Pigro Pre- Starter 1kg]","Product","2025-06-23 05:23:52"
"Benjie Val Lumawag","Updated product [Pigro Pre- Starter 25kg]","Product","2025-06-23 05:24:09"
"Benjie Val Lumawag","Successfully Login","Login","2025-06-23 15:32:25"
"","Added new customer [alo]","Customer","2025-06-23 15:54:08"
"","Attempt to add existing customer [alo]","Customer","2025-06-23 15:54:13"
"Benjie Val Lumawag","Successfully Login","Login","2025-06-23 16:07:48"
"Jeza","Successfully Login","Login","2025-06-23 16:27:23"
"Benjie Val Lumawag","Successfully Login","Login","2025-06-23 16:40:58"
"Jay Ann Quitor","Successfully Login","Login","2025-06-23 17:02:14"
"Veryen Bajan","Successfully Login","Login","2025-06-23 17:16:05"
"Benjie Val Lumawag","Successfully Login","Login","2025-06-23 17:57:06"
"Neza Nebla","Successfully Login","Login","2025-06-23 17:59:05"
"Benjie Val Lumawag","Successfully Login","Login","2025-06-23 19:38:04"
"Benjie Val Lumawag","Successfully Login","Login","2025-06-24 06:27:02"
"Benjie Val Lumawag","Successfully Login","Login","2025-06-24 06:28:55"
"Benjie Val Lumawag","Successfully Login","Login","2025-06-24 06:35:19"
"Ryan Ferrer","Successfully Login","Login","2025-06-24 07:10:03"
"Benjie Val Lumawag","Successfully Login","Login","2025-06-24 07:24:18"
"Ryan Ferrer","Successfully Login","Login","2025-06-24 08:21:25"
"Ryan Ferrer","Successfully Login","Login","2025-06-24 11:31:24"
"","Added new customer [hayma]","Customer","2025-06-24 11:38:01"
"Benjie Val Lumawag","Successfully Login","Login","2025-06-24 14:13:38"
"Ryan Ferrer","Successfully Login","Login","2025-06-24 14:31:00"
"Ryan Ferrer","Successfully Login","Login","2025-06-24 16:10:36"
"Benjie Val Lumawag","Successfully Login","Login","2025-06-24 16:26:41"
"Veryen Bajan","Successfully Login","Login","2025-06-24 16:56:10"
"Jay Ann Quitor","Successfully Login","Login","2025-06-24 17:08:25"
"Annabel Coronado","Successfully Login","Login","2025-06-24 17:41:49"
"Veryen Bajan","Successfully Login","Login","2025-06-24 18:18:16"
"Benjie Val Lumawag","Successfully Login","Login","2025-06-25 06:12:50"
"warehouse","Successfully Login","Login","2025-06-25 06:16:09"
"Benjie Val Lumawag","Successfully Login","Login","2025-06-25 06:26:38"
"Benjie Val Lumawag","Error to add new customer payment [CP-250625062723]","Customer Payment","2025-06-24 22:30:46"
"Benjie Val Lumawag","Successfully Login","Login","2025-06-25 06:34:59"
"Ryan Ferrer","Successfully Login","Login","2025-06-25 06:46:51"
"Ryan Ferrer","Successfully Login","Login","2025-06-25 07:01:23"
"Benjie Val Lumawag","Updated product [Pioneer 42645] => [P-42645]","Product","2025-06-24 23:05:36"
"Benjie Val Lumawag","Updated product [P-42645] => [P 42645]","Product","2025-06-24 23:06:40"
"Ryan Ferrer","Successfully Login","Login","2025-06-25 07:30:21"
"Benjie Val Lumawag","Successfully Login","Login","2025-06-25 07:41:54"
"Annabel Coronado","Successfully Login","Login","2025-06-25 08:12:15"
"","Finished customer payment [CP-250625062723]","Customer Payment","2025-06-25 08:56:00"
"Veryen Bajan","Successfully Login","Login","2025-06-25 09:00:21"
"Benjie Val Lumawag","Successfully Login","Login","2025-06-25 09:06:52"
"Benjie Val Lumawag","Error to add new customer payment [CP-250625090810]","Customer Payment","2025-06-25 01:08:21"
"Benjie Val Lumawag","Finished customer payment [CP-250625090810]","Customer Payment","2025-06-25 09:09:02"
"Jeza","Successfully Login","Login","2025-06-25 09:20:32"
"","Added new customer [ajolina]","Customer","2025-06-25 10:13:29"
"Benjie Val Lumawag","Successfully Login","Login","2025-06-25 12:03:09"
"Benjie Val Lumawag","Updated product [Tanduay Long Neck-Case]","Product","2025-06-25 04:05:01"
"Benjie Val Lumawag","Updated product [BUTANE (REFILL ONLY)]","Product","2025-06-25 05:38:46"
"Benjie Val Lumawag","Attempt to add existing supplier [Walk In]","Supplier","2025-06-25 13:39:04"
"","Added new customer [roquero]","Customer","2025-06-25 14:42:04"
"Benjie Val Lumawag","Successfully Login","Login","2025-06-25 14:49:13"
"Benjie Val Lumawag","Successfully Login","Login","2025-06-25 14:55:17"
"Benjie Val Lumawag","Added new product [Pig Vitsin Suppliment]","Product","2025-06-25 06:56:18"
"mary joy gorondiano","Successfully Login","Login","2025-06-25 15:28:05"
"Ryan Ferrer","Successfully Login","Login","2025-06-25 15:49:39"
"Ryan Ferrer","Successfully Login","Login","2025-06-25 15:59:34"
"Ryan Ferrer","Successfully Login","Login","2025-06-25 16:16:19"
"Neza Nebla","Successfully Login","Login","2025-06-25 16:25:22"
"Veryen Bajan","Successfully Login","Login","2025-06-25 16:48:02"
"mary joy gorondiano","Successfully Login","Login","2025-06-25 16:53:31"
"Ryan Ferrer","Successfully Login","Login","2025-06-25 16:53:47"
"Benjie Val Lumawag","Successfully Login","Login","2025-06-25 17:07:55"
"Jeza","Successfully Login","Login","2025-06-25 17:16:05"
"mary joy gorondiano","Successfully Login","Login","2025-06-25 17:37:23"
"mary joy gorondiano","Successfully Login","Login","2025-06-25 17:38:46"
"Benjie Val Lumawag","Successfully Login","Login","2025-06-25 17:38:52"
"Veryen Bajan","Successfully Login","Login","2025-06-25 17:44:20"
"Benjie Val Lumawag","Successfully Login","Login","2025-06-25 19:34:22"
"Veryen Bajan","Successfully Login","Login","2025-06-26 06:11:11"
"Benjie Val Lumawag","Successfully Login","Login","2025-06-26 06:29:51"
"Benjie Val Lumawag","Successfully Login","Login","2025-06-26 06:51:30"
"Benjie Val Lumawag","Successfully Login","Login","2025-06-26 07:13:39"
"Benjie Val Lumawag","Successfully Login","Login","2025-06-26 07:34:02"
"Ryan Ferrer","Successfully Login","Login","2025-06-26 07:34:22"
"Ryan Ferrer","Successfully Login","Login","2025-06-26 07:43:49"
"Benjie Val Lumawag","Successfully Login","Login","2025-06-26 11:53:54"
"Benjie Val Lumawag","Successfully Login","Login","2025-06-26 11:58:36"
"Benjie Val Lumawag","Updated product [141414-Harvester]","Product","2025-06-26 04:07:02"
"Benjie Val Lumawag","Successfully Login","Login","2025-06-26 12:46:23"
"Benjie Val Lumawag","Successfully Login","Login","2025-06-26 13:36:08"
"Ryan Ferrer","Successfully Login","Login","2025-06-26 14:13:51"
"Ryan Ferrer","Successfully Login","Login","2025-06-26 14:49:03"
"Jay Ann Quitor","Successfully Login","Login","2025-06-26 14:55:30"
"Veryen Bajan","Successfully Login","Login","2025-06-26 16:49:51"
"Veryen Bajan","Successfully Login","Login","2025-06-26 16:50:54"
"Veryen Bajan","Successfully Login","Login","2025-06-26 16:54:21"
"Benjie Val Lumawag","Successfully Login","Login","2025-06-26 17:19:40"
"Benjie Val Lumawag","Successfully Login","Login","2025-06-26 21:14:22"
"Benjie Val Lumawag","Successfully Login","Login","2025-06-27 06:10:09"
"Benjie Val Lumawag","Updated product [16200-Atlas]","Product","2025-06-26 22:12:35"
"Benjie Val Lumawag","Successfully Login","Login","2025-06-27 06:12:50"
"Benjie Val Lumawag","Successfully Login","Login","2025-06-27 06:33:51"
"Benjie Val Lumawag","Successfully Login","Login","2025-06-27 06:35:52"
"Benjie Val Lumawag","Updated product [Pospora-pcs] => [Posporo-pcs]","Product","2025-06-26 22:58:46"
"Ryan Ferrer","Successfully Login","Login","2025-06-27 07:08:52"
"Mariel Alisasis","Successfully Login","Login","2025-06-27 07:29:06"
"Benjie Val Lumawag","Updated product [Young Chow 25kg]","Product","2025-06-26 23:37:44"
"Benjie Val Lumawag","Updated product [Grace-Sack]","Product","2025-06-26 23:39:01"
"Benjie Val Lumawag","Updated product [Amazing Grace-Sack]","Product","2025-06-26 23:39:17"
"Benjie Val Lumawag","Updated product [Crack Corn # 5- 1kg]","Product","2025-06-27 00:36:48"
"Benjie Val Lumawag","Updated product [Crack Corn # 6-1kg]","Product","2025-06-27 00:37:51"
"Benjie Val Lumawag","Updated product [Crack Corn # 5- 1kg]","Product","2025-06-27 00:40:04"
"Benjie Val Lumawag","Updated product [Crack Corn # 5- Sack]","Product","2025-06-27 00:40:34"
"Benjie Val Lumawag","Updated product [Crack Corn # 5- Sack]","Product","2025-06-27 00:40:45"
"Benjie Val Lumawag","Updated product [Crack Corn # 6- Sack]","Product","2025-06-27 00:41:00"
"Benjie Val Lumawag","Updated product [Crack Corn # 6-1kg]","Product","2025-06-27 00:41:35"
"Benjie Val Lumawag","Updated product [Young Chow 1kg]","Product","2025-06-27 00:43:35"
"Benjie Val Lumawag","Added new product [Sweet RICE 25Kg]","Product","2025-06-27 00:53:00"
"Benjie Val Lumawag","Updated product category [Rice] => [Rice-Sack]","Product Category","2025-06-27 00:53:12"
"Benjie Val Lumawag","Added new product category [Rice-Retail]","Product Category","2025-06-27 00:53:24"
"Benjie Val Lumawag","Added new product [Sweet Rice-1kg]","Product","2025-06-27 00:54:11"
"Benjie Val Lumawag","Added new product [Princess Bea 10kg]","Product","2025-06-27 00:55:25"
"Benjie Val Lumawag","Updated product [Sweet RICE 25Kg] => [Sweet Rice 25Kg]","Product","2025-06-27 00:55:45"
"Benjie Val Lumawag","Updated product [Young Chow 1kg]","Product","2025-06-27 00:58:35"
"Benjie Val Lumawag","Updated product [Amazing Grace-kilo]","Product","2025-06-27 00:59:17"
"Benjie Val Lumawag","Updated product [Grace-1kg]","Product","2025-06-27 00:59:31"
"Benjie Val Lumawag","Updated product [Salo Salo-1kg]","Product","2025-06-27 00:59:45"
"Benjie Val Lumawag","Updated product [Idol 1kg]","Product","2025-06-27 01:02:46"
"Benjie Val Lumawag","Updated product [Special Rice-1kg]","Product","2025-06-27 01:03:11"
"Benjie Val Lumawag","Attempt to add existing product category [Others]","Product Category","2025-06-27 01:03:57"
"Benjie Val Lumawag","Successfully Login","Login","2025-06-27 09:04:25"
"Benjie Val Lumawag","Updated product [Idol 18kg]","Product","2025-06-27 01:05:06"
"Benjie Val Lumawag","Updated product [Special Rice-18kg (Yellow)]","Product","2025-06-27 01:05:26"
"Benjie Val Lumawag","Updated product [Special Rice-25kg (Yellow)]","Product","2025-06-27 01:05:52"
"Benjie Val Lumawag","Updated product [Idol-Ordinary 25kg]","Product","2025-06-27 01:06:03"
"Benjie Val Lumawag","Updated product [Ordinary Rice-1kg]","Product","2025-06-27 01:06:20"
"Benjie Val Lumawag","Updated product [Grace-Ordinary ( Sack)]","Product","2025-06-27 01:06:47"
"Veryen Bajan","Successfully Login","Login","2025-06-27 09:09:11"
"Jay Ann Quitor","Successfully Login","Login","2025-06-27 09:09:26"
"Benjie Val Lumawag","Successfully Login","Login","2025-06-27 09:11:41"
"Benjie Val Lumawag","Error to add new customer payment [CP-250627091152]","Customer Payment","2025-06-27 01:12:00"
"Veryen Bajan","Successfully Login","Login","2025-06-27 09:12:52"
"Veryen Bajan","Error to add new customer payment [CP-250627091854]","Customer Payment","2025-06-27 01:19:09"
"Benjie Val Lumawag","Successfully Login","Login","2025-06-27 09:21:57"
"Benjie Val Lumawag","Successfully Login","Login","2025-06-27 09:40:04"
"Benjie Val Lumawag","Successfully Login","Login","2025-06-27 09:49:19"
"Benjie Val Lumawag","Successfully Login","Login","2025-06-27 10:31:32"
"Benjie Val Lumawag","Successfully Login","Login","2025-06-27 10:39:35"
"Benjie Val Lumawag","Updated product [Sting Energy Drink-Case] => [Sting 1x12-Case]","Product","2025-06-27 02:49:22"
"Benjie Val Lumawag","Updated product [Sting Energy Drink-Pcs] => [Sting Energy Drink-Bot]","Product","2025-06-27 02:49:44"
"Benjie Val Lumawag","Attempt to update existing product [Sting 1x12-Case]","Product","2025-06-27 02:58:48"
"Benjie Val Lumawag","Attempt to update existing product [Sting 1x12-Case]","Product","2025-06-27 02:58:58"
"Annabel Coronado","Successfully Login","Login","2025-06-27 11:28:09"
"Benjie Val Lumawag","Successfully Login","Login","2025-06-27 12:06:56"
"Veryen Bajan","Successfully Login","Login","2025-06-27 12:09:40"
"Benjie Val Lumawag","Successfully Login","Login","2025-06-27 12:38:29"
"Ryan Ferrer","Successfully Login","Login","2025-06-27 13:56:20"
"Ryan Ferrer","Successfully Login","Login","2025-06-27 13:58:46"
"","Error to add new customer payment [CP-250627140043]","Customer Payment","2025-06-27 06:00:43"
"","Finished customer payment [CP-250627140043]","Customer Payment","2025-06-27 06:00:43"
"Annabel Coronado","Successfully Login","Login","2025-06-27 15:14:16"
"Benjie Val Lumawag","Successfully Login","Login","2025-06-27 15:36:42"
"Ryan Ferrer","Successfully Login","Login","2025-06-27 15:57:25"
"Benjie Val Lumawag","Successfully Login","Login","2025-06-27 16:14:21"
"Benjie Val Lumawag","Updated product [Pantene Pro VTMN- Retail]","Product","2025-06-27 08:20:36"
"Benjie Val Lumawag","Updated product [Alas 25kg]","Product","2025-06-27 08:34:30"
"Veryen Bajan","Successfully Login","Login","2025-06-27 16:53:58"
"Ryan Ferrer","Successfully Login","Login","2025-06-27 16:53:59"
"Jay Ann Quitor","Successfully Login","Login","2025-06-27 16:55:54"
"Ryan Ferrer","Successfully Login","Login","2025-06-27 16:59:41"
"Ryan Ferrer","Successfully Login","Login","2025-06-27 17:00:23"
"Ryan Ferrer","Successfully Login","Login","2025-06-27 17:01:08"
"","Error to add new customer payment [CP-250627170146]","Customer Payment","2025-06-27 09:01:46"
"","Finished customer payment [CP-250627170146]","Customer Payment","2025-06-27 09:01:47"
"Ryan Ferrer","Successfully Login","Login","2025-06-27 17:03:51"
"Ryan Ferrer","Successfully Login","Login","2025-06-27 17:39:45"
"Benjie Val Lumawag","Successfully Login","Login","2025-06-27 17:46:10"
"Benjie Val Lumawag","Successfully Login","Login","2025-06-27 17:59:04"
"Benjie Val Lumawag","Successfully Login","Login","2025-06-27 18:38:49"
"Benjie Val Lumawag","Successfully Login","Login","2025-06-27 20:13:00"
"Benjie Val Lumawag","Successfully Login","Login","2025-06-28 06:36:13"
"Benjie Val Lumawag","Updated customer [AMPC Farm Supply] => [Not In Used]","Customer","2025-06-27 22:39:04"
"Benjie Val Lumawag","Successfully Login","Login","2025-06-28 06:42:35"
"Benjie Val Lumawag","Successfully Login","Login","2025-06-28 06:47:27"
"Benjie Val Lumawag","Successfully Login","Login","2025-06-28 06:52:22"
"Benjie Val Lumawag","Updated product [Special Rice-25kg (Yellow)]","Product","2025-06-27 22:54:32"
"Benjie Val Lumawag","Added new supplier [Sandoval Rice]","Supplier","2025-06-27 22:55:29"
"Benjie Val Lumawag","Updated product [4600-Harvester]","Product","2025-06-27 23:00:12"
"Benjie Val Lumawag","Updated product [4600-Harvester]","Product","2025-06-27 23:00:44"
"Benjie Val Lumawag","Updated product [4600- Sunrise]","Product","2025-06-27 23:01:02"
"Benjie Val Lumawag","Updated product [4600-Amigo]","Product","2025-06-27 23:01:31"
"Benjie Val Lumawag","Updated product [4600-Agro Planters]","Product","2025-06-27 23:01:48"
"Benjie Val Lumawag","Updated product [4600-Danat]","Product","2025-06-27 23:02:10"
"Benjie Val Lumawag","Successfully Login","Login","2025-06-28 07:41:31"
"Benjie Val Lumawag","Updated product [Special Rice-1kg]","Product","2025-06-27 23:44:47"
"Benjie Val Lumawag","Updated product [Grace-1kg]","Product","2025-06-27 23:46:53"
"Benjie Val Lumawag","Updated product [Amazing Grace-kilo]","Product","2025-06-27 23:47:50"
"Benjie Val Lumawag","Updated product [Grace-1kg]","Product","2025-06-27 23:48:25"
"Benjie Val Lumawag","Updated product [Salo Salo-1kg]","Product","2025-06-27 23:51:53"
"Benjie Val Lumawag","Added new product [Norovit 1 mL]","Product","2025-06-28 02:22:17"
"","Added new customer [Ballento]","Customer","2025-06-28 11:19:06"
"","Added new customer [cali]","Customer","2025-06-28 11:39:43"
"Thailand","Successfully Login","Login","2025-06-28 12:31:09"
"QL Branch","Successfully Login","Login","2025-06-28 12:32:16"
"Benjie Val Lumawag","Successfully Login","Login","2025-06-28 13:00:32"
"Benjie Val Lumawag","Error to add new customer payment [CP-250628130043]","Customer Payment","2025-06-28 05:05:37"
"Benjie Val Lumawag","Finished customer payment [CP-250628130043]","Customer Payment","2025-06-28 13:06:28"
"Benjie Val Lumawag","Error to add new customer payment [CP-250628131301]","Customer Payment","2025-06-28 05:13:20"
"Benjie Val Lumawag","Finished customer payment [CP-250628131301]","Customer Payment","2025-06-28 13:14:29"
"Benjie Val Lumawag","Error to add new customer payment [CP-250628131432]","Customer Payment","2025-06-28 05:14:47"
"Benjie Val Lumawag","Finished customer payment [CP-250628131432]","Customer Payment","2025-06-28 13:15:40"
"Benjie Val Lumawag","Successfully Login","Login","2025-06-28 13:18:13"
"Benjie Val Lumawag","Error to add new customer payment [CP-250628131940]","Customer Payment","2025-06-28 05:21:43"
"Benjie Val Lumawag","Finished customer payment [CP-250628131940]","Customer Payment","2025-06-28 13:23:58"
"Benjie Val Lumawag","Error to add new customer payment [CP-250628132409]","Customer Payment","2025-06-28 05:24:18"
"Jay Ann Quitor","Successfully Login","Login","2025-06-28 13:24:30"
"Benjie Val Lumawag","Finished customer payment [CP-250628132409]","Customer Payment","2025-06-28 13:25:19"
"Benjie Val Lumawag","Error to add new customer payment [CP-250628132550]","Customer Payment","2025-06-28 05:26:07"
"Benjie Val Lumawag","Finished customer payment [CP-250628132550]","Customer Payment","2025-06-28 13:27:32"
"Benjie Val Lumawag","Error to add new customer payment [CP-250628132745]","Customer Payment","2025-06-28 05:28:10"
"Benjie Val Lumawag","Finished customer payment [CP-250628132745]","Customer Payment","2025-06-28 13:29:49"
"Benjie Val Lumawag","Error to add new customer payment [CP-250628132954]","Customer Payment","2025-06-28 05:30:04"
"Benjie Val Lumawag","Finished customer payment [CP-250628132954]","Customer Payment","2025-06-28 13:30:45"
"Benjie Val Lumawag","Error to add new customer payment [CP-250628133049]","Customer Payment","2025-06-28 05:31:09"
"Benjie Val Lumawag","Finished customer payment [CP-250628133049]","Customer Payment","2025-06-28 13:31:35"
"","Error to add new customer payment [CP-250628133524]","Customer Payment","2025-06-28 05:35:24"
"","Finished customer payment [CP-250628133524]","Customer Payment","2025-06-28 05:35:25"
"Benjie Val Lumawag","Error to add new customer payment [CP-250628133902]","Customer Payment","2025-06-28 05:39:15"
"Benjie Val Lumawag","Finished customer payment [CP-250628133902]","Customer Payment","2025-06-28 13:41:03"
"Benjie Val Lumawag","Error to add new customer payment [CP-250628134107]","Customer Payment","2025-06-28 05:41:29"
"Benjie Val Lumawag","Finished customer payment [CP-250628134107]","Customer Payment","2025-06-28 13:42:35"
"Benjie Val Lumawag","Error to add new customer payment [CP-250628134238]","Customer Payment","2025-06-28 05:42:57"
"Benjie Val Lumawag","Finished customer payment [CP-250628134238]","Customer Payment","2025-06-28 13:43:45"
"Benjie Val Lumawag","Error to add new customer payment [CP-250628134350]","Customer Payment","2025-06-28 05:45:05"
"Benjie Val Lumawag","Finished customer payment [CP-250628134350]","Customer Payment","2025-06-28 13:45:43"
"Benjie Val Lumawag","Error to add new customer payment [CP-250628134550]","Customer Payment","2025-06-28 05:46:00"
"Benjie Val Lumawag","Finished customer payment [CP-250628134550]","Customer Payment","2025-06-28 13:47:04"
"Benjie Val Lumawag","Error to add new customer payment [CP-250628134708]","Customer Payment","2025-06-28 05:47:21"
"Benjie Val Lumawag","Finished customer payment [CP-250628134708]","Customer Payment","2025-06-28 13:47:36"
"Benjie Val Lumawag","Error to add new customer payment [CP-250628134804]","Customer Payment","2025-06-28 05:48:23"
"Benjie Val Lumawag","Finished customer payment [CP-250628134804]","Customer Payment","2025-06-28 13:48:48"
"Benjie Val Lumawag","Error to add new customer payment [CP-250628134911]","Customer Payment","2025-06-28 05:49:27"
"Benjie Val Lumawag","Finished customer payment [CP-250628134911]","Customer Payment","2025-06-28 13:50:19"
"Benjie Val Lumawag","Error to add new customer payment [CP-250628135028]","Customer Payment","2025-06-28 05:50:40"
"Benjie Val Lumawag","Finished customer payment [CP-250628135028]","Customer Payment","2025-06-28 13:51:37"
"Ryan Ferrer","Successfully Login","Login","2025-06-28 14:40:29"
"Ryan Ferrer","Successfully Login","Login","2025-06-28 14:59:58"
"Ryan Ferrer","Successfully Login","Login","2025-06-28 15:01:03"
"Mariel Alisasis","Successfully Login","Login","2025-06-28 15:11:47"
"Thailand","Successfully Login","Login","2025-06-28 15:13:33"
"QL Branch","Successfully Login","Login","2025-06-28 15:14:02"
"Benjie Val Lumawag","Successfully Login","Login","2025-06-28 15:35:10"
"Ryan Ferrer","Successfully Login","Login","2025-06-28 15:54:43"
"Mariel Alisasis","Successfully Login","Login","2025-06-28 16:08:45"
"Ryan Ferrer","Successfully Login","Login","2025-06-28 16:19:51"
"","Error to add new customer payment [CP-250628161953]","Customer Payment","2025-06-28 08:19:53"
"","Finished customer payment [CP-250628161953]","Customer Payment","2025-06-28 08:19:54"
"Benjie Val Lumawag","Successfully Login","Login","2025-06-28 16:44:51"
"Veryen Bajan","Successfully Login","Login","2025-06-28 16:53:06"
"Benjie Val Lumawag","Successfully Login","Login","2025-06-28 17:04:30"
"Benjie Val Lumawag","Updated product [Special Rice-25kg (Yellow)]","Product","2025-06-28 09:05:07"
"Jay Ann Quitor","Successfully Login","Login","2025-06-28 17:12:34"
"Jay Ann Quitor","Successfully Login","Login","2025-06-28 17:44:18"
"Benjie Val Lumawag","Updated product [Bioseed-9541]","Product","2025-06-28 13:27:47"
"Benjie Val Lumawag","Updated product [Bioseed-108]","Product","2025-06-28 13:28:18"
"Benjie Val Lumawag","Updated product [Bioseed-118]","Product","2025-06-28 13:28:40"
"Benjie Val Lumawag","Successfully Login","Login","2025-06-28 21:33:07"
"Benjie Val Lumawag","Successfully Login","Login","2025-06-29 06:16:13"
"","Added new customer [Penares]","Customer","2025-06-29 06:18:01"
"Benjie Val Lumawag","Successfully Login","Login","2025-06-29 06:29:07"
"Benjie Val Lumawag","Successfully Login","Login","2025-06-29 07:42:28"
"Benjie Val Lumawag","Successfully Login","Login","2025-06-29 09:58:20"
"Benjie Val Lumawag","Successfully Login","Login","2025-06-29 11:05:29"
"Benjie Val Lumawag","Successfully Login","Login","2025-06-29 11:31:49"
"Benjie Val Lumawag","Successfully Login","Login","2025-06-29 12:33:55"
"Ryan Ferrer","Successfully Login","Login","2025-06-29 14:13:42"
"Benjie Val Lumawag","Successfully Login","Login","2025-06-29 14:15:59"
"Benjie Val Lumawag","Successfully Login","Login","2025-06-29 14:18:11"
"Ryan Ferrer","Successfully Login","Login","2025-06-29 14:28:29"
"Ryan Ferrer","Successfully Login","Login","2025-06-29 14:29:30"
"Mariel Alisasis","Successfully Login","Login","2025-06-29 15:17:50"
"Ryan Ferrer","Successfully Login","Login","2025-06-29 15:39:52"
"Benjie Val Lumawag","Successfully Login","Login","2025-06-29 16:15:02"
"","Added new customer [sumugat]","Customer","2025-06-29 16:29:00"
"Veryen Bajan","Successfully Login","Login","2025-06-29 16:31:06"
"Benjie Val Lumawag","Successfully Login","Login","2025-06-29 16:56:23"
"","Added new customer [Dimansangca]","Customer","2025-06-29 16:59:58"
"Ryan Ferrer","Successfully Login","Login","2025-06-29 17:11:40"
"Jay Ann Quitor","Successfully Login","Login","2025-06-29 17:11:41"
"","Added new customer [suares]","Customer","2025-06-29 17:15:40"
"Benjie Val Lumawag","Successfully Login","Login","2025-06-29 17:18:13"
"","Added new customer [sabellina]","Customer","2025-06-29 17:23:50"
"","Added new customer [pangulilong]","Customer","2025-06-29 17:38:54"
"","Error to add new customer payment [CP-250629183150]","Customer Payment","2025-06-29 10:31:50"
"","Finished customer payment [CP-250629183150]","Customer Payment","2025-06-29 10:31:50"
"Veryen Bajan","Successfully Login","Login","2025-06-30 06:20:22"
"Benjie Val Lumawag","Successfully Login","Login","2025-06-30 06:22:41"
"","Added new customer [magollado]","Customer","2025-06-30 06:29:31"
"Benjie Val Lumawag","Successfully Login","Login","2025-06-30 06:46:58"
"Ryan Ferrer","Successfully Login","Login","2025-06-30 07:46:22"
"Ryan Ferrer","Successfully Login","Login","2025-06-30 07:51:31"
"Mariel Alisasis","Successfully Login","Login","2025-06-30 08:19:45"
"Benjie Val Lumawag","Successfully Login","Login","2025-06-30 08:36:45"
"","Added new customer [Serue]","Customer","2025-06-30 08:55:06"
"","Error to add new customer payment [CP-250630110252]","Customer Payment","2025-06-30 03:02:52"
"","Finished customer payment [CP-250630110252]","Customer Payment","2025-06-30 03:02:52"
"Benjie Val Lumawag","Successfully Login","Login","2025-06-30 11:09:33"
"Ryan Ferrer","Successfully Login","Login","2025-06-30 11:55:39"
"Benjie Val Lumawag","Successfully Login","Login","2025-06-30 12:23:04"
"","Added new customer [Marilou diego]","Customer","2025-06-30 12:26:43"
"Benjie Val Lumawag","Successfully Login","Login","2025-06-30 12:27:30"
"Mariel Alisasis","Successfully Login","Login","2025-06-30 12:34:00"
"Ryan Ferrer","Successfully Login","Login","2025-06-30 13:44:37"
"Benjie Val Lumawag","Successfully Login","Login","2025-06-30 14:15:09"
"","Added new customer [HADHGIDAUD]","Customer","2025-06-30 14:59:49"
"Ryan Ferrer","Successfully Login","Login","2025-06-30 15:34:30"
"Ryan Ferrer","Successfully Login","Login","2025-06-30 15:39:25"
"Benjie Val Lumawag","Successfully Login","Login","2025-06-30 15:50:19"
"Veryen Bajan","Successfully Login","Login","2025-06-30 16:12:04"
"Veryen Bajan","Successfully Login","Login","2025-06-30 16:13:01"
"Veryen Bajan","Successfully Login","Login","2025-06-30 16:15:30"
"","Added new customer [erjeno]","Customer","2025-06-30 16:16:55"
"Ryan Ferrer","Successfully Login","Login","2025-06-30 16:32:48"
"Mariel Alisasis","Successfully Login","Login","2025-06-30 16:32:59"
"Benjie Val Lumawag","Successfully Login","Login","2025-06-30 16:39:53"
"Jay Ann Quitor","Successfully Login","Login","2025-06-30 17:14:46"
"","Error to add new customer payment [CP-250630173201]","Customer Payment","2025-06-30 09:32:01"
"Veryen Bajan","Successfully Login","Login","2025-06-30 17:39:51"
"Benjie Val Lumawag","Successfully Login","Login","2025-06-30 17:52:58"
"","Error to add new customer payment [CP-250630181131]","Customer Payment","2025-06-30 10:11:31"
"","Finished customer payment [CP-250630181131]","Customer Payment","2025-06-30 10:11:31"
"Benjie Val Lumawag","Successfully Login","Login","2025-06-30 18:40:19"
