"Benjie Val Lumawag","Successfully Login","Login","2023-01-05 01:37:13"
"Benjie Val Lumawag","Updated customer [Parcon Trading]","Customer","2023-01-05 00:37:30"
"Benjie Val Lumawag","Successfully Login","Login","2023-01-05 02:49:46"
"Benjie Val Lumawag","Error to add new customer payment [CP-230105035419]","Customer Payment","2023-01-05 03:54:41"
"Benjie Val Lumawag","Finished customer payment [CP-230105035419]","Customer Payment","2023-01-05 03:54:50"
"Benjie Val Lumawag","Added new price notice [PN-20230105050726]","Price Notice","2023-01-05 05:07:28"
"Benjie Val Lumawag","Added new detail of price notice [PN-20230105050726] : [2100-Atlas 1050.00 ->  1030]","Price Notice","2023-01-05 05:07:40"
"Benjie Val Lumawag","Added new detail of price notice [PN-20230105050726] : [2100-Harvester 1050.00 ->  1030]","Price Notice","2023-01-05 05:07:47"
"Benjie Val Lumawag","Added new detail of price notice [PN-20230105050726] : [16200-Atlas 1980.00 ->  1950]","Price Notice","2023-01-05 05:08:09"
"Benjie Val Lumawag","Added new detail of price notice [PN-20230105050726] : [4600-Atlas 2180.00 ->  2130]","Price Notice","2023-01-05 05:08:21"
"Benjie Val Lumawag","Added new detail of price notice [PN-20230105050726] : [4600-Harvester 2170.00 ->  2150]","Price Notice","2023-01-05 05:08:36"
"Benjie Val Lumawag","Deleted detail of price notice [4600-Atlas @ 2130.00]","Price Notice","2023-01-05 05:08:44"
"Benjie Val Lumawag","Added new detail of price notice [PN-20230105050726] : [4600-Atlas 2180.00 ->  2160]","Price Notice","2023-01-05 05:08:52"
"Benjie Val Lumawag","Attempt to add existing detail of price notice [PN-20230105050726] : [4600-Atlas 2180.00 ->  2170]","Price Notice","2023-01-05 05:39:30"
"Benjie Val Lumawag","Deleted detail of price notice [4600-Atlas @ 2160.00]","Price Notice","2023-01-05 05:39:35"
"Benjie Val Lumawag","Added new detail of price notice [PN-20230105050726] : [4600-Atlas 2180.00 ->  2170]","Price Notice","2023-01-05 05:39:36"
"Benjie Val Lumawag","Deleted detail of price notice [4600-Harvester @ 2150.00]","Price Notice","2023-01-05 05:39:48"
"Benjie Val Lumawag","Added new detail of price notice [PN-20230105050726] : [4600-Harvester 2170.00 ->  2160]","Price Notice","2023-01-05 05:39:55"
"Benjie Val Lumawag","Deleted detail of price notice [16200-Atlas @ 1950.00]","Price Notice","2023-01-05 05:40:11"
"Benjie Val Lumawag","Added new detail of price notice [PN-20230105050726] : [16200-Atlas 1980.00 ->  1960]","Price Notice","2023-01-05 05:40:19"
"Benjie Val Lumawag","Finished price notice [PN-20230105050726]","Price Notice","2023-01-05 05:40:21"
"Benjie Val Lumawag","Implemented price notice [PN-20230105050726]","Price Notice","2023-01-05 05:40:23"
"Benjie Val Lumawag","Updated product [D-8899s]","Product","2023-01-05 10:45:37"
"Benjie Val Lumawag","Successfully Login","Login","2023-01-05 23:32:26"
"Benjie Val Lumawag","Successfully Login","Login","2023-01-06 08:21:02"
"Benjie Val Lumawag","Successfully Login","Login","2023-01-06 23:47:53"
"Benjie Val Lumawag","Error to add new customer payment [CP-230106234800]","Customer Payment","2023-01-06 23:48:08"
"Benjie Val Lumawag","Finished customer payment [CP-230106234800]","Customer Payment","2023-01-06 23:48:15"
"","Added new customer [Castillo]","Customer","2023-01-07 09:47:51"
"Benjie Val Lumawag","Added new price notice [PN-20230107103241]","Price Notice","2023-01-07 10:32:46"
"Benjie Val Lumawag","Added new detail of price notice [PN-20230107103241] : [Padan (pack) 270.00 ->  300]","Price Notice","2023-01-07 10:33:09"
"Benjie Val Lumawag","Finished price notice [PN-20230107103241]","Price Notice","2023-01-07 10:33:13"
"Benjie Val Lumawag","Implemented price notice [PN-20230107103241]","Price Notice","2023-01-07 10:33:17"
"Benjie Val Lumawag","Updated product [Padan (pack)] => [Padan 500g]","Product","2023-01-07 10:38:22"
"Benjie Val Lumawag","Added new product [Padan 300g]","Product","2023-01-07 10:38:44"
"Benjie Val Lumawag","Successfully Login","Login","2023-01-07 23:58:47"
"Benjie Val Lumawag","Added new price notice [PN-20230107235853]","Price Notice","2023-01-07 23:58:56"
"Benjie Val Lumawag","Added new detail of price notice [PN-20230107235853] : [4600-Harvester 2160.00 ->  2130]","Price Notice","2023-01-07 23:59:11"
"Benjie Val Lumawag","Finished price notice [PN-20230107235853]","Price Notice","2023-01-07 23:59:14"
"Benjie Val Lumawag","Attempt to add existing price notice [PN-20230107235945]","Price Notice","2023-01-07 23:59:47"
"Benjie Val Lumawag","Implemented price notice [PN-20230107235853]","Price Notice","2023-01-08 00:00:19"
"Benjie Val Lumawag","Added new product [Kamandag-Liter]","Product","2023-01-08 00:40:50"
"Benjie Val Lumawag","Updated product [P 3645]","Product","2023-01-08 02:04:17"
"Benjie Val Lumawag","Attempt to add existing price notice [PN-20230108022217]","Price Notice","2023-01-08 02:22:19"
"","Added new customer [Catikista, M]","Customer","2023-01-08 02:56:33"
"","Added new customer [Valdez, Julius]","Customer","2023-01-08 03:00:41"
"Benjie Val Lumawag","Successfully Login","Login","2023-01-08 10:32:54"
"Benjie Val Lumawag","Successfully Login","Login","2023-01-08 23:35:53"
"Benjie Val Lumawag","Added new product [Authority 480sc]","Product","2023-01-09 05:43:27"
"Benjie Val Lumawag","Successfully Login","Login","2023-01-09 23:16:11"
"Benjie Val Lumawag","Added new price notice [PN-20230110002418]","Price Notice","2023-01-10 00:24:20"
"Benjie Val Lumawag","Added new detail of price notice [PN-20230110002418] : [P 3530 4000.00 ->  4200]","Price Notice","2023-01-10 00:24:29"
"Benjie Val Lumawag","Added new detail of price notice [PN-20230110002418] : [16200-Atlas 1960.00 ->  1950]","Price Notice","2023-01-10 00:24:39"
"Benjie Val Lumawag","Added new detail of price notice [PN-20230110002418] : [4600-Atlas 2170.00 ->  2150]","Price Notice","2023-01-10 00:24:49"
"Benjie Val Lumawag","Attempt to add existing price notice [PN-20230110002756]","Price Notice","2023-01-10 00:27:57"
"Benjie Val Lumawag","Added new detail of price notice [PN-20230110002418] : [NK 6505 5000.00 ->  5100]","Price Notice","2023-01-10 00:28:22"
"Benjie Val Lumawag","Finished price notice [PN-20230110002418]","Price Notice","2023-01-10 00:28:41"
"Benjie Val Lumawag","Implemented price notice [PN-20230110002418]","Price Notice","2023-01-10 00:29:18"
"","Added new customer [Celeste, Jonard]","Customer","2023-01-10 02:02:42"
"","Added new customer [Babunas]","Customer","2023-01-10 06:42:34"
"Benjie Val Lumawag","Successfully Login","Login","2023-01-10 23:07:08"
"Benjie Val Lumawag","Added new price notice [PN-20230111020433]","Price Notice","2023-01-11 02:04:40"
"Benjie Val Lumawag","Added new detail of price notice [PN-20230111020433] : [P 3645 5500.00 ->  5600]","Price Notice","2023-01-11 02:04:52"
"Benjie Val Lumawag","Added new detail of price notice [PN-20230111020433] : [D-8131s 5550.00 ->  5600]","Price Notice","2023-01-11 02:04:59"
"Benjie Val Lumawag","Finished price notice [PN-20230111020433]","Price Notice","2023-01-11 02:05:02"
"Benjie Val Lumawag","Implemented price notice [PN-20230111020433]","Price Notice","2023-01-11 02:05:05"
"","Added new customer [Abdul]","Customer","2023-01-11 03:16:43"
"Benjie Val Lumawag","Error to add new customer payment [CP-230111065902]","Customer Payment","2023-01-11 06:59:08"
"Benjie Val Lumawag","Finished customer payment [CP-230111065902]","Customer Payment","2023-01-11 06:59:18"
"Benjie Val Lumawag","Added new product [Cymbush-500ml]","Product","2023-01-11 08:56:46"
"Benjie Val Lumawag","Added new product [Cymbush- 250ml]","Product","2023-01-11 08:57:22"
"Benjie Val Lumawag","Added new product [CyperMetrin 5EC]","Product","2023-01-11 08:57:53"
"Benjie Val Lumawag","Updated product [P 3645]","Product","2023-01-11 09:13:51"
"","Added new customer [Horado, Andiolina]","Customer","2023-01-11 23:02:13"
"Benjie Val Lumawag","Successfully Login","Login","2023-01-11 23:08:10"
"Benjie Val Lumawag","Added new price notice [PN-20230112075642]","Price Notice","2023-01-12 07:56:44"
"Benjie Val Lumawag","Added new detail of price notice [PN-20230112075642] : [Herbicut - Gallon  1380.00 ->  1300]","Price Notice","2023-01-12 07:56:53"
"Benjie Val Lumawag","Added new detail of price notice [PN-20230112075642] : [Demolation- Gallon 1650.00 ->  1600]","Price Notice","2023-01-12 07:57:23"
"Benjie Val Lumawag","Finished price notice [PN-20230112075642]","Price Notice","2023-01-12 07:57:26"
"Benjie Val Lumawag","Implemented price notice [PN-20230112075642]","Price Notice","2023-01-12 07:57:28"
"","Added new customer [Garbino, May]","Customer","2023-01-12 08:24:48"
"Benjie Val Lumawag","Successfully Login","Login","2023-01-12 23:09:46"
"Benjie Val Lumawag","Successfully Login","Login","2023-01-14 07:12:34"
"Benjie Val Lumawag","Successfully Login","Login","2023-01-15 08:32:25"
"Benjie Val Lumawag","Successfully Login","Login","2023-01-15 23:22:41"
"Benjie Val Lumawag","Error to add new customer payment [CP-230116003619]","Customer Payment","2023-01-16 00:36:45"
"Benjie Val Lumawag","Finished customer payment [CP-230116003619]","Customer Payment","2023-01-16 00:36:53"
"Benjie Val Lumawag","Error to add new customer payment [CP-230116004015]","Customer Payment","2023-01-16 00:40:32"
"Benjie Val Lumawag","Finished customer payment [CP-230116004015]","Customer Payment","2023-01-16 00:40:40"
"Benjie Val Lumawag","Successfully Login","Login","2023-01-16 05:01:24"
"","Added new customer [Palancia, Ben]","Customer","2023-01-16 05:25:54"
"Benjie Val Lumawag","Added new price notice [PN-20230116102025]","Price Notice","2023-01-16 10:20:27"
"Benjie Val Lumawag","Added new detail of price notice [PN-20230116102025] : [NK 6410 4500.00 ->  4400]","Price Notice","2023-01-16 10:20:35"
"Benjie Val Lumawag","Added new detail of price notice [PN-20230116102025] : [2100-Atlas 1030.00 ->  1020]","Price Notice","2023-01-16 10:20:43"
"Benjie Val Lumawag","Added new detail of price notice [PN-20230116102025] : [2100-Harvester 1030.00 ->  1020]","Price Notice","2023-01-16 10:20:52"
"Benjie Val Lumawag","Added new detail of price notice [PN-20230116102025] : [4600-Atlas 2150.00 ->  2130]","Price Notice","2023-01-16 10:21:15"
"Benjie Val Lumawag","Added new detail of price notice [PN-20230116102025] : [4600-Harvester 2130.00 ->  2120]","Price Notice","2023-01-16 10:21:25"
"Benjie Val Lumawag","Added new detail of price notice [PN-20230116102025] : [24D-Amine -Liter 280.00 ->  290]","Price Notice","2023-01-16 10:21:51"
"Benjie Val Lumawag","Added new detail of price notice [PN-20230116102025] : [Ground Plus- Gallon 1490.00 ->  1450]","Price Notice","2023-01-16 10:22:09"
"Benjie Val Lumawag","Finished price notice [PN-20230116102025]","Price Notice","2023-01-16 10:22:39"
"Benjie Val Lumawag","Implemented price notice [PN-20230116102025]","Price Notice","2023-01-16 10:22:41"
"Benjie Val Lumawag","Successfully Login","Login","2023-01-16 23:04:57"
"Benjie Val Lumawag","Updated product [2100-Harvester]","Product","2023-01-16 23:05:27"
"","Added new customer [Pioneer-Taw2x]","Customer","2023-01-17 08:44:44"
"","Added new customer [Dekalb, Pomarin]","Customer","2023-01-17 08:50:48"
"","Error to add new customer payment [CP-230117090400]","Customer Payment","2023-01-17 08:04:00"
"Benjie Val Lumawag","Successfully Login","Login","2023-01-17 10:53:25"
"","Added new customer [Blase, G]","Customer","2023-01-17 23:31:33"
"Benjie Val Lumawag","Successfully Login","Login","2023-01-17 23:37:31"
"Benjie Val Lumawag","Added new price notice [PN-20230117233843]","Price Notice","2023-01-17 23:38:45"
"Benjie Val Lumawag","Added new detail of price notice [PN-20230117233843] : [Square off - liter 520.00 ->  450]","Price Notice","2023-01-17 23:38:54"
"Benjie Val Lumawag","Finished price notice [PN-20230117233843]","Price Notice","2023-01-17 23:38:56"
"Benjie Val Lumawag","Implemented price notice [PN-20230117233843]","Price Notice","2023-01-18 03:11:13"
"Benjie Val Lumawag","Successfully Login","Login","2023-01-18 09:19:27"
"","Added new customer [Evo Gene-Rex]","Customer","2023-01-18 09:30:58"
"Benjie Val Lumawag","Added new product [24D-Amine 500ml]","Product","2023-01-18 10:55:25"
"Benjie Val Lumawag","Added new product [24D-Amine 250ml]","Product","2023-01-18 10:56:02"
"Benjie Val Lumawag","Error to add new customer payment [CP-230118113032]","Customer Payment","2023-01-18 11:30:41"
"Benjie Val Lumawag","Updated customer payment [CP-230118113032]","Customer Payment","2023-01-18 11:31:04"
"Benjie Val Lumawag","Finished customer payment [CP-230118113032]","Customer Payment","2023-01-18 11:31:22"
"Benjie Val Lumawag","Error to add new customer payment [CP-230118113129]","Customer Payment","2023-01-18 11:31:37"
"Benjie Val Lumawag","Finished customer payment [CP-230118113129]","Customer Payment","2023-01-18 11:31:45"
"Benjie Val Lumawag","Successfully Login","Login","2023-01-18 23:07:45"
"Benjie Val Lumawag","Successfully Login","Login","2023-01-19 04:38:35"
"","Added new customer [Cartagina, N]","Customer","2023-01-19 04:40:16"
"Benjie Val Lumawag","Successfully Login","Login","2023-01-19 05:19:49"
"Benjie Val Lumawag","Added new price notice [PN-20230119051958]","Price Notice","2023-01-19 05:20:00"
"Benjie Val Lumawag","Added new detail of price notice [PN-20230119051958] : [D-8131s 5600.00 ->  5650]","Price Notice","2023-01-19 05:20:08"
"Benjie Val Lumawag","Finished price notice [PN-20230119051958]","Price Notice","2023-01-19 05:20:13"
"Benjie Val Lumawag","Implemented price notice [PN-20230119051958]","Price Notice","2023-01-19 05:20:15"
"","Added new customer [Dajay, Rosalie]","Customer","2023-01-19 10:07:40"
"Benjie Val Lumawag","Successfully Login","Login","2023-01-19 23:15:37"
"Benjie Val Lumawag","Error to add new customer payment [CP-230120010724]","Customer Payment","2023-01-20 01:07:35"
"Benjie Val Lumawag","Finished customer payment [CP-230120010724]","Customer Payment","2023-01-20 01:07:45"
"Benjie Val Lumawag","Added new product [Sprayer- Rod 5ft]","Product","2023-01-20 03:19:27"
"Benjie Val Lumawag","Added new product [Sprayer- Rod 4ft]","Product","2023-01-20 03:19:50"
"Benjie Val Lumawag","Added new product [Sprayer- Rod Plastic]","Product","2023-01-20 03:20:21"
"Benjie Val Lumawag","Added new product [Ecobag- Large]","Product","2023-01-20 03:20:46"
"Benjie Val Lumawag","Added new product [Ecobag- Small]","Product","2023-01-20 03:21:32"
"Benjie Val Lumawag","Successfully Login","Login","2023-01-20 05:40:34"
"","Added new customer [Tambog]","Customer","2023-01-20 07:15:39"
"Benjie Val Lumawag","Attempt to add existing product [Colt Diuron]","Product","2023-01-20 09:48:12"
"Benjie Val Lumawag","Added new product [Colt Diuron]","Product","2023-01-20 09:48:23"
"","Error to add new customer payment [CP-230120100644]","Customer Payment","2023-01-20 09:06:45"
"Benjie Val Lumawag","Error to add new customer payment [CP-230120102101]","Customer Payment","2023-01-20 10:21:08"
"Benjie Val Lumawag","Error to add new customer payment [CP-230120102217]","Customer Payment","2023-01-20 10:22:27"
"Benjie Val Lumawag","Error to add new customer payment [CP-230120105012]","Customer Payment","2023-01-20 10:54:46"
"Benjie Val Lumawag","Finished customer payment [CP-230120105012]","Customer Payment","2023-01-20 10:54:54"
"Benjie Val Lumawag","Successfully Login","Login","2023-01-20 10:59:44"
"Benjie Val Lumawag","Error to add new customer payment [CP-230120110041]","Customer Payment","2023-01-20 11:00:55"
"Benjie Val Lumawag","Finished customer payment [CP-230120110041]","Customer Payment","2023-01-20 11:01:04"
"Benjie Val Lumawag","Successfully Login","Login","2023-01-20 23:42:52"
"","Added new customer [Dominguez, Roselyn]","Customer","2023-01-21 03:24:50"
"Benjie Val Lumawag","Added new product [Delivery Charge]","Product","2023-01-21 03:44:10"
"Benjie Val Lumawag","Updated product [Delivery Charge]","Product","2023-01-21 03:50:44"
"Benjie Val Lumawag","Added new beginning balance [260]","Beginning Balance","2023-01-21 03:51:22"
"Benjie Val Lumawag","Added new price notice [PN-20230121040225]","Price Notice","2023-01-21 04:02:55"
"Benjie Val Lumawag","Added new detail of price notice [PN-20230121040225] : [D-8899s 5300.00 ->  5200]","Price Notice","2023-01-21 04:03:05"
"Benjie Val Lumawag","Added new detail of price notice [PN-20230121040225] : [2100-Atlas 1020.00 ->  1030]","Price Notice","2023-01-21 04:03:16"
"Benjie Val Lumawag","Added new detail of price notice [PN-20230121040225] : [141414-Atlas 2150.00 ->  2100]","Price Notice","2023-01-21 04:04:04"
"Benjie Val Lumawag","Added new detail of price notice [PN-20230121040225] : [4600-Atlas 2130.00 ->  2100]","Price Notice","2023-01-21 04:05:00"
"Benjie Val Lumawag","Added new detail of price notice [PN-20230121040225] : [16200-Atlas 1950.00 ->  1930]","Price Notice","2023-01-21 04:06:47"
"Benjie Val Lumawag","Finished price notice [PN-20230121040225]","Price Notice","2023-01-21 04:06:49"
"Benjie Val Lumawag","Implemented price notice [PN-20230121040225]","Price Notice","2023-01-21 04:06:51"
"","Added new customer [Agutaya, Alvin]","Customer","2023-01-21 08:31:50"
"","Added new customer [Cap Makalalim]","Customer","2023-01-21 08:49:24"
"","Error to add new customer payment [CP-230121085051]","Customer Payment","2023-01-21 07:50:51"
"Benjie Val Lumawag","Successfully Login","Login","2023-01-21 23:04:23"
"Benjie Val Lumawag","Updated product [18460-Amigo]","Product","2023-01-21 23:23:47"
"Benjie Val Lumawag","Successfully Login","Login","2023-01-21 23:34:02"
"","Added new customer [Isla, Rex]","Customer","2023-01-22 00:48:29"
"","Added new customer [Jalandoni, G]","Customer","2023-01-22 04:54:28"
"","Added new customer [Campono, M]","Customer","2023-01-22 05:13:56"
"Benjie Val Lumawag","Error to add new customer payment [CP-230122090443]","Customer Payment","2023-01-22 09:04:50"
"Benjie Val Lumawag","Finished customer payment [CP-230122090443]","Customer Payment","2023-01-22 09:05:09"
"","Added new customer [Bangud, C.]","Customer","2023-01-22 09:59:32"
"","Added new customer [Binobo, Lito]","Customer","2023-01-22 10:31:42"
"","Error to add new customer payment [CP-230122103926]","Customer Payment","2023-01-22 09:39:26"
"Benjie Val Lumawag","Successfully Login","Login","2023-01-22 23:02:57"
"","Added new customer [Luces, Dennis]","Customer","2023-01-23 03:27:56"
"","Added new customer [Matulac]","Customer","2023-01-23 03:32:16"
"","Added new customer [Basbaño, Judith]","Customer","2023-01-23 04:11:43"
"","Added new customer [Entera, Miheal]","Customer","2023-01-23 05:05:38"
"Benjie Val Lumawag","Updated customer [Entera, Miheal] => [Entera, Micheal]","Customer","2023-01-23 04:06:13"
"","Added new customer [Principe, Raymond]","Customer","2023-01-23 05:13:41"
"","Added new customer [Tami]","Customer","2023-01-23 05:24:50"
"","Added new customer [Carañagan]","Customer","2023-01-23 06:25:58"
"Benjie Val Lumawag","Added new product [Alika]","Product","2023-01-23 06:48:06"
"","Added new customer [Liano]","Customer","2023-01-23 07:05:44"
"","Error to add new customer payment [CP-230123081821]","Customer Payment","2023-01-23 07:18:21"
"Benjie Val Lumawag","Error to add new customer payment [CP-230123081854]","Customer Payment","2023-01-23 08:19:00"
"Benjie Val Lumawag","Finished customer payment [CP-230123081854]","Customer Payment","2023-01-23 08:19:07"
"Benjie Val Lumawag","Successfully Login","Login","2023-01-23 23:24:55"
"","Added new customer [Baldelovar, Bobong]","Customer","2023-01-24 00:52:46"
"Benjie Val Lumawag","Error to add new customer payment [CP-230124013742]","Customer Payment","2023-01-24 01:37:50"
"Benjie Val Lumawag","Finished customer payment [CP-230124013742]","Customer Payment","2023-01-24 01:37:58"
"","Added new customer [Basio, A]","Customer","2023-01-24 02:31:55"
"Benjie Val Lumawag","Error to add new customer payment [CP-230124032451]","Customer Payment","2023-01-24 03:24:58"
"Benjie Val Lumawag","Finished customer payment [CP-230124032451]","Customer Payment","2023-01-24 03:25:06"
"","Added new customer [Mt Apo]","Customer","2023-01-24 04:26:20"
"","Added new customer [Dodo]","Customer","2023-01-24 05:50:39"
"","Added new customer [Binolawan  Pagumpatin]","Customer","2023-01-24 06:15:33"
"Benjie Val Lumawag","Successfully Login","Login","2023-01-24 10:07:33"
"Benjie Val Lumawag","Successfully Login","Login","2023-01-24 23:12:36"
"","Added new customer [Lumingkit, Lorna]","Customer","2023-01-24 23:47:37"
"Benjie Val Lumawag","Added new product [Cal+Boron+Zinc]","Product","2023-01-25 03:50:36"
"","Added new customer [Panggo menar Sumbal]","Customer","2023-01-25 04:06:37"
"","Added new customer [Amir Sango]","Customer","2023-01-25 04:58:16"
"","Added new customer [Lumampao]","Customer","2023-01-25 06:04:29"
"","Added new customer [Ruben]","Customer","2023-01-25 06:47:49"
"","Added new customer [Abiden]","Customer","2023-01-25 06:55:03"
"Benjie Val Lumawag","Successfully Login","Login","2023-01-25 07:58:55"
"Benjie Val Lumawag","Successfully Login","Login","2023-01-25 23:01:56"
"Benjie Val Lumawag","Error to add new customer payment [CP-230125232334]","Customer Payment","2023-01-25 23:23:49"
"Benjie Val Lumawag","Finished customer payment [CP-230125232334]","Customer Payment","2023-01-25 23:24:02"
"","Added new customer [Pablico, Julie]","Customer","2023-01-26 01:32:14"
"Benjie Val Lumawag","Added new price notice [PN-20230126015850]","Price Notice","2023-01-26 01:59:00"
"Benjie Val Lumawag","Added new detail of price notice [PN-20230126015850] : [4600-Harvester 2120.00 ->  2080]","Price Notice","2023-01-26 01:59:29"
"Benjie Val Lumawag","Finished price notice [PN-20230126015850]","Price Notice","2023-01-26 01:59:39"
"Benjie Val Lumawag","Implemented price notice [PN-20230126015850]","Price Notice","2023-01-26 01:59:41"
"","Added new customer [Lidasan]","Customer","2023-01-26 02:32:39"
"","Added new customer [Opong Dela Rita]","Customer","2023-01-26 03:37:06"
"","Added new customer [Cota]","Customer","2023-01-26 08:19:35"
"","Added new customer [Omar]","Customer","2023-01-26 09:55:53"
"Benjie Val Lumawag","Updated customer [Omar] => [Tambog, Omar]","Customer","2023-01-26 08:56:27"
"","Added new customer [Russid]","Customer","2023-01-26 10:15:53"
"","Added new customer [Penaso, Noe]","Customer","2023-01-26 10:33:45"
"Benjie Val Lumawag","Successfully Login","Login","2023-01-26 10:38:39"
"Benjie Val Lumawag","Successfully Login","Login","2023-01-27 07:52:42"
"Benjie Val Lumawag","Added new price notice [PN-20230127081214]","Price Notice","2023-01-27 08:12:17"
"Benjie Val Lumawag","Added new detail of price notice [PN-20230127081214] : [141414-Atlas 2100.00 ->  2080]","Price Notice","2023-01-27 08:12:25"
"Benjie Val Lumawag","Added new detail of price notice [PN-20230127081214] : [4600-Atlas 2100.00 ->  2080]","Price Notice","2023-01-27 08:14:17"
"Benjie Val Lumawag","Added new detail of price notice [PN-20230127081214] : [4600-Harvester 2080.00 ->  2060]","Price Notice","2023-01-27 08:14:25"
"Benjie Val Lumawag","Added new detail of price notice [PN-20230127081214] : [2100-Atlas 1030.00 ->  1020]","Price Notice","2023-01-27 08:14:47"
"Benjie Val Lumawag","Added new detail of price notice [PN-20230127081214] : [2100-Harvester 1030.00 ->  1020]","Price Notice","2023-01-27 08:15:07"
"Benjie Val Lumawag","Finished price notice [PN-20230127081214]","Price Notice","2023-01-27 08:15:10"
"Benjie Val Lumawag","Implemented price notice [PN-20230127081214]","Price Notice","2023-01-27 08:15:28"
"","Added new customer [Muelo, Judith]","Customer","2023-01-27 08:39:00"
"","Added new customer [Kota]","Customer","2023-01-27 08:53:29"
"","Added new customer [Calledo, Marilyn]","Customer","2023-01-27 09:47:01"
"Benjie Val Lumawag","Error to add new customer payment [CP-230127105056]","Customer Payment","2023-01-27 10:51:08"
"Benjie Val Lumawag","Finished customer payment [CP-230127105056]","Customer Payment","2023-01-27 10:51:23"
"Benjie Val Lumawag","Error to add new customer payment [CP-230127105125]","Customer Payment","2023-01-27 10:51:33"
"Benjie Val Lumawag","Finished customer payment [CP-230127105125]","Customer Payment","2023-01-27 10:51:42"
"Benjie Val Lumawag","Successfully Login","Login","2023-01-28 00:37:42"
"","Added new customer [Lumawag, Benjie Val]","Customer","2023-01-28 02:26:35"
"","Added new customer [Balosada, Arthur]","Customer","2023-01-28 02:28:49"
"","Added new customer [Bacan]","Customer","2023-01-28 02:31:01"
"","Added new customer [Aldamar]","Customer","2023-01-28 03:11:56"
"","Added new customer [Maya, Aleodin Sanguines]","Customer","2023-01-28 03:35:54"
"","Added new customer [Mike Sanguines]","Customer","2023-01-28 03:43:31"
"","Added new customer [Mobile]","Customer","2023-01-28 05:01:48"
"","Added new customer [Naga Sundad]","Customer","2023-01-28 06:11:13"
"","Added new customer [Carta, Ricky]","Customer","2023-01-28 06:23:33"
"","Added new customer [Giner Napoleon]","Customer","2023-01-28 06:47:22"
"","Added new customer [Matala]","Customer","2023-01-28 06:58:08"
"","Added new customer [Silingon, Abasir]","Customer","2023-01-28 07:08:49"
"","Added new customer [Alex]","Customer","2023-01-28 07:54:10"
"","Error to add new customer payment [CP-230128075445]","Customer Payment","2023-01-28 06:54:45"
"","Added new customer [Llurico, Joven]","Customer","2023-01-28 08:20:34"
"Benjie Val Lumawag","Successfully Login","Login","2023-01-28 14:39:48"
"Benjie Val Lumawag","Successfully Login","Login","2023-01-28 23:02:47"
"","Added new customer [Brillo, Bano]","Customer","2023-01-29 00:03:33"
"","Added new customer [Macadato, Jack]","Customer","2023-01-29 02:20:45"
"Benjie Val Lumawag","Updated customer [Macadato, Jack]","Customer","2023-01-29 01:22:15"
"","Added new customer [Tamay, Arbaya.]","Customer","2023-01-29 02:27:59"
"","Added new customer [Cabilla, Carlos]","Customer","2023-01-29 02:35:34"
"","Added new customer [Divinagracia]","Customer","2023-01-29 02:41:09"
"","Added new customer [Kamsa, Alvin]","Customer","2023-01-29 03:32:42"
"","Added new customer [Dandan]","Customer","2023-01-29 03:40:03"
"","Added new customer [Madriaga, Gloria]","Customer","2023-01-29 03:47:14"
"","Added new customer [Glenogo, Michelle]","Customer","2023-01-29 05:29:39"
"","Added new customer [Calogne, Ariel]","Customer","2023-01-29 07:40:06"
"","Error to add new customer payment [CP-230129082938]","Customer Payment","2023-01-29 07:29:38"
"Benjie Val Lumawag","Successfully Login","Login","2023-01-29 08:59:47"
"","Added new customer [Guiamano, N]","Customer","2023-01-29 09:27:06"
"","Added new customer [Baldelovar, Tayler]","Customer","2023-01-29 09:34:11"
"","Added new customer [Saic, A]","Customer","2023-01-29 09:36:21"
"Benjie Val Lumawag","Successfully Login","Login","2023-01-29 13:32:23"
"Benjie Val Lumawag","Successfully Login","Login","2023-01-29 22:59:19"
"","Added new customer [Batotas, Donald]","Customer","2023-01-29 23:30:44"
"Benjie Val Lumawag","Updated customer [Batotas, Donald] => [Barotas, Donald]","Customer","2023-01-29 22:31:30"
"","Added new customer [Wang, Earl]","Customer","2023-01-29 23:49:14"
"","Added new customer [Diamante, Mylyn Joy]","Customer","2023-01-30 04:25:38"
"","Added new customer [Castor,Gilbert]","Customer","2023-01-30 04:34:14"
"Benjie Val Lumawag","Added new price notice [PN-20230130043755]","Price Notice","2023-01-30 04:38:05"
"Benjie Val Lumawag","Added new detail of price notice [PN-20230130043755] : [2100-Atlas 1020.00 ->  1000]","Price Notice","2023-01-30 04:38:13"
"Benjie Val Lumawag","Added new detail of price notice [PN-20230130043755] : [2100-Harvester 1020.00 ->  1000]","Price Notice","2023-01-30 04:38:19"
"Benjie Val Lumawag","Added new detail of price notice [PN-20230130043755] : [4600-Atlas 2080.00 ->  2030]","Price Notice","2023-01-30 04:38:31"
"Benjie Val Lumawag","Added new detail of price notice [PN-20230130043755] : [16200-Atlas 1930.00 ->  1900]","Price Notice","2023-01-30 04:39:06"
"Benjie Val Lumawag","Added new detail of price notice [PN-20230130043755] : [141414-Atlas 2080.00 ->  2070]","Price Notice","2023-01-30 04:39:39"
"Benjie Val Lumawag","Finished price notice [PN-20230130043755]","Price Notice","2023-01-30 04:40:03"
"Benjie Val Lumawag","Implemented price notice [PN-20230130043755]","Price Notice","2023-01-30 04:40:05"
"","Added new customer [Soberano, Ragel]","Customer","2023-01-30 04:44:29"
"","Added new customer [Saic, Norden]","Customer","2023-01-30 04:58:04"
"","Added new customer [Samson, J]","Customer","2023-01-30 04:59:17"
"","Added new customer [Ponadatu, Samim]","Customer","2023-01-30 05:05:45"
"","Added new customer [Espacio, Lina]","Customer","2023-01-30 05:29:02"
"","Added new customer [Puno, Jomar]","Customer","2023-01-30 05:38:48"
"Benjie Val Lumawag","Attempt to add existing price notice [PN-20230130054318]","Price Notice","2023-01-30 05:43:19"
"Benjie Val Lumawag","Updated product [2100-Atlas]","Product","2023-01-30 05:43:54"
"Benjie Val Lumawag","Updated product [2100-Harvester]","Product","2023-01-30 05:44:05"
"Benjie Val Lumawag","Updated product [4600-Atlas]","Product","2023-01-30 05:44:31"
"Benjie Val Lumawag","Updated product [4600-Harvester]","Product","2023-01-30 05:44:47"
"","Added new customer [Mananga, J]","Customer","2023-01-30 06:11:29"
"","Added new customer [Cadali, Permida]","Customer","2023-01-30 06:19:59"
"","Added new customer [Shaic, M]","Customer","2023-01-30 07:13:01"
"","Added new customer [Lumambas, Nasip]","Customer","2023-01-30 07:37:53"
"","Added new customer [Tambog, Esmael]","Customer","2023-01-30 08:04:28"
"","Added new customer [Tilagen,]","Customer","2023-01-30 08:06:58"
"Benjie Val Lumawag","Updated customer [Tilagen,] => [Tilagen, Samson]","Customer","2023-01-30 07:08:08"
"","Added new customer [Milloga, Dante]","Customer","2023-01-30 08:09:23"
"","Added new customer [Agutaya, J]","Customer","2023-01-30 08:24:43"
"","Added new customer [Layador, Florentino]","Customer","2023-01-30 08:36:27"
"","Added new customer [Ganzon, Nelson]","Customer","2023-01-30 08:50:33"
"","Added new customer [Alisasis, Bryan]","Customer","2023-01-30 09:50:04"
"","Added new customer [Salangan, S]","Customer","2023-01-30 09:55:32"
"","Added new customer [Gelilang, G]","Customer","2023-01-30 09:56:28"
"Benjie Val Lumawag","Error to add new customer payment [CP-230130100242]","Customer Payment","2023-01-30 10:02:48"
"Benjie Val Lumawag","Successfully Login","Login","2023-01-31 00:00:42"
"","Added new customer [Estrera, leo]","Customer","2023-01-31 00:18:56"
"","Added new customer [Albarado, J]","Customer","2023-01-31 00:20:31"
"","Error to add new customer payment [CP-230131002803]","Customer Payment","2023-01-30 23:28:03"
"","Added new customer [Santotome]","Customer","2023-01-31 03:55:32"
"","Added new customer [Calantina, Lemuel]","Customer","2023-01-31 03:59:12"
"","Added new customer [Rajamuda, M]","Customer","2023-01-31 04:16:42"
"","Added new customer [Taghap]","Customer","2023-01-31 04:18:43"
"","Added new customer [Malang, Alimodin]","Customer","2023-01-31 05:28:00"
"Benjie Val Lumawag","Added new price notice [PN-20230131054013]","Price Notice","2023-01-31 05:40:15"
"Benjie Val Lumawag","Added new detail of price notice [PN-20230131054013] : [16200-Atlas 1900.00 ->  1890]","Price Notice","2023-01-31 05:40:26"
"Benjie Val Lumawag","Added new detail of price notice [PN-20230131054013] : [4600-Atlas 2000.00 ->  1990]","Price Notice","2023-01-31 05:40:34"
"Benjie Val Lumawag","Added new detail of price notice [PN-20230131054013] : [4600-Harvester 1990.00 ->  1980]","Price Notice","2023-01-31 05:40:50"
"Benjie Val Lumawag","Added new detail of price notice [PN-20230131054013] : [141414-Atlas 2070.00 ->  2050]","Price Notice","2023-01-31 05:41:20"
"Benjie Val Lumawag","Finished price notice [PN-20230131054013]","Price Notice","2023-01-31 05:41:22"
"Benjie Val Lumawag","Implemented price notice [PN-20230131054013]","Price Notice","2023-01-31 05:41:25"
"","Added new customer [Gayo, M]","Customer","2023-01-31 06:05:47"
"","Added new customer [Navajo]","Customer","2023-01-31 06:31:19"
"","Added new customer [Mylene]","Customer","2023-01-31 06:53:56"
"","Error to add new customer payment [CP-230131065703]","Customer Payment","2023-01-31 05:57:03"
"","Added new customer [Adis]","Customer","2023-01-31 07:02:32"
"","Added new customer [Cabarubias]","Customer","2023-01-31 07:27:57"
"","Added new customer [Saripada]","Customer","2023-01-31 07:38:08"
"","Added new customer [Juan, Samy]","Customer","2023-01-31 07:53:02"
"","Added new customer [Indiape, R]","Customer","2023-01-31 08:37:55"
"","Added new customer [Nueva España]","Customer","2023-01-31 08:49:57"
"","Error to add new customer payment [CP-230131085027]","Customer Payment","2023-01-31 07:50:27"
"","Added new customer [Quintero, Jorge]","Customer","2023-01-31 08:52:14"
"","Added new customer [Lachica]","Customer","2023-01-31 09:32:22"
"","Added new customer [Saic, Mekael]","Customer","2023-01-31 09:40:34"
"","Error to add new customer payment [CP-230131094216]","Customer Payment","2023-01-31 08:42:16"
"Benjie Val Lumawag","Successfully Login","Login","2023-01-31 11:46:52"
